2019-01-12 00:56:06,169 :{'n_epochs': 200, 'batch_size': 64, 'lr': 0.0002, 'b1': 0.5, 'b2': 0.999, 'n_cpu': 8, 'latent_dim': 128, 'img_size': 32, 'n_critic': 1, 'clip_value': 0.01, 'sample_interval': 100, 'modelsave_interval': 1, 'log_interval': 100, 'dataset': 'imagenet', 'num_filters': 128, 'saveDir': None, 'resume': None, 'logIS': True, 'loadDir': None}
2019-01-12 00:56:06,170 :LCGNoiseGenerator2Dv6_(
  (pre_layer): Linear(in_features=128, out_features=16384, bias=True)
  (model): Sequential(
    (0): LCGNoiseBasicBlock2D_(
      (layers): Sequential(
        (0): LCGNoiseLayer2D_(
          (layers): Sequential(
            (0): ReLU(inplace)
            (1): Conv2d(1024, 1024, kernel_size=(1, 1), stride=(1, 1))
            (2): BatchNorm2d(1024, eps=1e-05, momentum=0.1, affine=True, track_running_stats=True)
          )
        )
        (1): LCGNoiseLayer2D_(
          (layers): Sequential(
            (0): ReLU(inplace)
            (1): Conv2d(1024, 1024, kernel_size=(1, 1), stride=(1, 1))
            (2): BatchNorm2d(1024, eps=1e-05, momentum=0.1, affine=True, track_running_stats=True)
          )
        )
      )
      (relu): ReLU()
    )
    (1): LCGNoiseLayer2D_(
      (layers): Sequential(
        (0): ReLU(inplace)
        (1): Conv2d(1024, 512, kernel_size=(1, 1), stride=(1, 1))
        (2): BatchNorm2d(512, eps=1e-05, momentum=0.1, affine=True, track_running_stats=True)
      )
    )
    (2): Upsample(scale_factor=2, mode=bilinear)
    (3): LCGNoiseBasicBlock2D_(
      (layers): Sequential(
        (0): LCGNoiseLayer2D_(
          (layers): Sequential(
            (0): ReLU(inplace)
            (1): Conv2d(512, 512, kernel_size=(1, 1), stride=(1, 1))
            (2): BatchNorm2d(512, eps=1e-05, momentum=0.1, affine=True, track_running_stats=True)
          )
        )
        (1): LCGNoiseLayer2D_(
          (layers): Sequential(
            (0): ReLU(inplace)
            (1): Conv2d(512, 512, kernel_size=(1, 1), stride=(1, 1))
            (2): BatchNorm2d(512, eps=1e-05, momentum=0.1, affine=True, track_running_stats=True)
          )
        )
      )
      (relu): ReLU()
    )
    (4): LCGNoiseLayer2D_(
      (layers): Sequential(
        (0): ReLU(inplace)
        (1): Conv2d(512, 256, kernel_size=(1, 1), stride=(1, 1))
        (2): BatchNorm2d(256, eps=1e-05, momentum=0.1, affine=True, track_running_stats=True)
      )
    )
    (5): Upsample(scale_factor=2, mode=bilinear)
    (6): LCGNoiseBasicBlock2D_(
      (layers): Sequential(
        (0): LCGNoiseLayer2D_(
          (layers): Sequential(
            (0): ReLU(inplace)
            (1): Conv2d(256, 256, kernel_size=(1, 1), stride=(1, 1))
            (2): BatchNorm2d(256, eps=1e-05, momentum=0.1, affine=True, track_running_stats=True)
          )
        )
        (1): LCGNoiseLayer2D_(
          (layers): Sequential(
            (0): ReLU(inplace)
            (1): Conv2d(256, 256, kernel_size=(1, 1), stride=(1, 1))
            (2): BatchNorm2d(256, eps=1e-05, momentum=0.1, affine=True, track_running_stats=True)
          )
        )
      )
      (relu): ReLU()
    )
    (7): LCGNoiseLayer2D_(
      (layers): Sequential(
        (0): ReLU(inplace)
        (1): Conv2d(256, 128, kernel_size=(1, 1), stride=(1, 1))
        (2): BatchNorm2d(128, eps=1e-05, momentum=0.1, affine=True, track_running_stats=True)
      )
    )
    (8): Upsample(scale_factor=2, mode=bilinear)
    (9): LCGNoiseBasicBlock2D_(
      (layers): Sequential(
        (0): LCGNoiseLayer2D_(
          (layers): Sequential(
            (0): ReLU(inplace)
            (1): Conv2d(128, 128, kernel_size=(1, 1), stride=(1, 1))
            (2): BatchNorm2d(128, eps=1e-05, momentum=0.1, affine=True, track_running_stats=True)
          )
        )
        (1): LCGNoiseLayer2D_(
          (layers): Sequential(
            (0): ReLU(inplace)
            (1): Conv2d(128, 128, kernel_size=(1, 1), stride=(1, 1))
            (2): BatchNorm2d(128, eps=1e-05, momentum=0.1, affine=True, track_running_stats=True)
          )
        )
      )
      (relu): ReLU()
    )
    (10): LCGNoiseLayer2D_(
      (layers): Sequential(
        (0): ReLU(inplace)
        (1): Conv2d(128, 3, kernel_size=(1, 1), stride=(1, 1))
        (2): BatchNorm2d(3, eps=1e-05, momentum=0.1, affine=True, track_running_stats=True)
      )
    )
    (11): Tanh()
  )
)
2019-01-12 00:56:06,171 :LCGNoiseResNet32_(
  (pre_layers): Sequential(
    (0): Conv2d(3, 128, kernel_size=(7, 7), stride=(2, 2), padding=(3, 3), bias=False)
    (1): BatchNorm2d(128, eps=1e-05, momentum=0.1, affine=True, track_running_stats=True)
    (2): ReLU(inplace)
    (3): MaxPool2d(kernel_size=3, stride=2, padding=1, dilation=1, ceil_mode=False)
  )
  (layer1): Sequential(
    (0): LCGNoiseBasicBlock_(
      (layers): Sequential(
        (0): LCGNoiseLayer2D_(
          (layers): Sequential(
            (0): ReLU(inplace)
            (1): Conv2d(128, 128, kernel_size=(1, 1), stride=(1, 1))
            (2): BatchNorm2d(128, eps=1e-05, momentum=0.1, affine=True, track_running_stats=True)
          )
        )
        (1): MaxPool2d(kernel_size=1, stride=1, padding=0, dilation=1, ceil_mode=False)
        (2): BatchNorm2d(128, eps=1e-05, momentum=0.1, affine=True, track_running_stats=True)
        (3): ReLU(inplace)
        (4): LCGNoiseLayer2D_(
          (layers): Sequential(
            (0): ReLU(inplace)
            (1): Conv2d(128, 128, kernel_size=(1, 1), stride=(1, 1))
            (2): BatchNorm2d(128, eps=1e-05, momentum=0.1, affine=True, track_running_stats=True)
          )
        )
        (5): BatchNorm2d(128, eps=1e-05, momentum=0.1, affine=True, track_running_stats=True)
      )
    )
    (1): LCGNoiseBasicBlock_(
      (layers): Sequential(
        (0): LCGNoiseLayer2D_(
          (layers): Sequential(
            (0): ReLU(inplace)
            (1): Conv2d(128, 128, kernel_size=(1, 1), stride=(1, 1))
            (2): BatchNorm2d(128, eps=1e-05, momentum=0.1, affine=True, track_running_stats=True)
          )
        )
        (1): MaxPool2d(kernel_size=1, stride=1, padding=0, dilation=1, ceil_mode=False)
        (2): BatchNorm2d(128, eps=1e-05, momentum=0.1, affine=True, track_running_stats=True)
        (3): ReLU(inplace)
        (4): LCGNoiseLayer2D_(
          (layers): Sequential(
            (0): ReLU(inplace)
            (1): Conv2d(128, 128, kernel_size=(1, 1), stride=(1, 1))
            (2): BatchNorm2d(128, eps=1e-05, momentum=0.1, affine=True, track_running_stats=True)
          )
        )
        (5): BatchNorm2d(128, eps=1e-05, momentum=0.1, affine=True, track_running_stats=True)
      )
    )
  )
  (layer2): Sequential(
    (0): LCGNoiseBasicBlock_(
      (layers): Sequential(
        (0): LCGNoiseLayer2D_(
          (layers): Sequential(
            (0): ReLU(inplace)
            (1): Conv2d(128, 256, kernel_size=(1, 1), stride=(1, 1))
            (2): BatchNorm2d(256, eps=1e-05, momentum=0.1, affine=True, track_running_stats=True)
          )
        )
        (1): MaxPool2d(kernel_size=2, stride=2, padding=0, dilation=1, ceil_mode=False)
        (2): BatchNorm2d(256, eps=1e-05, momentum=0.1, affine=True, track_running_stats=True)
        (3): ReLU(inplace)
        (4): LCGNoiseLayer2D_(
          (layers): Sequential(
            (0): ReLU(inplace)
            (1): Conv2d(256, 256, kernel_size=(1, 1), stride=(1, 1))
            (2): BatchNorm2d(256, eps=1e-05, momentum=0.1, affine=True, track_running_stats=True)
          )
        )
        (5): BatchNorm2d(256, eps=1e-05, momentum=0.1, affine=True, track_running_stats=True)
      )
      (shortcut): Sequential(
        (0): Conv2d(128, 256, kernel_size=(1, 1), stride=(2, 2), bias=False)
        (1): BatchNorm2d(256, eps=1e-05, momentum=0.1, affine=True, track_running_stats=True)
      )
    )
    (1): LCGNoiseBasicBlock_(
      (layers): Sequential(
        (0): LCGNoiseLayer2D_(
          (layers): Sequential(
            (0): ReLU(inplace)
            (1): Conv2d(256, 256, kernel_size=(1, 1), stride=(1, 1))
            (2): BatchNorm2d(256, eps=1e-05, momentum=0.1, affine=True, track_running_stats=True)
          )
        )
        (1): MaxPool2d(kernel_size=1, stride=1, padding=0, dilation=1, ceil_mode=False)
        (2): BatchNorm2d(256, eps=1e-05, momentum=0.1, affine=True, track_running_stats=True)
        (3): ReLU(inplace)
        (4): LCGNoiseLayer2D_(
          (layers): Sequential(
            (0): ReLU(inplace)
            (1): Conv2d(256, 256, kernel_size=(1, 1), stride=(1, 1))
            (2): BatchNorm2d(256, eps=1e-05, momentum=0.1, affine=True, track_running_stats=True)
          )
        )
        (5): BatchNorm2d(256, eps=1e-05, momentum=0.1, affine=True, track_running_stats=True)
      )
    )
  )
  (layer3): Sequential(
    (0): LCGNoiseBasicBlock_(
      (layers): Sequential(
        (0): LCGNoiseLayer2D_(
          (layers): Sequential(
            (0): ReLU(inplace)
            (1): Conv2d(256, 512, kernel_size=(1, 1), stride=(1, 1))
            (2): BatchNorm2d(512, eps=1e-05, momentum=0.1, affine=True, track_running_stats=True)
          )
        )
        (1): MaxPool2d(kernel_size=2, stride=2, padding=0, dilation=1, ceil_mode=False)
        (2): BatchNorm2d(512, eps=1e-05, momentum=0.1, affine=True, track_running_stats=True)
        (3): ReLU(inplace)
        (4): LCGNoiseLayer2D_(
          (layers): Sequential(
            (0): ReLU(inplace)
            (1): Conv2d(512, 512, kernel_size=(1, 1), stride=(1, 1))
            (2): BatchNorm2d(512, eps=1e-05, momentum=0.1, affine=True, track_running_stats=True)
          )
        )
        (5): BatchNorm2d(512, eps=1e-05, momentum=0.1, affine=True, track_running_stats=True)
      )
      (shortcut): Sequential(
        (0): Conv2d(256, 512, kernel_size=(1, 1), stride=(2, 2), bias=False)
        (1): BatchNorm2d(512, eps=1e-05, momentum=0.1, affine=True, track_running_stats=True)
      )
    )
    (1): LCGNoiseBasicBlock_(
      (layers): Sequential(
        (0): LCGNoiseLayer2D_(
          (layers): Sequential(
            (0): ReLU(inplace)
            (1): Conv2d(512, 512, kernel_size=(1, 1), stride=(1, 1))
            (2): BatchNorm2d(512, eps=1e-05, momentum=0.1, affine=True, track_running_stats=True)
          )
        )
        (1): MaxPool2d(kernel_size=1, stride=1, padding=0, dilation=1, ceil_mode=False)
        (2): BatchNorm2d(512, eps=1e-05, momentum=0.1, affine=True, track_running_stats=True)
        (3): ReLU(inplace)
        (4): LCGNoiseLayer2D_(
          (layers): Sequential(
            (0): ReLU(inplace)
            (1): Conv2d(512, 512, kernel_size=(1, 1), stride=(1, 1))
            (2): BatchNorm2d(512, eps=1e-05, momentum=0.1, affine=True, track_running_stats=True)
          )
        )
        (5): BatchNorm2d(512, eps=1e-05, momentum=0.1, affine=True, track_running_stats=True)
      )
    )
  )
  (avgpool): AvgPool2d(kernel_size=2, stride=1, padding=0)
  (linear): Linear(in_features=512, out_features=1, bias=True)
)
2019-01-12 00:56:25,813 :[Epoch: 0/200] [Inception Score: 1.31] [Max Score Ever: 1.31]
2019-01-12 00:56:29,700 :[Epoch: 0/200] [Batch: 0/20019] [D loss: 5.821007] [G loss: -0.109396] [ElapsedTime: 23.48 [sec]]
2019-01-12 01:01:21,079 :[Epoch: 0/200] [Batch: 100/20019] [D loss: -0.206086] [G loss: 0.042122] [ElapsedTime: 314.86 [sec]]
2019-01-12 01:06:11,251 :[Epoch: 0/200] [Batch: 200/20019] [D loss: -0.640806] [G loss: 0.087074] [ElapsedTime: 605.03 [sec]]
2019-01-12 01:10:54,860 :[Epoch: 0/200] [Batch: 300/20019] [D loss: -0.818609] [G loss: 0.263411] [ElapsedTime: 888.64 [sec]]
2019-01-12 01:15:32,798 :[Epoch: 0/200] [Batch: 400/20019] [D loss: -0.521247] [G loss: 0.446727] [ElapsedTime: 1166.58 [sec]]
2019-01-12 01:20:14,926 :[Epoch: 0/200] [Batch: 500/20019] [D loss: -0.107607] [G loss: 0.517523] [ElapsedTime: 1448.70 [sec]]
2019-01-12 01:24:57,024 :[Epoch: 0/200] [Batch: 600/20019] [D loss: -0.271463] [G loss: 0.330332] [ElapsedTime: 1730.80 [sec]]
2019-01-12 01:29:36,976 :[Epoch: 0/200] [Batch: 700/20019] [D loss: -0.145093] [G loss: 0.415706] [ElapsedTime: 2010.76 [sec]]
2019-01-12 01:34:16,013 :[Epoch: 0/200] [Batch: 800/20019] [D loss: -0.160450] [G loss: 0.440745] [ElapsedTime: 2289.79 [sec]]
2019-01-12 01:38:53,816 :[Epoch: 0/200] [Batch: 900/20019] [D loss: -0.255162] [G loss: 0.002936] [ElapsedTime: 2567.60 [sec]]
2019-01-12 01:43:29,778 :[Epoch: 0/200] [Batch: 1000/20019] [D loss: 0.019360] [G loss: -0.281858] [ElapsedTime: 2843.55 [sec]]
2019-01-12 01:48:08,707 :[Epoch: 0/200] [Batch: 1100/20019] [D loss: -0.281424] [G loss: 0.244379] [ElapsedTime: 3122.49 [sec]]
2019-01-12 01:52:42,892 :[Epoch: 0/200] [Batch: 1200/20019] [D loss: -0.285341] [G loss: 0.059924] [ElapsedTime: 3396.67 [sec]]
2019-01-12 01:57:14,358 :[Epoch: 0/200] [Batch: 1300/20019] [D loss: -0.305605] [G loss: 0.064803] [ElapsedTime: 3668.14 [sec]]
2019-01-12 02:02:35,297 :[Epoch: 0/200] [Batch: 1400/20019] [D loss: -0.214298] [G loss: 0.049787] [ElapsedTime: 3989.04 [sec]]
2019-01-12 02:08:47,402 :[Epoch: 0/200] [Batch: 1500/20019] [D loss: -0.237752] [G loss: 0.501947] [ElapsedTime: 4361.18 [sec]]
2019-01-12 02:15:05,610 :[Epoch: 0/200] [Batch: 1600/20019] [D loss: 0.079454] [G loss: 0.582585] [ElapsedTime: 4739.39 [sec]]
2019-01-12 02:21:52,264 :[Epoch: 0/200] [Batch: 1700/20019] [D loss: 0.101787] [G loss: 0.129074] [ElapsedTime: 5146.04 [sec]]
2019-01-12 02:28:04,276 :[Epoch: 0/200] [Batch: 1800/20019] [D loss: -0.214569] [G loss: 0.161014] [ElapsedTime: 5518.06 [sec]]
2019-01-12 02:34:15,997 :[Epoch: 0/200] [Batch: 1900/20019] [D loss: -0.151460] [G loss: -0.092242] [ElapsedTime: 5889.73 [sec]]
2019-01-12 02:40:16,716 :[Epoch: 0/200] [Batch: 2000/20019] [D loss: -0.333843] [G loss: -0.388041] [ElapsedTime: 6250.50 [sec]]
2019-01-12 02:46:15,005 :[Epoch: 0/200] [Batch: 2100/20019] [D loss: -0.332584] [G loss: -0.180955] [ElapsedTime: 6608.78 [sec]]
2019-01-12 02:52:16,955 :[Epoch: 0/200] [Batch: 2200/20019] [D loss: -0.194307] [G loss: 0.217334] [ElapsedTime: 6970.73 [sec]]
2019-01-12 02:58:16,589 :[Epoch: 0/200] [Batch: 2300/20019] [D loss: -0.463788] [G loss: 0.441045] [ElapsedTime: 7330.37 [sec]]
2019-01-12 03:04:58,864 :[Epoch: 0/200] [Batch: 2400/20019] [D loss: -0.699854] [G loss: -0.011643] [ElapsedTime: 7732.64 [sec]]
2019-01-12 03:10:50,782 :[Epoch: 0/200] [Batch: 2500/20019] [D loss: -0.585410] [G loss: 1.472690] [ElapsedTime: 8084.56 [sec]]
2019-01-12 03:16:41,847 :[Epoch: 0/200] [Batch: 2600/20019] [D loss: 0.207093] [G loss: 0.032237] [ElapsedTime: 8435.63 [sec]]
2019-01-12 03:22:30,704 :[Epoch: 0/200] [Batch: 2700/20019] [D loss: 0.097354] [G loss: -0.209750] [ElapsedTime: 8784.48 [sec]]
2019-01-12 03:28:08,972 :[Epoch: 0/200] [Batch: 2800/20019] [D loss: -0.011168] [G loss: -0.068356] [ElapsedTime: 9122.75 [sec]]
2019-01-12 03:33:52,557 :[Epoch: 0/200] [Batch: 2900/20019] [D loss: -0.081108] [G loss: 0.207187] [ElapsedTime: 9466.33 [sec]]
2019-01-12 03:39:40,759 :[Epoch: 0/200] [Batch: 3000/20019] [D loss: 0.009201] [G loss: -0.244182] [ElapsedTime: 9814.51 [sec]]
2019-01-12 03:45:18,480 :[Epoch: 0/200] [Batch: 3100/20019] [D loss: -0.177602] [G loss: -0.175679] [ElapsedTime: 10152.26 [sec]]
2019-01-12 03:50:53,227 :[Epoch: 0/200] [Batch: 3200/20019] [D loss: -0.189030] [G loss: 0.517402] [ElapsedTime: 10487.01 [sec]]
2019-01-12 03:56:26,630 :[Epoch: 0/200] [Batch: 3300/20019] [D loss: -0.140739] [G loss: 0.331304] [ElapsedTime: 10820.41 [sec]]
2019-01-12 04:02:29,083 :[Epoch: 0/200] [Batch: 3400/20019] [D loss: -0.214603] [G loss: 0.356059] [ElapsedTime: 11182.82 [sec]]
2019-01-12 04:08:24,160 :[Epoch: 0/200] [Batch: 3500/20019] [D loss: -0.226327] [G loss: 0.178723] [ElapsedTime: 11537.94 [sec]]
2019-01-12 04:14:14,951 :[Epoch: 0/200] [Batch: 3600/20019] [D loss: -0.154434] [G loss: 0.183489] [ElapsedTime: 11888.73 [sec]]
2019-01-12 04:20:12,395 :[Epoch: 0/200] [Batch: 3700/20019] [D loss: -0.089931] [G loss: 0.423826] [ElapsedTime: 12246.17 [sec]]
2019-01-12 04:26:01,886 :[Epoch: 0/200] [Batch: 3800/20019] [D loss: -0.366578] [G loss: -0.115183] [ElapsedTime: 12595.66 [sec]]
2019-01-12 04:31:50,431 :[Epoch: 0/200] [Batch: 3900/20019] [D loss: -0.116396] [G loss: 0.386233] [ElapsedTime: 12944.21 [sec]]
2019-01-12 04:37:33,177 :[Epoch: 0/200] [Batch: 4000/20019] [D loss: 0.026673] [G loss: 0.456360] [ElapsedTime: 13286.96 [sec]]
2019-01-12 04:43:10,167 :[Epoch: 0/200] [Batch: 4100/20019] [D loss: -0.142583] [G loss: -0.065698] [ElapsedTime: 13623.95 [sec]]
2019-01-12 04:48:48,537 :[Epoch: 0/200] [Batch: 4200/20019] [D loss: -0.456746] [G loss: 0.393053] [ElapsedTime: 13962.26 [sec]]
2019-01-12 04:54:28,715 :[Epoch: 0/200] [Batch: 4300/20019] [D loss: -0.209531] [G loss: 1.261098] [ElapsedTime: 14302.49 [sec]]
2019-01-12 05:00:07,444 :[Epoch: 0/200] [Batch: 4400/20019] [D loss: -0.424846] [G loss: 0.194120] [ElapsedTime: 14641.22 [sec]]
2019-01-12 05:06:24,193 :[Epoch: 0/200] [Batch: 4500/20019] [D loss: -0.440677] [G loss: -0.234719] [ElapsedTime: 15017.97 [sec]]
2019-01-12 05:12:09,262 :[Epoch: 0/200] [Batch: 4600/20019] [D loss: -0.752643] [G loss: -0.141611] [ElapsedTime: 15363.00 [sec]]
2019-01-12 05:18:03,245 :[Epoch: 0/200] [Batch: 4700/20019] [D loss: 0.479534] [G loss: 0.914556] [ElapsedTime: 15717.00 [sec]]
2019-01-12 05:23:54,169 :[Epoch: 0/200] [Batch: 4800/20019] [D loss: -0.006599] [G loss: 0.614106] [ElapsedTime: 16067.95 [sec]]
2019-01-12 05:29:39,493 :[Epoch: 0/200] [Batch: 4900/20019] [D loss: -0.105485] [G loss: 0.134409] [ElapsedTime: 16413.27 [sec]]
2019-01-12 05:35:24,164 :[Epoch: 0/200] [Batch: 5000/20019] [D loss: 0.033929] [G loss: 0.527130] [ElapsedTime: 16757.94 [sec]]
2019-01-12 05:41:08,577 :[Epoch: 0/200] [Batch: 5100/20019] [D loss: -0.038624] [G loss: 0.422316] [ElapsedTime: 17102.36 [sec]]
2019-01-12 05:46:56,325 :[Epoch: 0/200] [Batch: 5200/20019] [D loss: -0.145722] [G loss: 0.361967] [ElapsedTime: 17450.10 [sec]]
2019-01-12 05:52:39,401 :[Epoch: 0/200] [Batch: 5300/20019] [D loss: -0.031045] [G loss: 0.338853] [ElapsedTime: 17793.18 [sec]]
2019-01-12 05:58:16,923 :[Epoch: 0/200] [Batch: 5400/20019] [D loss: -0.296807] [G loss: 0.475852] [ElapsedTime: 18130.68 [sec]]
2019-01-12 06:04:26,311 :[Epoch: 0/200] [Batch: 5500/20019] [D loss: -0.161283] [G loss: 0.595333] [ElapsedTime: 18500.08 [sec]]
2019-01-12 06:10:08,930 :[Epoch: 0/200] [Batch: 5600/20019] [D loss: -0.241963] [G loss: 0.718158] [ElapsedTime: 18842.71 [sec]]
2019-01-12 06:15:59,562 :[Epoch: 0/200] [Batch: 5700/20019] [D loss: -0.200049] [G loss: 0.481101] [ElapsedTime: 19193.34 [sec]]
2019-01-12 06:21:46,673 :[Epoch: 0/200] [Batch: 5800/20019] [D loss: -0.388931] [G loss: 0.400377] [ElapsedTime: 19540.45 [sec]]
2019-01-12 06:27:35,855 :[Epoch: 0/200] [Batch: 5900/20019] [D loss: -0.226420] [G loss: 0.596918] [ElapsedTime: 19889.63 [sec]]
2019-01-12 06:33:20,366 :[Epoch: 0/200] [Batch: 6000/20019] [D loss: -0.019913] [G loss: 0.019325] [ElapsedTime: 20234.14 [sec]]
2019-01-12 06:39:11,296 :[Epoch: 0/200] [Batch: 6100/20019] [D loss: -0.324127] [G loss: 0.524117] [ElapsedTime: 20585.08 [sec]]
2019-01-12 06:44:52,908 :[Epoch: 0/200] [Batch: 6200/20019] [D loss: -0.363700] [G loss: 0.711833] [ElapsedTime: 20926.69 [sec]]
2019-01-12 06:50:30,766 :[Epoch: 0/200] [Batch: 6300/20019] [D loss: -0.268092] [G loss: 0.364168] [ElapsedTime: 21264.55 [sec]]
2019-01-12 06:56:09,605 :[Epoch: 0/200] [Batch: 6400/20019] [D loss: -0.078079] [G loss: 0.944148] [ElapsedTime: 21603.37 [sec]]
2019-01-12 07:02:17,167 :[Epoch: 0/200] [Batch: 6500/20019] [D loss: -0.465834] [G loss: 0.540820] [ElapsedTime: 21970.95 [sec]]
2019-01-12 07:08:11,748 :[Epoch: 0/200] [Batch: 6600/20019] [D loss: -0.499044] [G loss: 0.413577] [ElapsedTime: 22325.50 [sec]]
2019-01-12 07:14:13,845 :[Epoch: 0/200] [Batch: 6700/20019] [D loss: -0.571010] [G loss: 0.088603] [ElapsedTime: 22687.62 [sec]]
2019-01-12 07:20:07,302 :[Epoch: 0/200] [Batch: 6800/20019] [D loss: -0.191983] [G loss: 0.373755] [ElapsedTime: 23041.08 [sec]]
2019-01-12 07:26:00,359 :[Epoch: 0/200] [Batch: 6900/20019] [D loss: -0.585921] [G loss: -0.041911] [ElapsedTime: 23394.14 [sec]]
2019-01-12 07:31:54,207 :[Epoch: 0/200] [Batch: 7000/20019] [D loss: 0.235302] [G loss: 1.499513] [ElapsedTime: 23747.99 [sec]]
2019-01-12 07:37:48,482 :[Epoch: 0/200] [Batch: 7100/20019] [D loss: 0.004222] [G loss: 0.578890] [ElapsedTime: 24102.26 [sec]]
2019-01-12 07:43:41,863 :[Epoch: 0/200] [Batch: 7200/20019] [D loss: -0.048958] [G loss: 0.579123] [ElapsedTime: 24455.62 [sec]]
2019-01-12 07:49:12,560 :[Epoch: 0/200] [Batch: 7300/20019] [D loss: 0.005568] [G loss: 0.593337] [ElapsedTime: 24786.34 [sec]]
2019-01-12 07:54:53,840 :[Epoch: 0/200] [Batch: 7400/20019] [D loss: -0.016770] [G loss: -0.009528] [ElapsedTime: 25127.62 [sec]]
2019-01-12 08:00:34,516 :[Epoch: 0/200] [Batch: 7500/20019] [D loss: -0.153347] [G loss: 0.240872] [ElapsedTime: 25468.29 [sec]]
2019-01-12 08:06:50,950 :[Epoch: 0/200] [Batch: 7600/20019] [D loss: -0.460621] [G loss: 0.009331] [ElapsedTime: 25844.73 [sec]]
2019-01-12 08:12:41,969 :[Epoch: 0/200] [Batch: 7700/20019] [D loss: -0.167077] [G loss: 0.333156] [ElapsedTime: 26195.75 [sec]]
2019-01-12 08:18:24,554 :[Epoch: 0/200] [Batch: 7800/20019] [D loss: 0.106607] [G loss: -0.010393] [ElapsedTime: 26538.33 [sec]]
2019-01-12 08:24:10,257 :[Epoch: 0/200] [Batch: 7900/20019] [D loss: -0.026245] [G loss: -0.147937] [ElapsedTime: 26883.97 [sec]]
2019-01-12 08:29:59,299 :[Epoch: 0/200] [Batch: 8000/20019] [D loss: -0.222564] [G loss: 0.233217] [ElapsedTime: 27233.08 [sec]]
2019-01-12 08:35:42,268 :[Epoch: 0/200] [Batch: 8100/20019] [D loss: -0.172601] [G loss: 0.343685] [ElapsedTime: 27576.05 [sec]]
2019-01-12 08:41:23,817 :[Epoch: 0/200] [Batch: 8200/20019] [D loss: -0.336641] [G loss: 0.162379] [ElapsedTime: 27917.60 [sec]]
2019-01-12 08:47:02,888 :[Epoch: 0/200] [Batch: 8300/20019] [D loss: -0.210562] [G loss: 0.217958] [ElapsedTime: 28256.56 [sec]]
2019-01-12 08:52:43,068 :[Epoch: 0/200] [Batch: 8400/20019] [D loss: -0.212081] [G loss: 0.098574] [ElapsedTime: 28596.85 [sec]]
2019-01-12 08:58:18,605 :[Epoch: 0/200] [Batch: 8500/20019] [D loss: -0.373734] [G loss: 0.320012] [ElapsedTime: 28932.38 [sec]]
2019-01-12 09:04:32,340 :[Epoch: 0/200] [Batch: 8600/20019] [D loss: -0.521549] [G loss: -0.359592] [ElapsedTime: 29306.06 [sec]]
2019-01-12 09:09:58,743 :[Epoch: 0/200] [Batch: 8700/20019] [D loss: -0.343560] [G loss: -0.023557] [ElapsedTime: 29632.50 [sec]]
2019-01-12 09:15:40,731 :[Epoch: 0/200] [Batch: 8800/20019] [D loss: -0.082517] [G loss: -0.212465] [ElapsedTime: 29974.51 [sec]]
2019-01-12 09:21:26,820 :[Epoch: 0/200] [Batch: 8900/20019] [D loss: -0.130630] [G loss: 0.143301] [ElapsedTime: 30320.60 [sec]]
2019-01-12 09:27:14,582 :[Epoch: 0/200] [Batch: 9000/20019] [D loss: -0.323901] [G loss: 0.046457] [ElapsedTime: 30668.36 [sec]]
2019-01-12 09:33:06,780 :[Epoch: 0/200] [Batch: 9100/20019] [D loss: -0.208625] [G loss: 0.547434] [ElapsedTime: 31020.56 [sec]]
2019-01-12 09:38:56,814 :[Epoch: 0/200] [Batch: 9200/20019] [D loss: -0.136870] [G loss: -0.060918] [ElapsedTime: 31370.59 [sec]]
2019-01-12 09:44:42,020 :[Epoch: 0/200] [Batch: 9300/20019] [D loss: -0.639313] [G loss: -0.413092] [ElapsedTime: 31715.79 [sec]]
2019-01-12 09:50:23,028 :[Epoch: 0/200] [Batch: 9400/20019] [D loss: -0.030698] [G loss: -0.371579] [ElapsedTime: 32056.75 [sec]]
2019-01-12 09:56:08,309 :[Epoch: 0/200] [Batch: 9500/20019] [D loss: -0.710936] [G loss: 0.455411] [ElapsedTime: 32402.09 [sec]]
2019-01-12 10:02:17,379 :[Epoch: 0/200] [Batch: 9600/20019] [D loss: -0.267396] [G loss: -0.073953] [ElapsedTime: 32771.08 [sec]]
2019-01-12 10:07:57,896 :[Epoch: 0/200] [Batch: 9700/20019] [D loss: 0.022681] [G loss: -0.943343] [ElapsedTime: 33111.67 [sec]]
2019-01-12 10:13:50,186 :[Epoch: 0/200] [Batch: 9800/20019] [D loss: -0.122896] [G loss: -0.366593] [ElapsedTime: 33463.97 [sec]]
2019-01-12 10:19:37,028 :[Epoch: 0/200] [Batch: 9900/20019] [D loss: -0.114701] [G loss: -0.143184] [ElapsedTime: 33810.74 [sec]]
2019-01-12 10:25:15,931 :[Epoch: 0/200] [Batch: 10000/20019] [D loss: -0.561674] [G loss: 0.608451] [ElapsedTime: 34149.71 [sec]]
2019-01-12 10:30:44,929 :[Epoch: 0/200] [Batch: 10100/20019] [D loss: -0.674624] [G loss: 0.456206] [ElapsedTime: 34478.71 [sec]]
2019-01-12 10:36:05,587 :[Epoch: 0/200] [Batch: 10200/20019] [D loss: -0.235553] [G loss: -0.294804] [ElapsedTime: 34799.28 [sec]]
2019-01-12 10:41:32,966 :[Epoch: 0/200] [Batch: 10300/20019] [D loss: -0.319859] [G loss: 0.685472] [ElapsedTime: 35126.75 [sec]]
2019-01-12 10:46:50,900 :[Epoch: 0/200] [Batch: 10400/20019] [D loss: -0.203306] [G loss: 0.319646] [ElapsedTime: 35444.68 [sec]]
2019-01-12 10:52:04,999 :[Epoch: 0/200] [Batch: 10500/20019] [D loss: -0.325293] [G loss: 0.383765] [ElapsedTime: 35758.72 [sec]]
2019-01-12 10:57:18,424 :[Epoch: 0/200] [Batch: 10600/20019] [D loss: -0.376445] [G loss: -0.216007] [ElapsedTime: 36072.20 [sec]]
2019-01-12 11:03:05,120 :[Epoch: 0/200] [Batch: 10700/20019] [D loss: -0.432577] [G loss: -0.340808] [ElapsedTime: 36418.90 [sec]]
2019-01-12 11:08:20,929 :[Epoch: 0/200] [Batch: 10800/20019] [D loss: -0.289277] [G loss: 0.626399] [ElapsedTime: 36734.71 [sec]]
2019-01-12 11:13:43,832 :[Epoch: 0/200] [Batch: 10900/20019] [D loss: -0.543124] [G loss: -0.506989] [ElapsedTime: 37057.61 [sec]]
2019-01-12 11:19:16,991 :[Epoch: 0/200] [Batch: 11000/20019] [D loss: -0.430990] [G loss: -0.527277] [ElapsedTime: 37390.77 [sec]]
2019-01-12 11:24:40,886 :[Epoch: 0/200] [Batch: 11100/20019] [D loss: 0.056760] [G loss: -0.456483] [ElapsedTime: 37714.57 [sec]]
2019-01-12 11:29:58,795 :[Epoch: 0/200] [Batch: 11200/20019] [D loss: -0.196054] [G loss: 0.145870] [ElapsedTime: 38032.57 [sec]]
2019-01-12 11:35:14,016 :[Epoch: 0/200] [Batch: 11300/20019] [D loss: -0.144846] [G loss: 0.077597] [ElapsedTime: 38347.80 [sec]]
2019-01-12 11:40:23,414 :[Epoch: 0/200] [Batch: 11400/20019] [D loss: 0.116508] [G loss: 1.169345] [ElapsedTime: 38657.14 [sec]]
2019-01-12 11:45:30,367 :[Epoch: 0/200] [Batch: 11500/20019] [D loss: -0.193639] [G loss: -0.175933] [ElapsedTime: 38964.15 [sec]]
2019-01-12 11:50:36,775 :[Epoch: 0/200] [Batch: 11600/20019] [D loss: -0.169932] [G loss: 0.100614] [ElapsedTime: 39270.56 [sec]]
2019-01-12 11:55:43,478 :[Epoch: 0/200] [Batch: 11700/20019] [D loss: -0.337588] [G loss: 0.003036] [ElapsedTime: 39577.15 [sec]]
2019-01-12 12:00:49,564 :[Epoch: 0/200] [Batch: 11800/20019] [D loss: -0.289105] [G loss: -0.160633] [ElapsedTime: 39883.34 [sec]]
2019-01-12 12:06:28,136 :[Epoch: 0/200] [Batch: 11900/20019] [D loss: -0.278141] [G loss: 0.148434] [ElapsedTime: 40221.92 [sec]]
2019-01-12 12:11:38,245 :[Epoch: 0/200] [Batch: 12000/20019] [D loss: -0.440626] [G loss: -0.238046] [ElapsedTime: 40531.89 [sec]]
2019-01-12 12:16:49,376 :[Epoch: 0/200] [Batch: 12100/20019] [D loss: -0.384273] [G loss: -0.710283] [ElapsedTime: 40843.16 [sec]]
2019-01-12 12:21:56,628 :[Epoch: 0/200] [Batch: 12200/20019] [D loss: -0.368063] [G loss: -0.173224] [ElapsedTime: 41150.41 [sec]]
2019-01-12 12:27:03,670 :[Epoch: 0/200] [Batch: 12300/20019] [D loss: -0.592546] [G loss: -0.255915] [ElapsedTime: 41457.42 [sec]]
2019-01-12 12:32:13,294 :[Epoch: 0/200] [Batch: 12400/20019] [D loss: -0.464369] [G loss: -0.597229] [ElapsedTime: 41767.07 [sec]]
2019-01-12 12:37:18,974 :[Epoch: 0/200] [Batch: 12500/20019] [D loss: -0.361428] [G loss: 0.255074] [ElapsedTime: 42072.75 [sec]]
2019-01-12 12:42:25,306 :[Epoch: 0/200] [Batch: 12600/20019] [D loss: -0.138569] [G loss: -0.176430] [ElapsedTime: 42379.08 [sec]]
2019-01-12 12:47:36,595 :[Epoch: 0/200] [Batch: 12700/20019] [D loss: -0.275798] [G loss: -0.270713] [ElapsedTime: 42690.38 [sec]]
2019-01-12 12:52:41,195 :[Epoch: 0/200] [Batch: 12800/20019] [D loss: -0.202820] [G loss: -0.471594] [ElapsedTime: 42994.97 [sec]]
2019-01-12 12:57:48,827 :[Epoch: 0/200] [Batch: 12900/20019] [D loss: -0.453350] [G loss: -0.037656] [ElapsedTime: 43302.61 [sec]]
2019-01-12 13:03:28,027 :[Epoch: 0/200] [Batch: 13000/20019] [D loss: -0.229464] [G loss: -0.241435] [ElapsedTime: 43641.81 [sec]]
2019-01-12 13:08:58,287 :[Epoch: 0/200] [Batch: 13100/20019] [D loss: -0.354716] [G loss: 0.091084] [ElapsedTime: 43972.07 [sec]]
2019-01-12 13:14:19,331 :[Epoch: 0/200] [Batch: 13200/20019] [D loss: -0.442209] [G loss: 0.146212] [ElapsedTime: 44293.11 [sec]]
2019-01-12 13:19:35,532 :[Epoch: 0/200] [Batch: 13300/20019] [D loss: -0.166839] [G loss: -0.021276] [ElapsedTime: 44609.31 [sec]]
2019-01-12 13:24:49,487 :[Epoch: 0/200] [Batch: 13400/20019] [D loss: -0.325898] [G loss: -0.092206] [ElapsedTime: 44923.27 [sec]]
2019-01-12 13:29:58,770 :[Epoch: 0/200] [Batch: 13500/20019] [D loss: -0.232843] [G loss: 0.067873] [ElapsedTime: 45232.52 [sec]]
2019-01-12 13:35:03,356 :[Epoch: 0/200] [Batch: 13600/20019] [D loss: -0.410940] [G loss: -0.194117] [ElapsedTime: 45537.14 [sec]]
2019-01-12 13:40:10,875 :[Epoch: 0/200] [Batch: 13700/20019] [D loss: -0.080749] [G loss: 0.914939] [ElapsedTime: 45844.64 [sec]]
2019-01-12 13:45:16,732 :[Epoch: 0/200] [Batch: 13800/20019] [D loss: -0.389921] [G loss: 0.277295] [ElapsedTime: 46150.43 [sec]]
2019-01-12 13:50:20,932 :[Epoch: 0/200] [Batch: 13900/20019] [D loss: -0.366175] [G loss: -0.919429] [ElapsedTime: 46454.71 [sec]]
2019-01-12 13:55:26,488 :[Epoch: 0/200] [Batch: 14000/20019] [D loss: -0.280318] [G loss: -0.593170] [ElapsedTime: 46760.27 [sec]]
2019-01-12 14:00:24,685 :[Epoch: 0/200] [Batch: 14100/20019] [D loss: -0.492716] [G loss: 0.052786] [ElapsedTime: 47058.39 [sec]]
2019-01-12 14:06:13,195 :[Epoch: 0/200] [Batch: 14200/20019] [D loss: -0.152557] [G loss: -0.846666] [ElapsedTime: 47406.97 [sec]]
2019-01-12 14:11:29,584 :[Epoch: 0/200] [Batch: 14300/20019] [D loss: -0.339989] [G loss: 0.782496] [ElapsedTime: 47723.36 [sec]]
2019-01-12 14:16:44,191 :[Epoch: 0/200] [Batch: 14400/20019] [D loss: -0.343390] [G loss: 1.128524] [ElapsedTime: 48037.96 [sec]]
2019-01-12 14:21:56,575 :[Epoch: 0/200] [Batch: 14500/20019] [D loss: -0.542168] [G loss: 1.057346] [ElapsedTime: 48350.35 [sec]]
2019-01-12 14:27:05,110 :[Epoch: 0/200] [Batch: 14600/20019] [D loss: -0.317465] [G loss: -0.319448] [ElapsedTime: 48658.89 [sec]]
2019-01-12 14:32:09,930 :[Epoch: 0/200] [Batch: 14700/20019] [D loss: -0.146128] [G loss: -0.057605] [ElapsedTime: 48963.75 [sec]]
2019-01-12 14:37:11,652 :[Epoch: 0/200] [Batch: 14800/20019] [D loss: 0.384045] [G loss: -0.335375] [ElapsedTime: 49265.43 [sec]]
2019-01-12 14:42:05,631 :[Epoch: 0/200] [Batch: 14900/20019] [D loss: -0.149238] [G loss: -0.487760] [ElapsedTime: 49559.41 [sec]]
2019-01-12 14:47:02,660 :[Epoch: 0/200] [Batch: 15000/20019] [D loss: -0.160255] [G loss: 0.602526] [ElapsedTime: 49856.45 [sec]]
2019-01-12 14:51:57,940 :[Epoch: 0/200] [Batch: 15100/20019] [D loss: 0.235777] [G loss: -0.179757] [ElapsedTime: 50151.72 [sec]]
2019-01-12 14:57:11,257 :[Epoch: 0/200] [Batch: 15200/20019] [D loss: 0.135422] [G loss: 0.308723] [ElapsedTime: 50465.00 [sec]]
2019-01-12 15:02:49,427 :[Epoch: 0/200] [Batch: 15300/20019] [D loss: -0.220988] [G loss: -0.099879] [ElapsedTime: 50803.12 [sec]]
2019-01-12 15:08:08,560 :[Epoch: 0/200] [Batch: 15400/20019] [D loss: -0.208122] [G loss: -0.651515] [ElapsedTime: 51122.34 [sec]]
2019-01-12 15:13:18,968 :[Epoch: 0/200] [Batch: 15500/20019] [D loss: -0.083799] [G loss: -0.564487] [ElapsedTime: 51432.75 [sec]]
2019-01-12 15:18:22,751 :[Epoch: 0/200] [Batch: 15600/20019] [D loss: -0.393072] [G loss: -0.224728] [ElapsedTime: 51736.52 [sec]]
2019-01-12 15:23:31,667 :[Epoch: 0/200] [Batch: 15700/20019] [D loss: -0.638768] [G loss: -0.441637] [ElapsedTime: 52045.45 [sec]]
2019-01-12 15:28:43,556 :[Epoch: 0/200] [Batch: 15800/20019] [D loss: -0.464819] [G loss: -0.420360] [ElapsedTime: 52357.33 [sec]]
2019-01-12 15:33:57,793 :[Epoch: 0/200] [Batch: 15900/20019] [D loss: -0.468852] [G loss: -0.908805] [ElapsedTime: 52671.45 [sec]]
2019-01-12 15:39:12,600 :[Epoch: 0/200] [Batch: 16000/20019] [D loss: -1.069609] [G loss: 0.186529] [ElapsedTime: 52986.38 [sec]]
2019-01-12 15:44:20,028 :[Epoch: 0/200] [Batch: 16100/20019] [D loss: -0.362392] [G loss: -0.767194] [ElapsedTime: 53293.80 [sec]]
2019-01-12 15:49:24,727 :[Epoch: 0/200] [Batch: 16200/20019] [D loss: -0.370510] [G loss: 0.017341] [ElapsedTime: 53598.51 [sec]]
2019-01-12 15:54:32,209 :[Epoch: 0/200] [Batch: 16300/20019] [D loss: -0.065707] [G loss: 0.836604] [ElapsedTime: 53905.95 [sec]]
2019-01-12 15:59:34,715 :[Epoch: 0/200] [Batch: 16400/20019] [D loss: -0.212581] [G loss: -0.584092] [ElapsedTime: 54208.50 [sec]]
2019-01-12 16:05:31,101 :[Epoch: 0/200] [Batch: 16500/20019] [D loss: -0.642974] [G loss: 0.338895] [ElapsedTime: 54564.87 [sec]]
2019-01-12 16:10:34,757 :[Epoch: 0/200] [Batch: 16600/20019] [D loss: -0.543998] [G loss: 0.029053] [ElapsedTime: 54868.54 [sec]]
2019-01-12 16:15:46,240 :[Epoch: 0/200] [Batch: 16700/20019] [D loss: -0.077519] [G loss: -1.138129] [ElapsedTime: 55180.02 [sec]]
2019-01-12 16:20:59,173 :[Epoch: 0/200] [Batch: 16800/20019] [D loss: -0.389171] [G loss: 0.179711] [ElapsedTime: 55492.95 [sec]]
2019-01-12 16:26:13,020 :[Epoch: 0/200] [Batch: 16900/20019] [D loss: -0.329773] [G loss: -0.082118] [ElapsedTime: 55806.77 [sec]]
2019-01-12 16:31:23,496 :[Epoch: 0/200] [Batch: 17000/20019] [D loss: -0.613957] [G loss: 0.016533] [ElapsedTime: 56117.27 [sec]]
2019-01-12 16:36:33,015 :[Epoch: 0/200] [Batch: 17100/20019] [D loss: -0.187402] [G loss: 0.277074] [ElapsedTime: 56426.79 [sec]]
2019-01-12 16:41:52,194 :[Epoch: 0/200] [Batch: 17200/20019] [D loss: -0.636979] [G loss: 0.277808] [ElapsedTime: 56745.97 [sec]]
2019-01-12 16:47:01,310 :[Epoch: 0/200] [Batch: 17300/20019] [D loss: -0.606541] [G loss: 0.066225] [ElapsedTime: 57055.09 [sec]]
2019-01-12 16:52:01,223 :[Epoch: 0/200] [Batch: 17400/20019] [D loss: -0.992950] [G loss: 0.275519] [ElapsedTime: 57355.00 [sec]]
2019-01-12 16:57:02,003 :[Epoch: 0/200] [Batch: 17500/20019] [D loss: -0.329453] [G loss: 0.057969] [ElapsedTime: 57655.75 [sec]]
2019-01-12 17:02:42,060 :[Epoch: 0/200] [Batch: 17600/20019] [D loss: 0.079663] [G loss: 0.759016] [ElapsedTime: 57995.84 [sec]]
2019-01-12 17:07:58,270 :[Epoch: 0/200] [Batch: 17700/20019] [D loss: -0.501952] [G loss: -0.025143] [ElapsedTime: 58312.05 [sec]]
2019-01-12 17:13:19,152 :[Epoch: 0/200] [Batch: 17800/20019] [D loss: -0.837383] [G loss: -0.106832] [ElapsedTime: 58632.93 [sec]]
2019-01-12 17:18:37,970 :[Epoch: 0/200] [Batch: 17900/20019] [D loss: -0.308810] [G loss: 0.121496] [ElapsedTime: 58951.73 [sec]]
2019-01-12 17:23:51,712 :[Epoch: 0/200] [Batch: 18000/20019] [D loss: -0.490177] [G loss: 0.102066] [ElapsedTime: 59265.48 [sec]]
2019-01-12 17:29:04,592 :[Epoch: 0/200] [Batch: 18100/20019] [D loss: 0.359670] [G loss: 0.427054] [ElapsedTime: 59578.37 [sec]]
2019-01-12 17:34:16,616 :[Epoch: 0/200] [Batch: 18200/20019] [D loss: -0.403628] [G loss: -0.064123] [ElapsedTime: 59890.40 [sec]]
2019-01-12 17:39:24,851 :[Epoch: 0/200] [Batch: 18300/20019] [D loss: -0.547565] [G loss: -0.214841] [ElapsedTime: 60198.61 [sec]]
2019-01-12 17:44:26,237 :[Epoch: 0/200] [Batch: 18400/20019] [D loss: 1.233457] [G loss: -1.441509] [ElapsedTime: 60499.99 [sec]]
2019-01-12 17:49:29,527 :[Epoch: 0/200] [Batch: 18500/20019] [D loss: -0.526676] [G loss: 0.988351] [ElapsedTime: 60803.31 [sec]]
2019-01-12 17:54:32,596 :[Epoch: 0/200] [Batch: 18600/20019] [D loss: -0.212325] [G loss: 0.109528] [ElapsedTime: 61106.37 [sec]]
2019-01-12 17:59:36,385 :[Epoch: 0/200] [Batch: 18700/20019] [D loss: -0.791603] [G loss: 0.169880] [ElapsedTime: 61410.17 [sec]]
2019-01-12 18:05:33,585 :[Epoch: 0/200] [Batch: 18800/20019] [D loss: -0.437984] [G loss: -0.012816] [ElapsedTime: 61767.37 [sec]]
2019-01-12 18:10:50,104 :[Epoch: 0/200] [Batch: 18900/20019] [D loss: 0.052981] [G loss: 2.207447] [ElapsedTime: 62083.89 [sec]]
2019-01-12 18:16:04,377 :[Epoch: 0/200] [Batch: 19000/20019] [D loss: -0.607133] [G loss: 1.251428] [ElapsedTime: 62398.16 [sec]]
2019-01-12 18:21:18,737 :[Epoch: 0/200] [Batch: 19100/20019] [D loss: -0.180127] [G loss: 0.348968] [ElapsedTime: 62712.52 [sec]]
2019-01-12 18:26:36,094 :[Epoch: 0/200] [Batch: 19200/20019] [D loss: -0.273705] [G loss: 0.363584] [ElapsedTime: 63029.87 [sec]]
2019-01-12 18:32:05,945 :[Epoch: 0/200] [Batch: 19300/20019] [D loss: -0.601330] [G loss: 0.561024] [ElapsedTime: 63359.67 [sec]]
2019-01-12 18:37:27,147 :[Epoch: 0/200] [Batch: 19400/20019] [D loss: -0.581687] [G loss: 0.389765] [ElapsedTime: 63680.93 [sec]]
2019-01-12 18:42:36,418 :[Epoch: 0/200] [Batch: 19500/20019] [D loss: -0.922071] [G loss: 0.847136] [ElapsedTime: 63990.20 [sec]]
2019-01-12 18:47:42,912 :[Epoch: 0/200] [Batch: 19600/20019] [D loss: -0.506493] [G loss: 0.379127] [ElapsedTime: 64296.53 [sec]]
2019-01-12 18:52:48,941 :[Epoch: 0/200] [Batch: 19700/20019] [D loss: -0.611556] [G loss: 1.231802] [ElapsedTime: 64602.72 [sec]]
2019-01-12 18:57:51,648 :[Epoch: 0/200] [Batch: 19800/20019] [D loss: -0.413620] [G loss: 1.710280] [ElapsedTime: 64905.43 [sec]]
2019-01-12 19:03:38,408 :[Epoch: 0/200] [Batch: 19900/20019] [D loss: -0.449022] [G loss: 1.341431] [ElapsedTime: 65252.13 [sec]]
2019-01-12 19:08:47,993 :[Epoch: 0/200] [Batch: 20000/20019] [D loss: -0.029169] [G loss: 1.074040] [ElapsedTime: 65561.77 [sec]]
2019-01-12 19:10:09,534 :[Epoch: 1/200] [Inception Score: 4.91] [Max Score Ever: 4.91]
2019-01-12 19:14:27,555 :[Epoch: 1/200] [Batch: 81/20019] [D loss: -0.635645] [G loss: 0.578820] [ElapsedTime: 65901.33 [sec]]
2019-01-12 19:19:41,069 :[Epoch: 1/200] [Batch: 181/20019] [D loss: -1.267422] [G loss: 0.835485] [ElapsedTime: 66214.84 [sec]]
2019-01-12 19:24:53,653 :[Epoch: 1/200] [Batch: 281/20019] [D loss: -0.737456] [G loss: 0.475264] [ElapsedTime: 66527.43 [sec]]
2019-01-12 19:30:03,097 :[Epoch: 1/200] [Batch: 381/20019] [D loss: -0.261464] [G loss: 2.558899] [ElapsedTime: 66836.88 [sec]]
2019-01-12 19:35:14,211 :[Epoch: 1/200] [Batch: 481/20019] [D loss: -0.463024] [G loss: 2.191748] [ElapsedTime: 67147.91 [sec]]
2019-01-12 19:40:24,287 :[Epoch: 1/200] [Batch: 581/20019] [D loss: -0.690264] [G loss: 1.520050] [ElapsedTime: 67458.07 [sec]]
2019-01-12 19:45:32,485 :[Epoch: 1/200] [Batch: 681/20019] [D loss: -0.249938] [G loss: 1.563219] [ElapsedTime: 67766.26 [sec]]
2019-01-12 19:50:44,414 :[Epoch: 1/200] [Batch: 781/20019] [D loss: -0.264459] [G loss: 0.665282] [ElapsedTime: 68078.08 [sec]]
2019-01-12 19:55:49,692 :[Epoch: 1/200] [Batch: 881/20019] [D loss: -0.481262] [G loss: 1.332313] [ElapsedTime: 68383.47 [sec]]
2019-01-12 20:00:52,589 :[Epoch: 1/200] [Batch: 981/20019] [D loss: -0.211527] [G loss: 1.708869] [ElapsedTime: 68686.37 [sec]]
2019-01-12 20:06:37,358 :[Epoch: 1/200] [Batch: 1081/20019] [D loss: -0.370503] [G loss: 1.088635] [ElapsedTime: 69031.15 [sec]]
2019-01-12 20:11:52,430 :[Epoch: 1/200] [Batch: 1181/20019] [D loss: -1.120041] [G loss: 1.460598] [ElapsedTime: 69346.21 [sec]]
2019-01-12 20:17:26,778 :[Epoch: 1/200] [Batch: 1281/20019] [D loss: -0.702458] [G loss: 1.040480] [ElapsedTime: 69680.56 [sec]]
2019-01-12 20:23:05,661 :[Epoch: 1/200] [Batch: 1381/20019] [D loss: -1.010430] [G loss: 1.105581] [ElapsedTime: 70019.42 [sec]]
2019-01-12 20:28:19,023 :[Epoch: 1/200] [Batch: 1481/20019] [D loss: -0.521147] [G loss: 0.997793] [ElapsedTime: 70332.80 [sec]]
2019-01-12 20:33:32,594 :[Epoch: 1/200] [Batch: 1581/20019] [D loss: -0.746474] [G loss: 2.557025] [ElapsedTime: 70646.37 [sec]]
2019-01-12 20:38:44,583 :[Epoch: 1/200] [Batch: 1681/20019] [D loss: -0.797323] [G loss: 1.176370] [ElapsedTime: 70958.36 [sec]]
2019-01-12 20:43:55,310 :[Epoch: 1/200] [Batch: 1781/20019] [D loss: -0.679393] [G loss: 1.333720] [ElapsedTime: 71269.01 [sec]]
2019-01-12 20:49:01,244 :[Epoch: 1/200] [Batch: 1881/20019] [D loss: -0.429241] [G loss: 1.073311] [ElapsedTime: 71575.02 [sec]]
2019-01-12 20:54:02,277 :[Epoch: 1/200] [Batch: 1981/20019] [D loss: -0.836833] [G loss: 1.978853] [ElapsedTime: 71876.06 [sec]]
2019-01-13 10:27:23,777 :resume
2019-01-13 10:29:24,108 :[Epoch: 1/200] [Inception Score: 4.84] [Max Score Ever: 4.84]
2019-01-13 10:29:41,898 :[Epoch: 1/200] [Batch: 0/20019] [D loss: -0.443883] [G loss: 0.670253] [ElapsedTime: 138.41 [sec]]
2019-01-13 10:36:09,814 :resume
2019-01-13 10:38:04,946 :[Epoch: 1/200] [Inception Score: 5.03] [Max Score Ever: 5.03]
2019-01-13 10:38:22,996 :[Epoch: 1/200] [Batch: 1981/20019] [D loss: -0.568934] [G loss: 0.567906] [ElapsedTime: 133.44 [sec]]
2019-01-13 11:06:19,530 :[Epoch: 1/200] [Batch: 100/20019] [D loss: -0.833083] [G loss: 1.876307] [ElapsedTime: 1809.97 [sec]]
2019-01-13 11:33:27,141 :[Epoch: 1/200] [Batch: 200/20019] [D loss: -0.884691] [G loss: 1.263692] [ElapsedTime: 3437.58 [sec]]
2019-01-13 12:01:40,172 :[Epoch: 1/200] [Batch: 300/20019] [D loss: -0.450063] [G loss: 0.589106] [ElapsedTime: 5130.61 [sec]]
2019-01-13 12:29:41,844 :[Epoch: 1/200] [Batch: 400/20019] [D loss: -0.610309] [G loss: 2.274598] [ElapsedTime: 6812.29 [sec]]
2019-01-13 12:57:36,411 :[Epoch: 1/200] [Batch: 500/20019] [D loss: -0.688167] [G loss: 1.668213] [ElapsedTime: 8486.85 [sec]]
2019-01-13 13:25:47,892 :[Epoch: 1/200] [Batch: 600/20019] [D loss: -0.373567] [G loss: 0.645217] [ElapsedTime: 10178.33 [sec]]
2019-01-13 13:53:38,150 :[Epoch: 1/200] [Batch: 700/20019] [D loss: -0.302183] [G loss: 2.914326] [ElapsedTime: 11848.59 [sec]]
2019-01-13 14:21:49,229 :[Epoch: 1/200] [Batch: 800/20019] [D loss: -0.938671] [G loss: 1.377393] [ElapsedTime: 13539.67 [sec]]
2019-01-13 14:49:38,803 :[Epoch: 1/200] [Batch: 900/20019] [D loss: -0.545744] [G loss: 0.789777] [ElapsedTime: 15209.25 [sec]]
2019-01-13 15:17:45,183 :[Epoch: 1/200] [Batch: 1000/20019] [D loss: -1.073703] [G loss: 2.179376] [ElapsedTime: 16895.63 [sec]]
2019-01-13 15:45:27,709 :[Epoch: 1/200] [Batch: 1100/20019] [D loss: -0.842766] [G loss: 1.996545] [ElapsedTime: 18558.15 [sec]]
2019-01-13 16:13:37,729 :[Epoch: 1/200] [Batch: 1200/20019] [D loss: -0.476562] [G loss: 2.041481] [ElapsedTime: 20248.17 [sec]]
2019-01-13 16:41:29,643 :[Epoch: 1/200] [Batch: 1300/20019] [D loss: -0.718935] [G loss: 1.845854] [ElapsedTime: 21920.09 [sec]]
2019-01-13 17:09:30,264 :[Epoch: 1/200] [Batch: 1400/20019] [D loss: -0.273098] [G loss: 1.584253] [ElapsedTime: 23600.71 [sec]]
2019-01-13 17:37:34,203 :[Epoch: 1/200] [Batch: 1500/20019] [D loss: -0.389845] [G loss: 2.658947] [ElapsedTime: 25284.64 [sec]]
2019-01-13 18:05:44,252 :[Epoch: 1/200] [Batch: 1600/20019] [D loss: -0.603739] [G loss: 2.103912] [ElapsedTime: 26974.69 [sec]]
2019-01-13 18:33:40,758 :[Epoch: 1/200] [Batch: 1700/20019] [D loss: -0.699078] [G loss: 2.364693] [ElapsedTime: 28651.20 [sec]]
2019-01-13 19:01:23,066 :[Epoch: 1/200] [Batch: 1800/20019] [D loss: -0.324754] [G loss: 1.475349] [ElapsedTime: 30313.49 [sec]]
2019-01-13 19:29:10,299 :[Epoch: 1/200] [Batch: 1900/20019] [D loss: -0.359344] [G loss: 1.665633] [ElapsedTime: 31980.74 [sec]]
2019-01-13 19:56:38,345 :[Epoch: 1/200] [Batch: 2000/20019] [D loss: -0.339350] [G loss: 2.040514] [ElapsedTime: 33628.79 [sec]]
2019-01-13 20:24:15,937 :[Epoch: 1/200] [Batch: 2100/20019] [D loss: -0.175051] [G loss: 2.149106] [ElapsedTime: 35286.38 [sec]]
2019-01-13 20:51:35,310 :[Epoch: 1/200] [Batch: 2200/20019] [D loss: -0.715581] [G loss: 2.021611] [ElapsedTime: 36925.75 [sec]]
2019-01-13 21:19:02,280 :[Epoch: 1/200] [Batch: 2300/20019] [D loss: -0.364457] [G loss: 2.043138] [ElapsedTime: 38572.72 [sec]]
2019-01-13 21:46:20,237 :[Epoch: 1/200] [Batch: 2400/20019] [D loss: -0.858191] [G loss: 1.390075] [ElapsedTime: 40210.68 [sec]]
2019-01-13 22:13:50,292 :[Epoch: 1/200] [Batch: 2500/20019] [D loss: -0.108320] [G loss: 2.657309] [ElapsedTime: 41860.73 [sec]]
2019-01-13 22:41:15,827 :[Epoch: 1/200] [Batch: 2600/20019] [D loss: -0.428921] [G loss: 2.832617] [ElapsedTime: 43506.27 [sec]]
2019-01-13 23:08:47,502 :[Epoch: 1/200] [Batch: 2700/20019] [D loss: -0.997064] [G loss: 2.380921] [ElapsedTime: 45157.94 [sec]]
2019-01-13 23:35:54,461 :[Epoch: 1/200] [Batch: 2800/20019] [D loss: -0.592051] [G loss: 2.186548] [ElapsedTime: 46784.90 [sec]]
2019-01-14 00:03:05,525 :[Epoch: 1/200] [Batch: 2900/20019] [D loss: -0.540284] [G loss: 2.714837] [ElapsedTime: 48415.97 [sec]]
2019-01-14 00:30:33,711 :[Epoch: 1/200] [Batch: 3000/20019] [D loss: -0.633290] [G loss: 2.221973] [ElapsedTime: 50064.15 [sec]]
2019-01-14 00:57:33,360 :[Epoch: 1/200] [Batch: 3100/20019] [D loss: -0.820730] [G loss: 3.783775] [ElapsedTime: 51683.80 [sec]]
2019-01-14 01:24:52,638 :[Epoch: 1/200] [Batch: 3200/20019] [D loss: -0.510283] [G loss: 3.087209] [ElapsedTime: 53323.08 [sec]]
2019-01-14 01:52:19,678 :[Epoch: 1/200] [Batch: 3300/20019] [D loss: -0.628105] [G loss: 2.536874] [ElapsedTime: 54970.12 [sec]]
2019-01-14 02:20:12,393 :[Epoch: 1/200] [Batch: 3400/20019] [D loss: -0.501847] [G loss: 2.033819] [ElapsedTime: 56642.84 [sec]]
2019-01-14 02:47:49,997 :[Epoch: 1/200] [Batch: 3500/20019] [D loss: -0.180521] [G loss: 3.343956] [ElapsedTime: 58300.44 [sec]]
2019-01-14 03:15:31,707 :[Epoch: 1/200] [Batch: 3600/20019] [D loss: -0.683300] [G loss: 2.067064] [ElapsedTime: 59962.15 [sec]]
2019-01-14 03:43:13,530 :[Epoch: 1/200] [Batch: 3700/20019] [D loss: -0.779061] [G loss: 3.051628] [ElapsedTime: 61623.97 [sec]]
2019-01-14 04:10:56,745 :[Epoch: 1/200] [Batch: 3800/20019] [D loss: -0.297530] [G loss: 3.796713] [ElapsedTime: 63287.19 [sec]]
2019-01-14 04:38:44,313 :[Epoch: 1/200] [Batch: 3900/20019] [D loss: -0.403334] [G loss: 1.600519] [ElapsedTime: 64954.76 [sec]]
2019-01-14 05:06:23,219 :[Epoch: 1/200] [Batch: 4000/20019] [D loss: -0.672136] [G loss: 1.745511] [ElapsedTime: 66613.66 [sec]]
2019-01-14 05:34:03,503 :[Epoch: 1/200] [Batch: 4100/20019] [D loss: -0.331441] [G loss: 2.817706] [ElapsedTime: 68273.95 [sec]]
2019-01-14 06:01:47,255 :[Epoch: 1/200] [Batch: 4200/20019] [D loss: -0.250532] [G loss: 2.143180] [ElapsedTime: 69937.70 [sec]]
2019-01-14 06:29:39,663 :[Epoch: 1/200] [Batch: 4300/20019] [D loss: 0.145435] [G loss: 2.564909] [ElapsedTime: 71610.10 [sec]]
2019-01-14 16:36:52,089 :resume
2019-01-14 16:37:15,554 :[Epoch: 1/200] [Inception Score: 5.15] [Max Score Ever: 5.15]
2019-01-14 16:37:18,922 :[Epoch: 1/200] [Batch: 6281/20019] [D loss: -0.260417] [G loss: 0.105208] [ElapsedTime: 27.22 [sec]]
2019-01-14 16:40:54,955 :resume
2019-01-14 16:41:04,954 :[Epoch: 1/200] [Inception Score: 4.79] [Max Score Ever: 4.79]
2019-01-14 16:41:08,301 :[Epoch: 1/200] [Batch: 6281/20019] [D loss: -1.207225] [G loss: 0.526907] [ElapsedTime: 13.66 [sec]]
2019-01-14 16:45:17,040 :[Epoch: 1/200] [Batch: 6381/20019] [D loss: -0.647670] [G loss: 1.394971] [ElapsedTime: 262.40 [sec]]
2019-01-14 16:49:25,921 :[Epoch: 1/200] [Batch: 6481/20019] [D loss: -0.620413] [G loss: 2.176301] [ElapsedTime: 511.28 [sec]]
2019-01-14 16:53:33,139 :[Epoch: 1/200] [Batch: 6581/20019] [D loss: -0.918139] [G loss: 3.318176] [ElapsedTime: 758.50 [sec]]
2019-01-14 16:57:34,683 :[Epoch: 1/200] [Batch: 6681/20019] [D loss: -0.382221] [G loss: 0.884918] [ElapsedTime: 1000.04 [sec]]
2019-01-14 17:01:41,575 :[Epoch: 1/200] [Batch: 6781/20019] [D loss: -0.019107] [G loss: 1.380051] [ElapsedTime: 1246.93 [sec]]
2019-01-14 17:05:51,524 :[Epoch: 1/200] [Batch: 6881/20019] [D loss: -0.763159] [G loss: 1.191192] [ElapsedTime: 1496.88 [sec]]
2019-01-14 17:10:05,687 :[Epoch: 1/200] [Batch: 6981/20019] [D loss: -0.481427] [G loss: 1.487994] [ElapsedTime: 1751.05 [sec]]
2019-01-14 17:14:24,935 :[Epoch: 1/200] [Batch: 7081/20019] [D loss: -0.722318] [G loss: 1.920788] [ElapsedTime: 2010.29 [sec]]
2019-01-14 17:18:40,008 :[Epoch: 1/200] [Batch: 7181/20019] [D loss: -0.600816] [G loss: 2.135350] [ElapsedTime: 2265.37 [sec]]
2019-01-14 17:22:53,283 :[Epoch: 1/200] [Batch: 7281/20019] [D loss: -0.471189] [G loss: 1.162449] [ElapsedTime: 2518.64 [sec]]
2019-01-14 17:27:02,563 :[Epoch: 1/200] [Batch: 7381/20019] [D loss: -0.524249] [G loss: 1.183229] [ElapsedTime: 2767.92 [sec]]
2019-01-14 17:31:10,383 :[Epoch: 1/200] [Batch: 7481/20019] [D loss: -0.536930] [G loss: 1.680026] [ElapsedTime: 3015.74 [sec]]
2019-01-14 17:35:19,482 :[Epoch: 1/200] [Batch: 7581/20019] [D loss: -0.273614] [G loss: 3.617074] [ElapsedTime: 3264.84 [sec]]
2019-01-14 17:39:30,272 :[Epoch: 1/200] [Batch: 7681/20019] [D loss: -0.093213] [G loss: 1.391701] [ElapsedTime: 3515.63 [sec]]
2019-01-14 17:43:41,861 :[Epoch: 1/200] [Batch: 7781/20019] [D loss: -0.546725] [G loss: 1.158562] [ElapsedTime: 3767.21 [sec]]
2019-01-14 17:48:34,872 :[Epoch: 1/200] [Batch: 7881/20019] [D loss: -0.022547] [G loss: 2.661340] [ElapsedTime: 4060.23 [sec]]
2019-01-14 17:53:53,920 :[Epoch: 1/200] [Batch: 7981/20019] [D loss: -0.575869] [G loss: 2.072179] [ElapsedTime: 4379.28 [sec]]
2019-01-14 17:59:12,412 :[Epoch: 1/200] [Batch: 8081/20019] [D loss: -0.592610] [G loss: 2.988750] [ElapsedTime: 4697.77 [sec]]
2019-01-14 18:05:21,907 :[Epoch: 1/200] [Batch: 8181/20019] [D loss: -0.571516] [G loss: 2.157140] [ElapsedTime: 5067.27 [sec]]
2019-01-14 18:10:59,499 :[Epoch: 1/200] [Batch: 8281/20019] [D loss: -0.335898] [G loss: 1.478609] [ElapsedTime: 5404.86 [sec]]
2019-01-14 18:16:36,340 :[Epoch: 1/200] [Batch: 8381/20019] [D loss: 0.071706] [G loss: 3.409077] [ElapsedTime: 5741.70 [sec]]
2019-01-14 18:22:06,165 :[Epoch: 1/200] [Batch: 8481/20019] [D loss: -0.150869] [G loss: 2.425071] [ElapsedTime: 6071.52 [sec]]
2019-01-14 18:27:37,524 :[Epoch: 1/200] [Batch: 8581/20019] [D loss: -0.648816] [G loss: 2.192249] [ElapsedTime: 6402.88 [sec]]
2019-01-14 18:33:04,543 :[Epoch: 1/200] [Batch: 8681/20019] [D loss: -0.080926] [G loss: 2.057431] [ElapsedTime: 6729.90 [sec]]
2019-01-14 18:38:32,809 :[Epoch: 1/200] [Batch: 8781/20019] [D loss: -0.176419] [G loss: 1.934858] [ElapsedTime: 7058.17 [sec]]
2019-01-14 18:44:00,449 :[Epoch: 1/200] [Batch: 8881/20019] [D loss: -0.428220] [G loss: 1.439626] [ElapsedTime: 7385.81 [sec]]
2019-01-14 18:49:27,653 :[Epoch: 1/200] [Batch: 8981/20019] [D loss: -0.304160] [G loss: 1.362038] [ElapsedTime: 7713.01 [sec]]
2019-01-14 18:54:43,821 :[Epoch: 1/200] [Batch: 9081/20019] [D loss: -0.166910] [G loss: 1.013812] [ElapsedTime: 8029.18 [sec]]
2019-01-14 18:59:56,015 :[Epoch: 1/200] [Batch: 9181/20019] [D loss: -0.577832] [G loss: 1.267711] [ElapsedTime: 8341.37 [sec]]
2019-01-14 19:05:42,625 :[Epoch: 1/200] [Batch: 9281/20019] [D loss: -0.691172] [G loss: 1.464438] [ElapsedTime: 8687.98 [sec]]
2019-01-14 19:10:48,598 :[Epoch: 1/200] [Batch: 9381/20019] [D loss: -0.629827] [G loss: 1.541572] [ElapsedTime: 8993.96 [sec]]
2019-01-14 19:15:59,007 :[Epoch: 1/200] [Batch: 9481/20019] [D loss: -0.613363] [G loss: 1.317779] [ElapsedTime: 9304.37 [sec]]
2019-01-14 19:21:05,948 :[Epoch: 1/200] [Batch: 9581/20019] [D loss: -0.607874] [G loss: 1.750045] [ElapsedTime: 9611.31 [sec]]
2019-01-14 19:26:13,484 :[Epoch: 1/200] [Batch: 9681/20019] [D loss: -0.580014] [G loss: 1.363890] [ElapsedTime: 9918.84 [sec]]
2019-01-14 19:31:19,680 :[Epoch: 1/200] [Batch: 9781/20019] [D loss: -0.521790] [G loss: 1.162784] [ElapsedTime: 10225.04 [sec]]
2019-01-14 19:36:26,275 :[Epoch: 1/200] [Batch: 9881/20019] [D loss: -0.506802] [G loss: 0.604208] [ElapsedTime: 10531.63 [sec]]
2019-01-14 19:41:32,767 :[Epoch: 1/200] [Batch: 9981/20019] [D loss: -0.880318] [G loss: 1.381426] [ElapsedTime: 10838.13 [sec]]
2019-01-14 19:46:36,825 :[Epoch: 1/200] [Batch: 10081/20019] [D loss: -0.913508] [G loss: 1.982483] [ElapsedTime: 11142.18 [sec]]
2019-01-14 19:51:37,867 :[Epoch: 1/200] [Batch: 10181/20019] [D loss: -1.183565] [G loss: 2.032995] [ElapsedTime: 11443.22 [sec]]
2019-01-14 19:56:41,956 :[Epoch: 1/200] [Batch: 10281/20019] [D loss: -0.648799] [G loss: 1.480819] [ElapsedTime: 11747.32 [sec]]
2019-01-14 20:02:11,841 :[Epoch: 1/200] [Batch: 10381/20019] [D loss: -1.350320] [G loss: 3.112973] [ElapsedTime: 12077.20 [sec]]
2019-01-14 20:07:26,163 :[Epoch: 1/200] [Batch: 10481/20019] [D loss: -1.038865] [G loss: 2.355061] [ElapsedTime: 12391.52 [sec]]
2019-01-14 20:12:46,281 :[Epoch: 1/200] [Batch: 10581/20019] [D loss: -1.012709] [G loss: 0.883839] [ElapsedTime: 12711.64 [sec]]
2019-01-14 20:18:01,329 :[Epoch: 1/200] [Batch: 10681/20019] [D loss: -1.213638] [G loss: 1.204327] [ElapsedTime: 13026.68 [sec]]
2019-01-14 20:23:19,841 :[Epoch: 1/200] [Batch: 10781/20019] [D loss: -1.809923] [G loss: 2.184529] [ElapsedTime: 13345.20 [sec]]
2019-01-14 20:28:35,611 :[Epoch: 1/200] [Batch: 10881/20019] [D loss: -0.683976] [G loss: 1.874638] [ElapsedTime: 13660.97 [sec]]
2019-01-14 20:33:46,351 :[Epoch: 1/200] [Batch: 10981/20019] [D loss: -0.146301] [G loss: 2.997841] [ElapsedTime: 13971.71 [sec]]
2019-01-14 20:38:55,953 :[Epoch: 1/200] [Batch: 11081/20019] [D loss: -0.155857] [G loss: 3.181257] [ElapsedTime: 14281.31 [sec]]
2019-01-14 20:44:00,489 :[Epoch: 1/200] [Batch: 11181/20019] [D loss: -0.191546] [G loss: 2.546184] [ElapsedTime: 14585.84 [sec]]
2019-01-14 20:49:15,260 :[Epoch: 1/200] [Batch: 11281/20019] [D loss: -0.923649] [G loss: 2.673111] [ElapsedTime: 14900.62 [sec]]
2019-01-14 20:54:25,200 :[Epoch: 1/200] [Batch: 11381/20019] [D loss: -0.472711] [G loss: 2.403549] [ElapsedTime: 15210.56 [sec]]
2019-01-14 20:59:33,175 :[Epoch: 1/200] [Batch: 11481/20019] [D loss: -0.441914] [G loss: 1.816033] [ElapsedTime: 15518.53 [sec]]
2019-01-14 21:05:10,204 :[Epoch: 1/200] [Batch: 11581/20019] [D loss: -0.849381] [G loss: 2.342232] [ElapsedTime: 15855.56 [sec]]
2019-01-14 21:10:27,837 :[Epoch: 1/200] [Batch: 11681/20019] [D loss: -0.555480] [G loss: 2.550915] [ElapsedTime: 16173.20 [sec]]
2019-01-14 21:15:42,591 :[Epoch: 1/200] [Batch: 11781/20019] [D loss: -0.851643] [G loss: 2.594220] [ElapsedTime: 16487.94 [sec]]
2019-01-14 21:20:54,070 :[Epoch: 1/200] [Batch: 11881/20019] [D loss: -0.676150] [G loss: 2.358868] [ElapsedTime: 16799.43 [sec]]
2019-01-14 21:26:05,858 :[Epoch: 1/200] [Batch: 11981/20019] [D loss: -1.060766] [G loss: 2.178852] [ElapsedTime: 17111.22 [sec]]
2019-01-14 21:31:13,243 :[Epoch: 1/200] [Batch: 12081/20019] [D loss: -0.234079] [G loss: 2.552941] [ElapsedTime: 17418.60 [sec]]
2019-01-14 21:36:20,460 :[Epoch: 1/200] [Batch: 12181/20019] [D loss: -0.749239] [G loss: 3.001492] [ElapsedTime: 17725.82 [sec]]
2019-01-14 21:41:27,723 :[Epoch: 1/200] [Batch: 12281/20019] [D loss: -0.516409] [G loss: 4.742385] [ElapsedTime: 18033.08 [sec]]
2019-01-14 21:46:30,979 :[Epoch: 1/200] [Batch: 12381/20019] [D loss: -1.141100] [G loss: 2.227066] [ElapsedTime: 18336.34 [sec]]
2019-01-14 21:51:35,825 :[Epoch: 1/200] [Batch: 12481/20019] [D loss: -0.446575] [G loss: 1.950212] [ElapsedTime: 18641.18 [sec]]
2019-01-14 21:56:32,902 :[Epoch: 1/200] [Batch: 12581/20019] [D loss: -0.802584] [G loss: 2.499784] [ElapsedTime: 18938.26 [sec]]
2019-01-14 22:01:56,761 :[Epoch: 1/200] [Batch: 12681/20019] [D loss: -0.526098] [G loss: 1.784657] [ElapsedTime: 19262.12 [sec]]
2019-01-14 22:07:10,145 :[Epoch: 1/200] [Batch: 12781/20019] [D loss: -0.973609] [G loss: 2.415881] [ElapsedTime: 19575.50 [sec]]
2019-01-14 22:12:37,483 :[Epoch: 1/200] [Batch: 12881/20019] [D loss: -1.325699] [G loss: 3.810083] [ElapsedTime: 19902.84 [sec]]
2019-01-14 22:17:48,642 :[Epoch: 1/200] [Batch: 12981/20019] [D loss: -0.574620] [G loss: 2.273348] [ElapsedTime: 20214.00 [sec]]
2019-01-14 22:23:00,869 :[Epoch: 1/200] [Batch: 13081/20019] [D loss: -0.891388] [G loss: 2.640834] [ElapsedTime: 20526.23 [sec]]
2019-01-14 22:28:02,960 :[Epoch: 1/200] [Batch: 13181/20019] [D loss: -0.603642] [G loss: 2.023595] [ElapsedTime: 20828.32 [sec]]
2019-01-14 22:33:03,445 :[Epoch: 1/200] [Batch: 13281/20019] [D loss: -0.870243] [G loss: 2.930860] [ElapsedTime: 21128.80 [sec]]
2019-01-14 22:38:15,094 :[Epoch: 1/200] [Batch: 13381/20019] [D loss: 0.321093] [G loss: 3.173336] [ElapsedTime: 21440.45 [sec]]
2019-01-14 22:43:15,680 :[Epoch: 1/200] [Batch: 13481/20019] [D loss: -0.127359] [G loss: 4.300165] [ElapsedTime: 21741.04 [sec]]
2019-01-14 22:48:19,502 :[Epoch: 1/200] [Batch: 13581/20019] [D loss: -0.386955] [G loss: 2.501929] [ElapsedTime: 22044.86 [sec]]
2019-01-14 22:53:20,611 :[Epoch: 1/200] [Batch: 13681/20019] [D loss: -0.914135] [G loss: 3.009018] [ElapsedTime: 22345.97 [sec]]
2019-01-14 22:58:23,074 :[Epoch: 1/200] [Batch: 13781/20019] [D loss: -0.028322] [G loss: 5.513309] [ElapsedTime: 22648.43 [sec]]
2019-01-14 23:03:55,881 :[Epoch: 1/200] [Batch: 13881/20019] [D loss: -0.440853] [G loss: 3.142993] [ElapsedTime: 22981.24 [sec]]
2019-01-14 23:09:03,769 :[Epoch: 1/200] [Batch: 13981/20019] [D loss: -0.454028] [G loss: 2.763569] [ElapsedTime: 23289.13 [sec]]
2019-01-14 23:14:14,380 :[Epoch: 1/200] [Batch: 14081/20019] [D loss: -0.345990] [G loss: 2.963091] [ElapsedTime: 23599.74 [sec]]
2019-01-14 23:19:31,060 :[Epoch: 1/200] [Batch: 14181/20019] [D loss: -0.823541] [G loss: 2.979820] [ElapsedTime: 23916.42 [sec]]
2019-01-14 23:24:36,576 :[Epoch: 1/200] [Batch: 14281/20019] [D loss: -0.457582] [G loss: 2.921279] [ElapsedTime: 24221.93 [sec]]
2019-01-14 23:29:46,295 :[Epoch: 1/200] [Batch: 14381/20019] [D loss: -0.763484] [G loss: 1.871860] [ElapsedTime: 24531.65 [sec]]
2019-01-14 23:34:54,723 :[Epoch: 1/200] [Batch: 14481/20019] [D loss: -0.383494] [G loss: 3.256613] [ElapsedTime: 24840.08 [sec]]
2019-01-14 23:39:56,072 :[Epoch: 1/200] [Batch: 14581/20019] [D loss: 0.244513] [G loss: 4.923434] [ElapsedTime: 25141.43 [sec]]
2019-01-14 23:44:59,936 :[Epoch: 1/200] [Batch: 14681/20019] [D loss: 0.092917] [G loss: 4.136066] [ElapsedTime: 25445.29 [sec]]
2019-01-14 23:50:00,747 :[Epoch: 1/200] [Batch: 14781/20019] [D loss: -0.428809] [G loss: 4.151187] [ElapsedTime: 25746.10 [sec]]
2019-01-14 23:55:01,905 :[Epoch: 1/200] [Batch: 14881/20019] [D loss: 0.063864] [G loss: 3.487976] [ElapsedTime: 26047.26 [sec]]
2019-01-15 00:00:01,347 :[Epoch: 1/200] [Batch: 14981/20019] [D loss: -0.402753] [G loss: 3.831006] [ElapsedTime: 26346.71 [sec]]
2019-01-15 00:05:27,680 :[Epoch: 1/200] [Batch: 15081/20019] [D loss: -0.192736] [G loss: 3.284479] [ElapsedTime: 26673.04 [sec]]
2019-01-15 00:10:36,318 :[Epoch: 1/200] [Batch: 15181/20019] [D loss: -0.592115] [G loss: 2.518893] [ElapsedTime: 26981.68 [sec]]
2019-01-15 00:15:45,903 :[Epoch: 1/200] [Batch: 15281/20019] [D loss: -0.652452] [G loss: 3.703142] [ElapsedTime: 27291.26 [sec]]
2019-01-15 00:21:00,679 :[Epoch: 1/200] [Batch: 15381/20019] [D loss: -0.353403] [G loss: 3.172533] [ElapsedTime: 27606.04 [sec]]
2019-01-15 00:26:09,294 :[Epoch: 1/200] [Batch: 15481/20019] [D loss: -0.338209] [G loss: 3.814200] [ElapsedTime: 27914.65 [sec]]
2019-01-15 00:31:16,034 :[Epoch: 1/200] [Batch: 15581/20019] [D loss: -0.769226] [G loss: 3.773702] [ElapsedTime: 28221.39 [sec]]
2019-01-15 00:36:18,316 :[Epoch: 1/200] [Batch: 15681/20019] [D loss: -0.477625] [G loss: 3.283366] [ElapsedTime: 28523.60 [sec]]
2019-01-15 00:41:19,835 :[Epoch: 1/200] [Batch: 15781/20019] [D loss: -0.656779] [G loss: 3.057651] [ElapsedTime: 28825.19 [sec]]
2019-01-15 00:46:24,061 :[Epoch: 1/200] [Batch: 15881/20019] [D loss: -0.463954] [G loss: 3.639986] [ElapsedTime: 29129.42 [sec]]
2019-01-15 00:51:29,856 :[Epoch: 1/200] [Batch: 15981/20019] [D loss: -0.317676] [G loss: 4.753158] [ElapsedTime: 29435.22 [sec]]
2019-01-15 00:56:36,600 :[Epoch: 1/200] [Batch: 16081/20019] [D loss: -0.650519] [G loss: 2.995883] [ElapsedTime: 29741.96 [sec]]
2019-01-15 01:02:01,774 :[Epoch: 1/200] [Batch: 16181/20019] [D loss: -0.509305] [G loss: 2.799472] [ElapsedTime: 30067.07 [sec]]
2019-01-15 01:07:26,041 :[Epoch: 1/200] [Batch: 16281/20019] [D loss: -0.746697] [G loss: 3.349078] [ElapsedTime: 30391.40 [sec]]
2019-01-15 01:12:44,408 :[Epoch: 1/200] [Batch: 16381/20019] [D loss: -0.993614] [G loss: 4.436983] [ElapsedTime: 30709.77 [sec]]
2019-01-15 01:18:01,577 :[Epoch: 1/200] [Batch: 16481/20019] [D loss: 0.139767] [G loss: 2.995104] [ElapsedTime: 31026.94 [sec]]
2019-01-15 01:23:09,260 :[Epoch: 1/200] [Batch: 16581/20019] [D loss: -1.195466] [G loss: 3.827169] [ElapsedTime: 31334.58 [sec]]
2019-01-15 01:28:12,672 :[Epoch: 1/200] [Batch: 16681/20019] [D loss: -0.469685] [G loss: 3.893983] [ElapsedTime: 31638.03 [sec]]
2019-01-15 01:33:18,641 :[Epoch: 1/200] [Batch: 16781/20019] [D loss: -0.211158] [G loss: 4.116805] [ElapsedTime: 31944.00 [sec]]
2019-01-15 01:38:23,243 :[Epoch: 1/200] [Batch: 16881/20019] [D loss: -0.640979] [G loss: 4.995497] [ElapsedTime: 32248.60 [sec]]
2019-01-15 01:43:27,251 :[Epoch: 1/200] [Batch: 16981/20019] [D loss: -1.122560] [G loss: 3.115089] [ElapsedTime: 32552.61 [sec]]
2019-01-15 01:48:31,163 :[Epoch: 1/200] [Batch: 17081/20019] [D loss: 0.108772] [G loss: 2.870331] [ElapsedTime: 32856.52 [sec]]
2019-01-15 01:53:39,968 :[Epoch: 1/200] [Batch: 17181/20019] [D loss: -0.771844] [G loss: 4.509486] [ElapsedTime: 33165.33 [sec]]
2019-01-15 01:58:44,723 :[Epoch: 1/200] [Batch: 17281/20019] [D loss: -0.665660] [G loss: 3.815085] [ElapsedTime: 33470.08 [sec]]
2019-01-15 02:04:15,203 :[Epoch: 1/200] [Batch: 17381/20019] [D loss: -0.312871] [G loss: 5.290535] [ElapsedTime: 33800.56 [sec]]
2019-01-15 02:09:36,335 :[Epoch: 1/200] [Batch: 17481/20019] [D loss: -0.489171] [G loss: 4.499364] [ElapsedTime: 34121.69 [sec]]
2019-01-15 02:14:46,811 :[Epoch: 1/200] [Batch: 17581/20019] [D loss: -0.861449] [G loss: 4.000453] [ElapsedTime: 34432.17 [sec]]
2019-01-15 02:19:54,806 :[Epoch: 1/200] [Batch: 17681/20019] [D loss: -0.637772] [G loss: 4.219675] [ElapsedTime: 34740.16 [sec]]
2019-01-15 02:25:01,981 :[Epoch: 1/200] [Batch: 17781/20019] [D loss: -0.975501] [G loss: 5.494580] [ElapsedTime: 35047.33 [sec]]
2019-01-15 02:30:09,860 :[Epoch: 1/200] [Batch: 17881/20019] [D loss: -1.123935] [G loss: 4.418185] [ElapsedTime: 35355.22 [sec]]
2019-01-15 02:35:18,058 :[Epoch: 1/200] [Batch: 17981/20019] [D loss: -1.531646] [G loss: 4.421145] [ElapsedTime: 35663.42 [sec]]
2019-01-15 02:40:24,814 :[Epoch: 1/200] [Batch: 18081/20019] [D loss: -0.869179] [G loss: 4.988473] [ElapsedTime: 35970.15 [sec]]
2019-01-15 02:45:27,840 :[Epoch: 1/200] [Batch: 18181/20019] [D loss: -0.663494] [G loss: 4.174467] [ElapsedTime: 36273.20 [sec]]
2019-01-15 02:50:35,323 :[Epoch: 1/200] [Batch: 18281/20019] [D loss: -1.156899] [G loss: 5.464990] [ElapsedTime: 36580.68 [sec]]
2019-01-15 02:55:39,780 :[Epoch: 1/200] [Batch: 18381/20019] [D loss: -0.193675] [G loss: 3.777122] [ElapsedTime: 36885.10 [sec]]
2019-01-15 03:00:40,713 :[Epoch: 1/200] [Batch: 18481/20019] [D loss: -0.694277] [G loss: 5.380240] [ElapsedTime: 37186.07 [sec]]
2019-01-15 03:06:20,863 :[Epoch: 1/200] [Batch: 18581/20019] [D loss: -0.495899] [G loss: 6.665709] [ElapsedTime: 37526.21 [sec]]
2019-01-15 03:11:41,709 :[Epoch: 1/200] [Batch: 18681/20019] [D loss: -0.396005] [G loss: 5.476870] [ElapsedTime: 37847.05 [sec]]
2019-01-15 03:17:01,885 :[Epoch: 1/200] [Batch: 18781/20019] [D loss: -0.272964] [G loss: 5.924756] [ElapsedTime: 38167.24 [sec]]
2019-01-15 03:22:26,347 :[Epoch: 1/200] [Batch: 18881/20019] [D loss: -0.176555] [G loss: 4.854500] [ElapsedTime: 38491.71 [sec]]
2019-01-15 03:27:48,334 :[Epoch: 1/200] [Batch: 18981/20019] [D loss: -0.375466] [G loss: 4.812104] [ElapsedTime: 38813.69 [sec]]
2019-01-15 03:33:09,721 :[Epoch: 1/200] [Batch: 19081/20019] [D loss: -0.494334] [G loss: 5.079554] [ElapsedTime: 39135.08 [sec]]
2019-01-15 03:38:30,124 :[Epoch: 1/200] [Batch: 19181/20019] [D loss: -0.453526] [G loss: 5.164053] [ElapsedTime: 39455.48 [sec]]
2019-01-15 03:43:41,725 :[Epoch: 1/200] [Batch: 19281/20019] [D loss: -0.533687] [G loss: 5.232688] [ElapsedTime: 39767.08 [sec]]
2019-01-15 03:48:59,883 :[Epoch: 1/200] [Batch: 19381/20019] [D loss: -0.485464] [G loss: 4.894305] [ElapsedTime: 40085.24 [sec]]
2019-01-15 03:54:30,610 :[Epoch: 1/200] [Batch: 19481/20019] [D loss: -0.884841] [G loss: 5.143207] [ElapsedTime: 40415.96 [sec]]
2019-01-15 03:59:47,924 :[Epoch: 1/200] [Batch: 19581/20019] [D loss: -0.218761] [G loss: 5.380267] [ElapsedTime: 40733.28 [sec]]
2019-01-15 04:05:44,736 :[Epoch: 1/200] [Batch: 19681/20019] [D loss: -0.493231] [G loss: 4.158055] [ElapsedTime: 41090.10 [sec]]
2019-01-15 04:11:09,670 :[Epoch: 1/200] [Batch: 19781/20019] [D loss: -0.680920] [G loss: 4.793548] [ElapsedTime: 41415.03 [sec]]
2019-01-15 04:16:32,760 :[Epoch: 1/200] [Batch: 19881/20019] [D loss: -0.593960] [G loss: 4.707911] [ElapsedTime: 41738.12 [sec]]
2019-01-15 04:21:52,678 :[Epoch: 1/200] [Batch: 19981/20019] [D loss: -0.384851] [G loss: 4.749296] [ElapsedTime: 42058.03 [sec]]
2019-01-15 14:36:16,379 :resume: loaded models
2019-01-15 14:36:16,422 :generator_model_0000
2019-01-15 14:36:16,422 :discriminator_model_0000
2019-01-15 14:36:39,629 :[Epoch: 1/200] [Inception Score: 4.67] [Max Score Ever: 4.67]
2019-01-15 14:36:43,253 :[Epoch: 1/200] [Batch: 19981/20019] [D loss: 0.048404] [G loss: 0.503984] [ElapsedTime: 27.26 [sec]]
2019-01-15 14:41:11,103 :[Epoch: 1/200] [Batch: 20081/20019] [D loss: -0.552150] [G loss: 1.099977] [ElapsedTime: 295.11 [sec]]
2019-01-15 14:45:30,555 :[Epoch: 1/200] [Batch: 20181/20019] [D loss: -0.496504] [G loss: 1.652648] [ElapsedTime: 554.57 [sec]]
2019-01-15 14:49:48,925 :[Epoch: 1/200] [Batch: 20281/20019] [D loss: 0.417910] [G loss: -0.237173] [ElapsedTime: 812.94 [sec]]
2019-01-15 14:54:01,559 :[Epoch: 1/200] [Batch: 20381/20019] [D loss: -0.282449] [G loss: 2.508851] [ElapsedTime: 1065.57 [sec]]
2019-01-15 14:58:16,805 :[Epoch: 1/200] [Batch: 20481/20019] [D loss: -0.416833] [G loss: 2.264834] [ElapsedTime: 1320.82 [sec]]
2019-01-15 15:02:50,920 :[Epoch: 1/200] [Batch: 20581/20019] [D loss: -0.836507] [G loss: 1.696722] [ElapsedTime: 1594.93 [sec]]
2019-01-15 15:07:15,099 :[Epoch: 1/200] [Batch: 20681/20019] [D loss: -0.366160] [G loss: 1.177207] [ElapsedTime: 1859.11 [sec]]
2019-01-15 15:11:36,587 :[Epoch: 1/200] [Batch: 20781/20019] [D loss: -0.473367] [G loss: 2.925365] [ElapsedTime: 2120.60 [sec]]
2019-01-15 15:15:55,765 :[Epoch: 1/200] [Batch: 20881/20019] [D loss: -0.327297] [G loss: 1.523872] [ElapsedTime: 2379.78 [sec]]
2019-01-15 15:20:13,126 :[Epoch: 1/200] [Batch: 20981/20019] [D loss: -0.811573] [G loss: 1.272991] [ElapsedTime: 2637.13 [sec]]
2019-01-15 15:24:29,861 :[Epoch: 1/200] [Batch: 21081/20019] [D loss: -0.861880] [G loss: 1.101459] [ElapsedTime: 2893.87 [sec]]
2019-01-15 15:28:42,631 :[Epoch: 1/200] [Batch: 21181/20019] [D loss: -0.666684] [G loss: 2.057190] [ElapsedTime: 3146.64 [sec]]
2019-01-15 15:32:55,848 :[Epoch: 1/200] [Batch: 21281/20019] [D loss: -0.446552] [G loss: 1.727027] [ElapsedTime: 3399.86 [sec]]
2019-01-15 15:37:09,026 :[Epoch: 1/200] [Batch: 21381/20019] [D loss: -1.094216] [G loss: 2.616591] [ElapsedTime: 3653.04 [sec]]
2019-01-15 15:41:26,579 :[Epoch: 1/200] [Batch: 21481/20019] [D loss: -0.636347] [G loss: 2.466076] [ElapsedTime: 3910.59 [sec]]
2019-01-15 15:47:09,012 :[Epoch: 1/200] [Batch: 21581/20019] [D loss: 0.148137] [G loss: 3.795709] [ElapsedTime: 4253.02 [sec]]
2019-01-15 15:53:03,589 :[Epoch: 1/200] [Batch: 21681/20019] [D loss: -0.027489] [G loss: 1.962399] [ElapsedTime: 4607.60 [sec]]
2019-01-15 15:58:47,607 :[Epoch: 1/200] [Batch: 21781/20019] [D loss: -0.314799] [G loss: 1.524777] [ElapsedTime: 4951.62 [sec]]
2019-01-15 16:04:39,462 :[Epoch: 1/200] [Batch: 21881/20019] [D loss: -0.560928] [G loss: 1.650527] [ElapsedTime: 5303.47 [sec]]
2019-01-15 16:10:10,868 :[Epoch: 1/200] [Batch: 21981/20019] [D loss: -0.073653] [G loss: 1.879143] [ElapsedTime: 5634.84 [sec]]
2019-01-15 16:15:38,068 :[Epoch: 1/200] [Batch: 22081/20019] [D loss: -0.780215] [G loss: 1.530757] [ElapsedTime: 5962.08 [sec]]
2019-01-15 16:21:10,850 :[Epoch: 1/200] [Batch: 22181/20019] [D loss: -0.364708] [G loss: 1.992883] [ElapsedTime: 6294.86 [sec]]
2019-01-15 16:26:37,816 :[Epoch: 1/200] [Batch: 22281/20019] [D loss: -0.484063] [G loss: 2.251338] [ElapsedTime: 6621.82 [sec]]
2019-01-15 16:31:59,722 :[Epoch: 1/200] [Batch: 22381/20019] [D loss: -0.357727] [G loss: 1.867752] [ElapsedTime: 6943.73 [sec]]
2019-01-15 16:37:18,160 :[Epoch: 1/200] [Batch: 22481/20019] [D loss: -0.425675] [G loss: 1.974755] [ElapsedTime: 7262.16 [sec]]
2019-01-15 16:42:40,746 :[Epoch: 1/200] [Batch: 22581/20019] [D loss: -0.234747] [G loss: 1.512934] [ElapsedTime: 7584.76 [sec]]
2019-01-15 16:47:45,354 :[Epoch: 1/200] [Batch: 22681/20019] [D loss: -0.568842] [G loss: 1.670710] [ElapsedTime: 7889.37 [sec]]
2019-01-15 16:52:48,793 :[Epoch: 1/200] [Batch: 22781/20019] [D loss: -0.627856] [G loss: 1.888973] [ElapsedTime: 8192.80 [sec]]
2019-01-15 16:58:10,486 :[Epoch: 1/200] [Batch: 22881/20019] [D loss: 0.043394] [G loss: 1.724347] [ElapsedTime: 8514.50 [sec]]
2019-01-15 17:04:35,044 :[Epoch: 1/200] [Batch: 22981/20019] [D loss: -0.330627] [G loss: 1.463994] [ElapsedTime: 8898.89 [sec]]
2019-01-15 17:10:54,228 :[Epoch: 1/200] [Batch: 23081/20019] [D loss: -0.617201] [G loss: 2.013799] [ElapsedTime: 9278.24 [sec]]
2019-01-15 17:16:31,106 :[Epoch: 1/200] [Batch: 23181/20019] [D loss: -0.400839] [G loss: 1.617600] [ElapsedTime: 9615.12 [sec]]
2019-01-15 17:22:27,577 :[Epoch: 1/200] [Batch: 23281/20019] [D loss: -0.170122] [G loss: 1.261050] [ElapsedTime: 9971.54 [sec]]
2019-01-15 17:28:22,646 :[Epoch: 1/200] [Batch: 23381/20019] [D loss: -0.170003] [G loss: 2.105641] [ElapsedTime: 10326.66 [sec]]
2019-01-15 17:34:09,491 :[Epoch: 1/200] [Batch: 23481/20019] [D loss: -0.610763] [G loss: 2.819376] [ElapsedTime: 10673.36 [sec]]
2019-01-15 17:39:51,206 :[Epoch: 1/200] [Batch: 23581/20019] [D loss: -1.278014] [G loss: 2.366030] [ElapsedTime: 11015.22 [sec]]
2019-01-15 17:45:25,728 :[Epoch: 1/200] [Batch: 23681/20019] [D loss: -0.664074] [G loss: 2.822460] [ElapsedTime: 11349.74 [sec]]
2019-01-15 17:50:40,244 :[Epoch: 1/200] [Batch: 23781/20019] [D loss: -0.310442] [G loss: 1.244602] [ElapsedTime: 11664.25 [sec]]
2019-01-15 17:55:41,421 :[Epoch: 1/200] [Batch: 23881/20019] [D loss: 0.062316] [G loss: 1.471073] [ElapsedTime: 11965.43 [sec]]
2019-01-15 18:00:44,300 :[Epoch: 1/200] [Batch: 23981/20019] [D loss: -0.624053] [G loss: 2.157812] [ElapsedTime: 12268.30 [sec]]
2019-01-15 18:06:15,631 :[Epoch: 1/200] [Batch: 24081/20019] [D loss: -0.566877] [G loss: 2.040886] [ElapsedTime: 12599.64 [sec]]
2019-01-15 18:11:26,731 :[Epoch: 1/200] [Batch: 24181/20019] [D loss: -0.716273] [G loss: 2.448262] [ElapsedTime: 12910.68 [sec]]
2019-01-15 18:16:30,024 :[Epoch: 1/200] [Batch: 24281/20019] [D loss: -0.662676] [G loss: 1.185660] [ElapsedTime: 13214.04 [sec]]
2019-01-15 18:21:55,984 :[Epoch: 1/200] [Batch: 24381/20019] [D loss: -0.611732] [G loss: 2.095345] [ElapsedTime: 13539.98 [sec]]
2019-01-15 18:27:40,788 :[Epoch: 1/200] [Batch: 24481/20019] [D loss: -0.068064] [G loss: 3.982189] [ElapsedTime: 13884.80 [sec]]
2019-01-15 18:33:18,588 :[Epoch: 1/200] [Batch: 24581/20019] [D loss: -0.542428] [G loss: 2.359906] [ElapsedTime: 14222.60 [sec]]
2019-01-15 18:38:52,945 :[Epoch: 1/200] [Batch: 24681/20019] [D loss: -0.520655] [G loss: 2.320151] [ElapsedTime: 14556.96 [sec]]
2019-01-15 18:44:31,057 :[Epoch: 1/200] [Batch: 24781/20019] [D loss: -0.573324] [G loss: 2.204894] [ElapsedTime: 14895.00 [sec]]
2019-01-15 18:50:02,338 :[Epoch: 1/200] [Batch: 24881/20019] [D loss: -0.683513] [G loss: 2.221883] [ElapsedTime: 15226.35 [sec]]
2019-01-15 18:55:14,130 :[Epoch: 1/200] [Batch: 24981/20019] [D loss: -0.583742] [G loss: 2.866877] [ElapsedTime: 15538.14 [sec]]
2019-01-15 19:00:51,088 :[Epoch: 1/200] [Batch: 25081/20019] [D loss: -0.509664] [G loss: 2.484375] [ElapsedTime: 15875.09 [sec]]
2019-01-15 19:08:58,643 :[Epoch: 1/200] [Batch: 25181/20019] [D loss: -0.718585] [G loss: 3.264584] [ElapsedTime: 16362.55 [sec]]
2019-01-15 19:16:00,413 :[Epoch: 1/200] [Batch: 25281/20019] [D loss: -0.790703] [G loss: 3.035532] [ElapsedTime: 16784.42 [sec]]
2019-01-15 19:22:26,476 :[Epoch: 1/200] [Batch: 25381/20019] [D loss: -0.430366] [G loss: 1.501952] [ElapsedTime: 17170.49 [sec]]
2019-01-15 19:28:18,550 :[Epoch: 1/200] [Batch: 25481/20019] [D loss: -0.866192] [G loss: 2.809819] [ElapsedTime: 17522.53 [sec]]
2019-01-15 19:33:53,140 :[Epoch: 1/200] [Batch: 25581/20019] [D loss: -0.890380] [G loss: 2.710613] [ElapsedTime: 17857.07 [sec]]
2019-01-15 19:39:12,802 :[Epoch: 1/200] [Batch: 25681/20019] [D loss: -0.279334] [G loss: 2.039724] [ElapsedTime: 18176.81 [sec]]
2019-01-15 19:44:46,529 :[Epoch: 1/200] [Batch: 25781/20019] [D loss: -0.874594] [G loss: 3.043377] [ElapsedTime: 18510.54 [sec]]
2019-01-15 19:50:20,119 :[Epoch: 1/200] [Batch: 25881/20019] [D loss: -0.977686] [G loss: 3.154622] [ElapsedTime: 18844.13 [sec]]
2019-01-15 19:55:56,543 :[Epoch: 1/200] [Batch: 25981/20019] [D loss: 0.276682] [G loss: 4.820314] [ElapsedTime: 19180.47 [sec]]
2019-01-15 20:01:53,767 :[Epoch: 1/200] [Batch: 26081/20019] [D loss: -0.620856] [G loss: 2.546928] [ElapsedTime: 19537.78 [sec]]
2019-01-15 20:07:25,132 :[Epoch: 1/200] [Batch: 26181/20019] [D loss: -0.834720] [G loss: 2.717249] [ElapsedTime: 19869.14 [sec]]
2019-01-15 20:12:21,729 :[Epoch: 1/200] [Batch: 26281/20019] [D loss: -0.552042] [G loss: 2.569875] [ElapsedTime: 20165.74 [sec]]
2019-01-15 20:17:21,187 :[Epoch: 1/200] [Batch: 26381/20019] [D loss: -0.424855] [G loss: 3.397011] [ElapsedTime: 20465.20 [sec]]
2019-01-15 20:22:19,695 :[Epoch: 1/200] [Batch: 26481/20019] [D loss: -1.015495] [G loss: 2.477108] [ElapsedTime: 20763.70 [sec]]
2019-01-15 20:27:24,174 :[Epoch: 1/200] [Batch: 26581/20019] [D loss: -0.516269] [G loss: 3.915303] [ElapsedTime: 21068.19 [sec]]
2019-01-15 20:32:28,798 :[Epoch: 1/200] [Batch: 26681/20019] [D loss: -0.854167] [G loss: 3.660229] [ElapsedTime: 21372.81 [sec]]
2019-01-15 20:37:32,798 :[Epoch: 1/200] [Batch: 26781/20019] [D loss: -0.266596] [G loss: 3.384111] [ElapsedTime: 21676.81 [sec]]
2019-01-15 20:42:43,324 :[Epoch: 1/200] [Batch: 26881/20019] [D loss: -0.594720] [G loss: 3.353534] [ElapsedTime: 21987.34 [sec]]
2019-01-15 20:47:45,788 :[Epoch: 1/200] [Batch: 26981/20019] [D loss: -0.797721] [G loss: 2.132631] [ElapsedTime: 22289.77 [sec]]
2019-01-15 20:52:49,736 :[Epoch: 1/200] [Batch: 27081/20019] [D loss: -0.436928] [G loss: 1.939041] [ElapsedTime: 22593.75 [sec]]
2019-01-15 20:57:57,028 :[Epoch: 1/200] [Batch: 27181/20019] [D loss: -0.049330] [G loss: 5.518907] [ElapsedTime: 22901.04 [sec]]
2019-01-15 21:03:31,242 :[Epoch: 1/200] [Batch: 27281/20019] [D loss: -0.656062] [G loss: 2.933656] [ElapsedTime: 23235.25 [sec]]
2019-01-15 21:08:39,826 :[Epoch: 1/200] [Batch: 27381/20019] [D loss: -0.324593] [G loss: 3.614744] [ElapsedTime: 23543.74 [sec]]
2019-01-15 21:14:03,369 :[Epoch: 1/200] [Batch: 27481/20019] [D loss: -0.800408] [G loss: 3.788685] [ElapsedTime: 23867.38 [sec]]
2019-01-15 21:19:26,631 :[Epoch: 1/200] [Batch: 27581/20019] [D loss: -0.878752] [G loss: 3.521744] [ElapsedTime: 24190.64 [sec]]
2019-01-15 21:24:33,482 :[Epoch: 1/200] [Batch: 27681/20019] [D loss: -1.280839] [G loss: 2.903919] [ElapsedTime: 24497.49 [sec]]
2019-01-15 21:29:37,884 :[Epoch: 1/200] [Batch: 27781/20019] [D loss: -0.279820] [G loss: 5.190606] [ElapsedTime: 24801.89 [sec]]
2019-01-15 21:34:33,901 :[Epoch: 1/200] [Batch: 27881/20019] [D loss: -0.600948] [G loss: 4.603771] [ElapsedTime: 25097.91 [sec]]
2019-01-15 21:39:35,603 :[Epoch: 1/200] [Batch: 27981/20019] [D loss: -0.496087] [G loss: 3.720128] [ElapsedTime: 25399.61 [sec]]
2019-01-15 21:44:42,411 :[Epoch: 1/200] [Batch: 28081/20019] [D loss: -0.969418] [G loss: 4.139435] [ElapsedTime: 25706.42 [sec]]
2019-01-15 21:49:40,374 :[Epoch: 1/200] [Batch: 28181/20019] [D loss: -0.072161] [G loss: 3.556059] [ElapsedTime: 26004.35 [sec]]
2019-01-15 21:54:45,918 :[Epoch: 1/200] [Batch: 28281/20019] [D loss: -0.476134] [G loss: 4.661908] [ElapsedTime: 26309.93 [sec]]
2019-01-15 21:59:52,510 :[Epoch: 1/200] [Batch: 28381/20019] [D loss: -0.545867] [G loss: 4.482068] [ElapsedTime: 26616.52 [sec]]
2019-01-15 22:05:32,592 :[Epoch: 1/200] [Batch: 28481/20019] [D loss: -0.927245] [G loss: 3.582179] [ElapsedTime: 26956.60 [sec]]
2019-01-15 22:10:45,015 :[Epoch: 1/200] [Batch: 28581/20019] [D loss: -0.181538] [G loss: 3.372702] [ElapsedTime: 27268.99 [sec]]
2019-01-15 22:16:02,626 :[Epoch: 1/200] [Batch: 28681/20019] [D loss: -0.227406] [G loss: 3.086496] [ElapsedTime: 27586.64 [sec]]
2019-01-15 22:21:15,467 :[Epoch: 1/200] [Batch: 28781/20019] [D loss: -0.468756] [G loss: 3.719420] [ElapsedTime: 27899.48 [sec]]
2019-01-15 22:26:29,730 :[Epoch: 1/200] [Batch: 28881/20019] [D loss: -0.535914] [G loss: 3.905246] [ElapsedTime: 28213.74 [sec]]
2019-01-15 22:31:43,094 :[Epoch: 1/200] [Batch: 28981/20019] [D loss: -0.771896] [G loss: 4.519371] [ElapsedTime: 28527.09 [sec]]
2019-01-15 22:36:57,297 :[Epoch: 1/200] [Batch: 29081/20019] [D loss: -0.510749] [G loss: 3.212332] [ElapsedTime: 28841.31 [sec]]
2019-01-15 22:42:12,558 :[Epoch: 1/200] [Batch: 29181/20019] [D loss: -0.232316] [G loss: 4.339442] [ElapsedTime: 29156.57 [sec]]
2019-01-15 22:47:27,327 :[Epoch: 1/200] [Batch: 29281/20019] [D loss: -0.847009] [G loss: 3.641252] [ElapsedTime: 29471.34 [sec]]
2019-01-15 22:52:38,530 :[Epoch: 1/200] [Batch: 29381/20019] [D loss: -1.039649] [G loss: 4.017883] [ElapsedTime: 29782.52 [sec]]
2019-01-15 22:58:25,931 :[Epoch: 1/200] [Batch: 29481/20019] [D loss: -0.743046] [G loss: 3.268829] [ElapsedTime: 30129.94 [sec]]
2019-01-15 23:05:12,722 :[Epoch: 1/200] [Batch: 29581/20019] [D loss: -1.541602] [G loss: 4.310719] [ElapsedTime: 30536.73 [sec]]
2019-01-15 23:11:33,558 :[Epoch: 1/200] [Batch: 29681/20019] [D loss: -1.442422] [G loss: 4.892023] [ElapsedTime: 30917.57 [sec]]
2019-01-15 23:17:43,492 :[Epoch: 1/200] [Batch: 29781/20019] [D loss: -0.605864] [G loss: 4.808197] [ElapsedTime: 31287.50 [sec]]
2019-01-15 23:23:18,971 :[Epoch: 1/200] [Batch: 29881/20019] [D loss: -0.230481] [G loss: 5.052591] [ElapsedTime: 31622.97 [sec]]
2019-01-15 23:28:26,527 :[Epoch: 1/200] [Batch: 29981/20019] [D loss: 0.223200] [G loss: 4.345157] [ElapsedTime: 31930.54 [sec]]
2019-01-15 23:33:41,305 :[Epoch: 1/200] [Batch: 30081/20019] [D loss: -0.733682] [G loss: 4.167011] [ElapsedTime: 32245.33 [sec]]
2019-01-15 23:39:34,409 :[Epoch: 1/200] [Batch: 30181/20019] [D loss: -0.483459] [G loss: 5.743490] [ElapsedTime: 32598.42 [sec]]
2019-01-15 23:45:13,752 :[Epoch: 1/200] [Batch: 30281/20019] [D loss: -0.311822] [G loss: 4.822244] [ElapsedTime: 32937.75 [sec]]
2019-01-15 23:50:52,519 :[Epoch: 1/200] [Batch: 30381/20019] [D loss: -1.183114] [G loss: 6.874092] [ElapsedTime: 33276.50 [sec]]
2019-01-15 23:56:28,304 :[Epoch: 1/200] [Batch: 30481/20019] [D loss: -0.437165] [G loss: 4.881951] [ElapsedTime: 33612.32 [sec]]
2019-01-16 00:02:08,525 :[Epoch: 1/200] [Batch: 30581/20019] [D loss: -0.462444] [G loss: 5.642938] [ElapsedTime: 33952.54 [sec]]
2019-01-16 00:07:14,748 :[Epoch: 1/200] [Batch: 30681/20019] [D loss: -0.910653] [G loss: 4.768797] [ElapsedTime: 34258.69 [sec]]
2019-01-16 00:13:18,050 :[Epoch: 1/200] [Batch: 30781/20019] [D loss: 0.821451] [G loss: 3.629174] [ElapsedTime: 34622.06 [sec]]
2019-01-16 00:19:08,942 :[Epoch: 1/200] [Batch: 30881/20019] [D loss: -0.448713] [G loss: 5.085544] [ElapsedTime: 34972.94 [sec]]
2019-01-16 00:24:59,233 :[Epoch: 1/200] [Batch: 30981/20019] [D loss: 0.106453] [G loss: 5.696294] [ElapsedTime: 35323.26 [sec]]
2019-01-16 00:30:46,778 :[Epoch: 1/200] [Batch: 31081/20019] [D loss: 0.272706] [G loss: 5.199317] [ElapsedTime: 35670.79 [sec]]
2019-01-16 00:36:14,377 :[Epoch: 1/200] [Batch: 31181/20019] [D loss: -0.122139] [G loss: 4.522335] [ElapsedTime: 35998.39 [sec]]
2019-01-16 00:41:16,913 :[Epoch: 1/200] [Batch: 31281/20019] [D loss: -0.198136] [G loss: 4.380877] [ElapsedTime: 36300.88 [sec]]
2019-01-16 00:46:21,696 :[Epoch: 1/200] [Batch: 31381/20019] [D loss: -0.021534] [G loss: 4.242925] [ElapsedTime: 36605.71 [sec]]
2019-01-16 00:51:24,923 :[Epoch: 1/200] [Batch: 31481/20019] [D loss: -0.166986] [G loss: 4.021106] [ElapsedTime: 36908.93 [sec]]
2019-01-16 00:56:26,796 :[Epoch: 1/200] [Batch: 31581/20019] [D loss: 0.047822] [G loss: 4.573288] [ElapsedTime: 37210.74 [sec]]
2019-01-16 01:01:51,124 :[Epoch: 1/200] [Batch: 31681/20019] [D loss: 0.086806] [G loss: 3.920526] [ElapsedTime: 37535.13 [sec]]
2019-01-16 01:07:05,880 :[Epoch: 1/200] [Batch: 31781/20019] [D loss: 0.095573] [G loss: 4.885551] [ElapsedTime: 37849.89 [sec]]
2019-01-16 01:12:22,255 :[Epoch: 1/200] [Batch: 31881/20019] [D loss: -0.136351] [G loss: 5.097562] [ElapsedTime: 38166.27 [sec]]
2019-01-16 01:17:29,597 :[Epoch: 1/200] [Batch: 31981/20019] [D loss: -0.019297] [G loss: 3.847044] [ElapsedTime: 38473.61 [sec]]
2019-01-16 01:22:34,673 :[Epoch: 1/200] [Batch: 32081/20019] [D loss: -0.560939] [G loss: 3.702359] [ElapsedTime: 38778.64 [sec]]
2019-01-16 01:27:31,356 :[Epoch: 1/200] [Batch: 32181/20019] [D loss: -0.050056] [G loss: 4.465667] [ElapsedTime: 39075.37 [sec]]
