2019-01-17 19:03:49,488 :resume: loaded models
2019-01-17 19:03:49,489 :generator_model_0001
2019-01-17 19:03:49,489 :discriminator_model_0001
2019-01-17 19:03:54,442 :[Epoch: 2/200] [Batch: 5562/20019] [D loss: -0.826337] [G loss: 6.534722] [ElapsedTime: 5.39 [sec]]
2019-01-17 19:08:19,074 :[Epoch: 2/200] [Batch: 5662/20019] [D loss: -0.798972] [G loss: 7.430272] [ElapsedTime: 270.07 [sec]]
2019-01-17 19:12:50,511 :[Epoch: 2/200] [Batch: 5762/20019] [D loss: -0.467734] [G loss: 6.573309] [ElapsedTime: 541.51 [sec]]
2019-01-17 19:17:21,423 :[Epoch: 2/200] [Batch: 5862/20019] [D loss: -0.335946] [G loss: 6.039420] [ElapsedTime: 812.42 [sec]]
2019-01-17 19:21:54,701 :[Epoch: 2/200] [Batch: 5962/20019] [D loss: -0.725570] [G loss: 6.919668] [ElapsedTime: 1085.70 [sec]]
2019-01-17 19:22:15,872 :[Epoch: 2/200] [Iteration: 46000] [Inception Score: 6.25] [Max Score Ever: 6.25]
2019-01-17 19:26:48,704 :[Epoch: 2/200] [Batch: 6062/20019] [D loss: -0.381289] [G loss: 7.001438] [ElapsedTime: 1379.70 [sec]]
2019-01-17 19:31:17,872 :[Epoch: 2/200] [Batch: 6162/20019] [D loss: -0.610367] [G loss: 6.607985] [ElapsedTime: 1648.87 [sec]]
2019-01-17 19:35:41,066 :[Epoch: 2/200] [Batch: 6262/20019] [D loss: -0.771851] [G loss: 6.615680] [ElapsedTime: 1912.06 [sec]]
2019-01-17 19:40:04,463 :[Epoch: 2/200] [Batch: 6362/20019] [D loss: -0.381899] [G loss: 6.639999] [ElapsedTime: 2175.46 [sec]]
2019-01-17 19:44:26,625 :[Epoch: 2/200] [Batch: 6462/20019] [D loss: -0.565709] [G loss: 7.192419] [ElapsedTime: 2437.62 [sec]]
2019-01-17 19:48:46,543 :[Epoch: 2/200] [Batch: 6562/20019] [D loss: -0.492527] [G loss: 6.782308] [ElapsedTime: 2697.50 [sec]]
2019-01-17 19:53:04,969 :[Epoch: 2/200] [Batch: 6662/20019] [D loss: -0.599805] [G loss: 7.188573] [ElapsedTime: 2955.97 [sec]]
2019-01-17 19:57:19,380 :[Epoch: 2/200] [Batch: 6762/20019] [D loss: -0.721149] [G loss: 7.649431] [ElapsedTime: 3210.38 [sec]]
2019-01-17 20:01:45,971 :[Epoch: 2/200] [Batch: 6862/20019] [D loss: -0.819095] [G loss: 6.673427] [ElapsedTime: 3476.97 [sec]]
2019-01-17 20:06:09,758 :[Epoch: 2/200] [Batch: 6962/20019] [D loss: -0.684161] [G loss: 7.489357] [ElapsedTime: 3740.75 [sec]]
2019-01-17 20:06:29,666 :[Epoch: 2/200] [Iteration: 47000] [Inception Score: 5.56] [Max Score Ever: 6.25]
2019-01-17 20:11:59,950 :[Epoch: 2/200] [Batch: 7062/20019] [D loss: -0.303785] [G loss: 6.600529] [ElapsedTime: 4090.90 [sec]]
2019-01-17 20:17:56,544 :[Epoch: 2/200] [Batch: 7162/20019] [D loss: -1.390483] [G loss: 6.234611] [ElapsedTime: 4447.54 [sec]]
2019-01-17 20:23:44,107 :[Epoch: 2/200] [Batch: 7262/20019] [D loss: -0.170757] [G loss: 6.867292] [ElapsedTime: 4795.10 [sec]]
2019-01-17 20:29:20,305 :[Epoch: 2/200] [Batch: 7362/20019] [D loss: -1.173449] [G loss: 6.982263] [ElapsedTime: 5131.30 [sec]]
2019-01-17 20:34:45,190 :[Epoch: 2/200] [Batch: 7462/20019] [D loss: -0.578529] [G loss: 6.270015] [ElapsedTime: 5456.19 [sec]]
2019-01-17 20:40:11,112 :[Epoch: 2/200] [Batch: 7562/20019] [D loss: -0.936307] [G loss: 7.011082] [ElapsedTime: 5782.06 [sec]]
2019-01-17 20:45:30,249 :[Epoch: 2/200] [Batch: 7662/20019] [D loss: -0.750045] [G loss: 7.570532] [ElapsedTime: 6101.25 [sec]]
2019-01-17 20:50:42,274 :[Epoch: 2/200] [Batch: 7762/20019] [D loss: -0.441476] [G loss: 7.472153] [ElapsedTime: 6413.27 [sec]]
2019-01-17 20:55:40,058 :[Epoch: 2/200] [Batch: 7862/20019] [D loss: -0.988059] [G loss: 6.740278] [ElapsedTime: 6711.05 [sec]]
2019-01-17 21:00:26,148 :[Epoch: 2/200] [Batch: 7962/20019] [D loss: -0.904705] [G loss: 7.414215] [ElapsedTime: 6997.13 [sec]]
2019-01-17 21:00:37,057 :[Epoch: 2/200] [Iteration: 48000] [Inception Score: 5.68] [Max Score Ever: 6.25]
2019-01-17 21:06:22,819 :[Epoch: 2/200] [Batch: 8062/20019] [D loss: -0.473834] [G loss: 7.182746] [ElapsedTime: 7353.81 [sec]]
2019-01-17 21:12:06,701 :[Epoch: 2/200] [Batch: 8162/20019] [D loss: -1.109969] [G loss: 6.844661] [ElapsedTime: 7697.70 [sec]]
2019-01-17 21:17:39,369 :[Epoch: 2/200] [Batch: 8262/20019] [D loss: -0.542733] [G loss: 6.573633] [ElapsedTime: 8030.37 [sec]]
2019-01-17 21:23:06,759 :[Epoch: 2/200] [Batch: 8362/20019] [D loss: -0.518229] [G loss: 7.132317] [ElapsedTime: 8357.74 [sec]]
2019-01-17 21:28:21,274 :[Epoch: 2/200] [Batch: 8462/20019] [D loss: -1.043000] [G loss: 7.753748] [ElapsedTime: 8672.27 [sec]]
2019-01-17 21:33:42,742 :[Epoch: 2/200] [Batch: 8562/20019] [D loss: -1.193361] [G loss: 6.919720] [ElapsedTime: 8993.74 [sec]]
2019-01-17 21:39:04,171 :[Epoch: 2/200] [Batch: 8662/20019] [D loss: -0.620334] [G loss: 7.625982] [ElapsedTime: 9315.17 [sec]]
2019-01-17 21:44:22,017 :[Epoch: 2/200] [Batch: 8762/20019] [D loss: -0.248236] [G loss: 7.496291] [ElapsedTime: 9633.00 [sec]]
2019-01-17 21:49:33,324 :[Epoch: 2/200] [Batch: 8862/20019] [D loss: -0.273558] [G loss: 6.089853] [ElapsedTime: 9944.32 [sec]]
2019-01-17 21:54:44,420 :[Epoch: 2/200] [Batch: 8962/20019] [D loss: -0.973119] [G loss: 6.643140] [ElapsedTime: 10255.42 [sec]]
2019-01-17 21:55:07,508 :[Epoch: 2/200] [Iteration: 49000] [Inception Score: 5.55] [Max Score Ever: 6.25]
2019-01-17 22:00:14,737 :[Epoch: 2/200] [Batch: 9062/20019] [D loss: -0.952399] [G loss: 6.334527] [ElapsedTime: 10585.71 [sec]]
2019-01-17 22:06:23,370 :[Epoch: 2/200] [Batch: 9162/20019] [D loss: -0.200011] [G loss: 6.713696] [ElapsedTime: 10954.37 [sec]]
2019-01-17 22:11:30,678 :[Epoch: 2/200] [Batch: 9262/20019] [D loss: -0.569775] [G loss: 6.536671] [ElapsedTime: 11261.67 [sec]]
2019-01-17 22:16:35,356 :[Epoch: 2/200] [Batch: 9362/20019] [D loss: -0.474917] [G loss: 5.988253] [ElapsedTime: 11566.29 [sec]]
2019-01-17 22:21:34,393 :[Epoch: 2/200] [Batch: 9462/20019] [D loss: -0.557254] [G loss: 7.600283] [ElapsedTime: 11865.39 [sec]]
2019-01-17 22:26:50,838 :[Epoch: 2/200] [Batch: 9562/20019] [D loss: -0.983796] [G loss: 7.689338] [ElapsedTime: 12181.83 [sec]]
2019-01-17 22:32:00,664 :[Epoch: 2/200] [Batch: 9662/20019] [D loss: -1.348016] [G loss: 6.578109] [ElapsedTime: 12491.64 [sec]]
2019-01-17 22:37:09,019 :[Epoch: 2/200] [Batch: 9762/20019] [D loss: -0.454505] [G loss: 6.587970] [ElapsedTime: 12800.01 [sec]]
2019-01-17 22:42:14,511 :[Epoch: 2/200] [Batch: 9862/20019] [D loss: -0.473522] [G loss: 6.775101] [ElapsedTime: 13105.51 [sec]]
2019-01-17 22:47:22,573 :[Epoch: 2/200] [Batch: 9962/20019] [D loss: -0.675317] [G loss: 6.776666] [ElapsedTime: 13413.50 [sec]]
2019-01-17 22:47:42,859 :[Epoch: 2/200] [Iteration: 50000] [Inception Score: 5.75] [Max Score Ever: 6.25]
2019-01-17 22:52:48,889 :[Epoch: 2/200] [Batch: 10062/20019] [D loss: -0.779991] [G loss: 7.597322] [ElapsedTime: 13739.88 [sec]]
2019-01-17 22:57:54,924 :[Epoch: 2/200] [Batch: 10162/20019] [D loss: -1.178674] [G loss: 6.132685] [ElapsedTime: 14045.92 [sec]]
2019-01-17 23:03:51,165 :[Epoch: 2/200] [Batch: 10262/20019] [D loss: -0.992508] [G loss: 7.921911] [ElapsedTime: 14402.06 [sec]]
2019-01-17 23:09:27,987 :[Epoch: 2/200] [Batch: 10362/20019] [D loss: -0.803623] [G loss: 7.220484] [ElapsedTime: 14738.98 [sec]]
2019-01-17 23:15:05,327 :[Epoch: 2/200] [Batch: 10462/20019] [D loss: -0.705259] [G loss: 7.237418] [ElapsedTime: 15076.32 [sec]]
2019-01-17 23:20:51,016 :[Epoch: 2/200] [Batch: 10562/20019] [D loss: -1.442496] [G loss: 7.590479] [ElapsedTime: 15421.98 [sec]]
2019-01-17 23:26:24,651 :[Epoch: 2/200] [Batch: 10662/20019] [D loss: -0.581338] [G loss: 7.031098] [ElapsedTime: 15755.65 [sec]]
2019-01-17 23:31:32,470 :[Epoch: 2/200] [Batch: 10762/20019] [D loss: -1.024551] [G loss: 7.179930] [ElapsedTime: 16063.47 [sec]]
2019-01-17 23:36:42,472 :[Epoch: 2/200] [Batch: 10862/20019] [D loss: -0.569227] [G loss: 6.613877] [ElapsedTime: 16373.41 [sec]]
2019-01-17 23:41:50,888 :[Epoch: 2/200] [Batch: 10962/20019] [D loss: -0.220681] [G loss: 6.387535] [ElapsedTime: 16681.88 [sec]]
2019-01-17 23:42:14,366 :[Epoch: 2/200] [Iteration: 51000] [Inception Score: 5.42] [Max Score Ever: 6.25]
2019-01-17 23:47:34,038 :[Epoch: 2/200] [Batch: 11062/20019] [D loss: -0.531294] [G loss: 6.630050] [ElapsedTime: 17024.97 [sec]]
2019-01-17 23:53:11,711 :[Epoch: 2/200] [Batch: 11162/20019] [D loss: -0.512936] [G loss: 6.793895] [ElapsedTime: 17362.61 [sec]]
2019-01-17 23:58:51,547 :[Epoch: 2/200] [Batch: 11262/20019] [D loss: -0.647529] [G loss: 6.942448] [ElapsedTime: 17702.54 [sec]]
2019-01-18 00:05:33,643 :[Epoch: 2/200] [Batch: 11362/20019] [D loss: -0.736143] [G loss: 7.409420] [ElapsedTime: 18104.61 [sec]]
2019-01-18 00:11:33,679 :[Epoch: 2/200] [Batch: 11462/20019] [D loss: -0.405082] [G loss: 6.904583] [ElapsedTime: 18464.67 [sec]]
2019-01-18 00:17:35,610 :[Epoch: 2/200] [Batch: 11562/20019] [D loss: -0.812980] [G loss: 6.690400] [ElapsedTime: 18826.61 [sec]]
2019-01-18 00:23:32,226 :[Epoch: 2/200] [Batch: 11662/20019] [D loss: -0.715243] [G loss: 8.667211] [ElapsedTime: 19183.22 [sec]]
2019-01-18 00:29:17,778 :[Epoch: 2/200] [Batch: 11762/20019] [D loss: -1.117686] [G loss: 8.252644] [ElapsedTime: 19528.76 [sec]]
2019-01-18 00:35:08,099 :[Epoch: 2/200] [Batch: 11862/20019] [D loss: -1.005230] [G loss: 6.089826] [ElapsedTime: 19879.10 [sec]]
2019-01-18 00:40:57,611 :[Epoch: 2/200] [Batch: 11962/20019] [D loss: -0.581293] [G loss: 6.630003] [ElapsedTime: 20228.61 [sec]]
2019-01-18 00:41:23,217 :[Epoch: 2/200] [Iteration: 52000] [Inception Score: 5.60] [Max Score Ever: 6.25]
2019-01-18 00:47:01,371 :[Epoch: 2/200] [Batch: 12062/20019] [D loss: -0.322072] [G loss: 6.265977] [ElapsedTime: 20592.34 [sec]]
2019-01-18 00:52:35,248 :[Epoch: 2/200] [Batch: 12162/20019] [D loss: -0.754662] [G loss: 5.823186] [ElapsedTime: 20926.24 [sec]]
2019-01-18 00:57:58,306 :[Epoch: 2/200] [Batch: 12262/20019] [D loss: -0.790209] [G loss: 8.580401] [ElapsedTime: 21249.20 [sec]]
2019-01-18 01:04:07,308 :[Epoch: 2/200] [Batch: 12362/20019] [D loss: -0.732095] [G loss: 6.363042] [ElapsedTime: 21618.30 [sec]]
2019-01-18 01:09:47,162 :[Epoch: 2/200] [Batch: 12462/20019] [D loss: -0.439860] [G loss: 6.706803] [ElapsedTime: 21958.16 [sec]]
2019-01-18 01:15:17,795 :[Epoch: 2/200] [Batch: 12562/20019] [D loss: -0.495121] [G loss: 5.961825] [ElapsedTime: 22288.78 [sec]]
2019-01-18 01:20:52,722 :[Epoch: 2/200] [Batch: 12662/20019] [D loss: -1.010175] [G loss: 6.988450] [ElapsedTime: 22623.70 [sec]]
2019-01-18 01:26:12,619 :[Epoch: 2/200] [Batch: 12762/20019] [D loss: -0.626655] [G loss: 6.483914] [ElapsedTime: 22943.61 [sec]]
2019-01-18 01:31:43,745 :[Epoch: 2/200] [Batch: 12862/20019] [D loss: -1.061812] [G loss: 6.617123] [ElapsedTime: 23274.74 [sec]]
2019-01-18 01:37:15,268 :[Epoch: 2/200] [Batch: 12962/20019] [D loss: -0.634716] [G loss: 6.315277] [ElapsedTime: 23606.24 [sec]]
2019-01-18 01:37:40,295 :[Epoch: 2/200] [Iteration: 53000] [Inception Score: 5.50] [Max Score Ever: 6.25]
2019-01-18 01:43:17,649 :[Epoch: 2/200] [Batch: 13062/20019] [D loss: -1.205786] [G loss: 6.785631] [ElapsedTime: 23968.65 [sec]]
2019-01-18 01:48:38,153 :[Epoch: 2/200] [Batch: 13162/20019] [D loss: -0.756019] [G loss: 7.505210] [ElapsedTime: 24289.15 [sec]]
2019-01-18 01:53:58,739 :[Epoch: 2/200] [Batch: 13262/20019] [D loss: -0.798786] [G loss: 6.547032] [ElapsedTime: 24609.57 [sec]]
2019-01-18 01:59:18,565 :[Epoch: 2/200] [Batch: 13362/20019] [D loss: -0.753356] [G loss: 7.183214] [ElapsedTime: 24929.56 [sec]]
2019-01-18 02:05:13,101 :[Epoch: 2/200] [Batch: 13462/20019] [D loss: -0.224207] [G loss: 7.335976] [ElapsedTime: 25284.10 [sec]]
2019-01-18 02:10:40,648 :[Epoch: 2/200] [Batch: 13562/20019] [D loss: -0.358317] [G loss: 7.470504] [ElapsedTime: 25611.62 [sec]]
2019-01-18 02:16:15,117 :[Epoch: 2/200] [Batch: 13662/20019] [D loss: -1.188212] [G loss: 6.330172] [ElapsedTime: 25946.11 [sec]]
2019-01-18 02:21:57,002 :[Epoch: 2/200] [Batch: 13762/20019] [D loss: -0.654621] [G loss: 7.127342] [ElapsedTime: 26288.00 [sec]]
2019-01-18 02:27:17,274 :[Epoch: 2/200] [Batch: 13862/20019] [D loss: -0.183888] [G loss: 7.333750] [ElapsedTime: 26608.23 [sec]]
2019-01-18 02:32:37,297 :[Epoch: 2/200] [Batch: 13962/20019] [D loss: -0.549041] [G loss: 6.552123] [ElapsedTime: 26928.29 [sec]]
2019-01-18 02:33:00,445 :[Epoch: 2/200] [Iteration: 54000] [Inception Score: 5.57] [Max Score Ever: 6.25]
2019-01-18 02:38:12,245 :[Epoch: 2/200] [Batch: 14062/20019] [D loss: -0.187597] [G loss: 7.102414] [ElapsedTime: 27263.24 [sec]]
2019-01-18 02:43:34,429 :[Epoch: 2/200] [Batch: 14162/20019] [D loss: -1.021695] [G loss: 7.299750] [ElapsedTime: 27585.14 [sec]]
2019-01-18 02:48:54,991 :[Epoch: 2/200] [Batch: 14262/20019] [D loss: -0.740861] [G loss: 6.235569] [ElapsedTime: 27905.99 [sec]]
2019-01-18 02:54:01,240 :[Epoch: 2/200] [Batch: 14362/20019] [D loss: -1.023706] [G loss: 6.502216] [ElapsedTime: 28212.24 [sec]]
2019-01-18 02:59:02,485 :[Epoch: 2/200] [Batch: 14462/20019] [D loss: -1.243974] [G loss: 8.454412] [ElapsedTime: 28513.46 [sec]]
2019-01-18 03:05:10,963 :[Epoch: 2/200] [Batch: 14562/20019] [D loss: -0.574738] [G loss: 7.478580] [ElapsedTime: 28881.96 [sec]]
2019-01-18 03:11:14,491 :[Epoch: 2/200] [Batch: 14662/20019] [D loss: -0.472379] [G loss: 7.312085] [ElapsedTime: 29245.49 [sec]]
2019-01-18 03:17:10,893 :[Epoch: 2/200] [Batch: 14762/20019] [D loss: -0.242561] [G loss: 7.335845] [ElapsedTime: 29601.74 [sec]]
2019-01-18 03:22:55,476 :[Epoch: 2/200] [Batch: 14862/20019] [D loss: 0.154397] [G loss: 6.918026] [ElapsedTime: 29946.47 [sec]]
2019-01-18 03:28:29,869 :[Epoch: 2/200] [Batch: 14962/20019] [D loss: -1.260363] [G loss: 8.247650] [ElapsedTime: 30280.87 [sec]]
2019-01-18 03:28:55,833 :[Epoch: 2/200] [Iteration: 55000] [Inception Score: 6.43] [Max Score Ever: 6.43]
2019-01-18 03:34:42,777 :[Epoch: 2/200] [Batch: 15062/20019] [D loss: -0.001894] [G loss: 7.325576] [ElapsedTime: 30653.60 [sec]]
2019-01-18 03:40:05,903 :[Epoch: 2/200] [Batch: 15162/20019] [D loss: 0.047273] [G loss: 6.135279] [ElapsedTime: 30976.90 [sec]]
2019-01-18 03:45:22,018 :[Epoch: 2/200] [Batch: 15262/20019] [D loss: -0.654868] [G loss: 6.224831] [ElapsedTime: 31293.01 [sec]]
2019-01-18 03:50:38,987 :[Epoch: 2/200] [Batch: 15362/20019] [D loss: -0.712828] [G loss: 6.411653] [ElapsedTime: 31609.89 [sec]]
2019-01-18 03:56:01,976 :[Epoch: 2/200] [Batch: 15462/20019] [D loss: -0.788449] [G loss: 6.971176] [ElapsedTime: 31932.97 [sec]]
2019-01-18 04:01:32,077 :[Epoch: 2/200] [Batch: 15562/20019] [D loss: -0.519359] [G loss: 6.730971] [ElapsedTime: 32263.07 [sec]]
2019-01-18 04:07:38,224 :[Epoch: 2/200] [Batch: 15662/20019] [D loss: -0.633313] [G loss: 6.407373] [ElapsedTime: 32629.22 [sec]]
2019-01-18 04:13:16,835 :[Epoch: 2/200] [Batch: 15762/20019] [D loss: -0.600827] [G loss: 6.745872] [ElapsedTime: 32967.82 [sec]]
2019-01-18 04:18:52,390 :[Epoch: 2/200] [Batch: 15862/20019] [D loss: -0.647640] [G loss: 6.533632] [ElapsedTime: 33303.39 [sec]]
2019-01-18 04:24:33,023 :[Epoch: 2/200] [Batch: 15962/20019] [D loss: -0.509271] [G loss: 6.617714] [ElapsedTime: 33643.98 [sec]]
2019-01-18 04:24:58,528 :[Epoch: 2/200] [Iteration: 56000] [Inception Score: 6.25] [Max Score Ever: 6.43]
2019-01-18 04:30:23,692 :[Epoch: 2/200] [Batch: 16062/20019] [D loss: -0.257402] [G loss: 6.777318] [ElapsedTime: 33994.69 [sec]]
2019-01-18 04:35:57,667 :[Epoch: 2/200] [Batch: 16162/20019] [D loss: -0.673956] [G loss: 7.268822] [ElapsedTime: 34328.66 [sec]]
2019-01-18 04:41:32,217 :[Epoch: 2/200] [Batch: 16262/20019] [D loss: -0.094270] [G loss: 8.162004] [ElapsedTime: 34663.21 [sec]]
2019-01-18 04:47:00,581 :[Epoch: 2/200] [Batch: 16362/20019] [D loss: -0.925823] [G loss: 7.074787] [ElapsedTime: 34991.58 [sec]]
2019-01-18 04:52:33,461 :[Epoch: 2/200] [Batch: 16462/20019] [D loss: -0.533951] [G loss: 6.872615] [ElapsedTime: 35324.42 [sec]]
2019-01-18 04:57:57,162 :[Epoch: 2/200] [Batch: 16562/20019] [D loss: -0.490470] [G loss: 6.477158] [ElapsedTime: 35648.16 [sec]]
2019-01-18 05:04:22,258 :[Epoch: 2/200] [Batch: 16662/20019] [D loss: -0.986771] [G loss: 7.048228] [ElapsedTime: 36033.25 [sec]]
2019-01-18 05:10:10,796 :[Epoch: 2/200] [Batch: 16762/20019] [D loss: -0.903915] [G loss: 7.732702] [ElapsedTime: 36381.79 [sec]]
2019-01-18 05:15:48,215 :[Epoch: 2/200] [Batch: 16862/20019] [D loss: -1.175140] [G loss: 7.882080] [ElapsedTime: 36719.21 [sec]]
2019-01-18 05:21:30,212 :[Epoch: 2/200] [Batch: 16962/20019] [D loss: -0.334926] [G loss: 6.454427] [ElapsedTime: 37061.21 [sec]]
2019-01-18 05:21:59,125 :[Epoch: 2/200] [Iteration: 57000] [Inception Score: 5.47] [Max Score Ever: 6.43]
2019-01-18 05:27:37,641 :[Epoch: 2/200] [Batch: 17062/20019] [D loss: -0.767984] [G loss: 7.294549] [ElapsedTime: 37428.60 [sec]]
2019-01-18 05:33:31,494 :[Epoch: 2/200] [Batch: 17162/20019] [D loss: -0.703824] [G loss: 6.419564] [ElapsedTime: 37782.49 [sec]]
2019-01-18 05:38:59,402 :[Epoch: 2/200] [Batch: 17262/20019] [D loss: -0.467707] [G loss: 7.312087] [ElapsedTime: 38110.40 [sec]]
2019-01-18 05:44:18,968 :[Epoch: 2/200] [Batch: 17362/20019] [D loss: -0.304214] [G loss: 8.380063] [ElapsedTime: 38429.96 [sec]]
2019-01-18 05:49:38,026 :[Epoch: 2/200] [Batch: 17462/20019] [D loss: -0.976220] [G loss: 8.383782] [ElapsedTime: 38749.02 [sec]]
2019-01-18 05:54:47,393 :[Epoch: 2/200] [Batch: 17562/20019] [D loss: -0.555834] [G loss: 7.232201] [ElapsedTime: 39058.39 [sec]]
2019-01-18 05:59:58,567 :[Epoch: 2/200] [Batch: 17662/20019] [D loss: -0.483917] [G loss: 7.527447] [ElapsedTime: 39369.57 [sec]]
2019-01-18 06:05:56,576 :[Epoch: 2/200] [Batch: 17762/20019] [D loss: -0.700579] [G loss: 6.989473] [ElapsedTime: 39727.51 [sec]]
2019-01-18 06:11:08,366 :[Epoch: 2/200] [Batch: 17862/20019] [D loss: -0.952345] [G loss: 7.491486] [ElapsedTime: 40039.36 [sec]]
2019-01-18 06:16:42,016 :[Epoch: 2/200] [Batch: 17962/20019] [D loss: -0.495827] [G loss: 7.341519] [ElapsedTime: 40373.01 [sec]]
2019-01-18 06:17:09,927 :[Epoch: 2/200] [Iteration: 58000] [Inception Score: 6.29] [Max Score Ever: 6.43]
2019-01-18 06:22:52,868 :[Epoch: 2/200] [Batch: 18062/20019] [D loss: -0.856527] [G loss: 6.158501] [ElapsedTime: 40743.80 [sec]]
2019-01-18 06:28:28,347 :[Epoch: 2/200] [Batch: 18162/20019] [D loss: -0.953480] [G loss: 7.602559] [ElapsedTime: 41079.34 [sec]]
2019-01-18 06:34:02,302 :[Epoch: 2/200] [Batch: 18262/20019] [D loss: -1.507846] [G loss: 6.523960] [ElapsedTime: 41413.30 [sec]]
2019-01-18 06:39:24,898 :[Epoch: 2/200] [Batch: 18362/20019] [D loss: -0.638229] [G loss: 7.253937] [ElapsedTime: 41735.86 [sec]]
2019-01-18 06:44:51,108 :[Epoch: 2/200] [Batch: 18462/20019] [D loss: -1.631165] [G loss: 6.938224] [ElapsedTime: 42062.10 [sec]]
2019-01-18 06:50:17,100 :[Epoch: 2/200] [Batch: 18562/20019] [D loss: 0.329865] [G loss: 7.384063] [ElapsedTime: 42388.10 [sec]]
2019-01-18 06:55:27,672 :[Epoch: 2/200] [Batch: 18662/20019] [D loss: -0.174893] [G loss: 5.928160] [ElapsedTime: 42698.54 [sec]]
2019-01-18 07:00:44,182 :[Epoch: 2/200] [Batch: 18762/20019] [D loss: 0.155595] [G loss: 5.629580] [ElapsedTime: 43015.18 [sec]]
2019-01-18 07:07:35,733 :[Epoch: 2/200] [Batch: 18862/20019] [D loss: -0.136045] [G loss: 5.507188] [ElapsedTime: 43426.73 [sec]]
2019-01-18 07:13:36,562 :[Epoch: 2/200] [Batch: 18962/20019] [D loss: -0.801025] [G loss: 5.328250] [ElapsedTime: 43787.54 [sec]]
2019-01-18 07:14:04,245 :[Epoch: 2/200] [Iteration: 59000] [Inception Score: 5.33] [Max Score Ever: 6.43]
2019-01-18 07:19:55,429 :[Epoch: 2/200] [Batch: 19062/20019] [D loss: -0.299257] [G loss: 4.781506] [ElapsedTime: 44166.42 [sec]]
2019-01-18 07:25:39,963 :[Epoch: 2/200] [Batch: 19162/20019] [D loss: -0.307742] [G loss: 5.572232] [ElapsedTime: 44510.96 [sec]]
2019-01-18 07:31:20,191 :[Epoch: 2/200] [Batch: 19262/20019] [D loss: -0.620655] [G loss: 4.985722] [ElapsedTime: 44851.19 [sec]]
2019-01-18 07:36:47,524 :[Epoch: 2/200] [Batch: 19362/20019] [D loss: -0.335363] [G loss: 5.348813] [ElapsedTime: 45178.50 [sec]]
2019-01-18 07:42:07,326 :[Epoch: 2/200] [Batch: 19462/20019] [D loss: -0.572567] [G loss: 5.916521] [ElapsedTime: 45498.32 [sec]]
2019-01-18 07:47:25,925 :[Epoch: 2/200] [Batch: 19562/20019] [D loss: -0.572794] [G loss: 5.338068] [ElapsedTime: 45816.92 [sec]]
2019-01-18 07:52:53,638 :[Epoch: 2/200] [Batch: 19662/20019] [D loss: -0.566219] [G loss: 5.893868] [ElapsedTime: 46144.63 [sec]]
2019-01-18 07:58:26,166 :[Epoch: 2/200] [Batch: 19762/20019] [D loss: -0.522640] [G loss: 5.881973] [ElapsedTime: 46477.16 [sec]]
2019-01-18 08:04:56,728 :[Epoch: 2/200] [Batch: 19862/20019] [D loss: -0.787610] [G loss: 5.055853] [ElapsedTime: 46867.72 [sec]]
2019-01-18 08:10:40,672 :[Epoch: 2/200] [Batch: 19962/20019] [D loss: -0.570913] [G loss: 5.803644] [ElapsedTime: 47211.65 [sec]]
2019-01-18 08:11:06,650 :[Epoch: 2/200] [Iteration: 60000] [Inception Score: 5.59] [Max Score Ever: 6.43]
2019-01-18 08:16:49,606 :[Epoch: 2/200] [Batch: 20062/20019] [D loss: -0.274947] [G loss: 6.491912] [ElapsedTime: 47580.60 [sec]]
2019-01-18 08:22:17,159 :[Epoch: 2/200] [Batch: 20162/20019] [D loss: -0.281418] [G loss: 6.018930] [ElapsedTime: 47908.16 [sec]]
2019-01-18 08:27:26,343 :[Epoch: 2/200] [Batch: 20262/20019] [D loss: -0.454952] [G loss: 6.445086] [ElapsedTime: 48217.34 [sec]]
2019-01-18 08:32:33,042 :[Epoch: 2/200] [Batch: 20362/20019] [D loss: -0.946168] [G loss: 6.396550] [ElapsedTime: 48524.04 [sec]]
2019-01-18 08:37:59,362 :[Epoch: 2/200] [Batch: 20462/20019] [D loss: -0.272489] [G loss: 6.398341] [ElapsedTime: 48850.36 [sec]]
2019-01-18 08:43:28,310 :[Epoch: 2/200] [Batch: 20562/20019] [D loss: -0.520143] [G loss: 6.897646] [ElapsedTime: 49179.28 [sec]]
2019-01-18 08:48:58,264 :[Epoch: 2/200] [Batch: 20662/20019] [D loss: -0.681137] [G loss: 7.150378] [ElapsedTime: 49509.26 [sec]]
2019-01-18 08:54:26,863 :[Epoch: 2/200] [Batch: 20762/20019] [D loss: -0.789561] [G loss: 7.656584] [ElapsedTime: 49837.77 [sec]]
2019-01-18 09:00:02,977 :[Epoch: 2/200] [Batch: 20862/20019] [D loss: -0.471383] [G loss: 6.706559] [ElapsedTime: 50173.97 [sec]]
2019-01-18 09:06:44,594 :[Epoch: 2/200] [Batch: 20962/20019] [D loss: -0.855703] [G loss: 6.831221] [ElapsedTime: 50575.59 [sec]]
2019-01-18 09:07:10,510 :[Epoch: 2/200] [Iteration: 61000] [Inception Score: 5.90] [Max Score Ever: 6.43]
2019-01-18 09:12:48,961 :[Epoch: 2/200] [Batch: 21062/20019] [D loss: -0.374396] [G loss: 7.005658] [ElapsedTime: 50939.93 [sec]]
2019-01-18 09:18:20,370 :[Epoch: 2/200] [Batch: 21162/20019] [D loss: 0.129473] [G loss: 7.163509] [ElapsedTime: 51271.37 [sec]]
2019-01-18 09:23:58,790 :[Epoch: 2/200] [Batch: 21262/20019] [D loss: -0.543720] [G loss: 6.714933] [ElapsedTime: 51609.77 [sec]]
2019-01-18 09:29:38,116 :[Epoch: 2/200] [Batch: 21362/20019] [D loss: -0.178321] [G loss: 6.560325] [ElapsedTime: 51949.08 [sec]]
2019-01-18 09:35:21,699 :[Epoch: 2/200] [Batch: 21462/20019] [D loss: -0.946860] [G loss: 7.480804] [ElapsedTime: 52292.70 [sec]]
2019-01-18 09:40:52,046 :[Epoch: 2/200] [Batch: 21562/20019] [D loss: -0.697792] [G loss: 6.755953] [ElapsedTime: 52623.04 [sec]]
2019-01-18 09:46:09,075 :[Epoch: 2/200] [Batch: 21662/20019] [D loss: -0.628724] [G loss: 7.651974] [ElapsedTime: 52940.05 [sec]]
2019-01-18 09:51:17,796 :[Epoch: 2/200] [Batch: 21762/20019] [D loss: -0.848888] [G loss: 7.451205] [ElapsedTime: 53248.79 [sec]]
2019-01-18 09:56:21,231 :[Epoch: 2/200] [Batch: 21862/20019] [D loss: -0.724890] [G loss: 7.814239] [ElapsedTime: 53552.23 [sec]]
2019-01-18 10:01:19,520 :[Epoch: 2/200] [Batch: 21962/20019] [D loss: -0.597813] [G loss: 7.393280] [ElapsedTime: 53850.44 [sec]]
2019-01-18 10:01:56,343 :[Epoch: 2/200] [Iteration: 62000] [Inception Score: 6.20] [Max Score Ever: 6.43]
2019-01-18 10:07:07,189 :[Epoch: 2/200] [Batch: 22062/20019] [D loss: -1.193851] [G loss: 7.793628] [ElapsedTime: 54198.18 [sec]]
2019-01-18 10:12:14,737 :[Epoch: 2/200] [Batch: 22162/20019] [D loss: -0.779550] [G loss: 7.651556] [ElapsedTime: 54505.73 [sec]]
2019-01-18 10:17:59,968 :[Epoch: 2/200] [Batch: 22262/20019] [D loss: -0.950141] [G loss: 6.903854] [ElapsedTime: 54850.90 [sec]]
2019-01-18 10:23:29,746 :[Epoch: 2/200] [Batch: 22362/20019] [D loss: -0.491688] [G loss: 6.889491] [ElapsedTime: 55180.74 [sec]]
2019-01-18 10:28:57,423 :[Epoch: 2/200] [Batch: 22462/20019] [D loss: -1.188267] [G loss: 7.060639] [ElapsedTime: 55508.42 [sec]]
2019-01-18 10:34:28,234 :[Epoch: 2/200] [Batch: 22562/20019] [D loss: -0.543600] [G loss: 6.407211] [ElapsedTime: 55839.23 [sec]]
2019-01-18 10:39:50,574 :[Epoch: 2/200] [Batch: 22662/20019] [D loss: -0.440297] [G loss: 7.452516] [ElapsedTime: 56161.56 [sec]]
2019-01-18 10:45:07,760 :[Epoch: 2/200] [Batch: 22762/20019] [D loss: -0.750037] [G loss: 7.857222] [ElapsedTime: 56478.72 [sec]]
2019-01-18 10:50:11,125 :[Epoch: 2/200] [Batch: 22862/20019] [D loss: -0.619592] [G loss: 7.458628] [ElapsedTime: 56782.12 [sec]]
2019-01-18 10:55:13,390 :[Epoch: 2/200] [Batch: 22962/20019] [D loss: -0.601814] [G loss: 7.125313] [ElapsedTime: 57084.33 [sec]]
2019-01-18 10:55:36,359 :[Epoch: 2/200] [Iteration: 63000] [Inception Score: 5.66] [Max Score Ever: 6.43]
2019-01-18 11:00:51,688 :[Epoch: 2/200] [Batch: 23062/20019] [D loss: -0.620981] [G loss: 7.401668] [ElapsedTime: 57422.68 [sec]]
2019-01-18 11:07:18,522 :[Epoch: 2/200] [Batch: 23162/20019] [D loss: -0.469782] [G loss: 6.894601] [ElapsedTime: 57809.52 [sec]]
2019-01-18 11:13:03,296 :[Epoch: 2/200] [Batch: 23262/20019] [D loss: -0.419061] [G loss: 7.366761] [ElapsedTime: 58154.25 [sec]]
2019-01-18 11:18:43,111 :[Epoch: 2/200] [Batch: 23362/20019] [D loss: -0.678200] [G loss: 8.641183] [ElapsedTime: 58494.09 [sec]]
2019-01-18 11:24:17,298 :[Epoch: 2/200] [Batch: 23462/20019] [D loss: 0.016004] [G loss: 6.645849] [ElapsedTime: 58828.29 [sec]]
2019-01-18 11:29:46,477 :[Epoch: 2/200] [Batch: 23562/20019] [D loss: -0.449690] [G loss: 7.337470] [ElapsedTime: 59157.46 [sec]]
2019-01-18 11:35:08,335 :[Epoch: 2/200] [Batch: 23662/20019] [D loss: -0.795494] [G loss: 8.056722] [ElapsedTime: 59479.33 [sec]]
2019-01-18 11:40:40,648 :[Epoch: 2/200] [Batch: 23762/20019] [D loss: -0.003826] [G loss: 6.245260] [ElapsedTime: 59811.62 [sec]]
2019-01-18 11:46:17,341 :[Epoch: 2/200] [Batch: 23862/20019] [D loss: -0.748093] [G loss: 6.424934] [ElapsedTime: 60148.34 [sec]]
2019-01-18 11:51:51,038 :[Epoch: 2/200] [Batch: 23962/20019] [D loss: -0.604000] [G loss: 6.332853] [ElapsedTime: 60482.03 [sec]]
2019-01-18 11:52:17,555 :[Epoch: 2/200] [Iteration: 64000] [Inception Score: 5.54] [Max Score Ever: 6.43]
2019-01-18 11:57:55,550 :[Epoch: 2/200] [Batch: 24062/20019] [D loss: -0.432844] [G loss: 7.203211] [ElapsedTime: 60846.55 [sec]]
2019-01-18 12:04:31,656 :[Epoch: 2/200] [Batch: 24162/20019] [D loss: -0.684933] [G loss: 6.213395] [ElapsedTime: 61242.65 [sec]]
2019-01-18 12:10:13,388 :[Epoch: 2/200] [Batch: 24262/20019] [D loss: -0.594300] [G loss: 7.343328] [ElapsedTime: 61584.37 [sec]]
2019-01-18 12:15:47,209 :[Epoch: 2/200] [Batch: 24362/20019] [D loss: -0.628454] [G loss: 6.409706] [ElapsedTime: 61918.23 [sec]]
2019-01-18 12:21:10,500 :[Epoch: 2/200] [Batch: 24462/20019] [D loss: -0.605933] [G loss: 7.091363] [ElapsedTime: 62241.50 [sec]]
2019-01-18 12:26:35,305 :[Epoch: 2/200] [Batch: 24562/20019] [D loss: -0.493242] [G loss: 6.243412] [ElapsedTime: 62566.30 [sec]]
2019-01-18 12:32:03,265 :[Epoch: 2/200] [Batch: 24662/20019] [D loss: -0.625188] [G loss: 7.394955] [ElapsedTime: 62894.22 [sec]]
2019-01-18 12:37:47,018 :[Epoch: 2/200] [Batch: 24762/20019] [D loss: -0.551091] [G loss: 7.125539] [ElapsedTime: 63238.01 [sec]]
2019-01-18 12:43:15,643 :[Epoch: 2/200] [Batch: 24862/20019] [D loss: -0.731119] [G loss: 7.576298] [ElapsedTime: 63566.64 [sec]]
2019-01-18 12:48:42,541 :[Epoch: 2/200] [Batch: 24962/20019] [D loss: -0.651285] [G loss: 7.372513] [ElapsedTime: 63893.54 [sec]]
2019-01-18 12:49:07,236 :[Epoch: 2/200] [Iteration: 65000] [Inception Score: 5.48] [Max Score Ever: 6.43]
2019-01-18 12:54:31,643 :[Epoch: 2/200] [Batch: 25062/20019] [D loss: -1.055144] [G loss: 7.215599] [ElapsedTime: 64242.63 [sec]]
2019-01-18 12:59:46,337 :[Epoch: 2/200] [Batch: 25162/20019] [D loss: -0.831988] [G loss: 6.618670] [ElapsedTime: 64557.33 [sec]]
2019-01-18 13:05:22,056 :[Epoch: 2/200] [Batch: 25262/20019] [D loss: -0.663026] [G loss: 7.036045] [ElapsedTime: 64893.05 [sec]]
2019-01-18 13:10:30,250 :[Epoch: 2/200] [Batch: 25362/20019] [D loss: -0.118164] [G loss: 7.559215] [ElapsedTime: 65201.25 [sec]]
2019-01-18 13:15:32,774 :[Epoch: 2/200] [Batch: 25462/20019] [D loss: -0.641070] [G loss: 7.019479] [ElapsedTime: 65503.72 [sec]]
2019-01-18 13:20:38,873 :[Epoch: 2/200] [Batch: 25562/20019] [D loss: -0.746224] [G loss: 7.377460] [ElapsedTime: 65809.87 [sec]]
2019-01-18 13:25:38,328 :[Epoch: 1/200] [Batch: 5643/20019] [D loss: -0.949216] [G loss: 7.186236] [ElapsedTime: 66109.32 [sec]]
2019-01-18 13:30:28,132 :[Epoch: 1/200] [Batch: 5743/20019] [D loss: -0.130817] [G loss: 6.800395] [ElapsedTime: 66399.13 [sec]]
2019-01-18 13:35:17,174 :[Epoch: 1/200] [Batch: 5843/20019] [D loss: -0.660014] [G loss: 6.751245] [ElapsedTime: 66688.17 [sec]]
2019-01-18 13:40:00,765 :[Epoch: 1/200] [Batch: 5943/20019] [D loss: -0.359063] [G loss: 6.432401] [ElapsedTime: 66971.76 [sec]]
2019-01-18 13:40:11,734 :[Epoch: 1/200] [Iteration: 66000] [Inception Score: 6.48] [Max Score Ever: 6.48]
2019-01-18 13:44:58,600 :[Epoch: 1/200] [Batch: 6043/20019] [D loss: -1.189068] [G loss: 7.549028] [ElapsedTime: 67269.60 [sec]]
2019-01-18 13:49:47,943 :[Epoch: 1/200] [Batch: 6143/20019] [D loss: -0.538600] [G loss: 6.367853] [ElapsedTime: 67558.94 [sec]]
2019-01-18 13:54:37,655 :[Epoch: 1/200] [Batch: 6243/20019] [D loss: -0.822817] [G loss: 7.411440] [ElapsedTime: 67848.64 [sec]]
2019-01-18 13:59:14,266 :[Epoch: 1/200] [Batch: 6343/20019] [D loss: -0.503538] [G loss: 6.906593] [ElapsedTime: 68125.26 [sec]]
2019-01-18 14:04:46,487 :[Epoch: 1/200] [Batch: 6443/20019] [D loss: -0.636100] [G loss: 6.408264] [ElapsedTime: 68457.48 [sec]]
2019-01-18 14:09:41,339 :[Epoch: 1/200] [Batch: 6543/20019] [D loss: -0.393020] [G loss: 7.641462] [ElapsedTime: 68752.34 [sec]]
2019-01-18 14:14:30,156 :[Epoch: 1/200] [Batch: 6643/20019] [D loss: -0.870951] [G loss: 7.333053] [ElapsedTime: 69041.06 [sec]]
2019-01-18 14:19:38,932 :[Epoch: 1/200] [Batch: 6743/20019] [D loss: 0.325714] [G loss: 6.368067] [ElapsedTime: 69349.93 [sec]]
2019-01-18 14:24:47,840 :[Epoch: 1/200] [Batch: 6843/20019] [D loss: -0.770257] [G loss: 6.819947] [ElapsedTime: 69658.84 [sec]]
2019-01-18 14:29:51,646 :[Epoch: 1/200] [Batch: 6943/20019] [D loss: -0.664013] [G loss: 7.001617] [ElapsedTime: 69962.56 [sec]]
2019-01-18 14:30:04,474 :[Epoch: 1/200] [Iteration: 67000] [Inception Score: 5.65] [Max Score Ever: 6.48]
2019-01-18 14:35:01,998 :[Epoch: 1/200] [Batch: 7043/20019] [D loss: -0.907388] [G loss: 7.076078] [ElapsedTime: 70272.98 [sec]]
2019-01-18 14:39:56,615 :[Epoch: 1/200] [Batch: 7143/20019] [D loss: -0.714802] [G loss: 8.224805] [ElapsedTime: 70567.61 [sec]]
2019-01-18 14:44:48,301 :[Epoch: 1/200] [Batch: 7243/20019] [D loss: -0.697053] [G loss: 7.096360] [ElapsedTime: 70859.28 [sec]]
2019-01-18 14:49:33,860 :[Epoch: 1/200] [Batch: 7343/20019] [D loss: -0.238671] [G loss: 7.482103] [ElapsedTime: 71144.79 [sec]]
2019-01-18 14:54:14,417 :[Epoch: 1/200] [Batch: 7443/20019] [D loss: -0.495885] [G loss: 6.747176] [ElapsedTime: 71425.41 [sec]]
2019-01-18 14:58:49,981 :[Epoch: 1/200] [Batch: 7543/20019] [D loss: -0.482101] [G loss: 7.524974] [ElapsedTime: 71700.95 [sec]]
2019-01-18 15:04:28,868 :[Epoch: 1/200] [Batch: 7643/20019] [D loss: -0.769719] [G loss: 7.670834] [ElapsedTime: 72039.85 [sec]]
2019-01-18 15:09:52,192 :[Epoch: 1/200] [Batch: 7743/20019] [D loss: -0.375215] [G loss: 8.174932] [ElapsedTime: 72363.19 [sec]]
2019-01-18 15:15:06,940 :[Epoch: 1/200] [Batch: 7843/20019] [D loss: -0.729735] [G loss: 7.269531] [ElapsedTime: 72677.91 [sec]]
2019-01-18 15:20:11,175 :[Epoch: 1/200] [Batch: 7943/20019] [D loss: -0.893702] [G loss: 6.491256] [ElapsedTime: 72982.17 [sec]]
2019-01-18 15:20:30,545 :[Epoch: 1/200] [Iteration: 68000] [Inception Score: 6.10] [Max Score Ever: 6.48]
2019-01-18 15:25:27,295 :[Epoch: 1/200] [Batch: 8043/20019] [D loss: -0.607429] [G loss: 8.093506] [ElapsedTime: 73298.29 [sec]]
2019-01-18 15:30:23,186 :[Epoch: 1/200] [Batch: 8143/20019] [D loss: -0.732088] [G loss: 8.359234] [ElapsedTime: 73594.18 [sec]]
2019-01-18 15:35:28,195 :[Epoch: 1/200] [Batch: 8243/20019] [D loss: -0.751876] [G loss: 7.798177] [ElapsedTime: 73899.21 [sec]]
2019-01-18 15:40:47,124 :[Epoch: 1/200] [Batch: 8343/20019] [D loss: -0.643220] [G loss: 8.008328] [ElapsedTime: 74218.12 [sec]]
2019-01-18 15:46:07,923 :[Epoch: 1/200] [Batch: 8443/20019] [D loss: -1.716724] [G loss: 7.245427] [ElapsedTime: 74538.89 [sec]]
2019-01-18 15:51:21,007 :[Epoch: 1/200] [Batch: 8543/20019] [D loss: -0.601817] [G loss: 7.275172] [ElapsedTime: 74851.97 [sec]]
2019-01-18 15:56:33,833 :[Epoch: 1/200] [Batch: 8643/20019] [D loss: -0.742939] [G loss: 6.389071] [ElapsedTime: 75164.83 [sec]]
2019-01-18 16:02:22,006 :[Epoch: 1/200] [Batch: 8743/20019] [D loss: -0.597099] [G loss: 7.285493] [ElapsedTime: 75512.96 [sec]]
2019-01-18 16:08:21,895 :[Epoch: 1/200] [Batch: 8843/20019] [D loss: -0.886935] [G loss: 7.689617] [ElapsedTime: 75872.80 [sec]]
2019-01-18 16:14:03,362 :[Epoch: 1/200] [Batch: 8943/20019] [D loss: -0.898642] [G loss: 7.476328] [ElapsedTime: 76214.36 [sec]]
2019-01-18 16:14:28,549 :[Epoch: 1/200] [Iteration: 69000] [Inception Score: 6.26] [Max Score Ever: 6.48]
2019-01-18 16:19:59,508 :[Epoch: 1/200] [Batch: 9043/20019] [D loss: -0.437177] [G loss: 8.343179] [ElapsedTime: 76570.50 [sec]]
2019-01-18 16:25:14,883 :[Epoch: 1/200] [Batch: 9143/20019] [D loss: -1.209576] [G loss: 6.784138] [ElapsedTime: 76885.80 [sec]]
2019-01-18 16:30:34,173 :[Epoch: 1/200] [Batch: 9243/20019] [D loss: -0.670346] [G loss: 5.840692] [ElapsedTime: 77205.17 [sec]]
2019-01-18 16:35:40,698 :[Epoch: 1/200] [Batch: 9343/20019] [D loss: -0.718144] [G loss: 8.093017] [ElapsedTime: 77511.66 [sec]]
2019-01-18 16:40:52,325 :[Epoch: 1/200] [Batch: 9443/20019] [D loss: -0.238103] [G loss: 5.973050] [ElapsedTime: 77823.29 [sec]]
2019-01-18 16:46:05,665 :[Epoch: 1/200] [Batch: 9543/20019] [D loss: -1.093001] [G loss: 7.123003] [ElapsedTime: 78136.66 [sec]]
2019-01-18 16:51:11,715 :[Epoch: 1/200] [Batch: 9643/20019] [D loss: -0.664733] [G loss: 7.781921] [ElapsedTime: 78442.68 [sec]]
2019-01-18 16:56:21,480 :[Epoch: 1/200] [Batch: 9743/20019] [D loss: -0.425029] [G loss: 6.867315] [ElapsedTime: 78752.46 [sec]]
2019-01-18 17:01:27,723 :[Epoch: 1/200] [Batch: 9843/20019] [D loss: -0.689252] [G loss: 6.802177] [ElapsedTime: 79058.72 [sec]]
2019-01-18 17:06:48,120 :[Epoch: 1/200] [Batch: 9943/20019] [D loss: -0.906819] [G loss: 8.099029] [ElapsedTime: 79379.11 [sec]]
2019-01-18 17:07:08,378 :[Epoch: 1/200] [Iteration: 70000] [Inception Score: 5.79] [Max Score Ever: 6.48]
2019-01-18 17:12:03,702 :[Epoch: 1/200] [Batch: 10043/20019] [D loss: -0.141931] [G loss: 7.085479] [ElapsedTime: 79694.60 [sec]]
2019-01-18 17:17:09,200 :[Epoch: 1/200] [Batch: 10143/20019] [D loss: -0.580379] [G loss: 6.246328] [ElapsedTime: 80000.20 [sec]]
2019-01-18 17:22:15,148 :[Epoch: 1/200] [Batch: 10243/20019] [D loss: -0.488291] [G loss: 6.875777] [ElapsedTime: 80306.09 [sec]]
2019-01-18 17:27:10,497 :[Epoch: 1/200] [Batch: 10343/20019] [D loss: -0.346399] [G loss: 6.920534] [ElapsedTime: 80601.46 [sec]]
2019-01-18 17:31:53,805 :[Epoch: 1/200] [Batch: 10443/20019] [D loss: -1.049730] [G loss: 6.231707] [ElapsedTime: 80884.80 [sec]]
2019-01-18 17:36:37,823 :[Epoch: 1/200] [Batch: 10543/20019] [D loss: -0.464966] [G loss: 6.404456] [ElapsedTime: 81168.82 [sec]]
2019-01-18 17:41:20,707 :[Epoch: 1/200] [Batch: 10643/20019] [D loss: -0.741291] [G loss: 6.501280] [ElapsedTime: 81451.70 [sec]]
2019-01-18 17:46:18,428 :[Epoch: 1/200] [Batch: 10743/20019] [D loss: -1.065615] [G loss: 6.543823] [ElapsedTime: 81749.42 [sec]]
2019-01-18 17:50:58,834 :[Epoch: 1/200] [Batch: 10843/20019] [D loss: -0.544155] [G loss: 6.521042] [ElapsedTime: 82029.83 [sec]]
2019-01-18 17:55:59,727 :[Epoch: 1/200] [Batch: 10943/20019] [D loss: -1.030180] [G loss: 8.073920] [ElapsedTime: 82330.72 [sec]]
2019-01-18 17:56:19,435 :[Epoch: 1/200] [Iteration: 71000] [Inception Score: 5.77] [Max Score Ever: 6.48]
2019-01-18 18:01:21,206 :[Epoch: 1/200] [Batch: 11043/20019] [D loss: -0.391290] [G loss: 6.893851] [ElapsedTime: 82652.20 [sec]]
2019-01-18 18:07:04,252 :[Epoch: 1/200] [Batch: 11143/20019] [D loss: -0.814440] [G loss: 6.313320] [ElapsedTime: 82995.25 [sec]]
2019-01-18 18:12:37,756 :[Epoch: 1/200] [Batch: 11243/20019] [D loss: -0.284463] [G loss: 8.569656] [ElapsedTime: 83328.75 [sec]]
2019-01-18 18:17:58,215 :[Epoch: 1/200] [Batch: 11343/20019] [D loss: -0.541323] [G loss: 7.211131] [ElapsedTime: 83649.21 [sec]]
2019-01-18 18:23:02,158 :[Epoch: 1/200] [Batch: 11443/20019] [D loss: -0.747577] [G loss: 6.477351] [ElapsedTime: 83953.15 [sec]]
2019-01-18 18:28:05,719 :[Epoch: 1/200] [Batch: 11543/20019] [D loss: -0.938509] [G loss: 8.080919] [ElapsedTime: 84256.61 [sec]]
2019-01-18 18:33:14,583 :[Epoch: 1/200] [Batch: 11643/20019] [D loss: -0.350408] [G loss: 7.554291] [ElapsedTime: 84565.58 [sec]]
2019-01-18 18:38:26,290 :[Epoch: 1/200] [Batch: 11743/20019] [D loss: -1.015042] [G loss: 7.280115] [ElapsedTime: 84877.26 [sec]]
2019-01-18 18:43:22,087 :[Epoch: 1/200] [Batch: 11843/20019] [D loss: -0.992212] [G loss: 7.401551] [ElapsedTime: 85173.08 [sec]]
2019-01-18 18:48:09,293 :[Epoch: 1/200] [Batch: 11943/20019] [D loss: -0.627323] [G loss: 5.888968] [ElapsedTime: 85460.27 [sec]]
2019-01-18 18:48:27,634 :[Epoch: 1/200] [Iteration: 72000] [Inception Score: 6.11] [Max Score Ever: 6.48]
2019-01-18 18:53:06,597 :[Epoch: 1/200] [Batch: 12043/20019] [D loss: -1.130833] [G loss: 7.061320] [ElapsedTime: 85757.59 [sec]]
2019-01-18 18:57:41,217 :[Epoch: 1/200] [Batch: 12143/20019] [D loss: -0.468438] [G loss: 6.526796] [ElapsedTime: 86032.21 [sec]]
2019-01-18 19:03:07,053 :[Epoch: 1/200] [Batch: 12243/20019] [D loss: -0.945575] [G loss: 6.477760] [ElapsedTime: 86358.06 [sec]]
2019-01-18 19:08:41,184 :[Epoch: 1/200] [Batch: 12343/20019] [D loss: -0.475674] [G loss: 6.777281] [ElapsedTime: 86692.18 [sec]]
2019-01-18 19:14:02,475 :[Epoch: 1/200] [Batch: 12443/20019] [D loss: -1.080180] [G loss: 7.634543] [ElapsedTime: 87013.47 [sec]]
2019-01-18 19:19:14,043 :[Epoch: 1/200] [Batch: 12543/20019] [D loss: -0.182549] [G loss: 6.215963] [ElapsedTime: 87324.98 [sec]]
2019-01-18 19:24:19,529 :[Epoch: 1/200] [Batch: 12643/20019] [D loss: -0.899175] [G loss: 6.465712] [ElapsedTime: 87630.52 [sec]]
2019-01-18 19:29:25,464 :[Epoch: 1/200] [Batch: 12743/20019] [D loss: -0.709645] [G loss: 6.844491] [ElapsedTime: 87936.46 [sec]]
2019-01-18 19:34:26,709 :[Epoch: 1/200] [Batch: 12843/20019] [D loss: -0.351533] [G loss: 6.471322] [ElapsedTime: 88237.64 [sec]]
2019-01-18 19:39:30,217 :[Epoch: 1/200] [Batch: 12943/20019] [D loss: -0.622418] [G loss: 7.105342] [ElapsedTime: 88541.21 [sec]]
2019-01-18 19:39:52,414 :[Epoch: 1/200] [Iteration: 73000] [Inception Score: 6.12] [Max Score Ever: 6.48]
2019-01-18 19:45:10,439 :[Epoch: 1/200] [Batch: 13043/20019] [D loss: -0.646831] [G loss: 6.732410] [ElapsedTime: 88881.44 [sec]]
2019-01-18 19:50:14,357 :[Epoch: 1/200] [Batch: 13143/20019] [D loss: -0.565350] [G loss: 6.608002] [ElapsedTime: 89185.35 [sec]]
2019-01-18 19:55:15,357 :[Epoch: 1/200] [Batch: 13243/20019] [D loss: -0.640953] [G loss: 6.677929] [ElapsedTime: 89486.32 [sec]]
2019-01-18 20:00:13,796 :[Epoch: 1/200] [Batch: 13343/20019] [D loss: -0.933918] [G loss: 6.590602] [ElapsedTime: 89784.79 [sec]]
2019-01-18 20:05:55,884 :[Epoch: 1/200] [Batch: 13443/20019] [D loss: -0.559375] [G loss: 6.685676] [ElapsedTime: 90126.88 [sec]]
2019-01-18 20:10:59,976 :[Epoch: 1/200] [Batch: 13543/20019] [D loss: -0.777794] [G loss: 7.692173] [ElapsedTime: 90430.93 [sec]]
2019-01-18 20:16:14,545 :[Epoch: 1/200] [Batch: 13643/20019] [D loss: -0.434170] [G loss: 6.252813] [ElapsedTime: 90745.54 [sec]]
2019-01-18 20:21:35,115 :[Epoch: 1/200] [Batch: 13743/20019] [D loss: -0.347518] [G loss: 7.263048] [ElapsedTime: 91066.11 [sec]]
2019-01-18 20:26:53,745 :[Epoch: 1/200] [Batch: 13843/20019] [D loss: 0.402601] [G loss: 6.319048] [ElapsedTime: 91384.69 [sec]]
2019-01-18 20:32:06,078 :[Epoch: 1/200] [Batch: 13943/20019] [D loss: -0.594098] [G loss: 7.479779] [ElapsedTime: 91697.07 [sec]]
2019-01-18 20:32:30,149 :[Epoch: 1/200] [Iteration: 74000] [Inception Score: 6.25] [Max Score Ever: 6.48]
2019-01-18 20:37:46,312 :[Epoch: 1/200] [Batch: 14043/20019] [D loss: -0.837977] [G loss: 7.697802] [ElapsedTime: 92037.31 [sec]]
2019-01-18 20:43:03,398 :[Epoch: 1/200] [Batch: 14143/20019] [D loss: -0.332687] [G loss: 6.732948] [ElapsedTime: 92354.36 [sec]]
2019-01-18 20:48:16,881 :[Epoch: 1/200] [Batch: 14243/20019] [D loss: -0.514143] [G loss: 7.509311] [ElapsedTime: 92667.88 [sec]]
2019-01-18 20:53:25,989 :[Epoch: 1/200] [Batch: 14343/20019] [D loss: -0.323037] [G loss: 6.414179] [ElapsedTime: 92976.98 [sec]]
2019-01-18 20:58:32,888 :[Epoch: 1/200] [Batch: 14443/20019] [D loss: -0.624912] [G loss: 7.167671] [ElapsedTime: 93283.84 [sec]]
2019-01-18 21:04:27,661 :[Epoch: 1/200] [Batch: 14543/20019] [D loss: -0.561920] [G loss: 6.455052] [ElapsedTime: 93638.66 [sec]]
2019-01-18 21:09:51,479 :[Epoch: 1/200] [Batch: 14643/20019] [D loss: -0.844510] [G loss: 7.805523] [ElapsedTime: 93962.48 [sec]]
2019-01-18 21:15:13,120 :[Epoch: 1/200] [Batch: 14743/20019] [D loss: -0.754748] [G loss: 7.039655] [ElapsedTime: 94284.09 [sec]]
2019-01-18 21:20:39,836 :[Epoch: 1/200] [Batch: 14843/20019] [D loss: -0.273510] [G loss: 7.603604] [ElapsedTime: 94610.83 [sec]]
2019-01-18 21:26:01,376 :[Epoch: 1/200] [Batch: 14943/20019] [D loss: -0.731369] [G loss: 7.071228] [ElapsedTime: 94932.37 [sec]]
2019-01-18 21:26:24,626 :[Epoch: 1/200] [Iteration: 75000] [Inception Score: 5.85] [Max Score Ever: 6.48]
2019-01-18 21:31:54,789 :[Epoch: 1/200] [Batch: 15043/20019] [D loss: -0.403959] [G loss: 6.901844] [ElapsedTime: 95285.62 [sec]]
2019-01-18 21:37:15,653 :[Epoch: 1/200] [Batch: 15143/20019] [D loss: -0.650231] [G loss: 6.918636] [ElapsedTime: 95606.65 [sec]]
2019-01-18 21:42:38,769 :[Epoch: 1/200] [Batch: 15243/20019] [D loss: -0.708497] [G loss: 8.031343] [ElapsedTime: 95929.77 [sec]]
2019-01-18 21:47:49,290 :[Epoch: 1/200] [Batch: 15343/20019] [D loss: -0.538247] [G loss: 7.132306] [ElapsedTime: 96240.29 [sec]]
2019-01-18 21:52:56,388 :[Epoch: 1/200] [Batch: 15443/20019] [D loss: -0.554207] [G loss: 7.962970] [ElapsedTime: 96547.38 [sec]]
2019-01-18 21:58:06,195 :[Epoch: 1/200] [Batch: 15543/20019] [D loss: -0.815499] [G loss: 7.505587] [ElapsedTime: 96857.19 [sec]]
2019-01-18 22:04:15,955 :[Epoch: 1/200] [Batch: 15643/20019] [D loss: -1.198086] [G loss: 8.448329] [ElapsedTime: 97226.95 [sec]]
2019-01-18 22:09:23,516 :[Epoch: 1/200] [Batch: 15743/20019] [D loss: -1.047715] [G loss: 6.466758] [ElapsedTime: 97534.46 [sec]]
2019-01-18 22:14:44,071 :[Epoch: 1/200] [Batch: 15843/20019] [D loss: -0.852565] [G loss: 8.257595] [ElapsedTime: 97855.07 [sec]]
2019-01-18 22:20:12,005 :[Epoch: 1/200] [Batch: 15943/20019] [D loss: -0.800006] [G loss: 8.131922] [ElapsedTime: 98183.00 [sec]]
2019-01-18 22:20:37,138 :[Epoch: 1/200] [Iteration: 76000] [Inception Score: 5.96] [Max Score Ever: 6.48]
2019-01-18 22:25:57,624 :[Epoch: 1/200] [Batch: 16043/20019] [D loss: -0.822480] [G loss: 6.317499] [ElapsedTime: 98528.51 [sec]]
2019-01-18 22:31:32,115 :[Epoch: 1/200] [Batch: 16143/20019] [D loss: -0.622349] [G loss: 7.055140] [ElapsedTime: 98863.11 [sec]]
2019-01-18 22:37:13,491 :[Epoch: 1/200] [Batch: 16243/20019] [D loss: -0.628244] [G loss: 8.147481] [ElapsedTime: 99204.49 [sec]]
2019-01-18 22:42:42,485 :[Epoch: 1/200] [Batch: 16343/20019] [D loss: -0.695124] [G loss: 8.396837] [ElapsedTime: 99533.40 [sec]]
2019-01-18 22:48:19,904 :[Epoch: 1/200] [Batch: 16443/20019] [D loss: -0.635421] [G loss: 6.465236] [ElapsedTime: 99870.90 [sec]]
2019-01-18 22:53:46,728 :[Epoch: 1/200] [Batch: 16543/20019] [D loss: -0.589829] [G loss: 7.116470] [ElapsedTime: 100197.73 [sec]]
2019-01-18 22:59:09,235 :[Epoch: 1/200] [Batch: 16643/20019] [D loss: -0.195980] [G loss: 7.144877] [ElapsedTime: 100520.15 [sec]]
2019-01-18 23:05:09,245 :[Epoch: 1/200] [Batch: 16743/20019] [D loss: -0.740838] [G loss: 6.655873] [ElapsedTime: 100880.24 [sec]]
2019-01-18 23:10:51,449 :[Epoch: 1/200] [Batch: 16843/20019] [D loss: -0.716003] [G loss: 6.768540] [ElapsedTime: 101222.44 [sec]]
2019-01-18 23:16:36,161 :[Epoch: 1/200] [Batch: 16943/20019] [D loss: -0.655624] [G loss: 7.723542] [ElapsedTime: 101567.14 [sec]]
2019-01-18 23:17:03,058 :[Epoch: 1/200] [Iteration: 77000] [Inception Score: 6.44] [Max Score Ever: 6.48]
2019-01-18 23:22:52,973 :[Epoch: 1/200] [Batch: 17043/20019] [D loss: -0.391553] [G loss: 7.407311] [ElapsedTime: 101943.97 [sec]]
2019-01-18 23:28:07,638 :[Epoch: 1/200] [Batch: 17143/20019] [D loss: -0.718350] [G loss: 7.845708] [ElapsedTime: 102258.63 [sec]]
2019-01-18 23:33:11,950 :[Epoch: 1/200] [Batch: 17243/20019] [D loss: -0.322127] [G loss: 6.687114] [ElapsedTime: 102562.95 [sec]]
2019-01-18 23:38:06,371 :[Epoch: 1/200] [Batch: 17343/20019] [D loss: -0.650874] [G loss: 7.441335] [ElapsedTime: 102857.36 [sec]]
2019-01-18 23:43:00,237 :[Epoch: 1/200] [Batch: 17443/20019] [D loss: -0.915162] [G loss: 7.158257] [ElapsedTime: 103151.23 [sec]]
2019-01-18 23:47:50,682 :[Epoch: 1/200] [Batch: 17543/20019] [D loss: -0.989139] [G loss: 7.532111] [ElapsedTime: 103441.68 [sec]]
2019-01-18 23:52:37,589 :[Epoch: 1/200] [Batch: 17643/20019] [D loss: -0.514472] [G loss: 6.637719] [ElapsedTime: 103728.53 [sec]]
2019-01-18 23:57:16,906 :[Epoch: 1/200] [Batch: 17743/20019] [D loss: -0.549233] [G loss: 7.322387] [ElapsedTime: 104007.90 [sec]]
2019-01-19 00:02:29,790 :[Epoch: 1/200] [Batch: 17843/20019] [D loss: -0.482274] [G loss: 6.942318] [ElapsedTime: 104320.79 [sec]]
2019-01-19 00:07:44,864 :[Epoch: 1/200] [Batch: 17943/20019] [D loss: -0.691795] [G loss: 7.675002] [ElapsedTime: 104635.85 [sec]]
2019-01-19 00:08:09,218 :[Epoch: 1/200] [Iteration: 78000] [Inception Score: 6.21] [Max Score Ever: 6.48]
2019-01-19 00:13:43,020 :[Epoch: 1/200] [Batch: 18043/20019] [D loss: -0.679463] [G loss: 8.085229] [ElapsedTime: 104994.02 [sec]]
2019-01-19 00:19:08,184 :[Epoch: 1/200] [Batch: 18143/20019] [D loss: -0.174893] [G loss: 7.089603] [ElapsedTime: 105319.12 [sec]]
2019-01-19 00:24:30,823 :[Epoch: 1/200] [Batch: 18243/20019] [D loss: -1.038207] [G loss: 7.944123] [ElapsedTime: 105641.74 [sec]]
2019-01-19 00:29:51,350 :[Epoch: 1/200] [Batch: 18343/20019] [D loss: -0.900093] [G loss: 6.939912] [ElapsedTime: 105962.35 [sec]]
2019-01-19 00:35:20,063 :[Epoch: 1/200] [Batch: 18443/20019] [D loss: 0.080091] [G loss: 6.964222] [ElapsedTime: 106291.06 [sec]]
2019-01-19 00:40:44,325 :[Epoch: 1/200] [Batch: 18543/20019] [D loss: -0.400982] [G loss: 7.975323] [ElapsedTime: 106615.14 [sec]]
2019-01-19 00:46:00,326 :[Epoch: 1/200] [Batch: 18643/20019] [D loss: -0.569433] [G loss: 7.002559] [ElapsedTime: 106931.32 [sec]]
2019-01-19 00:50:58,692 :[Epoch: 1/200] [Batch: 18743/20019] [D loss: -0.766096] [G loss: 6.895799] [ElapsedTime: 107229.65 [sec]]
2019-01-19 00:56:07,948 :[Epoch: 1/200] [Batch: 18843/20019] [D loss: -0.581332] [G loss: 7.623001] [ElapsedTime: 107538.88 [sec]]
2019-01-19 01:01:42,844 :[Epoch: 1/200] [Batch: 18943/20019] [D loss: -0.456014] [G loss: 6.870084] [ElapsedTime: 107873.84 [sec]]
2019-01-19 01:02:22,279 :[Epoch: 1/200] [Iteration: 79000] [Inception Score: 6.15] [Max Score Ever: 6.48]
2019-01-19 01:08:23,053 :[Epoch: 1/200] [Batch: 19043/20019] [D loss: -0.712025] [G loss: 6.332664] [ElapsedTime: 108274.05 [sec]]
2019-01-19 01:14:06,366 :[Epoch: 1/200] [Batch: 19143/20019] [D loss: -0.801929] [G loss: 7.793152] [ElapsedTime: 108617.31 [sec]]
2019-01-19 01:19:31,004 :[Epoch: 1/200] [Batch: 19243/20019] [D loss: -0.584200] [G loss: 6.707860] [ElapsedTime: 108942.00 [sec]]
2019-01-19 01:24:58,096 :[Epoch: 1/200] [Batch: 19343/20019] [D loss: -0.686625] [G loss: 6.557557] [ElapsedTime: 109269.09 [sec]]
2019-01-19 01:30:25,975 :[Epoch: 1/200] [Batch: 19443/20019] [D loss: -0.693425] [G loss: 5.950188] [ElapsedTime: 109596.91 [sec]]
2019-01-19 01:35:39,052 :[Epoch: 1/200] [Batch: 19543/20019] [D loss: -0.641856] [G loss: 6.416265] [ElapsedTime: 109910.05 [sec]]
2019-01-19 01:40:40,163 :[Epoch: 1/200] [Batch: 19643/20019] [D loss: -0.645211] [G loss: 6.804972] [ElapsedTime: 110211.16 [sec]]
2019-01-19 01:45:47,633 :[Epoch: 1/200] [Batch: 19743/20019] [D loss: -0.116132] [G loss: 6.775276] [ElapsedTime: 110518.63 [sec]]
2019-01-19 01:51:06,986 :[Epoch: 1/200] [Batch: 19843/20019] [D loss: -0.359753] [G loss: 6.714081] [ElapsedTime: 110837.94 [sec]]
2019-01-19 01:56:25,023 :[Epoch: 1/200] [Batch: 19943/20019] [D loss: -0.495982] [G loss: 6.988663] [ElapsedTime: 111156.02 [sec]]
2019-01-19 01:56:48,728 :[Epoch: 1/200] [Iteration: 80000] [Inception Score: 5.86] [Max Score Ever: 6.48]
2019-01-19 02:02:49,682 :[Epoch: 1/200] [Batch: 20043/20019] [D loss: -0.567529] [G loss: 7.262900] [ElapsedTime: 111540.68 [sec]]
2019-01-19 02:08:45,026 :[Epoch: 1/200] [Batch: 20143/20019] [D loss: -0.406849] [G loss: 7.701975] [ElapsedTime: 111896.02 [sec]]
2019-01-19 02:14:28,065 :[Epoch: 1/200] [Batch: 20243/20019] [D loss: -0.627338] [G loss: 6.677806] [ElapsedTime: 112239.05 [sec]]
2019-01-19 02:20:09,132 :[Epoch: 1/200] [Batch: 20343/20019] [D loss: -0.770801] [G loss: 6.894032] [ElapsedTime: 112580.13 [sec]]
2019-01-19 02:25:40,488 :[Epoch: 1/200] [Batch: 20443/20019] [D loss: -0.936220] [G loss: 7.872773] [ElapsedTime: 112911.48 [sec]]
2019-01-19 02:30:53,215 :[Epoch: 1/200] [Batch: 20543/20019] [D loss: -0.530990] [G loss: 7.277770] [ElapsedTime: 113224.21 [sec]]
2019-01-19 02:36:06,160 :[Epoch: 1/200] [Batch: 20643/20019] [D loss: -0.252968] [G loss: 6.950319] [ElapsedTime: 113537.08 [sec]]
2019-01-19 02:41:37,215 :[Epoch: 1/200] [Batch: 20743/20019] [D loss: -0.466365] [G loss: 6.658575] [ElapsedTime: 113868.21 [sec]]
2019-01-19 02:47:05,654 :[Epoch: 1/200] [Batch: 20843/20019] [D loss: -0.574953] [G loss: 7.133177] [ElapsedTime: 114196.65 [sec]]
2019-01-19 02:52:28,277 :[Epoch: 1/200] [Batch: 20943/20019] [D loss: -0.721469] [G loss: 7.028418] [ElapsedTime: 114519.26 [sec]]
2019-01-19 02:52:52,452 :[Epoch: 1/200] [Iteration: 81000] [Inception Score: 5.97] [Max Score Ever: 6.48]
2019-01-19 02:58:19,207 :[Epoch: 1/200] [Batch: 21043/20019] [D loss: -0.514356] [G loss: 7.734563] [ElapsedTime: 114870.20 [sec]]
2019-01-19 03:04:45,514 :[Epoch: 1/200] [Batch: 21143/20019] [D loss: 0.137065] [G loss: 6.875088] [ElapsedTime: 115256.46 [sec]]
2019-01-19 03:10:23,433 :[Epoch: 1/200] [Batch: 21243/20019] [D loss: -0.851406] [G loss: 6.191159] [ElapsedTime: 115594.37 [sec]]
2019-01-19 03:16:04,273 :[Epoch: 1/200] [Batch: 21343/20019] [D loss: -1.497106] [G loss: 6.303337] [ElapsedTime: 115935.27 [sec]]
2019-01-19 03:21:36,782 :[Epoch: 1/200] [Batch: 21443/20019] [D loss: -0.709198] [G loss: 6.712321] [ElapsedTime: 116267.78 [sec]]
2019-01-19 03:26:48,792 :[Epoch: 1/200] [Batch: 21543/20019] [D loss: -0.636744] [G loss: 7.216162] [ElapsedTime: 116579.79 [sec]]
2019-01-19 03:32:12,342 :[Epoch: 1/200] [Batch: 21643/20019] [D loss: -0.568530] [G loss: 7.390154] [ElapsedTime: 116903.34 [sec]]
2019-01-19 03:37:35,613 :[Epoch: 1/200] [Batch: 21743/20019] [D loss: -0.612830] [G loss: 6.968552] [ElapsedTime: 117226.59 [sec]]
2019-01-19 03:43:00,746 :[Epoch: 1/200] [Batch: 21843/20019] [D loss: -0.281100] [G loss: 6.826331] [ElapsedTime: 117551.73 [sec]]
2019-01-19 03:48:17,740 :[Epoch: 1/200] [Batch: 21943/20019] [D loss: -0.538702] [G loss: 7.857661] [ElapsedTime: 117868.72 [sec]]
2019-01-19 03:48:41,790 :[Epoch: 1/200] [Iteration: 82000] [Inception Score: 5.66] [Max Score Ever: 6.48]
2019-01-19 03:53:56,614 :[Epoch: 1/200] [Batch: 22043/20019] [D loss: -0.698063] [G loss: 6.715333] [ElapsedTime: 118207.61 [sec]]
2019-01-19 03:59:23,817 :[Epoch: 1/200] [Batch: 22143/20019] [D loss: -0.261145] [G loss: 7.807087] [ElapsedTime: 118534.77 [sec]]
2019-01-19 04:05:49,970 :[Epoch: 1/200] [Batch: 22243/20019] [D loss: -0.685341] [G loss: 6.777856] [ElapsedTime: 118920.97 [sec]]
2019-01-19 04:11:28,033 :[Epoch: 1/200] [Batch: 22343/20019] [D loss: 0.180813] [G loss: 7.173874] [ElapsedTime: 119259.01 [sec]]
2019-01-19 04:17:13,283 :[Epoch: 1/200] [Batch: 22443/20019] [D loss: -0.665222] [G loss: 7.856625] [ElapsedTime: 119604.28 [sec]]
2019-01-19 04:22:41,145 :[Epoch: 1/200] [Batch: 22543/20019] [D loss: -0.478377] [G loss: 6.945287] [ElapsedTime: 119932.14 [sec]]
2019-01-19 04:28:16,210 :[Epoch: 1/200] [Batch: 22643/20019] [D loss: -0.757059] [G loss: 7.556967] [ElapsedTime: 120267.21 [sec]]
2019-01-19 04:33:56,500 :[Epoch: 1/200] [Batch: 22743/20019] [D loss: -0.752251] [G loss: 8.057277] [ElapsedTime: 120607.50 [sec]]
2019-01-19 04:39:32,315 :[Epoch: 1/200] [Batch: 22843/20019] [D loss: 0.026765] [G loss: 7.131920] [ElapsedTime: 120943.20 [sec]]
2019-01-19 04:45:12,475 :[Epoch: 1/200] [Batch: 22943/20019] [D loss: -0.475457] [G loss: 7.076981] [ElapsedTime: 121283.47 [sec]]
2019-01-19 04:45:38,025 :[Epoch: 1/200] [Iteration: 83000] [Inception Score: 5.84] [Max Score Ever: 6.48]
2019-01-19 04:51:08,697 :[Epoch: 1/200] [Batch: 23043/20019] [D loss: 0.242967] [G loss: 6.174868] [ElapsedTime: 121639.67 [sec]]
2019-01-19 04:56:43,585 :[Epoch: 1/200] [Batch: 23143/20019] [D loss: -1.025349] [G loss: 8.352296] [ElapsedTime: 121974.54 [sec]]
2019-01-19 05:02:39,628 :[Epoch: 1/200] [Batch: 23243/20019] [D loss: -0.749459] [G loss: 6.493936] [ElapsedTime: 122330.62 [sec]]
2019-01-19 05:08:24,093 :[Epoch: 1/200] [Batch: 23343/20019] [D loss: -0.251142] [G loss: 7.134952] [ElapsedTime: 122675.09 [sec]]
2019-01-19 05:14:13,764 :[Epoch: 1/200] [Batch: 23443/20019] [D loss: -0.443009] [G loss: 6.819113] [ElapsedTime: 123024.75 [sec]]
2019-01-19 05:19:40,236 :[Epoch: 1/200] [Batch: 23543/20019] [D loss: -0.545403] [G loss: 6.500228] [ElapsedTime: 123351.23 [sec]]
2019-01-19 05:25:08,459 :[Epoch: 1/200] [Batch: 23643/20019] [D loss: -0.327201] [G loss: 6.484880] [ElapsedTime: 123679.45 [sec]]
2019-01-19 05:30:40,524 :[Epoch: 1/200] [Batch: 23743/20019] [D loss: -0.659958] [G loss: 7.188418] [ElapsedTime: 124011.49 [sec]]
2019-01-19 05:36:12,434 :[Epoch: 1/200] [Batch: 23843/20019] [D loss: -0.461427] [G loss: 7.496556] [ElapsedTime: 124343.43 [sec]]
2019-01-19 05:41:44,362 :[Epoch: 1/200] [Batch: 23943/20019] [D loss: -0.756437] [G loss: 7.054996] [ElapsedTime: 124675.36 [sec]]
2019-01-19 05:42:10,679 :[Epoch: 1/200] [Iteration: 84000] [Inception Score: 5.69] [Max Score Ever: 6.48]
2019-01-19 05:47:44,078 :[Epoch: 1/200] [Batch: 24043/20019] [D loss: -0.237660] [G loss: 6.493748] [ElapsedTime: 125035.04 [sec]]
2019-01-19 05:53:21,271 :[Epoch: 1/200] [Batch: 24143/20019] [D loss: -0.348046] [G loss: 6.475529] [ElapsedTime: 125372.27 [sec]]
2019-01-19 05:58:47,652 :[Epoch: 1/200] [Batch: 24243/20019] [D loss: -0.479096] [G loss: 6.397593] [ElapsedTime: 125698.65 [sec]]
2019-01-19 06:05:11,618 :[Epoch: 1/200] [Batch: 24343/20019] [D loss: -0.527714] [G loss: 6.837113] [ElapsedTime: 126082.61 [sec]]
2019-01-19 06:10:57,633 :[Epoch: 1/200] [Batch: 24443/20019] [D loss: -0.601300] [G loss: 7.026520] [ElapsedTime: 126428.63 [sec]]
2019-01-19 06:16:33,799 :[Epoch: 1/200] [Batch: 24543/20019] [D loss: -0.397067] [G loss: 6.646771] [ElapsedTime: 126764.77 [sec]]
2019-01-19 06:21:56,216 :[Epoch: 1/200] [Batch: 24643/20019] [D loss: -0.501102] [G loss: 7.568288] [ElapsedTime: 127087.21 [sec]]
2019-01-19 06:27:13,103 :[Epoch: 1/200] [Batch: 24743/20019] [D loss: -0.717443] [G loss: 7.175345] [ElapsedTime: 127404.10 [sec]]
2019-01-19 06:32:48,373 :[Epoch: 1/200] [Batch: 24843/20019] [D loss: -0.658768] [G loss: 6.971529] [ElapsedTime: 127739.37 [sec]]
2019-01-19 06:38:20,657 :[Epoch: 1/200] [Batch: 24943/20019] [D loss: -0.397082] [G loss: 6.862728] [ElapsedTime: 128071.65 [sec]]
2019-01-19 06:38:46,357 :[Epoch: 1/200] [Iteration: 85000] [Inception Score: 5.96] [Max Score Ever: 6.48]
2019-01-19 06:44:10,971 :[Epoch: 1/200] [Batch: 25043/20019] [D loss: -0.472384] [G loss: 7.014431] [ElapsedTime: 128421.88 [sec]]
2019-01-19 06:49:41,895 :[Epoch: 1/200] [Batch: 25143/20019] [D loss: -0.255453] [G loss: 7.483079] [ElapsedTime: 128752.88 [sec]]
2019-01-19 06:54:59,645 :[Epoch: 1/200] [Batch: 25243/20019] [D loss: -0.496280] [G loss: 7.563802] [ElapsedTime: 129070.64 [sec]]
2019-01-19 07:00:26,477 :[Epoch: 1/200] [Batch: 25343/20019] [D loss: -0.476817] [G loss: 6.876361] [ElapsedTime: 129397.42 [sec]]
2019-01-19 07:07:04,010 :[Epoch: 1/200] [Batch: 25443/20019] [D loss: 0.103870] [G loss: 7.128427] [ElapsedTime: 129794.98 [sec]]
2019-01-19 07:12:59,500 :[Epoch: 1/200] [Batch: 25543/20019] [D loss: -0.425495] [G loss: 7.185745] [ElapsedTime: 130150.46 [sec]]
2019-01-19 07:18:31,525 :[Epoch: 2/200] [Batch: 5624/20019] [D loss: -0.777191] [G loss: 7.843842] [ElapsedTime: 130482.52 [sec]]
2019-01-19 07:23:48,685 :[Epoch: 2/200] [Batch: 5724/20019] [D loss: -0.762712] [G loss: 8.907986] [ElapsedTime: 130799.66 [sec]]
2019-01-19 07:29:09,550 :[Epoch: 2/200] [Batch: 5824/20019] [D loss: -0.774850] [G loss: 8.679369] [ElapsedTime: 131120.53 [sec]]
2019-01-19 07:34:52,709 :[Epoch: 2/200] [Batch: 5924/20019] [D loss: -0.959654] [G loss: 7.609291] [ElapsedTime: 131463.66 [sec]]
2019-01-19 07:35:20,894 :[Epoch: 2/200] [Iteration: 86000] [Inception Score: 6.32] [Max Score Ever: 6.48]
2019-01-19 07:40:54,735 :[Epoch: 2/200] [Batch: 6024/20019] [D loss: -0.384568] [G loss: 8.211057] [ElapsedTime: 131825.72 [sec]]
2019-01-19 07:46:24,251 :[Epoch: 2/200] [Batch: 6124/20019] [D loss: -0.953062] [G loss: 7.743951] [ElapsedTime: 132155.21 [sec]]
2019-01-19 07:51:59,555 :[Epoch: 2/200] [Batch: 6224/20019] [D loss: -0.937842] [G loss: 7.916022] [ElapsedTime: 132490.49 [sec]]
2019-01-19 07:57:33,985 :[Epoch: 2/200] [Batch: 6324/20019] [D loss: -1.634385] [G loss: 6.995927] [ElapsedTime: 132824.97 [sec]]
2019-01-19 08:04:36,369 :[Epoch: 2/200] [Batch: 6424/20019] [D loss: -0.501459] [G loss: 7.405104] [ElapsedTime: 133247.34 [sec]]
2019-01-19 08:10:58,301 :[Epoch: 2/200] [Batch: 6524/20019] [D loss: -0.749173] [G loss: 7.003592] [ElapsedTime: 133629.21 [sec]]
2019-01-19 08:17:04,446 :[Epoch: 2/200] [Batch: 6624/20019] [D loss: -0.293357] [G loss: 6.990576] [ElapsedTime: 133995.43 [sec]]
2019-01-19 08:22:59,280 :[Epoch: 2/200] [Batch: 6724/20019] [D loss: -0.524863] [G loss: 6.824318] [ElapsedTime: 134350.26 [sec]]
2019-01-19 08:29:07,180 :[Epoch: 2/200] [Batch: 6824/20019] [D loss: -0.717565] [G loss: 7.753518] [ElapsedTime: 134718.09 [sec]]
2019-01-19 08:35:13,157 :[Epoch: 2/200] [Batch: 6924/20019] [D loss: -0.806383] [G loss: 7.849630] [ElapsedTime: 135084.15 [sec]]
2019-01-19 08:35:42,689 :[Epoch: 2/200] [Iteration: 87000] [Inception Score: 6.01] [Max Score Ever: 6.48]
2019-01-19 08:41:45,807 :[Epoch: 2/200] [Batch: 7024/20019] [D loss: -0.904039] [G loss: 5.703328] [ElapsedTime: 135476.80 [sec]]
2019-01-19 08:47:43,484 :[Epoch: 2/200] [Batch: 7124/20019] [D loss: -0.093460] [G loss: 6.923717] [ElapsedTime: 135834.46 [sec]]
2019-01-19 08:53:33,466 :[Epoch: 2/200] [Batch: 7224/20019] [D loss: -0.360705] [G loss: 6.264422] [ElapsedTime: 136184.46 [sec]]
2019-01-19 08:59:21,840 :[Epoch: 2/200] [Batch: 7324/20019] [D loss: -1.150824] [G loss: 6.454429] [ElapsedTime: 136532.80 [sec]]
2019-01-19 09:06:36,997 :[Epoch: 2/200] [Batch: 7424/20019] [D loss: -0.543245] [G loss: 6.393623] [ElapsedTime: 136967.95 [sec]]
2019-01-19 09:12:33,454 :[Epoch: 2/200] [Batch: 7524/20019] [D loss: -0.510694] [G loss: 6.257132] [ElapsedTime: 137324.45 [sec]]
2019-01-19 09:18:25,083 :[Epoch: 2/200] [Batch: 7624/20019] [D loss: -0.930115] [G loss: 7.698950] [ElapsedTime: 137676.02 [sec]]
2019-01-19 09:24:27,591 :[Epoch: 2/200] [Batch: 7724/20019] [D loss: -0.240964] [G loss: 7.143161] [ElapsedTime: 138038.59 [sec]]
2019-01-19 09:30:31,837 :[Epoch: 2/200] [Batch: 7824/20019] [D loss: -0.695246] [G loss: 7.441773] [ElapsedTime: 138402.83 [sec]]
2019-01-19 09:36:29,560 :[Epoch: 2/200] [Batch: 7924/20019] [D loss: -0.906566] [G loss: 7.447600] [ElapsedTime: 138760.53 [sec]]
2019-01-19 09:36:59,938 :[Epoch: 2/200] [Iteration: 88000] [Inception Score: 5.78] [Max Score Ever: 6.48]
2019-01-19 09:43:12,585 :[Epoch: 2/200] [Batch: 8024/20019] [D loss: -0.413811] [G loss: 6.734673] [ElapsedTime: 139163.58 [sec]]
2019-01-19 09:49:06,478 :[Epoch: 2/200] [Batch: 8124/20019] [D loss: -0.566558] [G loss: 7.570494] [ElapsedTime: 139517.47 [sec]]
2019-01-19 09:55:00,728 :[Epoch: 2/200] [Batch: 8224/20019] [D loss: -0.446657] [G loss: 7.204482] [ElapsedTime: 139871.70 [sec]]
2019-01-19 10:00:54,387 :[Epoch: 2/200] [Batch: 8324/20019] [D loss: -0.000528] [G loss: 6.843352] [ElapsedTime: 140225.38 [sec]]
2019-01-19 10:08:19,042 :[Epoch: 2/200] [Batch: 8424/20019] [D loss: -0.651501] [G loss: 6.755919] [ElapsedTime: 140670.04 [sec]]
2019-01-19 10:14:16,137 :[Epoch: 2/200] [Batch: 8524/20019] [D loss: 0.048169] [G loss: 6.277513] [ElapsedTime: 141027.13 [sec]]
2019-01-19 10:20:06,250 :[Epoch: 2/200] [Batch: 8624/20019] [D loss: -0.619465] [G loss: 7.907788] [ElapsedTime: 141377.25 [sec]]
2019-01-19 10:26:06,463 :[Epoch: 2/200] [Batch: 8724/20019] [D loss: -0.189950] [G loss: 6.157055] [ElapsedTime: 141737.46 [sec]]
2019-01-19 10:32:01,735 :[Epoch: 2/200] [Batch: 8824/20019] [D loss: -0.237676] [G loss: 6.457884] [ElapsedTime: 142092.73 [sec]]
2019-01-19 10:37:52,130 :[Epoch: 2/200] [Batch: 8924/20019] [D loss: -0.312126] [G loss: 6.948083] [ElapsedTime: 142443.09 [sec]]
2019-01-19 10:38:22,193 :[Epoch: 2/200] [Iteration: 89000] [Inception Score: 6.51] [Max Score Ever: 6.51]
2019-01-19 10:44:18,171 :[Epoch: 2/200] [Batch: 9024/20019] [D loss: -0.523755] [G loss: 6.468108] [ElapsedTime: 142829.17 [sec]]
2019-01-19 10:50:01,649 :[Epoch: 2/200] [Batch: 9124/20019] [D loss: -0.223805] [G loss: 6.779096] [ElapsedTime: 143172.64 [sec]]
2019-01-19 10:55:51,166 :[Epoch: 2/200] [Batch: 9224/20019] [D loss: -0.329340] [G loss: 7.556323] [ElapsedTime: 143522.13 [sec]]
2019-01-19 11:02:15,106 :[Epoch: 2/200] [Batch: 9324/20019] [D loss: -0.622748] [G loss: 6.274991] [ElapsedTime: 143906.10 [sec]]
2019-01-19 11:08:42,793 :[Epoch: 2/200] [Batch: 9424/20019] [D loss: -0.619055] [G loss: 6.493973] [ElapsedTime: 144293.79 [sec]]
2019-01-19 11:14:58,242 :[Epoch: 2/200] [Batch: 9524/20019] [D loss: -0.581201] [G loss: 6.774194] [ElapsedTime: 144669.20 [sec]]
2019-01-19 11:21:11,451 :[Epoch: 2/200] [Batch: 9624/20019] [D loss: -0.836932] [G loss: 7.662335] [ElapsedTime: 145042.45 [sec]]
2019-01-19 11:27:08,747 :[Epoch: 2/200] [Batch: 9724/20019] [D loss: -0.908124] [G loss: 7.418282] [ElapsedTime: 145399.74 [sec]]
2019-01-19 11:32:56,331 :[Epoch: 2/200] [Batch: 9824/20019] [D loss: -0.428749] [G loss: 6.939512] [ElapsedTime: 145747.26 [sec]]
2019-01-19 11:38:44,064 :[Epoch: 2/200] [Batch: 9924/20019] [D loss: -0.556891] [G loss: 8.145691] [ElapsedTime: 146095.06 [sec]]
2019-01-19 11:39:14,090 :[Epoch: 2/200] [Iteration: 90000] [Inception Score: 6.15] [Max Score Ever: 6.51]
2019-01-19 11:44:56,140 :[Epoch: 2/200] [Batch: 10024/20019] [D loss: -0.219756] [G loss: 6.676173] [ElapsedTime: 146467.14 [sec]]
2019-01-19 11:50:40,198 :[Epoch: 2/200] [Batch: 10124/20019] [D loss: -1.004878] [G loss: 8.227715] [ElapsedTime: 146811.07 [sec]]
2019-01-19 11:56:27,586 :[Epoch: 2/200] [Batch: 10224/20019] [D loss: -0.512686] [G loss: 8.317153] [ElapsedTime: 147158.58 [sec]]
2019-01-19 12:03:03,215 :[Epoch: 2/200] [Batch: 10324/20019] [D loss: -0.199029] [G loss: 6.508976] [ElapsedTime: 147554.21 [sec]]
2019-01-19 12:09:28,908 :[Epoch: 2/200] [Batch: 10424/20019] [D loss: -0.445346] [G loss: 6.954521] [ElapsedTime: 147939.87 [sec]]
2019-01-19 12:15:42,802 :[Epoch: 2/200] [Batch: 10524/20019] [D loss: -1.495772] [G loss: 7.500265] [ElapsedTime: 148313.80 [sec]]
2019-01-19 12:21:43,900 :[Epoch: 2/200] [Batch: 10624/20019] [D loss: -0.359668] [G loss: 6.941975] [ElapsedTime: 148674.90 [sec]]
2019-01-19 12:27:40,452 :[Epoch: 2/200] [Batch: 10724/20019] [D loss: -0.997580] [G loss: 8.890056] [ElapsedTime: 149031.34 [sec]]
2019-01-19 12:33:36,334 :[Epoch: 2/200] [Batch: 10824/20019] [D loss: -0.692660] [G loss: 7.186816] [ElapsedTime: 149387.33 [sec]]
2019-01-19 12:39:33,876 :[Epoch: 2/200] [Batch: 10924/20019] [D loss: -0.564651] [G loss: 8.159998] [ElapsedTime: 149744.87 [sec]]
2019-01-19 12:40:02,234 :[Epoch: 2/200] [Iteration: 91000] [Inception Score: 5.66] [Max Score Ever: 6.51]
2019-01-19 12:45:48,044 :[Epoch: 2/200] [Batch: 11024/20019] [D loss: -0.843778] [G loss: 7.962682] [ElapsedTime: 150119.04 [sec]]
2019-01-19 12:51:26,492 :[Epoch: 2/200] [Batch: 11124/20019] [D loss: -0.712814] [G loss: 8.066198] [ElapsedTime: 150457.49 [sec]]
2019-01-19 12:57:06,210 :[Epoch: 2/200] [Batch: 11224/20019] [D loss: -0.830138] [G loss: 7.756147] [ElapsedTime: 150797.18 [sec]]
2019-01-19 13:03:47,730 :[Epoch: 2/200] [Batch: 11324/20019] [D loss: -0.849713] [G loss: 8.789011] [ElapsedTime: 151198.71 [sec]]
2019-01-19 13:10:01,497 :[Epoch: 2/200] [Batch: 11424/20019] [D loss: -0.060237] [G loss: 8.690272] [ElapsedTime: 151572.49 [sec]]
2019-01-19 13:16:07,524 :[Epoch: 2/200] [Batch: 11524/20019] [D loss: -0.125415] [G loss: 6.610821] [ElapsedTime: 151938.52 [sec]]
2019-01-19 13:22:12,273 :[Epoch: 2/200] [Batch: 11624/20019] [D loss: -0.156164] [G loss: 7.612947] [ElapsedTime: 152303.26 [sec]]
2019-01-19 13:28:15,765 :[Epoch: 2/200] [Batch: 11724/20019] [D loss: -0.355609] [G loss: 8.772077] [ElapsedTime: 152666.76 [sec]]
2019-01-19 13:34:11,132 :[Epoch: 2/200] [Batch: 11824/20019] [D loss: -0.560738] [G loss: 8.452939] [ElapsedTime: 153022.07 [sec]]
2019-01-19 13:40:01,549 :[Epoch: 2/200] [Batch: 11924/20019] [D loss: -0.558228] [G loss: 9.032876] [ElapsedTime: 153372.53 [sec]]
2019-01-19 13:40:28,640 :[Epoch: 2/200] [Iteration: 92000] [Inception Score: 6.49] [Max Score Ever: 6.51]
2019-01-19 13:46:24,435 :[Epoch: 2/200] [Batch: 12024/20019] [D loss: -1.130947] [G loss: 8.956615] [ElapsedTime: 153755.43 [sec]]
2019-01-19 13:52:16,505 :[Epoch: 2/200] [Batch: 12124/20019] [D loss: 0.224675] [G loss: 7.333229] [ElapsedTime: 154107.50 [sec]]
2019-01-19 13:58:03,503 :[Epoch: 2/200] [Batch: 12224/20019] [D loss: -0.611056] [G loss: 8.557856] [ElapsedTime: 154454.50 [sec]]
2019-01-19 14:04:47,163 :[Epoch: 2/200] [Batch: 12324/20019] [D loss: -0.572996] [G loss: 8.247828] [ElapsedTime: 154858.16 [sec]]
2019-01-19 14:10:52,510 :[Epoch: 2/200] [Batch: 12424/20019] [D loss: -0.652568] [G loss: 8.010271] [ElapsedTime: 155223.47 [sec]]
2019-01-19 14:16:56,542 :[Epoch: 2/200] [Batch: 12524/20019] [D loss: -0.572291] [G loss: 7.682500] [ElapsedTime: 155587.54 [sec]]
2019-01-19 14:22:58,370 :[Epoch: 2/200] [Batch: 12624/20019] [D loss: -0.521535] [G loss: 8.162320] [ElapsedTime: 155949.37 [sec]]
2019-01-19 14:28:58,069 :[Epoch: 2/200] [Batch: 12724/20019] [D loss: 0.005557] [G loss: 8.645157] [ElapsedTime: 156309.01 [sec]]
2019-01-19 14:34:50,479 :[Epoch: 2/200] [Batch: 12824/20019] [D loss: -0.154600] [G loss: 7.211323] [ElapsedTime: 156661.47 [sec]]
2019-01-19 14:40:47,034 :[Epoch: 2/200] [Batch: 12924/20019] [D loss: -0.561943] [G loss: 7.936464] [ElapsedTime: 157018.03 [sec]]
2019-01-19 14:41:17,622 :[Epoch: 2/200] [Iteration: 93000] [Inception Score: 6.12] [Max Score Ever: 6.51]
2019-01-19 14:47:10,421 :[Epoch: 2/200] [Batch: 13024/20019] [D loss: -0.632231] [G loss: 7.708924] [ElapsedTime: 157401.41 [sec]]
2019-01-19 14:52:52,905 :[Epoch: 2/200] [Batch: 13124/20019] [D loss: -0.701104] [G loss: 8.077783] [ElapsedTime: 157743.88 [sec]]
2019-01-19 14:58:29,514 :[Epoch: 2/200] [Batch: 13224/20019] [D loss: -0.723863] [G loss: 8.694458] [ElapsedTime: 158080.46 [sec]]
2019-01-19 15:05:26,677 :[Epoch: 2/200] [Batch: 13324/20019] [D loss: -1.208333] [G loss: 7.448696] [ElapsedTime: 158497.67 [sec]]
2019-01-19 15:11:43,503 :[Epoch: 2/200] [Batch: 13424/20019] [D loss: -0.525880] [G loss: 8.531459] [ElapsedTime: 158874.50 [sec]]
2019-01-19 15:18:05,227 :[Epoch: 2/200] [Batch: 13524/20019] [D loss: -0.510052] [G loss: 7.811888] [ElapsedTime: 159256.04 [sec]]
2019-01-19 15:24:06,118 :[Epoch: 2/200] [Batch: 13624/20019] [D loss: -0.760506] [G loss: 8.408660] [ElapsedTime: 159617.09 [sec]]
2019-01-19 15:29:59,809 :[Epoch: 2/200] [Batch: 13724/20019] [D loss: -0.543925] [G loss: 7.667077] [ElapsedTime: 159970.80 [sec]]
2019-01-19 15:36:03,615 :[Epoch: 2/200] [Batch: 13824/20019] [D loss: -0.930521] [G loss: 8.612087] [ElapsedTime: 160334.57 [sec]]
2019-01-19 15:41:55,981 :[Epoch: 2/200] [Batch: 13924/20019] [D loss: -1.642974] [G loss: 7.781013] [ElapsedTime: 160686.95 [sec]]
2019-01-19 15:42:25,468 :[Epoch: 2/200] [Iteration: 94000] [Inception Score: 6.25] [Max Score Ever: 6.51]
2019-01-19 15:48:21,832 :[Epoch: 2/200] [Batch: 14024/20019] [D loss: -0.369278] [G loss: 9.259655] [ElapsedTime: 161072.83 [sec]]
2019-01-19 15:54:13,461 :[Epoch: 2/200] [Batch: 14124/20019] [D loss: -0.560193] [G loss: 8.667390] [ElapsedTime: 161424.40 [sec]]
2019-01-19 16:00:03,531 :[Epoch: 2/200] [Batch: 14224/20019] [D loss: -0.024285] [G loss: 7.795026] [ElapsedTime: 161774.43 [sec]]
2019-01-19 16:07:00,136 :[Epoch: 2/200] [Batch: 14324/20019] [D loss: -0.996328] [G loss: 9.324778] [ElapsedTime: 162191.13 [sec]]
2019-01-19 16:13:11,807 :[Epoch: 2/200] [Batch: 14424/20019] [D loss: -0.347356] [G loss: 8.725917] [ElapsedTime: 162562.79 [sec]]
