2019-01-17 19:00:22,183 :resume: loaded models
2019-01-17 19:00:22,184 :generator_model_0001
2019-01-17 19:00:22,184 :discriminator_model_0001
2019-01-17 19:00:27,211 :[Epoch: 2/200] [Batch: 5962/20019] [D loss: -0.561482] [G loss: 11.342370] [ElapsedTime: 5.82 [sec]]
2019-01-17 19:01:01,992 :[Epoch: 2/200] [Iteration: 46000] [Inception Score: 5.71] [Max Score Ever: 5.71]
2019-01-17 19:05:51,722 :[Epoch: 2/200] [Batch: 6062/20019] [D loss: -0.454004] [G loss: 12.758080] [ElapsedTime: 330.32 [sec]]
2019-01-17 19:10:11,528 :[Epoch: 2/200] [Batch: 6162/20019] [D loss: -0.300790] [G loss: 12.175702] [ElapsedTime: 590.13 [sec]]
2019-01-17 19:14:38,641 :[Epoch: 2/200] [Batch: 6262/20019] [D loss: -0.599160] [G loss: 12.695435] [ElapsedTime: 857.24 [sec]]
2019-01-17 19:19:05,610 :[Epoch: 2/200] [Batch: 6362/20019] [D loss: -0.475570] [G loss: 12.906347] [ElapsedTime: 1124.21 [sec]]
2019-01-17 19:23:37,282 :[Epoch: 2/200] [Batch: 6462/20019] [D loss: -0.721316] [G loss: 11.814522] [ElapsedTime: 1395.88 [sec]]
2019-01-17 19:28:04,825 :[Epoch: 2/200] [Batch: 6562/20019] [D loss: -0.420712] [G loss: 12.585860] [ElapsedTime: 1663.43 [sec]]
2019-01-17 19:32:26,665 :[Epoch: 2/200] [Batch: 6662/20019] [D loss: -0.572548] [G loss: 13.270904] [ElapsedTime: 1925.27 [sec]]
2019-01-17 19:36:49,390 :[Epoch: 2/200] [Batch: 6762/20019] [D loss: -0.664978] [G loss: 12.302035] [ElapsedTime: 2187.99 [sec]]
2019-01-17 19:41:13,865 :[Epoch: 2/200] [Batch: 6862/20019] [D loss: -0.886703] [G loss: 13.417663] [ElapsedTime: 2452.47 [sec]]
2019-01-17 19:45:31,379 :[Epoch: 2/200] [Batch: 6962/20019] [D loss: -0.154010] [G loss: 11.884721] [ElapsedTime: 2709.98 [sec]]
2019-01-17 19:45:52,993 :[Epoch: 2/200] [Iteration: 47000] [Inception Score: 5.87] [Max Score Ever: 5.87]
2019-01-17 19:50:08,756 :[Epoch: 2/200] [Batch: 7062/20019] [D loss: -0.612302] [G loss: 12.561743] [ElapsedTime: 2987.36 [sec]]
2019-01-17 19:54:22,948 :[Epoch: 2/200] [Batch: 7162/20019] [D loss: -0.544691] [G loss: 13.876437] [ElapsedTime: 3241.55 [sec]]
2019-01-17 19:58:32,381 :[Epoch: 2/200] [Batch: 7262/20019] [D loss: -1.002409] [G loss: 13.254669] [ElapsedTime: 3490.98 [sec]]
2019-01-17 20:02:56,858 :[Epoch: 2/200] [Batch: 7362/20019] [D loss: -0.438591] [G loss: 12.584541] [ElapsedTime: 3755.46 [sec]]
2019-01-17 20:08:07,326 :[Epoch: 2/200] [Batch: 7462/20019] [D loss: -0.578368] [G loss: 13.194304] [ElapsedTime: 4065.93 [sec]]
2019-01-17 20:14:11,842 :[Epoch: 2/200] [Batch: 7562/20019] [D loss: -0.600723] [G loss: 12.819862] [ElapsedTime: 4430.44 [sec]]
2019-01-17 20:20:07,549 :[Epoch: 2/200] [Batch: 7662/20019] [D loss: -0.731825] [G loss: 12.505513] [ElapsedTime: 4786.15 [sec]]
2019-01-17 20:25:41,804 :[Epoch: 2/200] [Batch: 7762/20019] [D loss: -0.731598] [G loss: 12.879871] [ElapsedTime: 5120.40 [sec]]
2019-01-17 20:31:09,146 :[Epoch: 2/200] [Batch: 7862/20019] [D loss: -0.396507] [G loss: 12.684161] [ElapsedTime: 5447.75 [sec]]
2019-01-17 20:36:24,477 :[Epoch: 2/200] [Batch: 7962/20019] [D loss: -0.587670] [G loss: 13.738422] [ElapsedTime: 5763.08 [sec]]
2019-01-17 20:36:36,636 :[Epoch: 2/200] [Iteration: 48000] [Inception Score: 5.92] [Max Score Ever: 5.92]
2019-01-17 20:41:56,989 :[Epoch: 2/200] [Batch: 8062/20019] [D loss: -0.624344] [G loss: 12.317186] [ElapsedTime: 6095.54 [sec]]
2019-01-17 20:47:02,466 :[Epoch: 2/200] [Batch: 8162/20019] [D loss: -0.969036] [G loss: 11.915236] [ElapsedTime: 6401.05 [sec]]
2019-01-17 20:52:12,542 :[Epoch: 2/200] [Batch: 8262/20019] [D loss: -0.506648] [G loss: 12.238384] [ElapsedTime: 6711.14 [sec]]
2019-01-17 20:56:58,088 :[Epoch: 2/200] [Batch: 8362/20019] [D loss: -0.958210] [G loss: 13.364476] [ElapsedTime: 6996.69 [sec]]
2019-01-17 21:02:08,460 :[Epoch: 2/200] [Batch: 8462/20019] [D loss: -0.647318] [G loss: 12.586458] [ElapsedTime: 7307.06 [sec]]
2019-01-17 21:07:37,469 :[Epoch: 2/200] [Batch: 8562/20019] [D loss: -0.797797] [G loss: 12.981998] [ElapsedTime: 7636.02 [sec]]
2019-01-17 21:13:06,566 :[Epoch: 2/200] [Batch: 8662/20019] [D loss: -0.498265] [G loss: 13.312783] [ElapsedTime: 7965.17 [sec]]
2019-01-17 21:18:23,745 :[Epoch: 2/200] [Batch: 8762/20019] [D loss: -0.839036] [G loss: 13.115599] [ElapsedTime: 8282.35 [sec]]
2019-01-17 21:23:45,916 :[Epoch: 2/200] [Batch: 8862/20019] [D loss: -0.744683] [G loss: 14.086753] [ElapsedTime: 8604.52 [sec]]
2019-01-17 21:28:57,223 :[Epoch: 2/200] [Batch: 8962/20019] [D loss: -0.881427] [G loss: 12.843874] [ElapsedTime: 8915.82 [sec]]
2019-01-17 21:29:21,117 :[Epoch: 2/200] [Iteration: 49000] [Inception Score: 5.93] [Max Score Ever: 5.93]
2019-01-17 21:34:40,242 :[Epoch: 2/200] [Batch: 9062/20019] [D loss: -0.659017] [G loss: 12.589221] [ElapsedTime: 9258.79 [sec]]
2019-01-17 21:39:54,228 :[Epoch: 2/200] [Batch: 9162/20019] [D loss: -0.700162] [G loss: 11.821608] [ElapsedTime: 9572.77 [sec]]
2019-01-17 21:45:10,698 :[Epoch: 2/200] [Batch: 9262/20019] [D loss: -0.941787] [G loss: 13.925352] [ElapsedTime: 9889.30 [sec]]
2019-01-17 21:50:18,507 :[Epoch: 2/200] [Batch: 9362/20019] [D loss: -0.312737] [G loss: 12.129873] [ElapsedTime: 10197.11 [sec]]
2019-01-17 21:55:22,347 :[Epoch: 2/200] [Batch: 9462/20019] [D loss: -0.099203] [G loss: 12.446419] [ElapsedTime: 10500.95 [sec]]
2019-01-17 22:00:23,643 :[Epoch: 2/200] [Batch: 9562/20019] [D loss: -1.173071] [G loss: 14.041410] [ElapsedTime: 10802.24 [sec]]
2019-01-17 22:06:19,561 :[Epoch: 2/200] [Batch: 9662/20019] [D loss: 0.137775] [G loss: 12.826706] [ElapsedTime: 11158.16 [sec]]
2019-01-17 22:11:20,965 :[Epoch: 2/200] [Batch: 9762/20019] [D loss: -0.628677] [G loss: 13.014787] [ElapsedTime: 11459.57 [sec]]
2019-01-17 22:16:21,504 :[Epoch: 2/200] [Batch: 9862/20019] [D loss: -0.810429] [G loss: 13.449440] [ElapsedTime: 11760.11 [sec]]
2019-01-17 22:21:24,389 :[Epoch: 2/200] [Batch: 9962/20019] [D loss: -1.219297] [G loss: 13.658607] [ElapsedTime: 12062.99 [sec]]
2019-01-17 22:21:47,964 :[Epoch: 2/200] [Iteration: 50000] [Inception Score: 5.96] [Max Score Ever: 5.96]
2019-01-17 22:27:00,205 :[Epoch: 2/200] [Batch: 10062/20019] [D loss: -0.974170] [G loss: 13.657907] [ElapsedTime: 12398.80 [sec]]
2019-01-17 22:32:02,565 :[Epoch: 2/200] [Batch: 10162/20019] [D loss: -0.400977] [G loss: 13.055367] [ElapsedTime: 12701.17 [sec]]
2019-01-17 22:37:05,980 :[Epoch: 2/200] [Batch: 10262/20019] [D loss: 0.052172] [G loss: 13.694807] [ElapsedTime: 13004.58 [sec]]
2019-01-17 22:42:07,055 :[Epoch: 2/200] [Batch: 10362/20019] [D loss: -0.477355] [G loss: 14.030988] [ElapsedTime: 13305.66 [sec]]
2019-01-17 22:47:05,729 :[Epoch: 2/200] [Batch: 10462/20019] [D loss: -0.482308] [G loss: 14.082685] [ElapsedTime: 13604.33 [sec]]
2019-01-17 22:52:01,048 :[Epoch: 2/200] [Batch: 10562/20019] [D loss: -0.671415] [G loss: 13.871138] [ElapsedTime: 13899.62 [sec]]
2019-01-17 22:57:03,520 :[Epoch: 2/200] [Batch: 10662/20019] [D loss: -0.817213] [G loss: 13.677820] [ElapsedTime: 14202.10 [sec]]
2019-01-17 23:02:37,883 :[Epoch: 2/200] [Batch: 10762/20019] [D loss: -0.585684] [G loss: 12.846633] [ElapsedTime: 14536.48 [sec]]
2019-01-17 23:08:09,234 :[Epoch: 2/200] [Batch: 10862/20019] [D loss: -0.393045] [G loss: 13.805500] [ElapsedTime: 14867.84 [sec]]
2019-01-17 23:13:55,865 :[Epoch: 2/200] [Batch: 10962/20019] [D loss: -0.177748] [G loss: 13.547424] [ElapsedTime: 15214.47 [sec]]
2019-01-17 23:14:19,126 :[Epoch: 2/200] [Iteration: 51000] [Inception Score: 5.70] [Max Score Ever: 5.96]
2019-01-17 23:20:00,409 :[Epoch: 2/200] [Batch: 11062/20019] [D loss: -0.116866] [G loss: 13.766878] [ElapsedTime: 15578.98 [sec]]
2019-01-17 23:25:37,222 :[Epoch: 2/200] [Batch: 11162/20019] [D loss: -0.651012] [G loss: 13.050600] [ElapsedTime: 15915.82 [sec]]
2019-01-17 23:30:44,574 :[Epoch: 2/200] [Batch: 11262/20019] [D loss: -0.349531] [G loss: 14.565145] [ElapsedTime: 16223.11 [sec]]
2019-01-17 23:35:52,443 :[Epoch: 2/200] [Batch: 11362/20019] [D loss: -0.679354] [G loss: 14.463803] [ElapsedTime: 16531.04 [sec]]
2019-01-17 23:40:52,292 :[Epoch: 2/200] [Batch: 11462/20019] [D loss: -0.118266] [G loss: 12.667043] [ElapsedTime: 16830.89 [sec]]
2019-01-17 23:46:03,833 :[Epoch: 2/200] [Batch: 11562/20019] [D loss: -0.482016] [G loss: 14.012852] [ElapsedTime: 17142.42 [sec]]
2019-01-17 23:51:26,109 :[Epoch: 2/200] [Batch: 11662/20019] [D loss: -0.386642] [G loss: 13.088103] [ElapsedTime: 17464.71 [sec]]
2019-01-17 23:57:12,587 :[Epoch: 2/200] [Batch: 11762/20019] [D loss: -0.371476] [G loss: 14.349418] [ElapsedTime: 17811.19 [sec]]
2019-01-18 00:03:36,422 :[Epoch: 2/200] [Batch: 11862/20019] [D loss: -0.207575] [G loss: 14.540534] [ElapsedTime: 18195.02 [sec]]
2019-01-18 00:09:48,800 :[Epoch: 2/200] [Batch: 11962/20019] [D loss: -1.151164] [G loss: 14.072810] [ElapsedTime: 18567.37 [sec]]
2019-01-18 00:10:14,706 :[Epoch: 2/200] [Iteration: 52000] [Inception Score: 5.82] [Max Score Ever: 5.96]
2019-01-18 00:16:22,070 :[Epoch: 2/200] [Batch: 12062/20019] [D loss: -0.801342] [G loss: 14.505052] [ElapsedTime: 18960.60 [sec]]
2019-01-18 00:22:20,200 :[Epoch: 2/200] [Batch: 12162/20019] [D loss: -0.147243] [G loss: 13.721250] [ElapsedTime: 19318.80 [sec]]
2019-01-18 00:28:02,883 :[Epoch: 2/200] [Batch: 12262/20019] [D loss: -0.730049] [G loss: 13.826766] [ElapsedTime: 19661.48 [sec]]
2019-01-18 00:33:46,831 :[Epoch: 2/200] [Batch: 12362/20019] [D loss: -0.618510] [G loss: 13.953327] [ElapsedTime: 20005.43 [sec]]
2019-01-18 00:39:29,683 :[Epoch: 2/200] [Batch: 12462/20019] [D loss: -0.495613] [G loss: 14.400243] [ElapsedTime: 20348.30 [sec]]
2019-01-18 00:45:12,892 :[Epoch: 2/200] [Batch: 12562/20019] [D loss: -0.776130] [G loss: 14.719605] [ElapsedTime: 20691.49 [sec]]
2019-01-18 00:50:40,061 :[Epoch: 2/200] [Batch: 12662/20019] [D loss: -0.423912] [G loss: 14.572439] [ElapsedTime: 21018.60 [sec]]
2019-01-18 00:55:53,867 :[Epoch: 2/200] [Batch: 12762/20019] [D loss: -0.154376] [G loss: 13.537229] [ElapsedTime: 21332.44 [sec]]
2019-01-18 01:01:11,506 :[Epoch: 2/200] [Batch: 12862/20019] [D loss: -0.184780] [G loss: 13.074621] [ElapsedTime: 21650.09 [sec]]
2019-01-18 01:07:20,167 :[Epoch: 2/200] [Batch: 12962/20019] [D loss: -0.517484] [G loss: 13.820015] [ElapsedTime: 22018.77 [sec]]
2019-01-18 01:07:46,857 :[Epoch: 2/200] [Iteration: 53000] [Inception Score: 5.96] [Max Score Ever: 5.96]
2019-01-18 01:13:16,700 :[Epoch: 2/200] [Batch: 13062/20019] [D loss: -0.480898] [G loss: 14.037348] [ElapsedTime: 22375.30 [sec]]
2019-01-18 01:18:45,762 :[Epoch: 2/200] [Batch: 13162/20019] [D loss: -0.463040] [G loss: 14.096910] [ElapsedTime: 22704.06 [sec]]
2019-01-18 01:24:10,161 :[Epoch: 2/200] [Batch: 13262/20019] [D loss: -0.210819] [G loss: 13.615872] [ElapsedTime: 23028.71 [sec]]
2019-01-18 01:29:31,612 :[Epoch: 2/200] [Batch: 13362/20019] [D loss: -0.259052] [G loss: 14.598186] [ElapsedTime: 23350.21 [sec]]
2019-01-18 01:34:57,358 :[Epoch: 2/200] [Batch: 13462/20019] [D loss: -0.726213] [G loss: 15.314478] [ElapsedTime: 23675.96 [sec]]
2019-01-18 01:40:23,259 :[Epoch: 2/200] [Batch: 13562/20019] [D loss: -1.371710] [G loss: 13.596661] [ElapsedTime: 24001.78 [sec]]
2019-01-18 01:45:48,688 :[Epoch: 2/200] [Batch: 13662/20019] [D loss: -0.265162] [G loss: 14.484797] [ElapsedTime: 24327.29 [sec]]
2019-01-18 01:51:01,373 :[Epoch: 2/200] [Batch: 13762/20019] [D loss: -0.472218] [G loss: 13.971962] [ElapsedTime: 24639.97 [sec]]
2019-01-18 01:56:13,369 :[Epoch: 2/200] [Batch: 13862/20019] [D loss: -0.481284] [G loss: 13.808128] [ElapsedTime: 24951.97 [sec]]
2019-01-18 02:01:59,397 :[Epoch: 2/200] [Batch: 13962/20019] [D loss: -0.515082] [G loss: 14.454142] [ElapsedTime: 25297.93 [sec]]
2019-01-18 02:02:29,557 :[Epoch: 2/200] [Iteration: 54000] [Inception Score: 5.91] [Max Score Ever: 5.96]
2019-01-18 02:07:55,068 :[Epoch: 2/200] [Batch: 14062/20019] [D loss: 0.035572] [G loss: 14.711302] [ElapsedTime: 25653.67 [sec]]
2019-01-18 02:13:23,549 :[Epoch: 2/200] [Batch: 14162/20019] [D loss: -0.825377] [G loss: 15.068608] [ElapsedTime: 25982.15 [sec]]
2019-01-18 02:19:06,832 :[Epoch: 2/200] [Batch: 14262/20019] [D loss: -0.452365] [G loss: 14.431679] [ElapsedTime: 26325.43 [sec]]
2019-01-18 02:24:27,589 :[Epoch: 2/200] [Batch: 14362/20019] [D loss: -0.495037] [G loss: 15.870391] [ElapsedTime: 26646.12 [sec]]
2019-01-18 02:29:42,864 :[Epoch: 2/200] [Batch: 14462/20019] [D loss: -0.443443] [G loss: 14.892775] [ElapsedTime: 26961.46 [sec]]
2019-01-18 02:34:52,488 :[Epoch: 2/200] [Batch: 14562/20019] [D loss: -0.262783] [G loss: 15.221742] [ElapsedTime: 27271.09 [sec]]
2019-01-18 02:40:02,201 :[Epoch: 2/200] [Batch: 14662/20019] [D loss: 0.180227] [G loss: 13.873922] [ElapsedTime: 27580.80 [sec]]
2019-01-18 02:45:15,734 :[Epoch: 2/200] [Batch: 14762/20019] [D loss: -0.681137] [G loss: 14.439577] [ElapsedTime: 27894.34 [sec]]
2019-01-18 02:50:30,465 :[Epoch: 2/200] [Batch: 14862/20019] [D loss: -0.369712] [G loss: 15.803864] [ElapsedTime: 28209.05 [sec]]
2019-01-18 02:55:29,244 :[Epoch: 2/200] [Batch: 14962/20019] [D loss: -0.098232] [G loss: 14.418289] [ElapsedTime: 28507.85 [sec]]
2019-01-18 02:55:49,146 :[Epoch: 2/200] [Iteration: 55000] [Inception Score: 5.85] [Max Score Ever: 5.96]
2019-01-18 03:00:42,281 :[Epoch: 2/200] [Batch: 15062/20019] [D loss: -0.407069] [G loss: 14.955725] [ElapsedTime: 28820.88 [sec]]
2019-01-18 03:07:02,752 :[Epoch: 2/200] [Batch: 15162/20019] [D loss: -0.458120] [G loss: 15.142679] [ElapsedTime: 29201.35 [sec]]
2019-01-18 03:13:14,299 :[Epoch: 2/200] [Batch: 15262/20019] [D loss: -0.264337] [G loss: 15.098534] [ElapsedTime: 29572.88 [sec]]
2019-01-18 03:19:00,880 :[Epoch: 2/200] [Batch: 15362/20019] [D loss: -0.131883] [G loss: 13.423497] [ElapsedTime: 29919.48 [sec]]
2019-01-18 03:24:41,567 :[Epoch: 2/200] [Batch: 15462/20019] [D loss: -0.117160] [G loss: 14.975105] [ElapsedTime: 30260.11 [sec]]
2019-01-18 03:30:26,372 :[Epoch: 2/200] [Batch: 15562/20019] [D loss: -0.457261] [G loss: 14.832770] [ElapsedTime: 30604.97 [sec]]
2019-01-18 03:36:04,574 :[Epoch: 2/200] [Batch: 15662/20019] [D loss: -0.124570] [G loss: 14.746194] [ElapsedTime: 30943.17 [sec]]
2019-01-18 03:41:16,783 :[Epoch: 2/200] [Batch: 15762/20019] [D loss: -0.174177] [G loss: 15.292876] [ElapsedTime: 31255.38 [sec]]
2019-01-18 03:46:26,425 :[Epoch: 2/200] [Batch: 15862/20019] [D loss: -0.700489] [G loss: 14.637199] [ElapsedTime: 31564.98 [sec]]
2019-01-18 03:51:43,685 :[Epoch: 2/200] [Batch: 15962/20019] [D loss: -0.212060] [G loss: 15.252457] [ElapsedTime: 31882.29 [sec]]
2019-01-18 03:52:06,697 :[Epoch: 2/200] [Iteration: 56000] [Inception Score: 5.57] [Max Score Ever: 5.96]
2019-01-18 03:57:24,762 :[Epoch: 2/200] [Batch: 16062/20019] [D loss: -0.778782] [G loss: 16.063768] [ElapsedTime: 32223.36 [sec]]
2019-01-18 04:03:35,321 :[Epoch: 2/200] [Batch: 16162/20019] [D loss: -0.373526] [G loss: 15.612697] [ElapsedTime: 32593.92 [sec]]
2019-01-18 04:09:12,101 :[Epoch: 2/200] [Batch: 16262/20019] [D loss: -0.235907] [G loss: 14.825395] [ElapsedTime: 32930.70 [sec]]
2019-01-18 04:14:53,236 :[Epoch: 2/200] [Batch: 16362/20019] [D loss: -0.705794] [G loss: 15.042406] [ElapsedTime: 33271.84 [sec]]
2019-01-18 04:20:24,644 :[Epoch: 2/200] [Batch: 16462/20019] [D loss: -0.104821] [G loss: 14.520496] [ElapsedTime: 33603.22 [sec]]
2019-01-18 04:25:55,843 :[Epoch: 2/200] [Batch: 16562/20019] [D loss: -0.549469] [G loss: 14.752716] [ElapsedTime: 33934.44 [sec]]
2019-01-18 04:31:13,537 :[Epoch: 2/200] [Batch: 16662/20019] [D loss: -0.405882] [G loss: 14.798821] [ElapsedTime: 34252.02 [sec]]
2019-01-18 04:36:39,560 :[Epoch: 2/200] [Batch: 16762/20019] [D loss: -0.704253] [G loss: 15.463387] [ElapsedTime: 34578.16 [sec]]
2019-01-18 04:42:08,995 :[Epoch: 2/200] [Batch: 16862/20019] [D loss: -0.366000] [G loss: 15.471182] [ElapsedTime: 34907.60 [sec]]
2019-01-18 04:47:32,851 :[Epoch: 2/200] [Batch: 16962/20019] [D loss: -0.863868] [G loss: 16.235394] [ElapsedTime: 35231.45 [sec]]
2019-01-18 04:47:57,961 :[Epoch: 2/200] [Iteration: 57000] [Inception Score: 6.40] [Max Score Ever: 6.40]
2019-01-18 04:53:24,641 :[Epoch: 2/200] [Batch: 17062/20019] [D loss: -0.953538] [G loss: 15.694339] [ElapsedTime: 35583.19 [sec]]
2019-01-18 04:58:51,661 :[Epoch: 2/200] [Batch: 17162/20019] [D loss: -0.306568] [G loss: 14.507574] [ElapsedTime: 35910.24 [sec]]
2019-01-18 05:05:19,693 :[Epoch: 2/200] [Batch: 17262/20019] [D loss: -0.916017] [G loss: 15.973505] [ElapsedTime: 36298.28 [sec]]
2019-01-18 05:10:47,833 :[Epoch: 2/200] [Batch: 17362/20019] [D loss: -0.849466] [G loss: 16.326262] [ElapsedTime: 36626.43 [sec]]
2019-01-18 05:16:19,387 :[Epoch: 2/200] [Batch: 17462/20019] [D loss: -0.371025] [G loss: 14.788222] [ElapsedTime: 36957.93 [sec]]
2019-01-18 05:21:59,786 :[Epoch: 2/200] [Batch: 17562/20019] [D loss: 0.220184] [G loss: 14.772783] [ElapsedTime: 37298.37 [sec]]
2019-01-18 05:27:39,092 :[Epoch: 2/200] [Batch: 17662/20019] [D loss: -0.333065] [G loss: 14.558571] [ElapsedTime: 37637.69 [sec]]
2019-01-18 05:33:17,236 :[Epoch: 2/200] [Batch: 17762/20019] [D loss: -0.724814] [G loss: 14.367842] [ElapsedTime: 37975.84 [sec]]
2019-01-18 05:38:43,337 :[Epoch: 2/200] [Batch: 17862/20019] [D loss: -1.543119] [G loss: 14.997208] [ElapsedTime: 38301.85 [sec]]
2019-01-18 05:43:56,963 :[Epoch: 2/200] [Batch: 17962/20019] [D loss: -0.827962] [G loss: 15.723839] [ElapsedTime: 38615.56 [sec]]
2019-01-18 05:44:20,785 :[Epoch: 2/200] [Iteration: 58000] [Inception Score: 5.75] [Max Score Ever: 6.40]
2019-01-18 05:49:31,958 :[Epoch: 2/200] [Batch: 18062/20019] [D loss: -1.267498] [G loss: 14.717679] [ElapsedTime: 38950.56 [sec]]
2019-01-18 05:54:50,663 :[Epoch: 2/200] [Batch: 18162/20019] [D loss: -0.475034] [G loss: 16.640453] [ElapsedTime: 39269.26 [sec]]
2019-01-18 05:59:57,958 :[Epoch: 2/200] [Batch: 18262/20019] [D loss: -0.494404] [G loss: 15.886153] [ElapsedTime: 39576.49 [sec]]
2019-01-18 06:05:47,792 :[Epoch: 2/200] [Batch: 18362/20019] [D loss: -0.704563] [G loss: 15.653796] [ElapsedTime: 39926.39 [sec]]
2019-01-18 06:10:58,037 :[Epoch: 2/200] [Batch: 18462/20019] [D loss: -0.285621] [G loss: 14.815573] [ElapsedTime: 40236.64 [sec]]
2019-01-18 06:16:29,604 :[Epoch: 2/200] [Batch: 18562/20019] [D loss: -0.092203] [G loss: 15.609231] [ElapsedTime: 40568.21 [sec]]
2019-01-18 06:22:06,129 :[Epoch: 2/200] [Batch: 18662/20019] [D loss: -0.411686] [G loss: 16.170385] [ElapsedTime: 40904.73 [sec]]
2019-01-18 06:27:33,468 :[Epoch: 2/200] [Batch: 18762/20019] [D loss: -0.654306] [G loss: 14.752582] [ElapsedTime: 41232.06 [sec]]
2019-01-18 06:32:59,790 :[Epoch: 2/200] [Batch: 18862/20019] [D loss: -0.276607] [G loss: 14.513701] [ElapsedTime: 41558.38 [sec]]
2019-01-18 06:38:20,815 :[Epoch: 2/200] [Batch: 18962/20019] [D loss: -0.702265] [G loss: 15.325302] [ElapsedTime: 41879.33 [sec]]
2019-01-18 06:38:47,847 :[Epoch: 2/200] [Iteration: 59000] [Inception Score: 6.34] [Max Score Ever: 6.40]
2019-01-18 06:44:07,338 :[Epoch: 2/200] [Batch: 19062/20019] [D loss: -0.502578] [G loss: 16.274994] [ElapsedTime: 42225.94 [sec]]
2019-01-18 06:49:32,101 :[Epoch: 2/200] [Batch: 19162/20019] [D loss: -0.639793] [G loss: 14.663846] [ElapsedTime: 42550.69 [sec]]
2019-01-18 06:54:49,510 :[Epoch: 2/200] [Batch: 19262/20019] [D loss: -0.540418] [G loss: 15.125023] [ElapsedTime: 42868.10 [sec]]
2019-01-18 07:00:00,145 :[Epoch: 2/200] [Batch: 19362/20019] [D loss: -0.895766] [G loss: 16.727028] [ElapsedTime: 43178.72 [sec]]
2019-01-18 07:06:33,419 :[Epoch: 2/200] [Batch: 19462/20019] [D loss: -1.105064] [G loss: 15.146700] [ElapsedTime: 43572.02 [sec]]
2019-01-18 07:12:38,297 :[Epoch: 2/200] [Batch: 19562/20019] [D loss: -0.649370] [G loss: 16.330610] [ElapsedTime: 43936.90 [sec]]
2019-01-18 07:18:21,406 :[Epoch: 2/200] [Batch: 19662/20019] [D loss: 0.043174] [G loss: 15.126446] [ElapsedTime: 44279.99 [sec]]
2019-01-18 07:23:59,624 :[Epoch: 2/200] [Batch: 19762/20019] [D loss: -1.422050] [G loss: 15.266436] [ElapsedTime: 44618.20 [sec]]
2019-01-18 07:29:37,064 :[Epoch: 2/200] [Batch: 19862/20019] [D loss: -0.625244] [G loss: 16.286636] [ElapsedTime: 44955.66 [sec]]
2019-01-18 07:35:03,853 :[Epoch: 2/200] [Batch: 19962/20019] [D loss: -0.192613] [G loss: 14.930215] [ElapsedTime: 45282.45 [sec]]
2019-01-18 07:35:28,661 :[Epoch: 2/200] [Iteration: 60000] [Inception Score: 5.76] [Max Score Ever: 6.40]
2019-01-18 07:40:45,987 :[Epoch: 2/200] [Batch: 20062/20019] [D loss: -0.557807] [G loss: 15.209386] [ElapsedTime: 45624.59 [sec]]
2019-01-18 07:46:03,550 :[Epoch: 2/200] [Batch: 20162/20019] [D loss: 0.090967] [G loss: 14.884783] [ElapsedTime: 45942.10 [sec]]
2019-01-18 07:51:22,774 :[Epoch: 2/200] [Batch: 20262/20019] [D loss: -0.218861] [G loss: 15.255703] [ElapsedTime: 46261.35 [sec]]
2019-01-18 07:56:48,827 :[Epoch: 2/200] [Batch: 20362/20019] [D loss: -0.373239] [G loss: 15.589920] [ElapsedTime: 46587.42 [sec]]
2019-01-18 08:03:06,686 :[Epoch: 2/200] [Batch: 20462/20019] [D loss: -0.548808] [G loss: 16.094545] [ElapsedTime: 46965.26 [sec]]
2019-01-18 08:08:52,519 :[Epoch: 2/200] [Batch: 20562/20019] [D loss: -0.742484] [G loss: 15.915620] [ElapsedTime: 47311.12 [sec]]
2019-01-18 08:14:36,474 :[Epoch: 2/200] [Batch: 20662/20019] [D loss: -1.230370] [G loss: 14.057027] [ElapsedTime: 47655.06 [sec]]
2019-01-18 08:20:11,846 :[Epoch: 2/200] [Batch: 20762/20019] [D loss: -0.683122] [G loss: 15.914859] [ElapsedTime: 47990.43 [sec]]
2019-01-18 08:25:21,431 :[Epoch: 2/200] [Batch: 20862/20019] [D loss: -0.422732] [G loss: 15.546287] [ElapsedTime: 48299.99 [sec]]
2019-01-18 08:30:27,632 :[Epoch: 2/200] [Batch: 20962/20019] [D loss: -0.230055] [G loss: 16.793549] [ElapsedTime: 48606.23 [sec]]
2019-01-18 08:30:49,746 :[Epoch: 2/200] [Iteration: 61000] [Inception Score: 5.90] [Max Score Ever: 6.40]
2019-01-18 08:36:07,008 :[Epoch: 2/200] [Batch: 21062/20019] [D loss: -0.363358] [G loss: 16.111042] [ElapsedTime: 48945.61 [sec]]
2019-01-18 08:41:36,644 :[Epoch: 2/200] [Batch: 21162/20019] [D loss: -1.039859] [G loss: 15.960968] [ElapsedTime: 49275.24 [sec]]
2019-01-18 08:47:07,131 :[Epoch: 2/200] [Batch: 21262/20019] [D loss: -0.350455] [G loss: 14.989980] [ElapsedTime: 49605.73 [sec]]
2019-01-18 08:52:33,621 :[Epoch: 2/200] [Batch: 21362/20019] [D loss: -0.474078] [G loss: 16.757790] [ElapsedTime: 49932.22 [sec]]
2019-01-18 08:58:02,960 :[Epoch: 2/200] [Batch: 21462/20019] [D loss: -0.649504] [G loss: 16.793489] [ElapsedTime: 50261.55 [sec]]
2019-01-18 09:04:32,464 :[Epoch: 2/200] [Batch: 21562/20019] [D loss: -0.295921] [G loss: 16.293043] [ElapsedTime: 50651.06 [sec]]
2019-01-18 09:10:08,166 :[Epoch: 2/200] [Batch: 21662/20019] [D loss: -0.399499] [G loss: 15.814428] [ElapsedTime: 50986.77 [sec]]
2019-01-18 09:15:30,103 :[Epoch: 2/200] [Batch: 21762/20019] [D loss: -0.796092] [G loss: 15.334688] [ElapsedTime: 51308.70 [sec]]
2019-01-18 09:20:59,100 :[Epoch: 2/200] [Batch: 21862/20019] [D loss: -0.484316] [G loss: 14.941585] [ElapsedTime: 51637.70 [sec]]
2019-01-18 09:26:40,150 :[Epoch: 2/200] [Batch: 21962/20019] [D loss: -0.490988] [G loss: 16.884199] [ElapsedTime: 51978.74 [sec]]
2019-01-18 09:27:09,086 :[Epoch: 2/200] [Iteration: 62000] [Inception Score: 6.13] [Max Score Ever: 6.40]
2019-01-18 09:32:50,684 :[Epoch: 2/200] [Batch: 22062/20019] [D loss: -0.203002] [G loss: 15.736080] [ElapsedTime: 52349.28 [sec]]
2019-01-18 09:38:33,386 :[Epoch: 2/200] [Batch: 22162/20019] [D loss: -1.189481] [G loss: 16.131315] [ElapsedTime: 52691.99 [sec]]
2019-01-18 09:43:47,522 :[Epoch: 2/200] [Batch: 22262/20019] [D loss: 0.259501] [G loss: 16.364597] [ElapsedTime: 53006.04 [sec]]
2019-01-18 09:48:55,212 :[Epoch: 2/200] [Batch: 22362/20019] [D loss: -1.552407] [G loss: 15.816453] [ElapsedTime: 53313.79 [sec]]
2019-01-18 09:53:56,426 :[Epoch: 2/200] [Batch: 22462/20019] [D loss: -0.283089] [G loss: 14.640207] [ElapsedTime: 53615.03 [sec]]
2019-01-18 09:58:47,386 :[Epoch: 2/200] [Batch: 22562/20019] [D loss: -0.588634] [G loss: 15.665907] [ElapsedTime: 53905.94 [sec]]
2019-01-18 10:04:14,323 :[Epoch: 2/200] [Batch: 22662/20019] [D loss: -1.108136] [G loss: 17.193659] [ElapsedTime: 54232.92 [sec]]
2019-01-18 10:09:06,022 :[Epoch: 2/200] [Batch: 22762/20019] [D loss: -0.479972] [G loss: 15.947752] [ElapsedTime: 54524.61 [sec]]
2019-01-18 10:14:32,283 :[Epoch: 2/200] [Batch: 22862/20019] [D loss: -0.515766] [G loss: 17.254223] [ElapsedTime: 54850.82 [sec]]
2019-01-18 10:20:01,762 :[Epoch: 2/200] [Batch: 22962/20019] [D loss: -0.704698] [G loss: 16.636999] [ElapsedTime: 55180.36 [sec]]
2019-01-18 10:20:27,405 :[Epoch: 2/200] [Iteration: 63000] [Inception Score: 5.95] [Max Score Ever: 6.40]
2019-01-18 10:25:50,148 :[Epoch: 2/200] [Batch: 23062/20019] [D loss: -1.674424] [G loss: 15.928799] [ElapsedTime: 55528.74 [sec]]
2019-01-18 10:31:08,790 :[Epoch: 2/200] [Batch: 23162/20019] [D loss: -0.714874] [G loss: 17.009678] [ElapsedTime: 55847.29 [sec]]
2019-01-18 10:36:39,268 :[Epoch: 2/200] [Batch: 23262/20019] [D loss: -0.924074] [G loss: 16.460241] [ElapsedTime: 56177.87 [sec]]
2019-01-18 10:41:50,898 :[Epoch: 2/200] [Batch: 23362/20019] [D loss: -1.713029] [G loss: 16.614088] [ElapsedTime: 56489.49 [sec]]
2019-01-18 10:47:01,971 :[Epoch: 2/200] [Batch: 23462/20019] [D loss: -0.747691] [G loss: 17.684633] [ElapsedTime: 56800.53 [sec]]
2019-01-18 10:51:57,158 :[Epoch: 2/200] [Batch: 23562/20019] [D loss: 0.037402] [G loss: 15.553947] [ElapsedTime: 57095.76 [sec]]
2019-01-18 10:57:01,477 :[Epoch: 2/200] [Batch: 23662/20019] [D loss: -0.408768] [G loss: 16.536739] [ElapsedTime: 57400.08 [sec]]
2019-01-18 11:02:59,901 :[Epoch: 2/200] [Batch: 23762/20019] [D loss: -0.198087] [G loss: 15.767071] [ElapsedTime: 57758.48 [sec]]
2019-01-18 11:08:37,867 :[Epoch: 2/200] [Batch: 23862/20019] [D loss: -0.270568] [G loss: 16.244703] [ElapsedTime: 58096.47 [sec]]
2019-01-18 11:14:18,614 :[Epoch: 2/200] [Batch: 23962/20019] [D loss: -0.332856] [G loss: 17.205303] [ElapsedTime: 58437.22 [sec]]
2019-01-18 11:14:46,067 :[Epoch: 2/200] [Iteration: 64000] [Inception Score: 5.83] [Max Score Ever: 6.40]
2019-01-18 11:20:22,022 :[Epoch: 2/200] [Batch: 24062/20019] [D loss: 0.061924] [G loss: 16.116495] [ElapsedTime: 58800.62 [sec]]
2019-01-18 11:25:51,354 :[Epoch: 2/200] [Batch: 24162/20019] [D loss: -0.117299] [G loss: 16.856827] [ElapsedTime: 59129.94 [sec]]
2019-01-18 11:31:16,143 :[Epoch: 2/200] [Batch: 24262/20019] [D loss: -0.608728] [G loss: 17.043896] [ElapsedTime: 59454.74 [sec]]
2019-01-18 11:36:32,104 :[Epoch: 2/200] [Batch: 24362/20019] [D loss: -0.656689] [G loss: 16.519043] [ElapsedTime: 59770.70 [sec]]
2019-01-18 11:42:09,349 :[Epoch: 2/200] [Batch: 24462/20019] [D loss: -1.582657] [G loss: 16.215622] [ElapsedTime: 60107.95 [sec]]
2019-01-18 11:47:41,683 :[Epoch: 2/200] [Batch: 24562/20019] [D loss: -0.305409] [G loss: 16.331390] [ElapsedTime: 60440.23 [sec]]
2019-01-18 11:53:10,135 :[Epoch: 2/200] [Batch: 24662/20019] [D loss: -0.872023] [G loss: 17.219509] [ElapsedTime: 60768.74 [sec]]
2019-01-18 11:58:38,755 :[Epoch: 2/200] [Batch: 24762/20019] [D loss: -1.215930] [G loss: 17.834255] [ElapsedTime: 61097.36 [sec]]
2019-01-18 12:05:08,432 :[Epoch: 2/200] [Batch: 24862/20019] [D loss: -0.586979] [G loss: 16.106834] [ElapsedTime: 61487.03 [sec]]
2019-01-18 12:10:43,194 :[Epoch: 2/200] [Batch: 24962/20019] [D loss: -1.532527] [G loss: 17.767611] [ElapsedTime: 61821.78 [sec]]
2019-01-18 12:11:09,427 :[Epoch: 2/200] [Iteration: 65000] [Inception Score: 6.12] [Max Score Ever: 6.40]
2019-01-18 12:16:36,632 :[Epoch: 2/200] [Batch: 25062/20019] [D loss: -0.083129] [G loss: 17.142872] [ElapsedTime: 62175.23 [sec]]
2019-01-18 12:22:06,672 :[Epoch: 2/200] [Batch: 25162/20019] [D loss: -0.456800] [G loss: 16.919445] [ElapsedTime: 62505.27 [sec]]
2019-01-18 12:27:31,344 :[Epoch: 2/200] [Batch: 25262/20019] [D loss: -0.393685] [G loss: 17.573097] [ElapsedTime: 62829.95 [sec]]
2019-01-18 12:32:56,733 :[Epoch: 2/200] [Batch: 25362/20019] [D loss: -0.477049] [G loss: 17.424484] [ElapsedTime: 63155.27 [sec]]
2019-01-18 12:38:34,908 :[Epoch: 2/200] [Batch: 25462/20019] [D loss: -0.239480] [G loss: 16.231974] [ElapsedTime: 63493.51 [sec]]
2019-01-18 12:44:04,529 :[Epoch: 2/200] [Batch: 25562/20019] [D loss: -0.032982] [G loss: 16.756487] [ElapsedTime: 63823.13 [sec]]
2019-01-18 12:49:24,921 :[Epoch: 2/200] [Batch: 25662/20019] [D loss: -2.551031] [G loss: 17.388718] [ElapsedTime: 64143.52 [sec]]
2019-01-18 12:54:43,748 :[Epoch: 2/200] [Batch: 25762/20019] [D loss: -0.657016] [G loss: 17.934860] [ElapsedTime: 64462.35 [sec]]
2019-01-18 12:59:51,383 :[Epoch: 2/200] [Batch: 25862/20019] [D loss: -1.210878] [G loss: 16.885717] [ElapsedTime: 64769.98 [sec]]
2019-01-18 13:05:28,128 :[Epoch: 2/200] [Batch: 25962/20019] [D loss: -0.959951] [G loss: 17.335045] [ElapsedTime: 65106.73 [sec]]
2019-01-18 13:05:46,732 :[Epoch: 2/200] [Iteration: 66000] [Inception Score: 5.66] [Max Score Ever: 6.40]
2019-01-18 13:10:48,238 :[Epoch: 1/200] [Batch: 6043/20019] [D loss: -0.227913] [G loss: 16.849060] [ElapsedTime: 65426.84 [sec]]
2019-01-18 13:15:41,300 :[Epoch: 1/200] [Batch: 6143/20019] [D loss: -0.442766] [G loss: 16.872396] [ElapsedTime: 65719.90 [sec]]
2019-01-18 13:20:37,277 :[Epoch: 1/200] [Batch: 6243/20019] [D loss: -0.856579] [G loss: 16.834404] [ElapsedTime: 66015.88 [sec]]
2019-01-18 13:25:34,722 :[Epoch: 1/200] [Batch: 6343/20019] [D loss: -0.999949] [G loss: 16.630411] [ElapsedTime: 66313.32 [sec]]
2019-01-18 13:30:25,422 :[Epoch: 1/200] [Batch: 6443/20019] [D loss: -0.323446] [G loss: 18.246792] [ElapsedTime: 66604.02 [sec]]
2019-01-18 13:35:11,698 :[Epoch: 1/200] [Batch: 6543/20019] [D loss: -0.864809] [G loss: 16.121826] [ElapsedTime: 66890.29 [sec]]
2019-01-18 13:39:52,405 :[Epoch: 1/200] [Batch: 6643/20019] [D loss: -0.117326] [G loss: 16.019262] [ElapsedTime: 67171.01 [sec]]
2019-01-18 13:44:33,300 :[Epoch: 1/200] [Batch: 6743/20019] [D loss: -0.594791] [G loss: 16.165920] [ElapsedTime: 67451.90 [sec]]
2019-01-18 13:49:15,208 :[Epoch: 1/200] [Batch: 6843/20019] [D loss: -0.233145] [G loss: 17.221321] [ElapsedTime: 67733.81 [sec]]
2019-01-18 13:53:56,476 :[Epoch: 1/200] [Batch: 6943/20019] [D loss: -0.920270] [G loss: 17.285908] [ElapsedTime: 68015.04 [sec]]
2019-01-18 13:54:07,374 :[Epoch: 1/200] [Iteration: 67000] [Inception Score: 6.18] [Max Score Ever: 6.40]
2019-01-18 13:58:37,104 :[Epoch: 1/200] [Batch: 7043/20019] [D loss: -0.196661] [G loss: 17.329626] [ElapsedTime: 68295.70 [sec]]
2019-01-18 14:03:58,121 :[Epoch: 1/200] [Batch: 7143/20019] [D loss: -0.984543] [G loss: 16.649296] [ElapsedTime: 68616.72 [sec]]
2019-01-18 14:08:52,259 :[Epoch: 1/200] [Batch: 7243/20019] [D loss: -1.237256] [G loss: 16.612677] [ElapsedTime: 68910.86 [sec]]
2019-01-18 14:13:40,824 :[Epoch: 1/200] [Batch: 7343/20019] [D loss: -1.199004] [G loss: 18.258766] [ElapsedTime: 69199.43 [sec]]
2019-01-18 14:18:48,168 :[Epoch: 1/200] [Batch: 7443/20019] [D loss: -0.481494] [G loss: 17.166634] [ElapsedTime: 69506.61 [sec]]
2019-01-18 14:23:52,570 :[Epoch: 1/200] [Batch: 7543/20019] [D loss: -0.540218] [G loss: 18.234737] [ElapsedTime: 69811.17 [sec]]
2019-01-18 14:28:59,991 :[Epoch: 1/200] [Batch: 7643/20019] [D loss: -0.442554] [G loss: 16.747890] [ElapsedTime: 70118.59 [sec]]
2019-01-18 14:33:53,880 :[Epoch: 1/200] [Batch: 7743/20019] [D loss: -0.145655] [G loss: 17.865164] [ElapsedTime: 70412.48 [sec]]
2019-01-18 14:38:45,056 :[Epoch: 1/200] [Batch: 7843/20019] [D loss: -0.010977] [G loss: 17.207123] [ElapsedTime: 70703.65 [sec]]
2019-01-18 14:43:33,283 :[Epoch: 1/200] [Batch: 7943/20019] [D loss: -0.410419] [G loss: 18.270277] [ElapsedTime: 70991.88 [sec]]
2019-01-18 14:43:44,868 :[Epoch: 1/200] [Iteration: 68000] [Inception Score: 5.69] [Max Score Ever: 6.40]
2019-01-18 14:48:26,523 :[Epoch: 1/200] [Batch: 8043/20019] [D loss: -0.180270] [G loss: 16.881077] [ElapsedTime: 71285.10 [sec]]
2019-01-18 14:53:05,028 :[Epoch: 1/200] [Batch: 8143/20019] [D loss: -0.571328] [G loss: 17.646240] [ElapsedTime: 71563.54 [sec]]
2019-01-18 14:57:39,349 :[Epoch: 1/200] [Batch: 8243/20019] [D loss: -1.232075] [G loss: 18.890028] [ElapsedTime: 71837.95 [sec]]
2019-01-18 15:03:09,208 :[Epoch: 1/200] [Batch: 8343/20019] [D loss: -0.633060] [G loss: 18.883200] [ElapsedTime: 72167.67 [sec]]
2019-01-18 15:08:30,025 :[Epoch: 1/200] [Batch: 8443/20019] [D loss: 0.513426] [G loss: 17.247576] [ElapsedTime: 72488.63 [sec]]
2019-01-18 15:13:44,520 :[Epoch: 1/200] [Batch: 8543/20019] [D loss: -0.577229] [G loss: 18.009138] [ElapsedTime: 72803.09 [sec]]
2019-01-18 15:18:45,906 :[Epoch: 1/200] [Batch: 8643/20019] [D loss: -0.320908] [G loss: 17.618021] [ElapsedTime: 73104.51 [sec]]
2019-01-18 15:23:41,923 :[Epoch: 1/200] [Batch: 8743/20019] [D loss: -0.156146] [G loss: 17.881197] [ElapsedTime: 73400.52 [sec]]
2019-01-18 15:28:33,712 :[Epoch: 1/200] [Batch: 8843/20019] [D loss: -1.038356] [G loss: 17.243179] [ElapsedTime: 73692.25 [sec]]
2019-01-18 15:33:19,290 :[Epoch: 1/200] [Batch: 8943/20019] [D loss: -0.428279] [G loss: 17.758263] [ElapsedTime: 73977.89 [sec]]
2019-01-18 15:33:41,295 :[Epoch: 1/200] [Iteration: 69000] [Inception Score: 5.96] [Max Score Ever: 6.40]
2019-01-18 15:38:52,054 :[Epoch: 1/200] [Batch: 9043/20019] [D loss: -0.251071] [G loss: 17.713169] [ElapsedTime: 74310.65 [sec]]
2019-01-18 15:44:06,477 :[Epoch: 1/200] [Batch: 9143/20019] [D loss: -0.372044] [G loss: 18.440033] [ElapsedTime: 74625.08 [sec]]
2019-01-18 15:49:25,198 :[Epoch: 1/200] [Batch: 9243/20019] [D loss: -1.074041] [G loss: 18.742424] [ElapsedTime: 74943.80 [sec]]
2019-01-18 15:54:34,288 :[Epoch: 1/200] [Batch: 9343/20019] [D loss: -0.438546] [G loss: 16.293818] [ElapsedTime: 75252.79 [sec]]
2019-01-18 15:59:38,684 :[Epoch: 1/200] [Batch: 9443/20019] [D loss: -0.361658] [G loss: 16.535383] [ElapsedTime: 75557.28 [sec]]
2019-01-18 16:06:06,541 :[Epoch: 1/200] [Batch: 9543/20019] [D loss: -0.526786] [G loss: 16.684372] [ElapsedTime: 75945.14 [sec]]
2019-01-18 16:11:36,585 :[Epoch: 1/200] [Batch: 9643/20019] [D loss: -0.219550] [G loss: 16.008179] [ElapsedTime: 76275.19 [sec]]
2019-01-18 16:17:11,653 :[Epoch: 1/200] [Batch: 9743/20019] [D loss: -0.844765] [G loss: 18.233410] [ElapsedTime: 76610.25 [sec]]
2019-01-18 16:22:30,886 :[Epoch: 1/200] [Batch: 9843/20019] [D loss: -0.184465] [G loss: 17.756262] [ElapsedTime: 76929.38 [sec]]
2019-01-18 16:27:41,805 :[Epoch: 1/200] [Batch: 9943/20019] [D loss: 0.050904] [G loss: 17.595812] [ElapsedTime: 77240.41 [sec]]
2019-01-18 16:28:05,729 :[Epoch: 1/200] [Iteration: 70000] [Inception Score: 5.88] [Max Score Ever: 6.40]
2019-01-18 16:33:11,226 :[Epoch: 1/200] [Batch: 10043/20019] [D loss: -0.621353] [G loss: 17.020966] [ElapsedTime: 77569.83 [sec]]
2019-01-18 16:38:18,064 :[Epoch: 1/200] [Batch: 10143/20019] [D loss: -0.260130] [G loss: 18.419533] [ElapsedTime: 77876.67 [sec]]
2019-01-18 16:43:28,368 :[Epoch: 1/200] [Batch: 10243/20019] [D loss: 0.080328] [G loss: 18.928568] [ElapsedTime: 78186.97 [sec]]
2019-01-18 16:48:37,562 :[Epoch: 1/200] [Batch: 10343/20019] [D loss: -0.565482] [G loss: 17.878447] [ElapsedTime: 78496.13 [sec]]
2019-01-18 16:53:41,393 :[Epoch: 1/200] [Batch: 10443/20019] [D loss: -1.188642] [G loss: 18.276567] [ElapsedTime: 78799.99 [sec]]
2019-01-18 16:58:38,353 :[Epoch: 1/200] [Batch: 10543/20019] [D loss: 0.332445] [G loss: 17.399561] [ElapsedTime: 79096.95 [sec]]
2019-01-18 17:04:04,147 :[Epoch: 1/200] [Batch: 10643/20019] [D loss: -0.370529] [G loss: 18.005651] [ElapsedTime: 79422.75 [sec]]
2019-01-18 17:08:59,003 :[Epoch: 1/200] [Batch: 10743/20019] [D loss: 0.084812] [G loss: 17.351070] [ElapsedTime: 79717.60 [sec]]
2019-01-18 17:13:55,945 :[Epoch: 1/200] [Batch: 10843/20019] [D loss: -0.488176] [G loss: 17.993078] [ElapsedTime: 80014.50 [sec]]
2019-01-18 17:18:57,079 :[Epoch: 1/200] [Batch: 10943/20019] [D loss: -1.740441] [G loss: 18.380268] [ElapsedTime: 80315.68 [sec]]
2019-01-18 17:19:18,389 :[Epoch: 1/200] [Iteration: 71000] [Inception Score: 6.23] [Max Score Ever: 6.40]
2019-01-18 17:24:18,182 :[Epoch: 1/200] [Batch: 11043/20019] [D loss: -0.781276] [G loss: 18.395082] [ElapsedTime: 80636.78 [sec]]
2019-01-18 17:29:02,790 :[Epoch: 1/200] [Batch: 11143/20019] [D loss: -0.684501] [G loss: 17.281458] [ElapsedTime: 80921.39 [sec]]
2019-01-18 17:33:51,183 :[Epoch: 1/200] [Batch: 11243/20019] [D loss: -0.015523] [G loss: 17.086319] [ElapsedTime: 81209.78 [sec]]
2019-01-18 17:38:28,746 :[Epoch: 1/200] [Batch: 11343/20019] [D loss: -0.337294] [G loss: 18.114222] [ElapsedTime: 81487.35 [sec]]
2019-01-18 17:43:08,543 :[Epoch: 1/200] [Batch: 11443/20019] [D loss: -0.724705] [G loss: 18.519360] [ElapsedTime: 81767.14 [sec]]
2019-01-18 17:48:02,638 :[Epoch: 1/200] [Batch: 11543/20019] [D loss: -1.410241] [G loss: 19.345955] [ElapsedTime: 82061.24 [sec]]
2019-01-18 17:52:48,571 :[Epoch: 1/200] [Batch: 11643/20019] [D loss: -0.634857] [G loss: 18.169758] [ElapsedTime: 82347.17 [sec]]
2019-01-18 17:57:47,473 :[Epoch: 1/200] [Batch: 11743/20019] [D loss: -0.953621] [G loss: 19.273184] [ElapsedTime: 82646.08 [sec]]
2019-01-18 18:03:08,806 :[Epoch: 1/200] [Batch: 11843/20019] [D loss: 0.178070] [G loss: 16.970369] [ElapsedTime: 82967.41 [sec]]
2019-01-18 18:08:35,479 :[Epoch: 1/200] [Batch: 11943/20019] [D loss: -0.461707] [G loss: 18.068392] [ElapsedTime: 83294.08 [sec]]
2019-01-18 18:08:57,706 :[Epoch: 1/200] [Iteration: 72000] [Inception Score: 6.04] [Max Score Ever: 6.40]
2019-01-18 18:14:18,613 :[Epoch: 1/200] [Batch: 12043/20019] [D loss: -0.502935] [G loss: 17.926601] [ElapsedTime: 83637.21 [sec]]
2019-01-18 18:19:39,673 :[Epoch: 1/200] [Batch: 12143/20019] [D loss: -0.669999] [G loss: 18.808151] [ElapsedTime: 83958.27 [sec]]
2019-01-18 18:24:49,205 :[Epoch: 1/200] [Batch: 12243/20019] [D loss: -0.637646] [G loss: 18.984554] [ElapsedTime: 84267.81 [sec]]
2019-01-18 18:29:50,986 :[Epoch: 1/200] [Batch: 12343/20019] [D loss: -0.450210] [G loss: 18.103348] [ElapsedTime: 84569.53 [sec]]
2019-01-18 18:34:56,422 :[Epoch: 1/200] [Batch: 12443/20019] [D loss: -0.510139] [G loss: 18.283487] [ElapsedTime: 84875.02 [sec]]
2019-01-18 18:39:50,277 :[Epoch: 1/200] [Batch: 12543/20019] [D loss: -0.267240] [G loss: 17.194021] [ElapsedTime: 85168.88 [sec]]
2019-01-18 18:44:35,033 :[Epoch: 1/200] [Batch: 12643/20019] [D loss: -0.800945] [G loss: 17.561852] [ElapsedTime: 85453.63 [sec]]
2019-01-18 18:49:15,711 :[Epoch: 1/200] [Batch: 12743/20019] [D loss: -0.738033] [G loss: 19.619122] [ElapsedTime: 85734.27 [sec]]
2019-01-18 18:53:50,510 :[Epoch: 1/200] [Batch: 12843/20019] [D loss: -0.400663] [G loss: 18.390118] [ElapsedTime: 86009.11 [sec]]
2019-01-18 18:58:16,714 :[Epoch: 1/200] [Batch: 12943/20019] [D loss: -1.313903] [G loss: 18.076273] [ElapsedTime: 86275.26 [sec]]
2019-01-18 18:58:33,882 :[Epoch: 1/200] [Iteration: 73000] [Inception Score: 6.05] [Max Score Ever: 6.40]
2019-01-18 19:04:04,008 :[Epoch: 1/200] [Batch: 13043/20019] [D loss: -0.469168] [G loss: 18.526720] [ElapsedTime: 86622.61 [sec]]
2019-01-18 19:09:27,258 :[Epoch: 1/200] [Batch: 13143/20019] [D loss: -0.279911] [G loss: 18.416916] [ElapsedTime: 86945.86 [sec]]
2019-01-18 19:14:45,331 :[Epoch: 1/200] [Batch: 13243/20019] [D loss: -0.417219] [G loss: 18.494440] [ElapsedTime: 87263.93 [sec]]
2019-01-18 19:19:52,492 :[Epoch: 1/200] [Batch: 13343/20019] [D loss: -0.906948] [G loss: 19.296597] [ElapsedTime: 87571.01 [sec]]
2019-01-18 19:24:59,043 :[Epoch: 1/200] [Batch: 13443/20019] [D loss: -0.226953] [G loss: 18.686436] [ElapsedTime: 87877.64 [sec]]
2019-01-18 19:29:55,215 :[Epoch: 1/200] [Batch: 13543/20019] [D loss: -0.689836] [G loss: 18.581459] [ElapsedTime: 88173.81 [sec]]
2019-01-18 19:34:54,302 :[Epoch: 1/200] [Batch: 13643/20019] [D loss: -0.396418] [G loss: 18.842262] [ElapsedTime: 88472.90 [sec]]
2019-01-18 19:39:48,210 :[Epoch: 1/200] [Batch: 13743/20019] [D loss: -0.609987] [G loss: 19.113956] [ElapsedTime: 88766.79 [sec]]
2019-01-18 19:45:01,238 :[Epoch: 1/200] [Batch: 13843/20019] [D loss: -0.804057] [G loss: 18.562065] [ElapsedTime: 89079.84 [sec]]
2019-01-18 19:49:58,148 :[Epoch: 1/200] [Batch: 13943/20019] [D loss: -0.300294] [G loss: 18.867872] [ElapsedTime: 89376.75 [sec]]
2019-01-18 19:50:19,357 :[Epoch: 1/200] [Iteration: 74000] [Inception Score: 6.00] [Max Score Ever: 6.40]
2019-01-18 19:55:11,484 :[Epoch: 1/200] [Batch: 14043/20019] [D loss: -0.428313] [G loss: 18.832699] [ElapsedTime: 89690.09 [sec]]
2019-01-18 20:00:02,933 :[Epoch: 1/200] [Batch: 14143/20019] [D loss: -0.336160] [G loss: 19.394835] [ElapsedTime: 89981.48 [sec]]
2019-01-18 20:05:50,063 :[Epoch: 1/200] [Batch: 14243/20019] [D loss: -0.302720] [G loss: 18.435377] [ElapsedTime: 90328.66 [sec]]
2019-01-18 20:10:49,534 :[Epoch: 1/200] [Batch: 14343/20019] [D loss: -0.034377] [G loss: 18.268936] [ElapsedTime: 90628.07 [sec]]
2019-01-18 20:15:58,560 :[Epoch: 1/200] [Batch: 14443/20019] [D loss: -0.241233] [G loss: 19.030321] [ElapsedTime: 90937.16 [sec]]
2019-01-18 20:21:12,722 :[Epoch: 1/200] [Batch: 14543/20019] [D loss: -0.032656] [G loss: 17.214039] [ElapsedTime: 91251.32 [sec]]
2019-01-18 20:26:24,105 :[Epoch: 1/200] [Batch: 14643/20019] [D loss: -0.980394] [G loss: 20.400759] [ElapsedTime: 91562.58 [sec]]
2019-01-18 20:31:28,530 :[Epoch: 1/200] [Batch: 14743/20019] [D loss: -0.893967] [G loss: 19.065809] [ElapsedTime: 91867.13 [sec]]
2019-01-18 20:36:41,172 :[Epoch: 1/200] [Batch: 14843/20019] [D loss: -1.939482] [G loss: 18.492388] [ElapsedTime: 92179.77 [sec]]
2019-01-18 20:41:49,954 :[Epoch: 1/200] [Batch: 14943/20019] [D loss: -0.830397] [G loss: 19.707737] [ElapsedTime: 92488.56 [sec]]
2019-01-18 20:42:12,238 :[Epoch: 1/200] [Iteration: 75000] [Inception Score: 5.41] [Max Score Ever: 6.40]
2019-01-18 20:47:18,071 :[Epoch: 1/200] [Batch: 15043/20019] [D loss: -0.339653] [G loss: 18.678619] [ElapsedTime: 92816.67 [sec]]
2019-01-18 20:52:23,036 :[Epoch: 1/200] [Batch: 15143/20019] [D loss: -0.640867] [G loss: 19.884720] [ElapsedTime: 93121.60 [sec]]
2019-01-18 20:57:36,495 :[Epoch: 1/200] [Batch: 15243/20019] [D loss: -0.169196] [G loss: 17.984528] [ElapsedTime: 93435.10 [sec]]
2019-01-18 21:03:26,898 :[Epoch: 1/200] [Batch: 15343/20019] [D loss: -0.218375] [G loss: 19.324289] [ElapsedTime: 93785.47 [sec]]
2019-01-18 21:08:45,127 :[Epoch: 1/200] [Batch: 15443/20019] [D loss: 0.316297] [G loss: 18.221565] [ElapsedTime: 94103.73 [sec]]
2019-01-18 21:13:59,890 :[Epoch: 1/200] [Batch: 15543/20019] [D loss: 0.182075] [G loss: 19.598080] [ElapsedTime: 94418.49 [sec]]
2019-01-18 21:19:23,925 :[Epoch: 1/200] [Batch: 15643/20019] [D loss: -0.851856] [G loss: 19.408625] [ElapsedTime: 94742.49 [sec]]
2019-01-18 21:24:40,484 :[Epoch: 1/200] [Batch: 15743/20019] [D loss: 0.226917] [G loss: 19.753729] [ElapsedTime: 95059.09 [sec]]
2019-01-18 21:29:55,626 :[Epoch: 1/200] [Batch: 15843/20019] [D loss: -0.887391] [G loss: 18.555199] [ElapsedTime: 95374.23 [sec]]
2019-01-18 21:35:27,468 :[Epoch: 1/200] [Batch: 15943/20019] [D loss: -0.451579] [G loss: 17.642300] [ElapsedTime: 95706.07 [sec]]
2019-01-18 21:35:51,126 :[Epoch: 1/200] [Iteration: 76000] [Inception Score: 5.92] [Max Score Ever: 6.40]
2019-01-18 21:41:02,818 :[Epoch: 1/200] [Batch: 16043/20019] [D loss: -0.583911] [G loss: 20.035307] [ElapsedTime: 96041.42 [sec]]
2019-01-18 21:46:12,887 :[Epoch: 1/200] [Batch: 16143/20019] [D loss: -0.409628] [G loss: 19.060572] [ElapsedTime: 96351.28 [sec]]
2019-01-18 21:51:26,797 :[Epoch: 1/200] [Batch: 16243/20019] [D loss: -0.259635] [G loss: 18.893787] [ElapsedTime: 96665.40 [sec]]
2019-01-18 21:56:36,935 :[Epoch: 1/200] [Batch: 16343/20019] [D loss: -0.878988] [G loss: 19.558857] [ElapsedTime: 96975.51 [sec]]
2019-01-18 22:02:20,471 :[Epoch: 1/200] [Batch: 16443/20019] [D loss: 0.123951] [G loss: 19.385592] [ElapsedTime: 97319.07 [sec]]
2019-01-18 22:07:37,791 :[Epoch: 1/200] [Batch: 16543/20019] [D loss: -0.747126] [G loss: 18.616879] [ElapsedTime: 97636.39 [sec]]
2019-01-18 22:12:59,585 :[Epoch: 1/200] [Batch: 16643/20019] [D loss: -1.133532] [G loss: 20.678444] [ElapsedTime: 97958.19 [sec]]
2019-01-18 22:18:17,261 :[Epoch: 1/200] [Batch: 16743/20019] [D loss: -0.450356] [G loss: 19.745657] [ElapsedTime: 98275.86 [sec]]
2019-01-18 22:23:36,636 :[Epoch: 1/200] [Batch: 16843/20019] [D loss: -0.706914] [G loss: 18.632336] [ElapsedTime: 98595.24 [sec]]
2019-01-18 22:29:06,463 :[Epoch: 1/200] [Batch: 16943/20019] [D loss: -0.612440] [G loss: 20.008152] [ElapsedTime: 98925.06 [sec]]
2019-01-18 22:29:34,499 :[Epoch: 1/200] [Iteration: 77000] [Inception Score: 5.19] [Max Score Ever: 6.40]
2019-01-18 22:35:05,708 :[Epoch: 1/200] [Batch: 17043/20019] [D loss: -1.160686] [G loss: 18.999874] [ElapsedTime: 99284.31 [sec]]
2019-01-18 22:40:25,950 :[Epoch: 1/200] [Batch: 17143/20019] [D loss: -0.283118] [G loss: 18.272581] [ElapsedTime: 99604.55 [sec]]
2019-01-18 22:46:07,386 :[Epoch: 1/200] [Batch: 17243/20019] [D loss: -0.397261] [G loss: 18.643843] [ElapsedTime: 99946.01 [sec]]
2019-01-18 22:51:28,819 :[Epoch: 1/200] [Batch: 17343/20019] [D loss: -0.726077] [G loss: 17.559944] [ElapsedTime: 100267.42 [sec]]
2019-01-18 22:56:42,545 :[Epoch: 1/200] [Batch: 17443/20019] [D loss: -0.940146] [G loss: 18.879789] [ElapsedTime: 100581.15 [sec]]
2019-01-18 23:02:26,552 :[Epoch: 1/200] [Batch: 17543/20019] [D loss: -0.207212] [G loss: 18.908064] [ElapsedTime: 100925.15 [sec]]
2019-01-18 23:08:00,928 :[Epoch: 1/200] [Batch: 17643/20019] [D loss: -1.270302] [G loss: 18.843775] [ElapsedTime: 101259.53 [sec]]
2019-01-18 23:13:51,464 :[Epoch: 1/200] [Batch: 17743/20019] [D loss: 0.092222] [G loss: 19.311834] [ElapsedTime: 101610.06 [sec]]
2019-01-18 23:19:39,465 :[Epoch: 1/200] [Batch: 17843/20019] [D loss: 0.192882] [G loss: 16.975588] [ElapsedTime: 101958.07 [sec]]
2019-01-18 23:25:06,104 :[Epoch: 1/200] [Batch: 17943/20019] [D loss: -0.772376] [G loss: 19.261572] [ElapsedTime: 102284.70 [sec]]
2019-01-18 23:25:26,167 :[Epoch: 1/200] [Iteration: 78000] [Inception Score: 5.99] [Max Score Ever: 6.40]
2019-01-18 23:30:22,221 :[Epoch: 1/200] [Batch: 18043/20019] [D loss: -0.650864] [G loss: 18.776255] [ElapsedTime: 102600.82 [sec]]
2019-01-18 23:35:25,805 :[Epoch: 1/200] [Batch: 18143/20019] [D loss: -0.356131] [G loss: 18.426702] [ElapsedTime: 102904.41 [sec]]
2019-01-18 23:40:18,139 :[Epoch: 1/200] [Batch: 18243/20019] [D loss: -0.663543] [G loss: 18.591084] [ElapsedTime: 103196.62 [sec]]
2019-01-18 23:45:04,473 :[Epoch: 1/200] [Batch: 18343/20019] [D loss: -0.324574] [G loss: 19.423044] [ElapsedTime: 103483.07 [sec]]
2019-01-18 23:49:44,438 :[Epoch: 1/200] [Batch: 18443/20019] [D loss: 0.105465] [G loss: 21.056168] [ElapsedTime: 103763.04 [sec]]
2019-01-18 23:54:27,639 :[Epoch: 1/200] [Batch: 18543/20019] [D loss: -2.064933] [G loss: 20.097605] [ElapsedTime: 104046.24 [sec]]
2019-01-18 23:59:01,268 :[Epoch: 1/200] [Batch: 18643/20019] [D loss: 0.117421] [G loss: 19.714672] [ElapsedTime: 104319.86 [sec]]
2019-01-19 00:04:20,512 :[Epoch: 1/200] [Batch: 18743/20019] [D loss: -0.272796] [G loss: 18.630924] [ElapsedTime: 104639.11 [sec]]
2019-01-19 00:09:34,409 :[Epoch: 1/200] [Batch: 18843/20019] [D loss: -0.646644] [G loss: 20.089138] [ElapsedTime: 104953.01 [sec]]
2019-01-19 00:15:00,204 :[Epoch: 1/200] [Batch: 18943/20019] [D loss: -0.798023] [G loss: 19.469864] [ElapsedTime: 105278.81 [sec]]
2019-01-19 00:15:24,923 :[Epoch: 1/200] [Iteration: 79000] [Inception Score: 6.14] [Max Score Ever: 6.40]
2019-01-19 00:20:44,384 :[Epoch: 1/200] [Batch: 19043/20019] [D loss: -0.998248] [G loss: 19.093969] [ElapsedTime: 105622.98 [sec]]
2019-01-19 00:26:03,275 :[Epoch: 1/200] [Batch: 19143/20019] [D loss: -0.845025] [G loss: 20.078171] [ElapsedTime: 105941.87 [sec]]
2019-01-19 00:31:36,393 :[Epoch: 1/200] [Batch: 19243/20019] [D loss: -0.355073] [G loss: 19.647074] [ElapsedTime: 106274.99 [sec]]
2019-01-19 00:37:01,315 :[Epoch: 1/200] [Batch: 19343/20019] [D loss: -0.957424] [G loss: 20.346581] [ElapsedTime: 106599.92 [sec]]
2019-01-19 00:42:18,496 :[Epoch: 1/200] [Batch: 19443/20019] [D loss: -1.627480] [G loss: 19.403782] [ElapsedTime: 106917.10 [sec]]
2019-01-19 00:47:31,661 :[Epoch: 1/200] [Batch: 19543/20019] [D loss: -0.574507] [G loss: 20.351751] [ElapsedTime: 107230.24 [sec]]
2019-01-19 00:52:29,417 :[Epoch: 1/200] [Batch: 19643/20019] [D loss: -0.258306] [G loss: 18.820332] [ElapsedTime: 107528.02 [sec]]
2019-01-19 00:57:43,418 :[Epoch: 1/200] [Batch: 19743/20019] [D loss: -0.619638] [G loss: 19.261637] [ElapsedTime: 107842.02 [sec]]
2019-01-19 01:03:40,193 :[Epoch: 1/200] [Batch: 19843/20019] [D loss: -1.206619] [G loss: 21.214653] [ElapsedTime: 108198.79 [sec]]
2019-01-19 01:09:25,922 :[Epoch: 1/200] [Batch: 19943/20019] [D loss: -0.578701] [G loss: 20.040089] [ElapsedTime: 108544.46 [sec]]
2019-01-19 01:09:50,132 :[Epoch: 1/200] [Iteration: 80000] [Inception Score: 5.80] [Max Score Ever: 6.40]
2019-01-19 01:15:21,593 :[Epoch: 1/200] [Batch: 20043/20019] [D loss: -0.468192] [G loss: 20.856447] [ElapsedTime: 108900.19 [sec]]
2019-01-19 01:20:49,332 :[Epoch: 1/200] [Batch: 20143/20019] [D loss: -1.022494] [G loss: 19.716518] [ElapsedTime: 109227.93 [sec]]
2019-01-19 01:26:17,520 :[Epoch: 1/200] [Batch: 20243/20019] [D loss: -1.933906] [G loss: 18.818651] [ElapsedTime: 109556.12 [sec]]
2019-01-19 01:31:38,434 :[Epoch: 1/200] [Batch: 20343/20019] [D loss: -1.013811] [G loss: 21.224211] [ElapsedTime: 109877.01 [sec]]
2019-01-19 01:36:44,440 :[Epoch: 1/200] [Batch: 20443/20019] [D loss: -1.417551] [G loss: 20.266651] [ElapsedTime: 110183.04 [sec]]
2019-01-19 01:41:46,555 :[Epoch: 1/200] [Batch: 20543/20019] [D loss: 0.276114] [G loss: 19.895689] [ElapsedTime: 110485.11 [sec]]
2019-01-19 01:46:55,680 :[Epoch: 1/200] [Batch: 20643/20019] [D loss: -0.356087] [G loss: 20.353073] [ElapsedTime: 110794.23 [sec]]
2019-01-19 01:52:07,469 :[Epoch: 1/200] [Batch: 20743/20019] [D loss: -0.846690] [G loss: 21.018105] [ElapsedTime: 111106.07 [sec]]
2019-01-19 01:57:23,156 :[Epoch: 1/200] [Batch: 20843/20019] [D loss: 0.249515] [G loss: 20.412964] [ElapsedTime: 111421.75 [sec]]
2019-01-19 02:03:26,600 :[Epoch: 1/200] [Batch: 20943/20019] [D loss: -1.478182] [G loss: 18.781113] [ElapsedTime: 111785.20 [sec]]
2019-01-19 02:03:55,126 :[Epoch: 1/200] [Iteration: 81000] [Inception Score: 6.31] [Max Score Ever: 6.40]
2019-01-19 02:09:42,135 :[Epoch: 1/200] [Batch: 21043/20019] [D loss: -0.413391] [G loss: 20.583132] [ElapsedTime: 112160.74 [sec]]
2019-01-19 02:15:24,402 :[Epoch: 1/200] [Batch: 21143/20019] [D loss: -1.674271] [G loss: 21.423222] [ElapsedTime: 112502.99 [sec]]
2019-01-19 02:21:00,346 :[Epoch: 1/200] [Batch: 21243/20019] [D loss: -0.421483] [G loss: 19.456158] [ElapsedTime: 112838.92 [sec]]
2019-01-19 02:26:22,964 :[Epoch: 1/200] [Batch: 21343/20019] [D loss: -1.260192] [G loss: 21.024265] [ElapsedTime: 113161.57 [sec]]
2019-01-19 02:31:27,736 :[Epoch: 1/200] [Batch: 21443/20019] [D loss: -0.377154] [G loss: 18.975952] [ElapsedTime: 113466.30 [sec]]
2019-01-19 02:36:43,274 :[Epoch: 1/200] [Batch: 21543/20019] [D loss: -0.678979] [G loss: 20.176094] [ElapsedTime: 113781.88 [sec]]
2019-01-19 02:42:08,817 :[Epoch: 1/200] [Batch: 21643/20019] [D loss: 0.008295] [G loss: 18.854452] [ElapsedTime: 114107.42 [sec]]
2019-01-19 02:47:28,280 :[Epoch: 1/200] [Batch: 21743/20019] [D loss: -0.332095] [G loss: 20.310188] [ElapsedTime: 114426.87 [sec]]
2019-01-19 02:52:48,673 :[Epoch: 1/200] [Batch: 21843/20019] [D loss: -0.330290] [G loss: 20.249172] [ElapsedTime: 114747.27 [sec]]
2019-01-19 02:58:11,974 :[Epoch: 1/200] [Batch: 21943/20019] [D loss: -0.806217] [G loss: 21.158138] [ElapsedTime: 115070.58 [sec]]
2019-01-19 02:58:37,037 :[Epoch: 1/200] [Iteration: 82000] [Inception Score: 6.21] [Max Score Ever: 6.40]
2019-01-19 03:04:51,813 :[Epoch: 1/200] [Batch: 22043/20019] [D loss: -1.556561] [G loss: 21.327629] [ElapsedTime: 115470.42 [sec]]
2019-01-19 03:10:31,488 :[Epoch: 1/200] [Batch: 22143/20019] [D loss: 0.010418] [G loss: 21.090300] [ElapsedTime: 115810.13 [sec]]
2019-01-19 03:16:12,081 :[Epoch: 1/200] [Batch: 22243/20019] [D loss: -0.470769] [G loss: 20.059988] [ElapsedTime: 116150.68 [sec]]
2019-01-19 03:21:35,333 :[Epoch: 1/200] [Batch: 22343/20019] [D loss: -0.676856] [G loss: 21.378370] [ElapsedTime: 116473.93 [sec]]
2019-01-19 03:26:46,511 :[Epoch: 1/200] [Batch: 22443/20019] [D loss: -0.629527] [G loss: 20.664757] [ElapsedTime: 116785.06 [sec]]
2019-01-19 03:32:00,419 :[Epoch: 1/200] [Batch: 22543/20019] [D loss: 0.297497] [G loss: 21.187307] [ElapsedTime: 117099.02 [sec]]
2019-01-19 03:37:24,395 :[Epoch: 1/200] [Batch: 22643/20019] [D loss: 0.036784] [G loss: 20.138094] [ElapsedTime: 117423.00 [sec]]
2019-01-19 03:42:39,994 :[Epoch: 1/200] [Batch: 22743/20019] [D loss: -1.047130] [G loss: 19.847492] [ElapsedTime: 117738.50 [sec]]
2019-01-19 03:47:49,841 :[Epoch: 1/200] [Batch: 22843/20019] [D loss: 0.141237] [G loss: 18.550194] [ElapsedTime: 118048.44 [sec]]
2019-01-19 03:52:58,769 :[Epoch: 1/200] [Batch: 22943/20019] [D loss: -0.650748] [G loss: 20.858381] [ElapsedTime: 118357.37 [sec]]
2019-01-19 03:53:23,221 :[Epoch: 1/200] [Iteration: 83000] [Inception Score: 5.90] [Max Score Ever: 6.40]
2019-01-19 03:58:39,059 :[Epoch: 1/200] [Batch: 23043/20019] [D loss: -0.229235] [G loss: 21.196104] [ElapsedTime: 118697.62 [sec]]
2019-01-19 04:05:01,819 :[Epoch: 1/200] [Batch: 23143/20019] [D loss: -0.416311] [G loss: 20.375463] [ElapsedTime: 119080.42 [sec]]
2019-01-19 04:10:43,267 :[Epoch: 1/200] [Batch: 23243/20019] [D loss: -0.607614] [G loss: 21.185017] [ElapsedTime: 119421.87 [sec]]
2019-01-19 04:16:25,139 :[Epoch: 1/200] [Batch: 23343/20019] [D loss: 0.080715] [G loss: 19.929443] [ElapsedTime: 119763.65 [sec]]
2019-01-19 04:21:55,199 :[Epoch: 1/200] [Batch: 23443/20019] [D loss: -0.338123] [G loss: 20.303255] [ElapsedTime: 120093.80 [sec]]
2019-01-19 04:27:22,473 :[Epoch: 1/200] [Batch: 23543/20019] [D loss: -1.179406] [G loss: 21.765478] [ElapsedTime: 120421.07 [sec]]
2019-01-19 04:33:01,781 :[Epoch: 1/200] [Batch: 23643/20019] [D loss: -0.117683] [G loss: 19.175549] [ElapsedTime: 120760.38 [sec]]
2019-01-19 04:38:34,324 :[Epoch: 1/200] [Batch: 23743/20019] [D loss: -0.256991] [G loss: 21.868597] [ElapsedTime: 121092.93 [sec]]
2019-01-19 04:44:08,951 :[Epoch: 1/200] [Batch: 23843/20019] [D loss: 0.419791] [G loss: 20.793184] [ElapsedTime: 121427.55 [sec]]
2019-01-19 04:49:41,897 :[Epoch: 1/200] [Batch: 23943/20019] [D loss: -1.310730] [G loss: 22.553717] [ElapsedTime: 121760.50 [sec]]
2019-01-19 04:50:07,463 :[Epoch: 1/200] [Iteration: 84000] [Inception Score: 6.29] [Max Score Ever: 6.40]
2019-01-19 04:55:32,698 :[Epoch: 1/200] [Batch: 24043/20019] [D loss: -0.327836] [G loss: 20.747757] [ElapsedTime: 122111.23 [sec]]
2019-01-19 05:01:10,947 :[Epoch: 1/200] [Batch: 24143/20019] [D loss: -0.945889] [G loss: 21.701693] [ElapsedTime: 122449.55 [sec]]
2019-01-19 05:07:12,728 :[Epoch: 1/200] [Batch: 24243/20019] [D loss: -0.824256] [G loss: 21.488422] [ElapsedTime: 122811.31 [sec]]
2019-01-19 05:12:57,486 :[Epoch: 1/200] [Batch: 24343/20019] [D loss: -1.213023] [G loss: 21.085342] [ElapsedTime: 123156.09 [sec]]
2019-01-19 05:18:24,620 :[Epoch: 1/200] [Batch: 24443/20019] [D loss: -0.474865] [G loss: 22.222864] [ElapsedTime: 123483.17 [sec]]
2019-01-19 05:23:51,897 :[Epoch: 1/200] [Batch: 24543/20019] [D loss: -0.274222] [G loss: 22.283848] [ElapsedTime: 123810.50 [sec]]
2019-01-19 05:29:20,087 :[Epoch: 1/200] [Batch: 24643/20019] [D loss: 0.226364] [G loss: 21.093567] [ElapsedTime: 124138.69 [sec]]
2019-01-19 05:34:51,189 :[Epoch: 1/200] [Batch: 24743/20019] [D loss: -1.158233] [G loss: 22.309992] [ElapsedTime: 124469.79 [sec]]
2019-01-19 05:40:20,173 :[Epoch: 1/200] [Batch: 24843/20019] [D loss: -0.535263] [G loss: 21.402996] [ElapsedTime: 124798.72 [sec]]
2019-01-19 05:45:46,508 :[Epoch: 1/200] [Batch: 24943/20019] [D loss: -0.225141] [G loss: 21.654884] [ElapsedTime: 125125.11 [sec]]
2019-01-19 05:46:12,707 :[Epoch: 1/200] [Iteration: 85000] [Inception Score: 5.80] [Max Score Ever: 6.40]
2019-01-19 05:51:36,415 :[Epoch: 1/200] [Batch: 25043/20019] [D loss: -0.035706] [G loss: 22.929092] [ElapsedTime: 125475.02 [sec]]
2019-01-19 05:57:02,646 :[Epoch: 1/200] [Batch: 25143/20019] [D loss: -0.581167] [G loss: 22.794464] [ElapsedTime: 125801.25 [sec]]
2019-01-19 06:03:08,585 :[Epoch: 1/200] [Batch: 25243/20019] [D loss: -0.765988] [G loss: 21.662374] [ElapsedTime: 126167.17 [sec]]
2019-01-19 06:08:58,295 :[Epoch: 1/200] [Batch: 25343/20019] [D loss: -0.806554] [G loss: 22.737616] [ElapsedTime: 126516.90 [sec]]
2019-01-19 06:14:39,894 :[Epoch: 1/200] [Batch: 25443/20019] [D loss: -0.406915] [G loss: 21.539370] [ElapsedTime: 126858.50 [sec]]
2019-01-19 06:19:54,474 :[Epoch: 1/200] [Batch: 25543/20019] [D loss: 0.025506] [G loss: 20.772615] [ElapsedTime: 127173.08 [sec]]
2019-01-19 06:25:13,252 :[Epoch: 1/200] [Batch: 25643/20019] [D loss: -0.418309] [G loss: 22.506121] [ElapsedTime: 127491.85 [sec]]
2019-01-19 06:30:36,310 :[Epoch: 1/200] [Batch: 25743/20019] [D loss: -0.690352] [G loss: 22.346634] [ElapsedTime: 127814.91 [sec]]
2019-01-19 06:36:06,197 :[Epoch: 1/200] [Batch: 25843/20019] [D loss: -0.573577] [G loss: 20.785316] [ElapsedTime: 128144.80 [sec]]
2019-01-19 06:41:29,141 :[Epoch: 1/200] [Batch: 25943/20019] [D loss: -0.655227] [G loss: 22.638466] [ElapsedTime: 128467.74 [sec]]
2019-01-19 06:41:53,608 :[Epoch: 1/200] [Iteration: 86000] [Inception Score: 5.88] [Max Score Ever: 6.40]
2019-01-19 06:47:05,635 :[Epoch: 2/200] [Batch: 6024/20019] [D loss: -1.239174] [G loss: 22.473530] [ElapsedTime: 128804.19 [sec]]
2019-01-19 06:52:24,095 :[Epoch: 2/200] [Batch: 6124/20019] [D loss: -0.623321] [G loss: 22.039454] [ElapsedTime: 129122.70 [sec]]
2019-01-19 06:57:39,782 :[Epoch: 2/200] [Batch: 6224/20019] [D loss: -0.582133] [G loss: 20.751495] [ElapsedTime: 129438.38 [sec]]
2019-01-19 07:03:50,910 :[Epoch: 2/200] [Batch: 6324/20019] [D loss: -0.214967] [G loss: 21.806982] [ElapsedTime: 129809.51 [sec]]
2019-01-19 07:09:40,103 :[Epoch: 2/200] [Batch: 6424/20019] [D loss: -0.441030] [G loss: 22.805441] [ElapsedTime: 130158.64 [sec]]
2019-01-19 07:15:26,729 :[Epoch: 2/200] [Batch: 6524/20019] [D loss: -0.673448] [G loss: 21.825100] [ElapsedTime: 130505.33 [sec]]
2019-01-19 07:20:45,556 :[Epoch: 2/200] [Batch: 6624/20019] [D loss: -0.465305] [G loss: 20.884771] [ElapsedTime: 130824.16 [sec]]
2019-01-19 07:26:03,934 :[Epoch: 2/200] [Batch: 6724/20019] [D loss: -1.102728] [G loss: 21.213640] [ElapsedTime: 131142.53 [sec]]
2019-01-19 07:31:33,609 :[Epoch: 2/200] [Batch: 6824/20019] [D loss: -0.967578] [G loss: 22.628767] [ElapsedTime: 131472.20 [sec]]
2019-01-19 07:37:08,108 :[Epoch: 2/200] [Batch: 6924/20019] [D loss: -0.499295] [G loss: 20.806316] [ElapsedTime: 131806.71 [sec]]
2019-01-19 07:37:33,496 :[Epoch: 2/200] [Iteration: 87000] [Inception Score: 6.14] [Max Score Ever: 6.40]
2019-01-19 07:43:02,579 :[Epoch: 2/200] [Batch: 7024/20019] [D loss: -0.333429] [G loss: 22.971378] [ElapsedTime: 132161.18 [sec]]
2019-01-19 07:48:28,616 :[Epoch: 2/200] [Batch: 7124/20019] [D loss: -0.391240] [G loss: 24.343925] [ElapsedTime: 132487.22 [sec]]
2019-01-19 07:53:59,226 :[Epoch: 2/200] [Batch: 7224/20019] [D loss: 0.138696] [G loss: 21.099949] [ElapsedTime: 132817.75 [sec]]
2019-01-19 07:59:40,294 :[Epoch: 2/200] [Batch: 7324/20019] [D loss: -0.579787] [G loss: 23.858517] [ElapsedTime: 133158.90 [sec]]
2019-01-19 08:07:05,647 :[Epoch: 2/200] [Batch: 7424/20019] [D loss: -0.058114] [G loss: 21.975880] [ElapsedTime: 133604.25 [sec]]
2019-01-19 08:13:25,094 :[Epoch: 2/200] [Batch: 7524/20019] [D loss: -0.094287] [G loss: 22.523115] [ElapsedTime: 133983.70 [sec]]
2019-01-19 08:19:26,284 :[Epoch: 2/200] [Batch: 7624/20019] [D loss: -0.111091] [G loss: 21.335016] [ElapsedTime: 134344.89 [sec]]
2019-01-19 08:25:27,104 :[Epoch: 2/200] [Batch: 7724/20019] [D loss: -0.771072] [G loss: 22.665552] [ElapsedTime: 134705.63 [sec]]
2019-01-19 08:31:37,509 :[Epoch: 2/200] [Batch: 7824/20019] [D loss: -0.378081] [G loss: 22.137472] [ElapsedTime: 135076.11 [sec]]
2019-01-19 08:37:32,667 :[Epoch: 2/200] [Batch: 7924/20019] [D loss: 0.121611] [G loss: 22.635796] [ElapsedTime: 135431.27 [sec]]
2019-01-19 08:38:03,616 :[Epoch: 2/200] [Iteration: 88000] [Inception Score: 5.82] [Max Score Ever: 6.40]
2019-01-19 08:44:04,251 :[Epoch: 2/200] [Batch: 8024/20019] [D loss: -0.095239] [G loss: 22.626707] [ElapsedTime: 135822.85 [sec]]
2019-01-19 08:49:59,592 :[Epoch: 2/200] [Batch: 8124/20019] [D loss: -0.414436] [G loss: 23.611559] [ElapsedTime: 136178.13 [sec]]
2019-01-19 08:55:40,670 :[Epoch: 2/200] [Batch: 8224/20019] [D loss: -0.430594] [G loss: 22.918926] [ElapsedTime: 136519.27 [sec]]
2019-01-19 09:01:55,188 :[Epoch: 2/200] [Batch: 8324/20019] [D loss: 0.154268] [G loss: 21.323616] [ElapsedTime: 136893.79 [sec]]
2019-01-19 09:08:33,093 :[Epoch: 2/200] [Batch: 8424/20019] [D loss: -0.307862] [G loss: 23.199270] [ElapsedTime: 137291.69 [sec]]
2019-01-19 09:14:20,316 :[Epoch: 2/200] [Batch: 8524/20019] [D loss: -0.929674] [G loss: 22.996418] [ElapsedTime: 137638.92 [sec]]
2019-01-19 09:20:06,653 :[Epoch: 2/200] [Batch: 8624/20019] [D loss: -0.526923] [G loss: 24.319267] [ElapsedTime: 137985.18 [sec]]
2019-01-19 09:26:04,708 :[Epoch: 2/200] [Batch: 8724/20019] [D loss: 0.033327] [G loss: 22.667322] [ElapsedTime: 138343.31 [sec]]
2019-01-19 09:31:58,661 :[Epoch: 2/200] [Batch: 8824/20019] [D loss: -0.926400] [G loss: 23.093370] [ElapsedTime: 138697.26 [sec]]
2019-01-19 09:37:55,337 :[Epoch: 2/200] [Batch: 8924/20019] [D loss: -1.106386] [G loss: 22.752541] [ElapsedTime: 139053.94 [sec]]
2019-01-19 09:38:24,513 :[Epoch: 2/200] [Iteration: 89000] [Inception Score: 6.00] [Max Score Ever: 6.40]
2019-01-19 09:44:28,033 :[Epoch: 2/200] [Batch: 9024/20019] [D loss: -0.775349] [G loss: 23.985231] [ElapsedTime: 139446.63 [sec]]
2019-01-19 09:50:16,617 :[Epoch: 2/200] [Batch: 9124/20019] [D loss: -0.465676] [G loss: 23.412188] [ElapsedTime: 139795.09 [sec]]
2019-01-19 09:56:00,740 :[Epoch: 2/200] [Batch: 9224/20019] [D loss: 0.134333] [G loss: 23.844852] [ElapsedTime: 140139.34 [sec]]
2019-01-19 10:02:30,236 :[Epoch: 2/200] [Batch: 9324/20019] [D loss: -1.214387] [G loss: 22.284622] [ElapsedTime: 140528.84 [sec]]
2019-01-19 10:09:07,940 :[Epoch: 2/200] [Batch: 9424/20019] [D loss: -0.704004] [G loss: 23.513666] [ElapsedTime: 140926.54 [sec]]
2019-01-19 10:15:01,625 :[Epoch: 2/200] [Batch: 9524/20019] [D loss: -1.085581] [G loss: 24.248894] [ElapsedTime: 141280.23 [sec]]
2019-01-19 10:20:56,300 :[Epoch: 2/200] [Batch: 9624/20019] [D loss: -0.350740] [G loss: 23.271727] [ElapsedTime: 141634.90 [sec]]
2019-01-19 10:26:47,940 :[Epoch: 2/200] [Batch: 9724/20019] [D loss: -0.522802] [G loss: 23.111670] [ElapsedTime: 141986.50 [sec]]
2019-01-19 10:32:41,197 :[Epoch: 2/200] [Batch: 9824/20019] [D loss: -0.334644] [G loss: 22.140379] [ElapsedTime: 142339.80 [sec]]
2019-01-19 10:38:34,472 :[Epoch: 2/200] [Batch: 9924/20019] [D loss: -0.298162] [G loss: 23.933849] [ElapsedTime: 142693.07 [sec]]
2019-01-19 10:39:01,718 :[Epoch: 2/200] [Iteration: 90000] [Inception Score: 6.11] [Max Score Ever: 6.40]
2019-01-19 10:44:54,421 :[Epoch: 2/200] [Batch: 10024/20019] [D loss: 0.003085] [G loss: 22.670387] [ElapsedTime: 143073.02 [sec]]
2019-01-19 10:50:36,796 :[Epoch: 2/200] [Batch: 10124/20019] [D loss: 0.020787] [G loss: 22.156036] [ElapsedTime: 143415.40 [sec]]
2019-01-19 10:56:19,383 :[Epoch: 2/200] [Batch: 10224/20019] [D loss: -0.488718] [G loss: 24.187454] [ElapsedTime: 143757.97 [sec]]
2019-01-19 11:02:50,398 :[Epoch: 2/200] [Batch: 10324/20019] [D loss: -0.638736] [G loss: 21.755699] [ElapsedTime: 144148.97 [sec]]
2019-01-19 11:09:10,738 :[Epoch: 2/200] [Batch: 10424/20019] [D loss: -0.105100] [G loss: 22.933649] [ElapsedTime: 144529.34 [sec]]
2019-01-19 11:15:16,226 :[Epoch: 2/200] [Batch: 10524/20019] [D loss: -1.309853] [G loss: 24.798571] [ElapsedTime: 144894.83 [sec]]
2019-01-19 11:21:23,656 :[Epoch: 2/200] [Batch: 10624/20019] [D loss: -0.456541] [G loss: 23.189426] [ElapsedTime: 145262.26 [sec]]
2019-01-19 11:27:17,820 :[Epoch: 2/200] [Batch: 10724/20019] [D loss: -1.151678] [G loss: 23.633572] [ElapsedTime: 145616.42 [sec]]
2019-01-19 11:33:00,419 :[Epoch: 2/200] [Batch: 10824/20019] [D loss: -1.153645] [G loss: 23.148691] [ElapsedTime: 145959.01 [sec]]
2019-01-19 11:38:46,674 :[Epoch: 2/200] [Batch: 10924/20019] [D loss: -0.786248] [G loss: 24.275143] [ElapsedTime: 146305.28 [sec]]
2019-01-19 11:39:14,090 :[Epoch: 2/200] [Iteration: 91000] [Inception Score: 6.46] [Max Score Ever: 6.46]
2019-01-19 11:44:57,382 :[Epoch: 2/200] [Batch: 11024/20019] [D loss: -1.409027] [G loss: 24.478777] [ElapsedTime: 146675.98 [sec]]
2019-01-19 11:50:36,544 :[Epoch: 2/200] [Batch: 11124/20019] [D loss: -0.566982] [G loss: 24.766472] [ElapsedTime: 147015.15 [sec]]
2019-01-19 11:56:18,609 :[Epoch: 2/200] [Batch: 11224/20019] [D loss: -0.837814] [G loss: 24.109562] [ElapsedTime: 147357.21 [sec]]
2019-01-19 12:02:47,996 :[Epoch: 2/200] [Batch: 11324/20019] [D loss: -0.482273] [G loss: 23.740749] [ElapsedTime: 147746.60 [sec]]
2019-01-19 12:09:11,175 :[Epoch: 2/200] [Batch: 11424/20019] [D loss: -0.960970] [G loss: 24.354233] [ElapsedTime: 148129.68 [sec]]
2019-01-19 12:15:15,799 :[Epoch: 2/200] [Batch: 11524/20019] [D loss: 0.225154] [G loss: 22.633785] [ElapsedTime: 148494.40 [sec]]
2019-01-19 12:21:12,484 :[Epoch: 2/200] [Batch: 11624/20019] [D loss: -0.520994] [G loss: 25.399122] [ElapsedTime: 148851.09 [sec]]
2019-01-19 12:27:04,590 :[Epoch: 2/200] [Batch: 11724/20019] [D loss: -0.121063] [G loss: 23.897148] [ElapsedTime: 149203.19 [sec]]
2019-01-19 12:32:53,908 :[Epoch: 2/200] [Batch: 11824/20019] [D loss: -0.350498] [G loss: 23.962645] [ElapsedTime: 149552.51 [sec]]
2019-01-19 12:38:47,249 :[Epoch: 2/200] [Batch: 11924/20019] [D loss: -0.010888] [G loss: 23.830276] [ElapsedTime: 149905.78 [sec]]
2019-01-19 12:39:16,820 :[Epoch: 2/200] [Iteration: 92000] [Inception Score: 5.77] [Max Score Ever: 6.46]
2019-01-19 12:44:55,050 :[Epoch: 2/200] [Batch: 12024/20019] [D loss: -0.244332] [G loss: 22.822567] [ElapsedTime: 150273.65 [sec]]
2019-01-19 12:50:29,315 :[Epoch: 2/200] [Batch: 12124/20019] [D loss: -0.560709] [G loss: 24.483381] [ElapsedTime: 150607.92 [sec]]
2019-01-19 12:56:01,219 :[Epoch: 2/200] [Batch: 12224/20019] [D loss: -0.222393] [G loss: 23.416283] [ElapsedTime: 150939.82 [sec]]
2019-01-19 13:02:27,080 :[Epoch: 2/200] [Batch: 12324/20019] [D loss: -0.762968] [G loss: 23.535601] [ElapsedTime: 151325.67 [sec]]
2019-01-19 13:08:50,090 :[Epoch: 2/200] [Batch: 12424/20019] [D loss: -0.160566] [G loss: 24.657898] [ElapsedTime: 151708.69 [sec]]
2019-01-19 13:14:53,586 :[Epoch: 2/200] [Batch: 12524/20019] [D loss: -0.626549] [G loss: 23.749704] [ElapsedTime: 152072.10 [sec]]
2019-01-19 13:20:48,900 :[Epoch: 2/200] [Batch: 12624/20019] [D loss: -1.616722] [G loss: 25.187819] [ElapsedTime: 152427.50 [sec]]
2019-01-19 13:26:42,398 :[Epoch: 2/200] [Batch: 12724/20019] [D loss: -0.504152] [G loss: 23.864134] [ElapsedTime: 152781.00 [sec]]
2019-01-19 13:32:36,430 :[Epoch: 2/200] [Batch: 12824/20019] [D loss: -0.354142] [G loss: 23.336535] [ElapsedTime: 153135.03 [sec]]
2019-01-19 13:38:26,912 :[Epoch: 2/200] [Batch: 12924/20019] [D loss: -0.191276] [G loss: 25.425283] [ElapsedTime: 153485.51 [sec]]
2019-01-19 13:38:57,008 :[Epoch: 2/200] [Iteration: 93000] [Inception Score: 6.24] [Max Score Ever: 6.46]
2019-01-19 13:44:37,505 :[Epoch: 2/200] [Batch: 13024/20019] [D loss: -0.494025] [G loss: 23.276361] [ElapsedTime: 153856.11 [sec]]
2019-01-19 13:50:30,947 :[Epoch: 2/200] [Batch: 13124/20019] [D loss: 0.316236] [G loss: 23.967234] [ElapsedTime: 154209.53 [sec]]
2019-01-19 13:56:17,975 :[Epoch: 2/200] [Batch: 13224/20019] [D loss: -0.084226] [G loss: 23.523987] [ElapsedTime: 154556.58 [sec]]
2019-01-19 14:02:35,646 :[Epoch: 2/200] [Batch: 13324/20019] [D loss: -0.171368] [G loss: 24.527309] [ElapsedTime: 154934.25 [sec]]
2019-01-19 14:08:46,708 :[Epoch: 2/200] [Batch: 13424/20019] [D loss: -0.733785] [G loss: 23.147694] [ElapsedTime: 155305.31 [sec]]
2019-01-19 14:14:48,482 :[Epoch: 2/200] [Batch: 13524/20019] [D loss: -0.068317] [G loss: 23.778723] [ElapsedTime: 155667.08 [sec]]
2019-01-19 14:20:44,466 :[Epoch: 2/200] [Batch: 13624/20019] [D loss: -0.150657] [G loss: 24.315191] [ElapsedTime: 156023.07 [sec]]
2019-01-19 14:26:41,258 :[Epoch: 2/200] [Batch: 13724/20019] [D loss: -0.310196] [G loss: 24.848869] [ElapsedTime: 156379.77 [sec]]
2019-01-19 14:32:30,680 :[Epoch: 2/200] [Batch: 13824/20019] [D loss: 0.036707] [G loss: 23.886612] [ElapsedTime: 156729.28 [sec]]
2019-01-19 14:38:22,432 :[Epoch: 2/200] [Batch: 13924/20019] [D loss: -0.045658] [G loss: 24.700676] [ElapsedTime: 157081.03 [sec]]
2019-01-19 14:38:51,154 :[Epoch: 2/200] [Iteration: 94000] [Inception Score: 6.42] [Max Score Ever: 6.46]
2019-01-19 14:44:41,848 :[Epoch: 2/200] [Batch: 14024/20019] [D loss: -0.816109] [G loss: 23.871948] [ElapsedTime: 157460.45 [sec]]
2019-01-19 14:50:21,739 :[Epoch: 2/200] [Batch: 14124/20019] [D loss: -0.470766] [G loss: 24.358112] [ElapsedTime: 157800.34 [sec]]
2019-01-19 14:56:03,381 :[Epoch: 2/200] [Batch: 14224/20019] [D loss: -0.890938] [G loss: 23.583893] [ElapsedTime: 158141.93 [sec]]
2019-01-19 15:02:18,751 :[Epoch: 2/200] [Batch: 14324/20019] [D loss: -0.748335] [G loss: 23.779161] [ElapsedTime: 158517.35 [sec]]
2019-01-19 15:08:54,931 :[Epoch: 2/200] [Batch: 14424/20019] [D loss: -1.124038] [G loss: 23.587198] [ElapsedTime: 158913.53 [sec]]
2019-01-19 15:15:12,242 :[Epoch: 2/200] [Batch: 14524/20019] [D loss: -1.688314] [G loss: 25.087601] [ElapsedTime: 159290.84 [sec]]
2019-01-19 15:21:18,065 :[Epoch: 2/200] [Batch: 14624/20019] [D loss: -0.399937] [G loss: 23.259022] [ElapsedTime: 159656.67 [sec]]
2019-01-19 15:27:10,831 :[Epoch: 2/200] [Batch: 14724/20019] [D loss: -0.442707] [G loss: 23.770306] [ElapsedTime: 160009.43 [sec]]
2019-01-19 15:33:05,485 :[Epoch: 2/200] [Batch: 14824/20019] [D loss: -0.438520] [G loss: 23.172846] [ElapsedTime: 160364.08 [sec]]
2019-01-19 15:38:59,176 :[Epoch: 2/200] [Batch: 14924/20019] [D loss: -0.145654] [G loss: 23.521950] [ElapsedTime: 160717.78 [sec]]
2019-01-19 15:39:27,126 :[Epoch: 2/200] [Iteration: 95000] [Inception Score: 5.85] [Max Score Ever: 6.46]
2019-01-19 15:45:13,788 :[Epoch: 2/200] [Batch: 15024/20019] [D loss: -0.566179] [G loss: 22.715315] [ElapsedTime: 161092.39 [sec]]
2019-01-19 15:50:58,355 :[Epoch: 2/200] [Batch: 15124/20019] [D loss: -0.261759] [G loss: 24.803644] [ElapsedTime: 161436.96 [sec]]
2019-01-19 15:56:43,221 :[Epoch: 2/200] [Batch: 15224/20019] [D loss: -0.519285] [G loss: 25.039848] [ElapsedTime: 161781.82 [sec]]
2019-01-19 16:03:12,901 :[Epoch: 2/200] [Batch: 15324/20019] [D loss: -1.038744] [G loss: 24.495123] [ElapsedTime: 162171.47 [sec]]
2019-01-19 16:09:28,173 :[Epoch: 2/200] [Batch: 15424/20019] [D loss: -0.097682] [G loss: 25.096558] [ElapsedTime: 162546.77 [sec]]
2019-01-19 16:15:39,568 :[Epoch: 2/200] [Batch: 15524/20019] [D loss: -0.771328] [G loss: 22.033655] [ElapsedTime: 162918.17 [sec]]
