2019-01-16 01:15:31,884 :{'n_epochs': 200, 'batch_size': 64, 'lr': 0.0002, 'b1': 0.5, 'b2': 0.999, 'n_cpu': 8, 'latent_dim': 128, 'img_size': 32, 'n_critic': 1, 'clip_value': 0.01, 'sample_interval': 100, 'modelsave_interval': 1000, 'log_interval': 100, 'dataset': 'imagenet', 'num_filters': 128, 'saveDir': None, 'resume': 0, 'logIS': True, 'loadDir': False}
2019-01-16 01:15:31,885 :NoiseGenerator2Dv6(
  (pre_layer): Linear(in_features=128, out_features=16384, bias=True)
  (model): Sequential(
    (0): NoiseBasicBlock2D(
      (layers): Sequential(
        (0): NoiseLayer2D(
          (layers): Sequential(
            (0): ReLU()
            (1): BatchNorm2d(1024, eps=1e-05, momentum=0.1, affine=True, track_running_stats=True)
            (2): Conv2d(1024, 1024, kernel_size=(1, 1), stride=(1, 1))
          )
        )
        (1): NoiseLayer2D(
          (layers): Sequential(
            (0): ReLU()
            (1): BatchNorm2d(1024, eps=1e-05, momentum=0.1, affine=True, track_running_stats=True)
            (2): Conv2d(1024, 1024, kernel_size=(1, 1), stride=(1, 1))
          )
        )
      )
      (relu): ReLU()
    )
    (1): NoiseLayer2D(
      (layers): Sequential(
        (0): ReLU()
        (1): BatchNorm2d(1024, eps=1e-05, momentum=0.1, affine=True, track_running_stats=True)
        (2): Conv2d(1024, 512, kernel_size=(1, 1), stride=(1, 1))
      )
    )
    (2): Upsample(scale_factor=2, mode=bilinear)
    (3): NoiseBasicBlock2D(
      (layers): Sequential(
        (0): NoiseLayer2D(
          (layers): Sequential(
            (0): ReLU()
            (1): BatchNorm2d(512, eps=1e-05, momentum=0.1, affine=True, track_running_stats=True)
            (2): Conv2d(512, 512, kernel_size=(1, 1), stride=(1, 1))
          )
        )
        (1): NoiseLayer2D(
          (layers): Sequential(
            (0): ReLU()
            (1): BatchNorm2d(512, eps=1e-05, momentum=0.1, affine=True, track_running_stats=True)
            (2): Conv2d(512, 512, kernel_size=(1, 1), stride=(1, 1))
          )
        )
      )
      (relu): ReLU()
    )
    (4): NoiseLayer2D(
      (layers): Sequential(
        (0): ReLU()
        (1): BatchNorm2d(512, eps=1e-05, momentum=0.1, affine=True, track_running_stats=True)
        (2): Conv2d(512, 256, kernel_size=(1, 1), stride=(1, 1))
      )
    )
    (5): Upsample(scale_factor=2, mode=bilinear)
    (6): NoiseBasicBlock2D(
      (layers): Sequential(
        (0): NoiseLayer2D(
          (layers): Sequential(
            (0): ReLU()
            (1): BatchNorm2d(256, eps=1e-05, momentum=0.1, affine=True, track_running_stats=True)
            (2): Conv2d(256, 256, kernel_size=(1, 1), stride=(1, 1))
          )
        )
        (1): NoiseLayer2D(
          (layers): Sequential(
            (0): ReLU()
            (1): BatchNorm2d(256, eps=1e-05, momentum=0.1, affine=True, track_running_stats=True)
            (2): Conv2d(256, 256, kernel_size=(1, 1), stride=(1, 1))
          )
        )
      )
      (relu): ReLU()
    )
    (7): NoiseLayer2D(
      (layers): Sequential(
        (0): ReLU()
        (1): BatchNorm2d(256, eps=1e-05, momentum=0.1, affine=True, track_running_stats=True)
        (2): Conv2d(256, 128, kernel_size=(1, 1), stride=(1, 1))
      )
    )
    (8): Upsample(scale_factor=2, mode=bilinear)
    (9): NoiseBasicBlock2D(
      (layers): Sequential(
        (0): NoiseLayer2D(
          (layers): Sequential(
            (0): ReLU()
            (1): BatchNorm2d(128, eps=1e-05, momentum=0.1, affine=True, track_running_stats=True)
            (2): Conv2d(128, 128, kernel_size=(1, 1), stride=(1, 1))
          )
        )
        (1): NoiseLayer2D(
          (layers): Sequential(
            (0): ReLU()
            (1): BatchNorm2d(128, eps=1e-05, momentum=0.1, affine=True, track_running_stats=True)
            (2): Conv2d(128, 128, kernel_size=(1, 1), stride=(1, 1))
          )
        )
      )
      (relu): ReLU()
    )
    (10): NoiseLayer2D(
      (layers): Sequential(
        (0): ReLU()
        (1): BatchNorm2d(128, eps=1e-05, momentum=0.1, affine=True, track_running_stats=True)
        (2): Conv2d(128, 3, kernel_size=(1, 1), stride=(1, 1))
      )
    )
    (11): Tanh()
  )
)
2019-01-16 01:15:31,886 :WGANDiscriminator32_(
  (main): Sequential(
    (0): Conv2d(3, 128, kernel_size=(4, 4), stride=(2, 2), padding=(1, 1), bias=False)
    (1): LeakyReLU(negative_slope=0.2, inplace)
    (2): Conv2d(128, 256, kernel_size=(4, 4), stride=(2, 2), padding=(1, 1), bias=False)
    (3): BatchNorm2d(256, eps=1e-05, momentum=0.1, affine=True, track_running_stats=True)
    (4): LeakyReLU(negative_slope=0.2, inplace)
    (5): Conv2d(256, 512, kernel_size=(4, 4), stride=(2, 2), padding=(1, 1), bias=False)
    (6): BatchNorm2d(512, eps=1e-05, momentum=0.1, affine=True, track_running_stats=True)
    (7): LeakyReLU(negative_slope=0.2, inplace)
    (8): Conv2d(512, 1024, kernel_size=(4, 4), stride=(1, 1), bias=False)
    (9): BatchNorm2d(1024, eps=1e-05, momentum=0.1, affine=True, track_running_stats=True)
    (10): LeakyReLU(negative_slope=0.2, inplace)
  )
  (avgpool): AvgPool2d(kernel_size=2, stride=1, padding=0)
  (linear): Linear(in_features=1024, out_features=1, bias=True)
)
2019-01-16 01:15:35,791 :[Epoch: 0/200] [Batch: 0/20019] [D loss: 4.022186] [G loss: 0.173248] [ElapsedTime: 3.88 [sec]]
2019-01-16 01:15:55,201 :[Epoch: 0/200] [Iteration: 0] [Inception Score: 1.29] [Max Score Ever: 1.29]
2019-01-16 01:20:08,521 :[Epoch: 0/200] [Batch: 100/20019] [D loss: 0.125247] [G loss: 0.356120] [ElapsedTime: 276.60 [sec]]
2019-01-16 01:24:13,202 :[Epoch: 0/200] [Batch: 200/20019] [D loss: 1.285446] [G loss: 0.301009] [ElapsedTime: 521.29 [sec]]
2019-01-16 01:28:17,506 :[Epoch: 0/200] [Batch: 300/20019] [D loss: 0.326879] [G loss: 0.377280] [ElapsedTime: 765.59 [sec]]
2019-01-16 01:32:15,099 :[Epoch: 0/200] [Batch: 400/20019] [D loss: 0.068987] [G loss: 0.537833] [ElapsedTime: 1003.18 [sec]]
2019-01-16 01:36:12,967 :[Epoch: 0/200] [Batch: 500/20019] [D loss: 0.213277] [G loss: 0.570003] [ElapsedTime: 1241.03 [sec]]
2019-01-16 01:40:16,745 :[Epoch: 0/200] [Batch: 600/20019] [D loss: -0.062264] [G loss: 0.628268] [ElapsedTime: 1484.83 [sec]]
2019-01-16 01:44:22,268 :[Epoch: 0/200] [Batch: 700/20019] [D loss: -0.057278] [G loss: 0.828799] [ElapsedTime: 1730.35 [sec]]
2019-01-16 01:48:27,865 :[Epoch: 0/200] [Batch: 800/20019] [D loss: -0.119782] [G loss: 0.931232] [ElapsedTime: 1975.95 [sec]]
2019-01-16 01:52:33,243 :[Epoch: 0/200] [Batch: 900/20019] [D loss: 0.123292] [G loss: 1.042517] [ElapsedTime: 2221.33 [sec]]
2019-01-16 01:56:36,379 :[Epoch: 0/200] [Batch: 1000/20019] [D loss: -0.081970] [G loss: 1.076790] [ElapsedTime: 2464.46 [sec]]
2019-01-16 01:56:56,438 :[Epoch: 0/200] [Iteration: 1000] [Inception Score: 3.62] [Max Score Ever: 3.62]
2019-01-16 02:01:04,079 :[Epoch: 0/200] [Batch: 1100/20019] [D loss: 0.174074] [G loss: 0.903698] [ElapsedTime: 2732.16 [sec]]
2019-01-16 02:05:36,078 :[Epoch: 0/200] [Batch: 1200/20019] [D loss: 0.096817] [G loss: 1.021194] [ElapsedTime: 3004.16 [sec]]
2019-01-16 02:09:55,965 :[Epoch: 0/200] [Batch: 1300/20019] [D loss: 0.246756] [G loss: 1.182466] [ElapsedTime: 3264.05 [sec]]
2019-01-16 02:14:15,540 :[Epoch: 0/200] [Batch: 1400/20019] [D loss: 0.476072] [G loss: 0.968040] [ElapsedTime: 3523.63 [sec]]
2019-01-16 02:18:31,441 :[Epoch: 0/200] [Batch: 1500/20019] [D loss: 0.420026] [G loss: 0.701014] [ElapsedTime: 3779.52 [sec]]
2019-01-16 02:23:36,744 :[Epoch: 0/200] [Batch: 1600/20019] [D loss: 0.097837] [G loss: 0.854313] [ElapsedTime: 4084.80 [sec]]
2019-01-16 02:29:05,240 :[Epoch: 0/200] [Batch: 1700/20019] [D loss: 0.046031] [G loss: 0.855434] [ElapsedTime: 4413.32 [sec]]
2019-01-16 02:34:34,305 :[Epoch: 0/200] [Batch: 1800/20019] [D loss: -0.103619] [G loss: 0.850373] [ElapsedTime: 4742.39 [sec]]
2019-01-16 02:39:58,334 :[Epoch: 0/200] [Batch: 1900/20019] [D loss: -0.139755] [G loss: 0.792231] [ElapsedTime: 5066.42 [sec]]
2019-01-16 02:45:13,943 :[Epoch: 0/200] [Batch: 2000/20019] [D loss: 0.158067] [G loss: 0.826339] [ElapsedTime: 5382.03 [sec]]
2019-01-16 02:45:35,499 :[Epoch: 0/200] [Iteration: 2000] [Inception Score: 4.41] [Max Score Ever: 4.41]
2019-01-16 02:50:47,036 :[Epoch: 0/200] [Batch: 2100/20019] [D loss: -0.142770] [G loss: 0.976968] [ElapsedTime: 5715.12 [sec]]
2019-01-16 02:55:54,775 :[Epoch: 0/200] [Batch: 2200/20019] [D loss: -0.137626] [G loss: 0.915226] [ElapsedTime: 6022.86 [sec]]
2019-01-16 03:00:59,407 :[Epoch: 0/200] [Batch: 2300/20019] [D loss: -0.007294] [G loss: 0.874627] [ElapsedTime: 6327.49 [sec]]
2019-01-16 03:07:07,282 :[Epoch: 0/200] [Batch: 2400/20019] [D loss: 0.104602] [G loss: 1.003211] [ElapsedTime: 6695.37 [sec]]
2019-01-16 03:12:41,175 :[Epoch: 0/200] [Batch: 2500/20019] [D loss: -0.164114] [G loss: 0.960018] [ElapsedTime: 7029.26 [sec]]
2019-01-16 03:18:06,706 :[Epoch: 0/200] [Batch: 2600/20019] [D loss: -0.117206] [G loss: 1.003584] [ElapsedTime: 7354.75 [sec]]
2019-01-16 03:23:24,858 :[Epoch: 0/200] [Batch: 2700/20019] [D loss: -0.194444] [G loss: 1.016147] [ElapsedTime: 7672.94 [sec]]
2019-01-16 03:28:27,514 :[Epoch: 0/200] [Batch: 2800/20019] [D loss: -0.374567] [G loss: 1.333062] [ElapsedTime: 7975.60 [sec]]
2019-01-16 03:33:22,427 :[Epoch: 0/200] [Batch: 2900/20019] [D loss: -0.350349] [G loss: 1.418144] [ElapsedTime: 8270.51 [sec]]
2019-01-16 03:38:17,557 :[Epoch: 0/200] [Batch: 3000/20019] [D loss: -0.260841] [G loss: 1.595424] [ElapsedTime: 8565.64 [sec]]
2019-01-16 03:38:38,447 :[Epoch: 0/200] [Iteration: 3000] [Inception Score: 4.98] [Max Score Ever: 4.98]
2019-01-16 03:43:28,735 :[Epoch: 0/200] [Batch: 3100/20019] [D loss: -0.026707] [G loss: 1.681289] [ElapsedTime: 8876.82 [sec]]
2019-01-16 03:48:23,893 :[Epoch: 0/200] [Batch: 3200/20019] [D loss: -0.577630] [G loss: 1.633409] [ElapsedTime: 9171.93 [sec]]
2019-01-16 03:53:22,796 :[Epoch: 0/200] [Batch: 3300/20019] [D loss: -0.368553] [G loss: 1.612561] [ElapsedTime: 9470.88 [sec]]
2019-01-16 03:58:18,375 :[Epoch: 0/200] [Batch: 3400/20019] [D loss: -0.207970] [G loss: 1.583427] [ElapsedTime: 9766.46 [sec]]
2019-01-16 04:03:38,137 :[Epoch: 0/200] [Batch: 3500/20019] [D loss: -0.443081] [G loss: 1.806681] [ElapsedTime: 10086.22 [sec]]
2019-01-16 04:08:42,800 :[Epoch: 0/200] [Batch: 3600/20019] [D loss: -0.212930] [G loss: 1.502230] [ElapsedTime: 10390.89 [sec]]
2019-01-16 04:13:40,871 :[Epoch: 0/200] [Batch: 3700/20019] [D loss: -0.579346] [G loss: 2.026975] [ElapsedTime: 10688.91 [sec]]
2019-01-16 04:18:44,320 :[Epoch: 0/200] [Batch: 3800/20019] [D loss: -0.491833] [G loss: 2.101259] [ElapsedTime: 10992.40 [sec]]
2019-01-16 04:23:48,859 :[Epoch: 0/200] [Batch: 3900/20019] [D loss: -0.515703] [G loss: 1.919842] [ElapsedTime: 11296.94 [sec]]
2019-01-16 04:28:51,876 :[Epoch: 0/200] [Batch: 4000/20019] [D loss: -0.949761] [G loss: 2.010300] [ElapsedTime: 11599.96 [sec]]
2019-01-16 04:29:13,794 :[Epoch: 0/200] [Iteration: 4000] [Inception Score: 4.85] [Max Score Ever: 4.98]
2019-01-16 04:34:18,349 :[Epoch: 0/200] [Batch: 4100/20019] [D loss: -0.652554] [G loss: 2.268837] [ElapsedTime: 11926.43 [sec]]
2019-01-16 04:39:20,409 :[Epoch: 0/200] [Batch: 4200/20019] [D loss: -0.637727] [G loss: 2.317965] [ElapsedTime: 12228.48 [sec]]
2019-01-16 04:44:28,760 :[Epoch: 0/200] [Batch: 4300/20019] [D loss: -0.591701] [G loss: 2.024728] [ElapsedTime: 12536.85 [sec]]
2019-01-16 04:49:31,138 :[Epoch: 0/200] [Batch: 4400/20019] [D loss: -0.734055] [G loss: 2.746148] [ElapsedTime: 12839.22 [sec]]
2019-01-16 04:54:39,764 :[Epoch: 0/200] [Batch: 4500/20019] [D loss: -0.980703] [G loss: 2.546292] [ElapsedTime: 13147.85 [sec]]
2019-01-16 04:59:43,138 :[Epoch: 0/200] [Batch: 4600/20019] [D loss: -0.784922] [G loss: 3.106708] [ElapsedTime: 13451.22 [sec]]
2019-01-16 05:05:09,632 :[Epoch: 0/200] [Batch: 4700/20019] [D loss: 0.367593] [G loss: 2.079687] [ElapsedTime: 13777.71 [sec]]
2019-01-16 05:10:14,438 :[Epoch: 0/200] [Batch: 4800/20019] [D loss: -0.747252] [G loss: 2.820597] [ElapsedTime: 14082.51 [sec]]
2019-01-16 05:15:24,706 :[Epoch: 0/200] [Batch: 4900/20019] [D loss: -0.378289] [G loss: 2.415044] [ElapsedTime: 14392.79 [sec]]
2019-01-16 05:20:28,390 :[Epoch: 0/200] [Batch: 5000/20019] [D loss: -0.450144] [G loss: 2.579727] [ElapsedTime: 14696.47 [sec]]
2019-01-16 05:20:49,933 :[Epoch: 0/200] [Iteration: 5000] [Inception Score: 4.87] [Max Score Ever: 4.98]
2019-01-16 05:25:53,697 :[Epoch: 0/200] [Batch: 5100/20019] [D loss: -0.543357] [G loss: 3.173512] [ElapsedTime: 15021.78 [sec]]
2019-01-16 05:30:55,786 :[Epoch: 0/200] [Batch: 5200/20019] [D loss: -0.573311] [G loss: 2.721062] [ElapsedTime: 15323.87 [sec]]
2019-01-16 05:36:04,421 :[Epoch: 0/200] [Batch: 5300/20019] [D loss: -0.980209] [G loss: 2.758882] [ElapsedTime: 15632.50 [sec]]
2019-01-16 05:41:04,392 :[Epoch: 0/200] [Batch: 5400/20019] [D loss: -0.935282] [G loss: 3.485172] [ElapsedTime: 15932.45 [sec]]
2019-01-16 05:46:06,061 :[Epoch: 0/200] [Batch: 5500/20019] [D loss: -0.601019] [G loss: 2.883422] [ElapsedTime: 16234.14 [sec]]
2019-01-16 05:51:07,462 :[Epoch: 0/200] [Batch: 5600/20019] [D loss: -1.113166] [G loss: 3.237980] [ElapsedTime: 16535.55 [sec]]
2019-01-16 05:56:04,145 :[Epoch: 0/200] [Batch: 5700/20019] [D loss: -0.380408] [G loss: 3.410573] [ElapsedTime: 16832.23 [sec]]
2019-01-16 06:01:01,526 :[Epoch: 0/200] [Batch: 5800/20019] [D loss: -1.156794] [G loss: 4.210744] [ElapsedTime: 17129.61 [sec]]
2019-01-16 06:06:31,021 :[Epoch: 0/200] [Batch: 5900/20019] [D loss: -0.598419] [G loss: 3.617953] [ElapsedTime: 17459.10 [sec]]
2019-01-16 06:11:37,281 :[Epoch: 0/200] [Batch: 6000/20019] [D loss: -0.904580] [G loss: 4.069012] [ElapsedTime: 17765.36 [sec]]
2019-01-16 06:11:58,409 :[Epoch: 0/200] [Iteration: 6000] [Inception Score: 4.89] [Max Score Ever: 4.98]
2019-01-16 06:17:00,072 :[Epoch: 0/200] [Batch: 6100/20019] [D loss: -0.990440] [G loss: 4.010515] [ElapsedTime: 18088.16 [sec]]
2019-01-16 06:22:05,021 :[Epoch: 0/200] [Batch: 6200/20019] [D loss: -0.646107] [G loss: 3.321747] [ElapsedTime: 18393.10 [sec]]
2019-01-16 06:27:12,485 :[Epoch: 0/200] [Batch: 6300/20019] [D loss: -0.694712] [G loss: 3.403480] [ElapsedTime: 18700.57 [sec]]
2019-01-16 06:32:13,514 :[Epoch: 0/200] [Batch: 6400/20019] [D loss: -0.445697] [G loss: 3.614267] [ElapsedTime: 19001.60 [sec]]
2019-01-16 06:37:18,659 :[Epoch: 0/200] [Batch: 6500/20019] [D loss: -0.706247] [G loss: 4.295656] [ElapsedTime: 19306.73 [sec]]
2019-01-16 06:42:25,260 :[Epoch: 0/200] [Batch: 6600/20019] [D loss: -0.769225] [G loss: 4.290222] [ElapsedTime: 19613.34 [sec]]
2019-01-16 06:47:29,252 :[Epoch: 0/200] [Batch: 6700/20019] [D loss: -0.948964] [G loss: 3.927561] [ElapsedTime: 19917.33 [sec]]
2019-01-16 06:52:29,951 :[Epoch: 0/200] [Batch: 6800/20019] [D loss: -0.810265] [G loss: 4.134760] [ElapsedTime: 20218.03 [sec]]
2019-01-16 06:57:30,894 :[Epoch: 0/200] [Batch: 6900/20019] [D loss: -0.425001] [G loss: 3.773113] [ElapsedTime: 20518.98 [sec]]
2019-01-16 07:02:57,315 :[Epoch: 0/200] [Batch: 7000/20019] [D loss: -1.176030] [G loss: 4.683702] [ElapsedTime: 20845.40 [sec]]
2019-01-16 07:03:20,014 :[Epoch: 0/200] [Iteration: 7000] [Inception Score: 5.07] [Max Score Ever: 5.07]
2019-01-16 07:08:39,398 :[Epoch: 0/200] [Batch: 7100/20019] [D loss: -0.676028] [G loss: 4.557538] [ElapsedTime: 21187.48 [sec]]
2019-01-16 07:13:49,740 :[Epoch: 0/200] [Batch: 7200/20019] [D loss: -0.498240] [G loss: 4.435321] [ElapsedTime: 21497.82 [sec]]
2019-01-16 07:19:04,749 :[Epoch: 0/200] [Batch: 7300/20019] [D loss: -1.272403] [G loss: 5.173211] [ElapsedTime: 21812.83 [sec]]
2019-01-16 07:24:13,459 :[Epoch: 0/200] [Batch: 7400/20019] [D loss: -1.211640] [G loss: 4.995706] [ElapsedTime: 22121.54 [sec]]
2019-01-16 07:29:49,721 :[Epoch: 0/200] [Batch: 7500/20019] [D loss: -0.381406] [G loss: 4.529383] [ElapsedTime: 22457.80 [sec]]
2019-01-16 07:35:12,140 :[Epoch: 0/200] [Batch: 7600/20019] [D loss: -0.599095] [G loss: 4.347351] [ElapsedTime: 22780.22 [sec]]
2019-01-16 07:40:19,315 :[Epoch: 0/200] [Batch: 7700/20019] [D loss: -0.674432] [G loss: 4.650220] [ElapsedTime: 23087.40 [sec]]
2019-01-16 07:45:20,764 :[Epoch: 0/200] [Batch: 7800/20019] [D loss: -0.875413] [G loss: 4.704112] [ElapsedTime: 23388.85 [sec]]
2019-01-16 07:50:14,803 :[Epoch: 0/200] [Batch: 7900/20019] [D loss: -0.584175] [G loss: 4.230857] [ElapsedTime: 23682.89 [sec]]
2019-01-16 07:55:17,400 :[Epoch: 0/200] [Batch: 8000/20019] [D loss: -0.771036] [G loss: 4.243214] [ElapsedTime: 23985.48 [sec]]
2019-01-16 07:55:39,261 :[Epoch: 0/200] [Iteration: 8000] [Inception Score: 4.61] [Max Score Ever: 5.07]
2019-01-16 08:00:37,642 :[Epoch: 0/200] [Batch: 8100/20019] [D loss: -1.217988] [G loss: 3.723067] [ElapsedTime: 24305.73 [sec]]
2019-01-16 08:06:29,679 :[Epoch: 0/200] [Batch: 8200/20019] [D loss: -0.599454] [G loss: 4.073391] [ElapsedTime: 24657.76 [sec]]
2019-01-16 08:11:53,118 :[Epoch: 0/200] [Batch: 8300/20019] [D loss: -0.589483] [G loss: 4.217710] [ElapsedTime: 24981.20 [sec]]
2019-01-16 08:17:06,520 :[Epoch: 0/200] [Batch: 8400/20019] [D loss: -0.793698] [G loss: 4.028181] [ElapsedTime: 25294.60 [sec]]
2019-01-16 08:22:16,334 :[Epoch: 0/200] [Batch: 8500/20019] [D loss: -0.958167] [G loss: 4.130370] [ElapsedTime: 25604.41 [sec]]
2019-01-16 08:27:22,686 :[Epoch: 0/200] [Batch: 8600/20019] [D loss: -1.181813] [G loss: 4.479547] [ElapsedTime: 25910.77 [sec]]
2019-01-16 08:32:28,350 :[Epoch: 0/200] [Batch: 8700/20019] [D loss: -0.597470] [G loss: 4.253467] [ElapsedTime: 26216.43 [sec]]
2019-01-16 08:37:27,612 :[Epoch: 0/200] [Batch: 8800/20019] [D loss: -0.850028] [G loss: 4.485619] [ElapsedTime: 26515.69 [sec]]
2019-01-16 08:42:30,578 :[Epoch: 0/200] [Batch: 8900/20019] [D loss: -0.601184] [G loss: 3.703620] [ElapsedTime: 26818.65 [sec]]
2019-01-16 08:47:33,993 :[Epoch: 0/200] [Batch: 9000/20019] [D loss: -1.196968] [G loss: 3.737479] [ElapsedTime: 27122.08 [sec]]
2019-01-16 08:47:55,869 :[Epoch: 0/200] [Iteration: 9000] [Inception Score: 5.02] [Max Score Ever: 5.07]
2019-01-16 08:53:03,824 :[Epoch: 0/200] [Batch: 9100/20019] [D loss: -0.917672] [G loss: 4.345525] [ElapsedTime: 27451.91 [sec]]
2019-01-16 08:58:06,955 :[Epoch: 0/200] [Batch: 9200/20019] [D loss: -0.803660] [G loss: 3.501239] [ElapsedTime: 27755.04 [sec]]
2019-01-16 09:03:44,075 :[Epoch: 0/200] [Batch: 9300/20019] [D loss: -0.521966] [G loss: 3.529902] [ElapsedTime: 28092.15 [sec]]
2019-01-16 09:08:51,640 :[Epoch: 0/200] [Batch: 9400/20019] [D loss: -0.466367] [G loss: 3.088815] [ElapsedTime: 28399.72 [sec]]
2019-01-16 09:13:57,250 :[Epoch: 0/200] [Batch: 9500/20019] [D loss: -0.953774] [G loss: 3.227695] [ElapsedTime: 28705.33 [sec]]
2019-01-16 09:19:04,292 :[Epoch: 0/200] [Batch: 9600/20019] [D loss: -0.322932] [G loss: 3.451712] [ElapsedTime: 29012.37 [sec]]
2019-01-16 09:24:07,390 :[Epoch: 0/200] [Batch: 9700/20019] [D loss: -0.570527] [G loss: 2.750351] [ElapsedTime: 29315.45 [sec]]
2019-01-16 09:29:13,361 :[Epoch: 0/200] [Batch: 9800/20019] [D loss: -0.699725] [G loss: 3.291036] [ElapsedTime: 29621.44 [sec]]
2019-01-16 09:34:17,646 :[Epoch: 0/200] [Batch: 9900/20019] [D loss: 0.297740] [G loss: 3.124736] [ElapsedTime: 29925.73 [sec]]
2019-01-16 09:39:24,552 :[Epoch: 0/200] [Batch: 10000/20019] [D loss: -0.524951] [G loss: 2.685160] [ElapsedTime: 30232.63 [sec]]
2019-01-16 09:39:46,732 :[Epoch: 0/200] [Iteration: 10000] [Inception Score: 5.04] [Max Score Ever: 5.07]
2019-01-16 09:44:46,471 :[Epoch: 0/200] [Batch: 10100/20019] [D loss: -0.748831] [G loss: 3.375000] [ElapsedTime: 30554.56 [sec]]
2019-01-16 09:49:42,874 :[Epoch: 0/200] [Batch: 10200/20019] [D loss: -0.479904] [G loss: 2.685133] [ElapsedTime: 30850.96 [sec]]
2019-01-16 09:54:46,891 :[Epoch: 0/200] [Batch: 10300/20019] [D loss: -0.492297] [G loss: 2.878228] [ElapsedTime: 31154.97 [sec]]
2019-01-16 09:59:48,035 :[Epoch: 0/200] [Batch: 10400/20019] [D loss: -0.330181] [G loss: 2.975046] [ElapsedTime: 31456.11 [sec]]
2019-01-16 10:05:16,773 :[Epoch: 0/200] [Batch: 10500/20019] [D loss: -0.719339] [G loss: 2.735475] [ElapsedTime: 31784.86 [sec]]
2019-01-16 10:10:19,017 :[Epoch: 0/200] [Batch: 10600/20019] [D loss: -0.821577] [G loss: 3.189699] [ElapsedTime: 32087.10 [sec]]
2019-01-16 10:15:25,596 :[Epoch: 0/200] [Batch: 10700/20019] [D loss: -0.969876] [G loss: 3.248088] [ElapsedTime: 32393.68 [sec]]
2019-01-16 10:20:36,374 :[Epoch: 0/200] [Batch: 10800/20019] [D loss: -0.363733] [G loss: 3.730656] [ElapsedTime: 32704.45 [sec]]
2019-01-16 10:25:39,687 :[Epoch: 0/200] [Batch: 10900/20019] [D loss: -0.646425] [G loss: 3.339278] [ElapsedTime: 33007.77 [sec]]
2019-01-16 10:30:47,457 :[Epoch: 0/200] [Batch: 11000/20019] [D loss: -0.560736] [G loss: 3.811029] [ElapsedTime: 33315.54 [sec]]
2019-01-16 10:31:08,678 :[Epoch: 0/200] [Iteration: 11000] [Inception Score: 5.13] [Max Score Ever: 5.13]
2019-01-16 10:36:09,303 :[Epoch: 0/200] [Batch: 11100/20019] [D loss: -1.328990] [G loss: 3.850807] [ElapsedTime: 33637.39 [sec]]
2019-01-16 10:41:10,766 :[Epoch: 0/200] [Batch: 11200/20019] [D loss: -0.821987] [G loss: 4.011897] [ElapsedTime: 33938.84 [sec]]
2019-01-16 10:46:03,296 :[Epoch: 0/200] [Batch: 11300/20019] [D loss: -0.750737] [G loss: 4.091153] [ElapsedTime: 34231.38 [sec]]
2019-01-16 10:50:36,362 :[Epoch: 0/200] [Batch: 11400/20019] [D loss: -0.302814] [G loss: 4.381403] [ElapsedTime: 34504.45 [sec]]
2019-01-16 10:55:05,404 :[Epoch: 0/200] [Batch: 11500/20019] [D loss: -1.249610] [G loss: 4.900007] [ElapsedTime: 34773.49 [sec]]
2019-01-16 10:59:35,532 :[Epoch: 0/200] [Batch: 11600/20019] [D loss: -1.125664] [G loss: 4.069053] [ElapsedTime: 35043.60 [sec]]
2019-01-16 11:04:55,410 :[Epoch: 0/200] [Batch: 11700/20019] [D loss: -0.671743] [G loss: 4.113768] [ElapsedTime: 35363.49 [sec]]
2019-01-16 11:10:02,660 :[Epoch: 0/200] [Batch: 11800/20019] [D loss: -0.651686] [G loss: 4.120224] [ElapsedTime: 35670.74 [sec]]
2019-01-16 11:15:08,820 :[Epoch: 0/200] [Batch: 11900/20019] [D loss: -1.137117] [G loss: 4.269218] [ElapsedTime: 35976.90 [sec]]
2019-01-16 11:20:13,396 :[Epoch: 0/200] [Batch: 12000/20019] [D loss: -0.594560] [G loss: 3.627828] [ElapsedTime: 36281.47 [sec]]
2019-01-16 11:20:33,501 :[Epoch: 0/200] [Iteration: 12000] [Inception Score: 4.61] [Max Score Ever: 5.13]
2019-01-16 11:25:34,301 :[Epoch: 0/200] [Batch: 12100/20019] [D loss: -1.120163] [G loss: 4.905953] [ElapsedTime: 36602.38 [sec]]
2019-01-16 11:30:35,394 :[Epoch: 0/200] [Batch: 12200/20019] [D loss: -0.245725] [G loss: 3.853279] [ElapsedTime: 36903.48 [sec]]
2019-01-16 11:35:34,828 :[Epoch: 0/200] [Batch: 12300/20019] [D loss: -0.360983] [G loss: 3.528974] [ElapsedTime: 37202.91 [sec]]
2019-01-16 11:40:47,682 :[Epoch: 0/200] [Batch: 12400/20019] [D loss: -0.256427] [G loss: 3.529626] [ElapsedTime: 37515.76 [sec]]
2019-01-16 11:45:45,446 :[Epoch: 0/200] [Batch: 12500/20019] [D loss: -0.561410] [G loss: 4.801350] [ElapsedTime: 37813.53 [sec]]
2019-01-16 11:50:44,232 :[Epoch: 0/200] [Batch: 12600/20019] [D loss: -0.731135] [G loss: 4.562427] [ElapsedTime: 38112.32 [sec]]
2019-01-16 11:55:53,822 :[Epoch: 0/200] [Batch: 12700/20019] [D loss: -0.458463] [G loss: 4.102100] [ElapsedTime: 38421.90 [sec]]
2019-01-16 12:00:56,625 :[Epoch: 0/200] [Batch: 12800/20019] [D loss: -0.876010] [G loss: 3.772032] [ElapsedTime: 38724.71 [sec]]
2019-01-16 12:06:34,717 :[Epoch: 0/200] [Batch: 12900/20019] [D loss: -0.638825] [G loss: 3.878243] [ElapsedTime: 39062.80 [sec]]
2019-01-16 12:12:12,061 :[Epoch: 0/200] [Batch: 13000/20019] [D loss: -0.671203] [G loss: 4.371530] [ElapsedTime: 39400.14 [sec]]
2019-01-16 12:12:38,936 :[Epoch: 0/200] [Iteration: 13000] [Inception Score: 5.11] [Max Score Ever: 5.13]
2019-01-16 12:18:17,499 :[Epoch: 0/200] [Batch: 13100/20019] [D loss: -0.812747] [G loss: 4.794820] [ElapsedTime: 39765.58 [sec]]
2019-01-16 12:23:41,919 :[Epoch: 0/200] [Batch: 13200/20019] [D loss: -0.449946] [G loss: 4.576055] [ElapsedTime: 40089.97 [sec]]
2019-01-16 12:29:04,759 :[Epoch: 0/200] [Batch: 13300/20019] [D loss: -0.441836] [G loss: 4.853745] [ElapsedTime: 40412.84 [sec]]
2019-01-16 12:34:21,047 :[Epoch: 0/200] [Batch: 13400/20019] [D loss: -0.221231] [G loss: 4.492991] [ElapsedTime: 40729.13 [sec]]
2019-01-16 12:39:28,868 :[Epoch: 0/200] [Batch: 13500/20019] [D loss: -0.775196] [G loss: 4.265918] [ElapsedTime: 41036.89 [sec]]
2019-01-16 12:44:27,255 :[Epoch: 0/200] [Batch: 13600/20019] [D loss: -0.611294] [G loss: 4.256150] [ElapsedTime: 41335.28 [sec]]
2019-01-16 12:49:32,340 :[Epoch: 0/200] [Batch: 13700/20019] [D loss: -0.528393] [G loss: 4.859901] [ElapsedTime: 41640.42 [sec]]
2019-01-16 12:54:25,137 :[Epoch: 0/200] [Batch: 13800/20019] [D loss: -0.794615] [G loss: 4.449681] [ElapsedTime: 41933.22 [sec]]
2019-01-16 12:59:13,127 :[Epoch: 0/200] [Batch: 13900/20019] [D loss: -0.490928] [G loss: 4.589377] [ElapsedTime: 42221.21 [sec]]
2019-01-16 13:04:33,201 :[Epoch: 0/200] [Batch: 14000/20019] [D loss: -0.631677] [G loss: 5.044734] [ElapsedTime: 42541.28 [sec]]
2019-01-16 13:04:57,305 :[Epoch: 0/200] [Iteration: 14000] [Inception Score: 5.38] [Max Score Ever: 5.38]
2019-01-16 13:10:04,132 :[Epoch: 0/200] [Batch: 14100/20019] [D loss: -0.336812] [G loss: 4.562040] [ElapsedTime: 42872.21 [sec]]
2019-01-16 13:15:12,509 :[Epoch: 0/200] [Batch: 14200/20019] [D loss: -0.385785] [G loss: 4.654965] [ElapsedTime: 43180.59 [sec]]
2019-01-16 13:20:19,150 :[Epoch: 0/200] [Batch: 14300/20019] [D loss: -0.834834] [G loss: 5.452924] [ElapsedTime: 43487.23 [sec]]
2019-01-16 13:25:19,886 :[Epoch: 0/200] [Batch: 14400/20019] [D loss: -0.851277] [G loss: 4.775653] [ElapsedTime: 43787.97 [sec]]
2019-01-16 13:30:19,980 :[Epoch: 0/200] [Batch: 14500/20019] [D loss: -0.590802] [G loss: 4.915883] [ElapsedTime: 44088.06 [sec]]
2019-01-16 13:35:22,588 :[Epoch: 0/200] [Batch: 14600/20019] [D loss: -0.531345] [G loss: 4.755604] [ElapsedTime: 44390.67 [sec]]
2019-01-16 13:40:24,684 :[Epoch: 0/200] [Batch: 14700/20019] [D loss: -0.805389] [G loss: 4.925559] [ElapsedTime: 44692.79 [sec]]
2019-01-16 13:45:25,573 :[Epoch: 0/200] [Batch: 14800/20019] [D loss: 0.235334] [G loss: 4.966891] [ElapsedTime: 44993.63 [sec]]
2019-01-16 13:50:26,550 :[Epoch: 0/200] [Batch: 14900/20019] [D loss: -0.493948] [G loss: 4.456498] [ElapsedTime: 45294.63 [sec]]
2019-01-16 13:55:26,543 :[Epoch: 0/200] [Batch: 15000/20019] [D loss: -0.891035] [G loss: 4.735362] [ElapsedTime: 45594.62 [sec]]
2019-01-16 13:55:46,937 :[Epoch: 0/200] [Iteration: 15000] [Inception Score: 5.25] [Max Score Ever: 5.38]
2019-01-16 14:00:48,537 :[Epoch: 0/200] [Batch: 15100/20019] [D loss: -0.433722] [G loss: 4.796596] [ElapsedTime: 45916.60 [sec]]
2019-01-16 14:06:18,993 :[Epoch: 0/200] [Batch: 15200/20019] [D loss: -0.452996] [G loss: 4.936091] [ElapsedTime: 46247.08 [sec]]
2019-01-16 14:11:36,314 :[Epoch: 0/200] [Batch: 15300/20019] [D loss: -0.573293] [G loss: 5.129682] [ElapsedTime: 46564.40 [sec]]
2019-01-16 14:16:47,126 :[Epoch: 0/200] [Batch: 15400/20019] [D loss: -0.537134] [G loss: 4.939595] [ElapsedTime: 46875.21 [sec]]
2019-01-16 14:21:54,558 :[Epoch: 0/200] [Batch: 15500/20019] [D loss: -0.271165] [G loss: 4.842534] [ElapsedTime: 47182.64 [sec]]
2019-01-16 14:27:03,809 :[Epoch: 0/200] [Batch: 15600/20019] [D loss: -0.826090] [G loss: 5.209023] [ElapsedTime: 47491.89 [sec]]
2019-01-16 14:32:08,111 :[Epoch: 0/200] [Batch: 15700/20019] [D loss: -0.802732] [G loss: 6.087621] [ElapsedTime: 47796.19 [sec]]
2019-01-16 14:37:08,353 :[Epoch: 0/200] [Batch: 15800/20019] [D loss: -0.484898] [G loss: 5.568183] [ElapsedTime: 48096.44 [sec]]
2019-01-16 14:42:13,701 :[Epoch: 0/200] [Batch: 15900/20019] [D loss: -0.845428] [G loss: 5.789622] [ElapsedTime: 48401.76 [sec]]
2019-01-16 14:47:17,041 :[Epoch: 0/200] [Batch: 16000/20019] [D loss: -0.509744] [G loss: 6.101855] [ElapsedTime: 48705.09 [sec]]
2019-01-16 14:47:38,828 :[Epoch: 0/200] [Iteration: 16000] [Inception Score: 5.15] [Max Score Ever: 5.38]
2019-01-16 14:52:38,413 :[Epoch: 0/200] [Batch: 16100/20019] [D loss: -0.713233] [G loss: 5.061767] [ElapsedTime: 49026.50 [sec]]
2019-01-16 14:57:37,826 :[Epoch: 0/200] [Batch: 16200/20019] [D loss: -0.986413] [G loss: 5.278496] [ElapsedTime: 49325.89 [sec]]
2019-01-16 15:03:12,208 :[Epoch: 0/200] [Batch: 16300/20019] [D loss: -0.565018] [G loss: 5.529379] [ElapsedTime: 49660.29 [sec]]
2019-01-16 15:08:26,209 :[Epoch: 0/200] [Batch: 16400/20019] [D loss: -0.875352] [G loss: 5.584806] [ElapsedTime: 49974.29 [sec]]
2019-01-16 15:13:37,487 :[Epoch: 0/200] [Batch: 16500/20019] [D loss: -1.028880] [G loss: 5.285380] [ElapsedTime: 50285.56 [sec]]
2019-01-16 15:18:53,279 :[Epoch: 0/200] [Batch: 16600/20019] [D loss: -0.631697] [G loss: 5.295913] [ElapsedTime: 50601.36 [sec]]
2019-01-16 15:23:58,585 :[Epoch: 0/200] [Batch: 16700/20019] [D loss: -0.994826] [G loss: 5.625955] [ElapsedTime: 50906.67 [sec]]
2019-01-16 15:29:07,434 :[Epoch: 0/200] [Batch: 16800/20019] [D loss: -0.810983] [G loss: 5.522268] [ElapsedTime: 51215.48 [sec]]
2019-01-16 15:34:11,296 :[Epoch: 0/200] [Batch: 16900/20019] [D loss: -0.257306] [G loss: 4.852388] [ElapsedTime: 51519.37 [sec]]
2019-01-16 15:39:06,876 :[Epoch: 0/200] [Batch: 17000/20019] [D loss: -0.703006] [G loss: 5.559718] [ElapsedTime: 51814.96 [sec]]
2019-01-16 15:39:27,855 :[Epoch: 0/200] [Iteration: 17000] [Inception Score: 4.94] [Max Score Ever: 5.38]
2019-01-16 15:44:25,649 :[Epoch: 0/200] [Batch: 17100/20019] [D loss: -0.263443] [G loss: 4.956862] [ElapsedTime: 52133.72 [sec]]
2019-01-16 15:49:24,036 :[Epoch: 0/200] [Batch: 17200/20019] [D loss: -0.467713] [G loss: 5.243484] [ElapsedTime: 52432.11 [sec]]
2019-01-16 15:54:23,697 :[Epoch: 0/200] [Batch: 17300/20019] [D loss: -0.428177] [G loss: 5.106506] [ElapsedTime: 52731.78 [sec]]
2019-01-16 15:59:20,340 :[Epoch: 0/200] [Batch: 17400/20019] [D loss: -0.698778] [G loss: 5.153131] [ElapsedTime: 53028.42 [sec]]
2019-01-16 16:04:54,057 :[Epoch: 0/200] [Batch: 17500/20019] [D loss: -0.475284] [G loss: 5.102373] [ElapsedTime: 53362.14 [sec]]
2019-01-16 16:10:13,359 :[Epoch: 0/200] [Batch: 17600/20019] [D loss: -0.472694] [G loss: 4.742855] [ElapsedTime: 53681.44 [sec]]
2019-01-16 16:15:21,478 :[Epoch: 0/200] [Batch: 17700/20019] [D loss: -0.987159] [G loss: 5.084651] [ElapsedTime: 53989.56 [sec]]
2019-01-16 16:20:28,683 :[Epoch: 0/200] [Batch: 17800/20019] [D loss: -0.898970] [G loss: 4.878866] [ElapsedTime: 54296.77 [sec]]
2019-01-16 16:25:31,290 :[Epoch: 0/200] [Batch: 17900/20019] [D loss: -0.387333] [G loss: 5.149701] [ElapsedTime: 54599.37 [sec]]
2019-01-16 16:30:28,849 :[Epoch: 0/200] [Batch: 18000/20019] [D loss: -0.741479] [G loss: 4.998956] [ElapsedTime: 54896.91 [sec]]
2019-01-16 16:30:48,404 :[Epoch: 0/200] [Iteration: 18000] [Inception Score: 5.26] [Max Score Ever: 5.38]
2019-01-16 16:35:48,400 :[Epoch: 0/200] [Batch: 18100/20019] [D loss: -0.681856] [G loss: 5.214983] [ElapsedTime: 55216.48 [sec]]
2019-01-16 16:40:48,586 :[Epoch: 0/200] [Batch: 18200/20019] [D loss: -0.627243] [G loss: 5.510367] [ElapsedTime: 55516.66 [sec]]
2019-01-16 16:45:49,187 :[Epoch: 0/200] [Batch: 18300/20019] [D loss: -0.475543] [G loss: 4.745450] [ElapsedTime: 55817.27 [sec]]
2019-01-16 16:50:39,258 :[Epoch: 0/200] [Batch: 18400/20019] [D loss: -0.939609] [G loss: 5.128106] [ElapsedTime: 56107.34 [sec]]
2019-01-16 16:55:33,221 :[Epoch: 0/200] [Batch: 18500/20019] [D loss: -0.387934] [G loss: 5.335583] [ElapsedTime: 56401.32 [sec]]
2019-01-16 17:00:20,790 :[Epoch: 0/200] [Batch: 18600/20019] [D loss: -0.789922] [G loss: 5.279077] [ElapsedTime: 56688.87 [sec]]
2019-01-16 17:05:54,711 :[Epoch: 0/200] [Batch: 18700/20019] [D loss: -0.690450] [G loss: 5.723106] [ElapsedTime: 57022.79 [sec]]
2019-01-16 17:11:07,316 :[Epoch: 0/200] [Batch: 18800/20019] [D loss: -0.411495] [G loss: 5.665903] [ElapsedTime: 57335.40 [sec]]
2019-01-16 17:16:14,332 :[Epoch: 0/200] [Batch: 18900/20019] [D loss: -0.553807] [G loss: 5.515904] [ElapsedTime: 57642.41 [sec]]
2019-01-16 17:21:21,807 :[Epoch: 0/200] [Batch: 19000/20019] [D loss: -0.563688] [G loss: 5.033573] [ElapsedTime: 57949.89 [sec]]
2019-01-16 17:21:43,087 :[Epoch: 0/200] [Iteration: 19000] [Inception Score: 5.86] [Max Score Ever: 5.86]
2019-01-16 17:26:47,430 :[Epoch: 0/200] [Batch: 19100/20019] [D loss: -0.414550] [G loss: 5.098418] [ElapsedTime: 58275.51 [sec]]
2019-01-16 17:31:55,255 :[Epoch: 0/200] [Batch: 19200/20019] [D loss: -0.833917] [G loss: 5.174928] [ElapsedTime: 58583.34 [sec]]
2019-01-16 17:37:06,800 :[Epoch: 0/200] [Batch: 19300/20019] [D loss: -0.673235] [G loss: 4.693660] [ElapsedTime: 58894.88 [sec]]
2019-01-16 17:42:08,968 :[Epoch: 0/200] [Batch: 19400/20019] [D loss: -0.524218] [G loss: 5.874043] [ElapsedTime: 59197.03 [sec]]
2019-01-16 17:47:09,051 :[Epoch: 0/200] [Batch: 19500/20019] [D loss: -0.671709] [G loss: 5.441352] [ElapsedTime: 59497.13 [sec]]
2019-01-16 17:52:05,667 :[Epoch: 0/200] [Batch: 19600/20019] [D loss: -0.834446] [G loss: 5.749090] [ElapsedTime: 59793.72 [sec]]
2019-01-16 17:56:59,001 :[Epoch: 0/200] [Batch: 19700/20019] [D loss: -1.038255] [G loss: 4.715364] [ElapsedTime: 60087.08 [sec]]
2019-01-16 18:02:05,691 :[Epoch: 0/200] [Batch: 19800/20019] [D loss: -0.728811] [G loss: 5.055875] [ElapsedTime: 60393.78 [sec]]
2019-01-16 18:07:14,058 :[Epoch: 0/200] [Batch: 19900/20019] [D loss: -0.780887] [G loss: 4.872342] [ElapsedTime: 60702.11 [sec]]
2019-01-16 18:12:18,152 :[Epoch: 0/200] [Batch: 20000/20019] [D loss: -0.694471] [G loss: 5.304065] [ElapsedTime: 61006.23 [sec]]
2019-01-16 18:12:36,535 :[Epoch: 0/200] [Iteration: 20000] [Inception Score: 5.41] [Max Score Ever: 5.86]
2019-01-16 18:17:30,135 :[Epoch: 1/200] [Batch: 81/20019] [D loss: -0.498226] [G loss: 5.145129] [ElapsedTime: 61318.22 [sec]]
2019-01-16 18:22:23,430 :[Epoch: 1/200] [Batch: 181/20019] [D loss: -0.477779] [G loss: 4.775503] [ElapsedTime: 61611.51 [sec]]
2019-01-16 18:27:10,725 :[Epoch: 1/200] [Batch: 281/20019] [D loss: -0.730513] [G loss: 4.627880] [ElapsedTime: 61898.79 [sec]]
2019-01-16 18:31:56,083 :[Epoch: 1/200] [Batch: 381/20019] [D loss: -0.444070] [G loss: 4.001390] [ElapsedTime: 62184.17 [sec]]
2019-01-16 18:36:41,343 :[Epoch: 1/200] [Batch: 481/20019] [D loss: -0.631648] [G loss: 4.841061] [ElapsedTime: 62469.43 [sec]]
2019-01-16 18:41:22,319 :[Epoch: 1/200] [Batch: 581/20019] [D loss: -0.681180] [G loss: 4.957080] [ElapsedTime: 62750.40 [sec]]
2019-01-16 18:46:00,745 :[Epoch: 1/200] [Batch: 681/20019] [D loss: -0.860234] [G loss: 4.609896] [ElapsedTime: 63028.83 [sec]]
2019-01-16 18:50:42,584 :[Epoch: 1/200] [Batch: 781/20019] [D loss: -0.743707] [G loss: 5.276442] [ElapsedTime: 63310.67 [sec]]
2019-01-16 18:55:23,090 :[Epoch: 1/200] [Batch: 881/20019] [D loss: -0.999116] [G loss: 5.009011] [ElapsedTime: 63591.16 [sec]]
2019-01-16 18:59:59,862 :[Epoch: 1/200] [Batch: 981/20019] [D loss: -0.659258] [G loss: 5.212129] [ElapsedTime: 63867.95 [sec]]
2019-01-16 19:00:10,653 :[Epoch: 1/200] [Iteration: 21000] [Inception Score: 5.77] [Max Score Ever: 5.86]
2019-01-16 19:05:34,162 :[Epoch: 1/200] [Batch: 1081/20019] [D loss: -0.455055] [G loss: 4.605569] [ElapsedTime: 64202.25 [sec]]
2019-01-16 19:10:30,412 :[Epoch: 1/200] [Batch: 1181/20019] [D loss: -0.646768] [G loss: 4.886279] [ElapsedTime: 64498.48 [sec]]
2019-01-16 19:15:34,229 :[Epoch: 1/200] [Batch: 1281/20019] [D loss: -0.402335] [G loss: 5.546034] [ElapsedTime: 64802.31 [sec]]
2019-01-16 19:20:38,179 :[Epoch: 1/200] [Batch: 1381/20019] [D loss: -0.838537] [G loss: 5.117209] [ElapsedTime: 65106.26 [sec]]
2019-01-16 19:25:39,983 :[Epoch: 1/200] [Batch: 1481/20019] [D loss: -0.880704] [G loss: 4.636386] [ElapsedTime: 65408.07 [sec]]
2019-01-16 19:30:38,818 :[Epoch: 1/200] [Batch: 1581/20019] [D loss: -0.729917] [G loss: 5.635990] [ElapsedTime: 65706.88 [sec]]
2019-01-16 19:35:32,118 :[Epoch: 1/200] [Batch: 1681/20019] [D loss: -0.562105] [G loss: 4.558990] [ElapsedTime: 66000.20 [sec]]
2019-01-16 19:40:26,420 :[Epoch: 1/200] [Batch: 1781/20019] [D loss: -0.389262] [G loss: 4.365343] [ElapsedTime: 66294.50 [sec]]
2019-01-16 19:45:23,112 :[Epoch: 1/200] [Batch: 1881/20019] [D loss: -0.304053] [G loss: 5.335773] [ElapsedTime: 66591.13 [sec]]
2019-01-16 19:50:12,832 :[Epoch: 1/200] [Batch: 1981/20019] [D loss: -0.732142] [G loss: 5.285442] [ElapsedTime: 66880.92 [sec]]
2019-01-16 19:50:30,737 :[Epoch: 1/200] [Iteration: 22000] [Inception Score: 5.66] [Max Score Ever: 5.86]
2019-01-16 19:55:26,916 :[Epoch: 1/200] [Batch: 2081/20019] [D loss: -0.442930] [G loss: 4.495267] [ElapsedTime: 67195.00 [sec]]
2019-01-16 20:00:23,856 :[Epoch: 1/200] [Batch: 2181/20019] [D loss: -0.565103] [G loss: 4.949239] [ElapsedTime: 67491.88 [sec]]
2019-01-16 20:06:11,584 :[Epoch: 1/200] [Batch: 2281/20019] [D loss: -0.548141] [G loss: 4.648687] [ElapsedTime: 67839.67 [sec]]
2019-01-16 20:11:20,106 :[Epoch: 1/200] [Batch: 2381/20019] [D loss: -0.492933] [G loss: 4.897268] [ElapsedTime: 68148.19 [sec]]
2019-01-16 20:16:30,401 :[Epoch: 1/200] [Batch: 2481/20019] [D loss: -0.725806] [G loss: 5.477632] [ElapsedTime: 68458.49 [sec]]
2019-01-16 20:21:36,271 :[Epoch: 1/200] [Batch: 2581/20019] [D loss: -0.636880] [G loss: 5.043189] [ElapsedTime: 68764.35 [sec]]
2019-01-16 20:26:35,816 :[Epoch: 1/200] [Batch: 2681/20019] [D loss: -0.789146] [G loss: 4.916619] [ElapsedTime: 69063.90 [sec]]
2019-01-16 20:31:39,770 :[Epoch: 1/200] [Batch: 2781/20019] [D loss: -0.673310] [G loss: 5.600191] [ElapsedTime: 69367.85 [sec]]
2019-01-16 20:36:42,726 :[Epoch: 1/200] [Batch: 2881/20019] [D loss: -0.656600] [G loss: 5.557557] [ElapsedTime: 69670.76 [sec]]
2019-01-16 20:41:46,969 :[Epoch: 1/200] [Batch: 2981/20019] [D loss: -0.796256] [G loss: 5.221154] [ElapsedTime: 69975.05 [sec]]
2019-01-16 20:42:11,479 :[Epoch: 1/200] [Iteration: 23000] [Inception Score: 5.45] [Max Score Ever: 5.86]
2019-01-16 20:47:04,346 :[Epoch: 1/200] [Batch: 3081/20019] [D loss: -1.186055] [G loss: 4.744886] [ElapsedTime: 70292.43 [sec]]
2019-01-16 20:51:54,095 :[Epoch: 1/200] [Batch: 3181/20019] [D loss: -0.396839] [G loss: 5.485030] [ElapsedTime: 70582.18 [sec]]
2019-01-16 20:56:48,052 :[Epoch: 1/200] [Batch: 3281/20019] [D loss: -0.537081] [G loss: 5.628016] [ElapsedTime: 70876.14 [sec]]
2019-01-16 21:01:56,231 :[Epoch: 1/200] [Batch: 3381/20019] [D loss: -0.486534] [G loss: 5.982394] [ElapsedTime: 71184.31 [sec]]
2019-01-16 21:07:00,098 :[Epoch: 1/200] [Batch: 3481/20019] [D loss: -0.769982] [G loss: 5.740897] [ElapsedTime: 71488.15 [sec]]
2019-01-16 21:12:39,407 :[Epoch: 1/200] [Batch: 3581/20019] [D loss: -0.594544] [G loss: 5.801195] [ElapsedTime: 71827.49 [sec]]
2019-01-16 21:18:35,432 :[Epoch: 1/200] [Batch: 3681/20019] [D loss: -0.160624] [G loss: 5.684893] [ElapsedTime: 72183.52 [sec]]
2019-01-16 21:23:44,796 :[Epoch: 1/200] [Batch: 3781/20019] [D loss: -0.599091] [G loss: 5.592490] [ElapsedTime: 72492.89 [sec]]
2019-01-16 21:28:42,805 :[Epoch: 1/200] [Batch: 3881/20019] [D loss: -0.632526] [G loss: 5.856243] [ElapsedTime: 72790.89 [sec]]
2019-01-16 21:33:38,758 :[Epoch: 1/200] [Batch: 3981/20019] [D loss: -0.535819] [G loss: 5.617749] [ElapsedTime: 73086.84 [sec]]
2019-01-16 21:33:57,642 :[Epoch: 1/200] [Iteration: 24000] [Inception Score: 5.37] [Max Score Ever: 5.86]
2019-01-16 21:39:12,067 :[Epoch: 1/200] [Batch: 4081/20019] [D loss: -0.624064] [G loss: 5.643618] [ElapsedTime: 73420.16 [sec]]
2019-01-16 21:44:22,115 :[Epoch: 1/200] [Batch: 4181/20019] [D loss: -0.498455] [G loss: 5.534349] [ElapsedTime: 73730.20 [sec]]
2019-01-16 21:49:24,585 :[Epoch: 1/200] [Batch: 4281/20019] [D loss: -0.726073] [G loss: 5.633298] [ElapsedTime: 74032.39 [sec]]
2019-01-16 21:54:24,264 :[Epoch: 1/200] [Batch: 4381/20019] [D loss: -0.718298] [G loss: 5.181609] [ElapsedTime: 74332.36 [sec]]
2019-01-16 21:59:22,775 :[Epoch: 1/200] [Batch: 4481/20019] [D loss: -0.649873] [G loss: 5.402987] [ElapsedTime: 74630.86 [sec]]
2019-01-16 22:04:49,045 :[Epoch: 1/200] [Batch: 4581/20019] [D loss: -0.548484] [G loss: 5.704276] [ElapsedTime: 74957.13 [sec]]
2019-01-16 22:10:00,196 :[Epoch: 1/200] [Batch: 4681/20019] [D loss: -0.608891] [G loss: 5.557698] [ElapsedTime: 75268.28 [sec]]
2019-01-16 22:15:23,192 :[Epoch: 1/200] [Batch: 4781/20019] [D loss: -0.651145] [G loss: 5.718211] [ElapsedTime: 75591.27 [sec]]
2019-01-16 22:20:33,713 :[Epoch: 1/200] [Batch: 4881/20019] [D loss: -0.432453] [G loss: 6.080174] [ElapsedTime: 75901.80 [sec]]
2019-01-16 22:25:34,618 :[Epoch: 1/200] [Batch: 4981/20019] [D loss: -0.580042] [G loss: 6.176300] [ElapsedTime: 76202.70 [sec]]
2019-01-16 22:25:56,252 :[Epoch: 1/200] [Iteration: 25000] [Inception Score: 5.29] [Max Score Ever: 5.86]
2019-01-16 22:31:03,860 :[Epoch: 1/200] [Batch: 5081/20019] [D loss: -0.280061] [G loss: 5.742410] [ElapsedTime: 76531.94 [sec]]
2019-01-16 22:36:14,820 :[Epoch: 1/200] [Batch: 5181/20019] [D loss: -0.612115] [G loss: 5.847868] [ElapsedTime: 76842.90 [sec]]
2019-01-16 22:41:46,475 :[Epoch: 1/200] [Batch: 5281/20019] [D loss: -0.627215] [G loss: 6.172596] [ElapsedTime: 77174.56 [sec]]
2019-01-16 22:46:47,116 :[Epoch: 1/200] [Batch: 5381/20019] [D loss: -0.510025] [G loss: 5.404978] [ElapsedTime: 77475.11 [sec]]
2019-01-16 22:51:51,515 :[Epoch: 1/200] [Batch: 5481/20019] [D loss: -0.216936] [G loss: 5.517525] [ElapsedTime: 77779.60 [sec]]
2019-01-16 22:56:45,352 :[Epoch: 1/200] [Batch: 5581/20019] [D loss: -0.926222] [G loss: 5.572796] [ElapsedTime: 78073.44 [sec]]
2019-01-16 23:02:22,562 :[Epoch: 1/200] [Batch: 5681/20019] [D loss: -0.516822] [G loss: 5.610272] [ElapsedTime: 78410.55 [sec]]
2019-01-16 23:08:11,083 :[Epoch: 1/200] [Batch: 5781/20019] [D loss: -0.725931] [G loss: 5.573097] [ElapsedTime: 78759.17 [sec]]
2019-01-16 23:13:58,608 :[Epoch: 1/200] [Batch: 5881/20019] [D loss: -0.541616] [G loss: 5.791208] [ElapsedTime: 79106.69 [sec]]
2019-01-16 23:19:31,893 :[Epoch: 1/200] [Batch: 5981/20019] [D loss: -0.596329] [G loss: 5.390568] [ElapsedTime: 79439.96 [sec]]
2019-01-16 23:19:55,550 :[Epoch: 1/200] [Iteration: 26000] [Inception Score: 5.51] [Max Score Ever: 5.86]
2019-01-16 23:25:22,038 :[Epoch: 1/200] [Batch: 6081/20019] [D loss: -0.311508] [G loss: 6.416138] [ElapsedTime: 79790.12 [sec]]
2019-01-16 23:30:44,970 :[Epoch: 1/200] [Batch: 6181/20019] [D loss: -0.447668] [G loss: 5.618926] [ElapsedTime: 80113.05 [sec]]
2019-01-16 23:36:14,168 :[Epoch: 1/200] [Batch: 6281/20019] [D loss: -0.329943] [G loss: 5.679601] [ElapsedTime: 80442.24 [sec]]
2019-01-16 23:41:35,619 :[Epoch: 1/200] [Batch: 6381/20019] [D loss: -0.398715] [G loss: 5.892579] [ElapsedTime: 80763.66 [sec]]
2019-01-16 23:46:43,193 :[Epoch: 1/200] [Batch: 6481/20019] [D loss: -1.072214] [G loss: 5.681383] [ElapsedTime: 81071.28 [sec]]
2019-01-16 23:51:58,178 :[Epoch: 1/200] [Batch: 6581/20019] [D loss: -0.469521] [G loss: 5.634448] [ElapsedTime: 81386.26 [sec]]
2019-01-16 23:57:13,492 :[Epoch: 1/200] [Batch: 6681/20019] [D loss: -0.364985] [G loss: 5.183442] [ElapsedTime: 81701.56 [sec]]
2019-01-17 00:03:04,654 :[Epoch: 1/200] [Batch: 6781/20019] [D loss: -0.692272] [G loss: 5.782398] [ElapsedTime: 82052.74 [sec]]
2019-01-17 00:08:52,144 :[Epoch: 1/200] [Batch: 6881/20019] [D loss: -0.348405] [G loss: 5.668538] [ElapsedTime: 82400.20 [sec]]
2019-01-17 00:14:40,914 :[Epoch: 1/200] [Batch: 6981/20019] [D loss: -0.988999] [G loss: 5.645172] [ElapsedTime: 82749.00 [sec]]
2019-01-17 00:15:06,176 :[Epoch: 1/200] [Iteration: 27000] [Inception Score: 5.90] [Max Score Ever: 5.90]
2019-01-17 00:20:53,027 :[Epoch: 1/200] [Batch: 7081/20019] [D loss: -0.712285] [G loss: 5.644781] [ElapsedTime: 83121.11 [sec]]
2019-01-17 00:26:26,260 :[Epoch: 1/200] [Batch: 7181/20019] [D loss: -0.760561] [G loss: 5.194409] [ElapsedTime: 83454.33 [sec]]
2019-01-17 00:31:50,301 :[Epoch: 1/200] [Batch: 7281/20019] [D loss: -0.372716] [G loss: 6.340924] [ElapsedTime: 83778.38 [sec]]
2019-01-17 00:36:59,335 :[Epoch: 1/200] [Batch: 7381/20019] [D loss: -0.541491] [G loss: 5.849895] [ElapsedTime: 84087.36 [sec]]
2019-01-17 00:42:06,271 :[Epoch: 1/200] [Batch: 7481/20019] [D loss: -0.992442] [G loss: 6.034027] [ElapsedTime: 84394.28 [sec]]
2019-01-17 00:47:18,612 :[Epoch: 1/200] [Batch: 7581/20019] [D loss: -0.711972] [G loss: 6.176771] [ElapsedTime: 84706.70 [sec]]
2019-01-17 00:52:33,226 :[Epoch: 1/200] [Batch: 7681/20019] [D loss: -0.795864] [G loss: 6.698864] [ElapsedTime: 85021.27 [sec]]
2019-01-17 00:57:38,438 :[Epoch: 1/200] [Batch: 7781/20019] [D loss: -0.620079] [G loss: 6.208864] [ElapsedTime: 85326.51 [sec]]
2019-01-17 01:03:22,466 :[Epoch: 1/200] [Batch: 7881/20019] [D loss: -0.664568] [G loss: 6.712430] [ElapsedTime: 85670.55 [sec]]
2019-01-17 01:09:04,351 :[Epoch: 1/200] [Batch: 7981/20019] [D loss: -0.432523] [G loss: 6.328196] [ElapsedTime: 86012.43 [sec]]
2019-01-17 01:09:28,593 :[Epoch: 1/200] [Iteration: 28000] [Inception Score: 5.88] [Max Score Ever: 5.90]
2019-01-17 01:15:03,051 :[Epoch: 1/200] [Batch: 8081/20019] [D loss: -0.949731] [G loss: 5.977206] [ElapsedTime: 86371.13 [sec]]
2019-01-17 01:20:31,539 :[Epoch: 1/200] [Batch: 8181/20019] [D loss: -0.935471] [G loss: 6.406829] [ElapsedTime: 86699.62 [sec]]
2019-01-17 01:25:54,727 :[Epoch: 1/200] [Batch: 8281/20019] [D loss: -0.554734] [G loss: 6.420810] [ElapsedTime: 87022.81 [sec]]
2019-01-17 01:31:12,614 :[Epoch: 1/200] [Batch: 8381/20019] [D loss: -0.121201] [G loss: 6.532662] [ElapsedTime: 87340.69 [sec]]
2019-01-17 01:36:36,402 :[Epoch: 1/200] [Batch: 8481/20019] [D loss: -0.632141] [G loss: 6.455255] [ElapsedTime: 87664.49 [sec]]
2019-01-17 01:42:02,594 :[Epoch: 1/200] [Batch: 8581/20019] [D loss: -0.610610] [G loss: 6.565684] [ElapsedTime: 87990.68 [sec]]
2019-01-17 01:47:28,264 :[Epoch: 1/200] [Batch: 8681/20019] [D loss: -0.637047] [G loss: 6.952324] [ElapsedTime: 88316.32 [sec]]
2019-01-17 01:53:03,729 :[Epoch: 1/200] [Batch: 8781/20019] [D loss: -0.428567] [G loss: 7.172168] [ElapsedTime: 88651.81 [sec]]
2019-01-17 01:58:24,908 :[Epoch: 1/200] [Batch: 8881/20019] [D loss: -0.345322] [G loss: 7.219619] [ElapsedTime: 88972.99 [sec]]
2019-01-17 02:04:24,386 :[Epoch: 1/200] [Batch: 8981/20019] [D loss: -0.597678] [G loss: 6.925927] [ElapsedTime: 89332.47 [sec]]
2019-01-17 02:04:50,251 :[Epoch: 1/200] [Iteration: 29000] [Inception Score: 5.74] [Max Score Ever: 5.90]
2019-01-17 02:10:28,135 :[Epoch: 1/200] [Batch: 9081/20019] [D loss: -0.793830] [G loss: 7.139362] [ElapsedTime: 89696.19 [sec]]
2019-01-17 02:16:06,517 :[Epoch: 1/200] [Batch: 9181/20019] [D loss: -0.470431] [G loss: 7.037818] [ElapsedTime: 90034.60 [sec]]
2019-01-17 02:21:39,174 :[Epoch: 1/200] [Batch: 9281/20019] [D loss: -0.800970] [G loss: 7.174984] [ElapsedTime: 90367.24 [sec]]
2019-01-17 02:27:08,112 :[Epoch: 1/200] [Batch: 9381/20019] [D loss: -0.746493] [G loss: 6.867577] [ElapsedTime: 90696.18 [sec]]
2019-01-17 02:32:22,631 :[Epoch: 1/200] [Batch: 9481/20019] [D loss: -0.100809] [G loss: 6.760629] [ElapsedTime: 91010.72 [sec]]
2019-01-17 02:37:38,987 :[Epoch: 1/200] [Batch: 9581/20019] [D loss: -0.395831] [G loss: 6.930105] [ElapsedTime: 91327.07 [sec]]
2019-01-17 02:42:54,491 :[Epoch: 1/200] [Batch: 9681/20019] [D loss: -0.576464] [G loss: 6.852677] [ElapsedTime: 91642.52 [sec]]
2019-01-17 02:48:08,885 :[Epoch: 1/200] [Batch: 9781/20019] [D loss: -1.079889] [G loss: 7.072593] [ElapsedTime: 91956.97 [sec]]
2019-01-17 02:53:22,560 :[Epoch: 1/200] [Batch: 9881/20019] [D loss: -0.715503] [G loss: 7.224015] [ElapsedTime: 92270.64 [sec]]
2019-01-17 02:58:30,950 :[Epoch: 1/200] [Batch: 9981/20019] [D loss: -0.498581] [G loss: 7.095775] [ElapsedTime: 92579.03 [sec]]
2019-01-17 02:58:54,150 :[Epoch: 1/200] [Iteration: 30000] [Inception Score: 5.51] [Max Score Ever: 5.90]
2019-01-17 03:04:40,217 :[Epoch: 1/200] [Batch: 10081/20019] [D loss: -0.393772] [G loss: 7.034927] [ElapsedTime: 92948.30 [sec]]
2019-01-17 03:10:05,422 :[Epoch: 1/200] [Batch: 10181/20019] [D loss: -0.252022] [G loss: 7.210658] [ElapsedTime: 93273.51 [sec]]
2019-01-17 03:15:37,753 :[Epoch: 1/200] [Batch: 10281/20019] [D loss: -0.804892] [G loss: 7.366310] [ElapsedTime: 93605.84 [sec]]
2019-01-17 03:21:03,065 :[Epoch: 1/200] [Batch: 10381/20019] [D loss: -0.639345] [G loss: 7.594107] [ElapsedTime: 93931.15 [sec]]
2019-01-17 03:26:21,887 :[Epoch: 1/200] [Batch: 10481/20019] [D loss: -0.492205] [G loss: 7.914300] [ElapsedTime: 94250.00 [sec]]
2019-01-17 03:31:41,383 :[Epoch: 1/200] [Batch: 10581/20019] [D loss: -0.946446] [G loss: 7.286363] [ElapsedTime: 94569.47 [sec]]
2019-01-17 03:36:47,170 :[Epoch: 1/200] [Batch: 10681/20019] [D loss: -0.449695] [G loss: 7.418556] [ElapsedTime: 94875.25 [sec]]
2019-01-17 03:41:59,276 :[Epoch: 1/200] [Batch: 10781/20019] [D loss: -0.586116] [G loss: 7.338037] [ElapsedTime: 95187.27 [sec]]
2019-01-17 03:47:22,212 :[Epoch: 1/200] [Batch: 10881/20019] [D loss: -0.546894] [G loss: 8.146590] [ElapsedTime: 95510.30 [sec]]
2019-01-17 03:52:37,920 :[Epoch: 1/200] [Batch: 10981/20019] [D loss: -0.796225] [G loss: 7.880372] [ElapsedTime: 95826.00 [sec]]
2019-01-17 03:53:01,563 :[Epoch: 1/200] [Iteration: 31000] [Inception Score: 5.89] [Max Score Ever: 5.90]
2019-01-17 03:58:17,816 :[Epoch: 1/200] [Batch: 11081/20019] [D loss: -0.276484] [G loss: 7.358116] [ElapsedTime: 96165.90 [sec]]
2019-01-17 04:04:02,154 :[Epoch: 1/200] [Batch: 11181/20019] [D loss: -0.774003] [G loss: 7.431433] [ElapsedTime: 96510.24 [sec]]
2019-01-17 04:09:42,515 :[Epoch: 1/200] [Batch: 11281/20019] [D loss: -0.587454] [G loss: 7.735877] [ElapsedTime: 96850.60 [sec]]
2019-01-17 04:15:11,694 :[Epoch: 1/200] [Batch: 11381/20019] [D loss: -0.436679] [G loss: 8.015861] [ElapsedTime: 97179.78 [sec]]
2019-01-17 04:20:35,070 :[Epoch: 1/200] [Batch: 11481/20019] [D loss: 0.009062] [G loss: 7.837803] [ElapsedTime: 97503.12 [sec]]
2019-01-17 04:26:01,849 :[Epoch: 1/200] [Batch: 11581/20019] [D loss: -0.762160] [G loss: 8.632379] [ElapsedTime: 97829.93 [sec]]
2019-01-17 04:31:23,964 :[Epoch: 1/200] [Batch: 11681/20019] [D loss: -0.402115] [G loss: 7.905816] [ElapsedTime: 98152.05 [sec]]
2019-01-17 04:36:39,297 :[Epoch: 1/200] [Batch: 11781/20019] [D loss: -0.890591] [G loss: 8.391935] [ElapsedTime: 98467.33 [sec]]
2019-01-17 04:41:55,250 :[Epoch: 1/200] [Batch: 11881/20019] [D loss: -0.462271] [G loss: 7.863915] [ElapsedTime: 98783.33 [sec]]
2019-01-17 04:47:05,792 :[Epoch: 1/200] [Batch: 11981/20019] [D loss: -0.617109] [G loss: 8.176922] [ElapsedTime: 99093.88 [sec]]
2019-01-17 04:47:28,362 :[Epoch: 1/200] [Iteration: 32000] [Inception Score: 5.79] [Max Score Ever: 5.90]
2019-01-17 04:52:43,288 :[Epoch: 1/200] [Batch: 12081/20019] [D loss: 0.037184] [G loss: 8.287898] [ElapsedTime: 99431.37 [sec]]
2019-01-17 04:57:53,470 :[Epoch: 1/200] [Batch: 12181/20019] [D loss: -0.552418] [G loss: 8.790018] [ElapsedTime: 99741.55 [sec]]
2019-01-17 05:03:40,281 :[Epoch: 1/200] [Batch: 12281/20019] [D loss: -1.042081] [G loss: 8.371006] [ElapsedTime: 100088.36 [sec]]
2019-01-17 05:09:11,033 :[Epoch: 1/200] [Batch: 12381/20019] [D loss: -0.895990] [G loss: 8.371196] [ElapsedTime: 100419.11 [sec]]
2019-01-17 05:14:33,282 :[Epoch: 1/200] [Batch: 12481/20019] [D loss: -0.794490] [G loss: 9.140481] [ElapsedTime: 100741.37 [sec]]
2019-01-17 05:19:59,338 :[Epoch: 1/200] [Batch: 12581/20019] [D loss: -0.637980] [G loss: 8.387341] [ElapsedTime: 101067.42 [sec]]
2019-01-17 05:25:19,334 :[Epoch: 1/200] [Batch: 12681/20019] [D loss: -0.605140] [G loss: 8.189301] [ElapsedTime: 101387.42 [sec]]
2019-01-17 05:30:37,910 :[Epoch: 1/200] [Batch: 12781/20019] [D loss: -0.564660] [G loss: 8.884017] [ElapsedTime: 101705.99 [sec]]
2019-01-17 05:35:54,600 :[Epoch: 1/200] [Batch: 12881/20019] [D loss: -0.282832] [G loss: 8.678712] [ElapsedTime: 102022.68 [sec]]
2019-01-17 05:41:13,727 :[Epoch: 1/200] [Batch: 12981/20019] [D loss: -0.615385] [G loss: 8.397966] [ElapsedTime: 102341.81 [sec]]
2019-01-17 05:41:38,074 :[Epoch: 1/200] [Iteration: 33000] [Inception Score: 5.61] [Max Score Ever: 5.90]
2019-01-17 05:46:47,067 :[Epoch: 1/200] [Batch: 13081/20019] [D loss: -0.835466] [G loss: 8.585961] [ElapsedTime: 102675.15 [sec]]
2019-01-17 05:51:52,707 :[Epoch: 1/200] [Batch: 13181/20019] [D loss: -0.488205] [G loss: 9.081125] [ElapsedTime: 102980.79 [sec]]
2019-01-17 05:57:02,026 :[Epoch: 1/200] [Batch: 13281/20019] [D loss: -0.741566] [G loss: 9.123511] [ElapsedTime: 103290.11 [sec]]
2019-01-17 06:02:26,692 :[Epoch: 1/200] [Batch: 13381/20019] [D loss: -0.343373] [G loss: 9.463482] [ElapsedTime: 103614.76 [sec]]
2019-01-17 06:07:33,254 :[Epoch: 1/200] [Batch: 13481/20019] [D loss: -0.861707] [G loss: 8.933547] [ElapsedTime: 103921.34 [sec]]
2019-01-17 06:12:52,918 :[Epoch: 1/200] [Batch: 13581/20019] [D loss: -0.202707] [G loss: 9.116386] [ElapsedTime: 104241.00 [sec]]
2019-01-17 06:18:03,249 :[Epoch: 1/200] [Batch: 13681/20019] [D loss: -0.864030] [G loss: 8.497882] [ElapsedTime: 104551.33 [sec]]
2019-01-17 06:23:13,300 :[Epoch: 1/200] [Batch: 13781/20019] [D loss: -0.361298] [G loss: 9.140137] [ElapsedTime: 104861.38 [sec]]
2019-01-17 06:28:21,013 :[Epoch: 1/200] [Batch: 13881/20019] [D loss: -0.218089] [G loss: 9.001392] [ElapsedTime: 105169.10 [sec]]
2019-01-17 06:33:29,158 :[Epoch: 1/200] [Batch: 13981/20019] [D loss: -0.555483] [G loss: 8.566949] [ElapsedTime: 105476.96 [sec]]
2019-01-17 06:33:51,705 :[Epoch: 1/200] [Iteration: 34000] [Inception Score: 5.70] [Max Score Ever: 5.90]
2019-01-17 06:38:58,853 :[Epoch: 1/200] [Batch: 14081/20019] [D loss: -0.258267] [G loss: 9.556713] [ElapsedTime: 105806.94 [sec]]
2019-01-17 06:44:02,502 :[Epoch: 1/200] [Batch: 14181/20019] [D loss: -0.520091] [G loss: 9.740962] [ElapsedTime: 106110.59 [sec]]
2019-01-17 06:49:10,669 :[Epoch: 1/200] [Batch: 14281/20019] [D loss: -1.110215] [G loss: 10.213987] [ElapsedTime: 106418.75 [sec]]
2019-01-17 06:54:12,841 :[Epoch: 1/200] [Batch: 14381/20019] [D loss: -0.626352] [G loss: 9.110891] [ElapsedTime: 106720.92 [sec]]
2019-01-17 06:59:12,959 :[Epoch: 1/200] [Batch: 14481/20019] [D loss: -0.566468] [G loss: 9.526152] [ElapsedTime: 107021.05 [sec]]
2019-01-17 07:04:48,016 :[Epoch: 1/200] [Batch: 14581/20019] [D loss: -0.874811] [G loss: 10.503993] [ElapsedTime: 107356.10 [sec]]
2019-01-17 07:10:05,973 :[Epoch: 1/200] [Batch: 14681/20019] [D loss: -1.026682] [G loss: 10.387847] [ElapsedTime: 107674.06 [sec]]
2019-01-17 07:15:27,836 :[Epoch: 1/200] [Batch: 14781/20019] [D loss: -0.847692] [G loss: 9.806280] [ElapsedTime: 107995.92 [sec]]
2019-01-17 07:20:43,760 :[Epoch: 1/200] [Batch: 14881/20019] [D loss: -0.696012] [G loss: 10.312153] [ElapsedTime: 108311.84 [sec]]
2019-01-17 07:25:53,197 :[Epoch: 1/200] [Batch: 14981/20019] [D loss: -0.753440] [G loss: 10.251126] [ElapsedTime: 108621.28 [sec]]
2019-01-17 07:26:14,573 :[Epoch: 1/200] [Iteration: 35000] [Inception Score: 5.64] [Max Score Ever: 5.90]
2019-01-17 07:31:26,229 :[Epoch: 1/200] [Batch: 15081/20019] [D loss: -0.539375] [G loss: 9.542811] [ElapsedTime: 108954.31 [sec]]
2019-01-17 07:36:35,277 :[Epoch: 1/200] [Batch: 15181/20019] [D loss: -0.468272] [G loss: 9.431070] [ElapsedTime: 109263.36 [sec]]
2019-01-17 07:41:46,768 :[Epoch: 1/200] [Batch: 15281/20019] [D loss: -0.461839] [G loss: 9.338108] [ElapsedTime: 109574.85 [sec]]
2019-01-17 07:46:53,791 :[Epoch: 1/200] [Batch: 15381/20019] [D loss: -0.078979] [G loss: 9.255017] [ElapsedTime: 109881.87 [sec]]
2019-01-17 07:51:58,828 :[Epoch: 1/200] [Batch: 15481/20019] [D loss: -0.802091] [G loss: 10.138274] [ElapsedTime: 110186.91 [sec]]
2019-01-17 07:57:04,276 :[Epoch: 1/200] [Batch: 15581/20019] [D loss: -0.598989] [G loss: 10.026666] [ElapsedTime: 110492.36 [sec]]
2019-01-17 08:02:34,377 :[Epoch: 1/200] [Batch: 15681/20019] [D loss: -0.784838] [G loss: 9.756615] [ElapsedTime: 110822.46 [sec]]
2019-01-17 08:07:48,367 :[Epoch: 1/200] [Batch: 15781/20019] [D loss: -0.230374] [G loss: 9.334748] [ElapsedTime: 111136.45 [sec]]
2019-01-17 08:13:05,246 :[Epoch: 1/200] [Batch: 15881/20019] [D loss: -0.651435] [G loss: 9.598379] [ElapsedTime: 111453.34 [sec]]
2019-01-17 08:18:20,821 :[Epoch: 1/200] [Batch: 15981/20019] [D loss: -0.576882] [G loss: 9.448924] [ElapsedTime: 111768.90 [sec]]
2019-01-17 08:18:42,778 :[Epoch: 1/200] [Iteration: 36000] [Inception Score: 5.47] [Max Score Ever: 5.90]
2019-01-17 08:23:56,235 :[Epoch: 1/200] [Batch: 16081/20019] [D loss: -0.462121] [G loss: 9.276206] [ElapsedTime: 112104.32 [sec]]
2019-01-17 08:29:08,803 :[Epoch: 1/200] [Batch: 16181/20019] [D loss: -0.453480] [G loss: 9.965216] [ElapsedTime: 112416.90 [sec]]
2019-01-17 08:34:12,182 :[Epoch: 1/200] [Batch: 16281/20019] [D loss: -0.727601] [G loss: 9.643753] [ElapsedTime: 112720.27 [sec]]
2019-01-17 08:39:15,059 :[Epoch: 1/200] [Batch: 16381/20019] [D loss: -0.362515] [G loss: 9.284140] [ElapsedTime: 113023.14 [sec]]
2019-01-17 08:44:14,584 :[Epoch: 1/200] [Batch: 16481/20019] [D loss: -0.529012] [G loss: 9.651434] [ElapsedTime: 113322.67 [sec]]
2019-01-17 08:49:17,814 :[Epoch: 1/200] [Batch: 16581/20019] [D loss: -0.679713] [G loss: 9.692269] [ElapsedTime: 113625.89 [sec]]
2019-01-17 08:54:20,004 :[Epoch: 1/200] [Batch: 16681/20019] [D loss: -0.704813] [G loss: 9.371217] [ElapsedTime: 113928.09 [sec]]
2019-01-17 08:59:21,464 :[Epoch: 1/200] [Batch: 16781/20019] [D loss: -0.169759] [G loss: 9.847205] [ElapsedTime: 114229.52 [sec]]
2019-01-17 09:04:51,907 :[Epoch: 1/200] [Batch: 16881/20019] [D loss: -0.595451] [G loss: 10.582952] [ElapsedTime: 114559.99 [sec]]
2019-01-17 09:10:02,514 :[Epoch: 1/200] [Batch: 16981/20019] [D loss: -0.417115] [G loss: 10.096754] [ElapsedTime: 114870.60 [sec]]
2019-01-17 09:10:23,390 :[Epoch: 1/200] [Iteration: 37000] [Inception Score: 5.84] [Max Score Ever: 5.90]
2019-01-17 09:15:33,173 :[Epoch: 1/200] [Batch: 17081/20019] [D loss: 0.031055] [G loss: 9.599822] [ElapsedTime: 115201.26 [sec]]
2019-01-17 09:20:38,184 :[Epoch: 1/200] [Batch: 17181/20019] [D loss: -0.165654] [G loss: 9.264638] [ElapsedTime: 115506.26 [sec]]
2019-01-17 09:25:53,047 :[Epoch: 1/200] [Batch: 17281/20019] [D loss: -0.268574] [G loss: 10.148683] [ElapsedTime: 115821.13 [sec]]
2019-01-17 09:30:59,592 :[Epoch: 1/200] [Batch: 17381/20019] [D loss: -0.860706] [G loss: 10.537300] [ElapsedTime: 116127.68 [sec]]
2019-01-17 09:36:06,216 :[Epoch: 1/200] [Batch: 17481/20019] [D loss: -0.548018] [G loss: 10.204989] [ElapsedTime: 116434.30 [sec]]
2019-01-17 09:41:13,517 :[Epoch: 1/200] [Batch: 17581/20019] [D loss: -0.964666] [G loss: 9.885859] [ElapsedTime: 116741.55 [sec]]
2019-01-17 09:46:20,589 :[Epoch: 1/200] [Batch: 17681/20019] [D loss: -1.044268] [G loss: 9.656709] [ElapsedTime: 117048.67 [sec]]
2019-01-17 09:51:13,294 :[Epoch: 1/200] [Batch: 17781/20019] [D loss: -0.390983] [G loss: 9.610629] [ElapsedTime: 117341.38 [sec]]
2019-01-17 09:56:00,183 :[Epoch: 1/200] [Batch: 17881/20019] [D loss: -0.341048] [G loss: 9.995538] [ElapsedTime: 117628.24 [sec]]
2019-01-17 10:00:44,813 :[Epoch: 1/200] [Batch: 17981/20019] [D loss: -0.518937] [G loss: 10.241611] [ElapsedTime: 117912.90 [sec]]
2019-01-17 10:01:02,124 :[Epoch: 1/200] [Iteration: 38000] [Inception Score: 5.77] [Max Score Ever: 5.90]
2019-01-17 10:06:25,092 :[Epoch: 1/200] [Batch: 18081/20019] [D loss: -0.763447] [G loss: 10.517375] [ElapsedTime: 118253.18 [sec]]
2019-01-17 10:11:40,022 :[Epoch: 1/200] [Batch: 18181/20019] [D loss: -0.458778] [G loss: 10.199745] [ElapsedTime: 118568.04 [sec]]
2019-01-17 10:16:59,337 :[Epoch: 1/200] [Batch: 18281/20019] [D loss: -0.612392] [G loss: 10.937844] [ElapsedTime: 118887.42 [sec]]
2019-01-17 10:22:05,026 :[Epoch: 1/200] [Batch: 18381/20019] [D loss: -0.908028] [G loss: 10.316211] [ElapsedTime: 119193.11 [sec]]
2019-01-17 10:27:08,390 :[Epoch: 1/200] [Batch: 18481/20019] [D loss: -0.399856] [G loss: 9.835634] [ElapsedTime: 119496.48 [sec]]
2019-01-17 10:32:13,991 :[Epoch: 1/200] [Batch: 18581/20019] [D loss: -0.273505] [G loss: 10.172310] [ElapsedTime: 119802.03 [sec]]
2019-01-17 10:37:28,396 :[Epoch: 1/200] [Batch: 18681/20019] [D loss: -0.618841] [G loss: 10.816057] [ElapsedTime: 120116.48 [sec]]
2019-01-17 10:42:52,158 :[Epoch: 1/200] [Batch: 18781/20019] [D loss: -0.774358] [G loss: 10.549898] [ElapsedTime: 120440.24 [sec]]
2019-01-17 10:48:10,360 :[Epoch: 1/200] [Batch: 18881/20019] [D loss: -0.197773] [G loss: 10.211211] [ElapsedTime: 120758.44 [sec]]
2019-01-17 10:53:31,859 :[Epoch: 1/200] [Batch: 18981/20019] [D loss: -0.625878] [G loss: 10.585028] [ElapsedTime: 121079.92 [sec]]
2019-01-17 10:53:56,387 :[Epoch: 1/200] [Iteration: 39000] [Inception Score: 5.53] [Max Score Ever: 5.90]
2019-01-17 10:59:21,140 :[Epoch: 1/200] [Batch: 19081/20019] [D loss: -0.720970] [G loss: 11.169285] [ElapsedTime: 121429.22 [sec]]
2019-01-17 11:05:31,178 :[Epoch: 1/200] [Batch: 19181/20019] [D loss: -0.643534] [G loss: 10.307947] [ElapsedTime: 121799.26 [sec]]
2019-01-17 11:11:09,232 :[Epoch: 1/200] [Batch: 19281/20019] [D loss: -0.703778] [G loss: 10.579949] [ElapsedTime: 122137.32 [sec]]
2019-01-17 11:16:48,009 :[Epoch: 1/200] [Batch: 19381/20019] [D loss: -0.079812] [G loss: 10.524889] [ElapsedTime: 122476.09 [sec]]
2019-01-17 11:22:17,193 :[Epoch: 1/200] [Batch: 19481/20019] [D loss: -0.696980] [G loss: 10.277717] [ElapsedTime: 122805.28 [sec]]
2019-01-17 11:27:48,983 :[Epoch: 1/200] [Batch: 19581/20019] [D loss: -0.641324] [G loss: 11.097884] [ElapsedTime: 123137.07 [sec]]
2019-01-17 11:33:15,452 :[Epoch: 1/200] [Batch: 19681/20019] [D loss: -0.856005] [G loss: 10.997650] [ElapsedTime: 123463.54 [sec]]
2019-01-17 11:38:44,720 :[Epoch: 1/200] [Batch: 19781/20019] [D loss: -0.488572] [G loss: 10.640345] [ElapsedTime: 123792.79 [sec]]
2019-01-17 11:44:09,055 :[Epoch: 1/200] [Batch: 19881/20019] [D loss: -0.663334] [G loss: 11.428196] [ElapsedTime: 124117.14 [sec]]
2019-01-17 11:49:18,023 :[Epoch: 1/200] [Batch: 19981/20019] [D loss: -0.225929] [G loss: 10.690419] [ElapsedTime: 124426.11 [sec]]
2019-01-17 11:49:41,725 :[Epoch: 1/200] [Iteration: 40000] [Inception Score: 6.17] [Max Score Ever: 6.17]
2019-01-17 11:54:52,231 :[Epoch: 2/200] [Batch: 62/20019] [D loss: -0.285107] [G loss: 10.489603] [ElapsedTime: 124760.32 [sec]]
2019-01-17 12:00:03,717 :[Epoch: 2/200] [Batch: 162/20019] [D loss: -0.773028] [G loss: 10.817864] [ElapsedTime: 125071.81 [sec]]
2019-01-17 12:05:44,400 :[Epoch: 2/200] [Batch: 262/20019] [D loss: -0.079249] [G loss: 10.877399] [ElapsedTime: 125412.48 [sec]]
2019-01-17 12:11:06,739 :[Epoch: 2/200] [Batch: 362/20019] [D loss: -0.286104] [G loss: 11.005427] [ElapsedTime: 125734.82 [sec]]
2019-01-17 12:16:32,807 :[Epoch: 2/200] [Batch: 462/20019] [D loss: -0.507108] [G loss: 11.479122] [ElapsedTime: 126060.89 [sec]]
2019-01-17 12:21:54,448 :[Epoch: 2/200] [Batch: 562/20019] [D loss: -0.365874] [G loss: 10.161242] [ElapsedTime: 126382.53 [sec]]
2019-01-17 12:27:12,817 :[Epoch: 2/200] [Batch: 662/20019] [D loss: -0.584729] [G loss: 11.286229] [ElapsedTime: 126700.90 [sec]]
2019-01-17 12:32:18,472 :[Epoch: 2/200] [Batch: 762/20019] [D loss: -0.416419] [G loss: 10.652217] [ElapsedTime: 127006.56 [sec]]
2019-01-17 12:37:33,968 :[Epoch: 2/200] [Batch: 862/20019] [D loss: -0.418751] [G loss: 11.412781] [ElapsedTime: 127322.05 [sec]]
2019-01-17 12:42:48,906 :[Epoch: 2/200] [Batch: 962/20019] [D loss: -0.454099] [G loss: 11.519921] [ElapsedTime: 127636.98 [sec]]
2019-01-17 12:43:11,571 :[Epoch: 2/200] [Iteration: 41000] [Inception Score: 5.96] [Max Score Ever: 6.17]
2019-01-17 12:48:21,541 :[Epoch: 2/200] [Batch: 1062/20019] [D loss: -0.691553] [G loss: 12.066508] [ElapsedTime: 127969.62 [sec]]
2019-01-17 12:53:31,024 :[Epoch: 2/200] [Batch: 1162/20019] [D loss: -0.718973] [G loss: 11.298706] [ElapsedTime: 128279.11 [sec]]
2019-01-17 12:58:43,764 :[Epoch: 2/200] [Batch: 1262/20019] [D loss: -0.590971] [G loss: 11.346782] [ElapsedTime: 128591.85 [sec]]
2019-01-17 13:04:29,005 :[Epoch: 2/200] [Batch: 1362/20019] [D loss: -0.329137] [G loss: 11.395014] [ElapsedTime: 128937.02 [sec]]
2019-01-17 13:10:08,225 :[Epoch: 2/200] [Batch: 1462/20019] [D loss: -0.912523] [G loss: 11.385075] [ElapsedTime: 129276.31 [sec]]
2019-01-17 13:15:19,030 :[Epoch: 2/200] [Batch: 1562/20019] [D loss: -0.636874] [G loss: 11.448248] [ElapsedTime: 129587.11 [sec]]
2019-01-17 13:20:28,458 :[Epoch: 2/200] [Batch: 1662/20019] [D loss: -0.626854] [G loss: 11.422491] [ElapsedTime: 129896.55 [sec]]
2019-01-17 13:25:42,360 :[Epoch: 2/200] [Batch: 1762/20019] [D loss: -0.882531] [G loss: 10.502439] [ElapsedTime: 130210.44 [sec]]
2019-01-17 13:31:06,169 :[Epoch: 2/200] [Batch: 1862/20019] [D loss: -0.547758] [G loss: 11.165687] [ElapsedTime: 130534.25 [sec]]
2019-01-17 13:36:33,300 :[Epoch: 2/200] [Batch: 1962/20019] [D loss: -0.242028] [G loss: 10.960176] [ElapsedTime: 130861.36 [sec]]
2019-01-17 13:36:57,241 :[Epoch: 2/200] [Iteration: 42000] [Inception Score: 5.49] [Max Score Ever: 6.17]
2019-01-17 13:42:13,363 :[Epoch: 2/200] [Batch: 2062/20019] [D loss: -0.604044] [G loss: 11.061370] [ElapsedTime: 131201.45 [sec]]
2019-01-17 13:47:29,985 :[Epoch: 2/200] [Batch: 2162/20019] [D loss: -0.632009] [G loss: 11.605595] [ElapsedTime: 131518.07 [sec]]
2019-01-17 13:52:49,302 :[Epoch: 2/200] [Batch: 2262/20019] [D loss: -1.092129] [G loss: 11.027921] [ElapsedTime: 131837.34 [sec]]
2019-01-17 13:58:02,239 :[Epoch: 2/200] [Batch: 2362/20019] [D loss: -0.837183] [G loss: 11.663815] [ElapsedTime: 132150.32 [sec]]
2019-01-17 14:03:46,471 :[Epoch: 2/200] [Batch: 2462/20019] [D loss: -0.220083] [G loss: 10.840327] [ElapsedTime: 132494.55 [sec]]
2019-01-17 14:09:11,129 :[Epoch: 2/200] [Batch: 2562/20019] [D loss: -0.270037] [G loss: 11.529196] [ElapsedTime: 132819.20 [sec]]
2019-01-17 14:14:22,667 :[Epoch: 2/200] [Batch: 2662/20019] [D loss: -0.475550] [G loss: 11.785882] [ElapsedTime: 133130.75 [sec]]
2019-01-17 14:19:49,197 :[Epoch: 2/200] [Batch: 2762/20019] [D loss: -1.230337] [G loss: 12.811810] [ElapsedTime: 133457.28 [sec]]
2019-01-17 14:25:20,449 :[Epoch: 2/200] [Batch: 2862/20019] [D loss: -0.215035] [G loss: 11.784750] [ElapsedTime: 133788.50 [sec]]
2019-01-17 14:30:53,070 :[Epoch: 2/200] [Batch: 2962/20019] [D loss: -0.414704] [G loss: 11.673624] [ElapsedTime: 134121.15 [sec]]
2019-01-17 14:31:18,269 :[Epoch: 2/200] [Iteration: 43000] [Inception Score: 6.25] [Max Score Ever: 6.25]
2019-01-17 14:36:44,603 :[Epoch: 2/200] [Batch: 3062/20019] [D loss: -0.393667] [G loss: 11.401320] [ElapsedTime: 134472.69 [sec]]
2019-01-17 14:41:51,925 :[Epoch: 2/200] [Batch: 3162/20019] [D loss: -0.402494] [G loss: 12.167235] [ElapsedTime: 134779.93 [sec]]
2019-01-17 14:47:13,184 :[Epoch: 2/200] [Batch: 3262/20019] [D loss: -0.937292] [G loss: 11.360321] [ElapsedTime: 135101.27 [sec]]
2019-01-17 14:52:21,271 :[Epoch: 2/200] [Batch: 3362/20019] [D loss: -0.900224] [G loss: 11.935591] [ElapsedTime: 135409.35 [sec]]
2019-01-17 14:57:25,594 :[Epoch: 2/200] [Batch: 3462/20019] [D loss: -0.479978] [G loss: 11.173594] [ElapsedTime: 135713.61 [sec]]
2019-01-17 15:02:47,144 :[Epoch: 2/200] [Batch: 3562/20019] [D loss: -0.608809] [G loss: 10.402644] [ElapsedTime: 136035.23 [sec]]
2019-01-17 15:07:51,360 :[Epoch: 2/200] [Batch: 3662/20019] [D loss: -0.355127] [G loss: 11.587930] [ElapsedTime: 136339.44 [sec]]
2019-01-17 15:12:53,848 :[Epoch: 2/200] [Batch: 3762/20019] [D loss: -0.563023] [G loss: 10.638425] [ElapsedTime: 136641.76 [sec]]
2019-01-17 15:18:14,935 :[Epoch: 2/200] [Batch: 3862/20019] [D loss: -0.601762] [G loss: 11.621675] [ElapsedTime: 136963.02 [sec]]
2019-01-17 15:23:32,747 :[Epoch: 2/200] [Batch: 3962/20019] [D loss: -0.457097] [G loss: 11.937528] [ElapsedTime: 137280.83 [sec]]
2019-01-17 15:23:56,230 :[Epoch: 2/200] [Iteration: 44000] [Inception Score: 5.98] [Max Score Ever: 6.25]
2019-01-17 15:29:07,558 :[Epoch: 2/200] [Batch: 4062/20019] [D loss: -0.531222] [G loss: 11.475862] [ElapsedTime: 137615.64 [sec]]
2019-01-17 15:34:19,648 :[Epoch: 2/200] [Batch: 4162/20019] [D loss: -0.393931] [G loss: 12.169306] [ElapsedTime: 137927.73 [sec]]
2019-01-17 15:39:42,135 :[Epoch: 2/200] [Batch: 4262/20019] [D loss: -0.768889] [G loss: 12.567835] [ElapsedTime: 138250.22 [sec]]
2019-01-17 15:45:01,810 :[Epoch: 2/200] [Batch: 4362/20019] [D loss: -0.769483] [G loss: 11.741640] [ElapsedTime: 138569.89 [sec]]
2019-01-17 15:50:21,321 :[Epoch: 2/200] [Batch: 4462/20019] [D loss: -0.896932] [G loss: 12.153935] [ElapsedTime: 138889.41 [sec]]
2019-01-17 15:55:37,353 :[Epoch: 2/200] [Batch: 4562/20019] [D loss: 0.115956] [G loss: 11.608051] [ElapsedTime: 139205.32 [sec]]
2019-01-17 16:00:47,487 :[Epoch: 2/200] [Batch: 4662/20019] [D loss: -0.594827] [G loss: 11.697794] [ElapsedTime: 139515.56 [sec]]
2019-01-17 16:06:28,025 :[Epoch: 2/200] [Batch: 4762/20019] [D loss: -0.875362] [G loss: 12.305862] [ElapsedTime: 139856.11 [sec]]
2019-01-17 16:11:50,480 :[Epoch: 2/200] [Batch: 4862/20019] [D loss: -0.715771] [G loss: 12.231722] [ElapsedTime: 140178.55 [sec]]
2019-01-17 16:17:31,998 :[Epoch: 2/200] [Batch: 4962/20019] [D loss: -0.474658] [G loss: 12.248946] [ElapsedTime: 140520.08 [sec]]
2019-01-17 16:17:56,058 :[Epoch: 2/200] [Iteration: 45000] [Inception Score: 5.79] [Max Score Ever: 6.25]
2019-01-17 16:23:21,545 :[Epoch: 2/200] [Batch: 5062/20019] [D loss: 0.055642] [G loss: 12.204967] [ElapsedTime: 140869.63 [sec]]
2019-01-17 16:28:43,974 :[Epoch: 2/200] [Batch: 5162/20019] [D loss: -0.175568] [G loss: 12.194221] [ElapsedTime: 141192.05 [sec]]
2019-01-17 16:34:12,384 :[Epoch: 2/200] [Batch: 5262/20019] [D loss: -0.582961] [G loss: 12.504142] [ElapsedTime: 141520.47 [sec]]
2019-01-17 16:39:35,025 :[Epoch: 2/200] [Batch: 5362/20019] [D loss: -0.626516] [G loss: 12.470876] [ElapsedTime: 141843.11 [sec]]
2019-01-17 16:44:54,485 :[Epoch: 2/200] [Batch: 5462/20019] [D loss: -0.877469] [G loss: 12.282209] [ElapsedTime: 142162.56 [sec]]
2019-01-17 16:50:07,597 :[Epoch: 2/200] [Batch: 5562/20019] [D loss: -1.119940] [G loss: 11.587794] [ElapsedTime: 142475.67 [sec]]
2019-01-17 16:55:11,282 :[Epoch: 2/200] [Batch: 5662/20019] [D loss: -0.724516] [G loss: 11.988980] [ElapsedTime: 142779.37 [sec]]
2019-01-17 17:00:07,825 :[Epoch: 2/200] [Batch: 5762/20019] [D loss: -0.981603] [G loss: 13.213294] [ElapsedTime: 143075.82 [sec]]
2019-01-17 17:05:41,180 :[Epoch: 2/200] [Batch: 5862/20019] [D loss: -0.326168] [G loss: 12.486923] [ElapsedTime: 143409.25 [sec]]
2019-01-17 17:10:56,887 :[Epoch: 2/200] [Batch: 5962/20019] [D loss: -0.324998] [G loss: 11.144328] [ElapsedTime: 143724.97 [sec]]
2019-01-17 17:11:19,777 :[Epoch: 2/200] [Iteration: 46000] [Inception Score: 5.66] [Max Score Ever: 6.25]
