2019-01-17 19:03:49,677 :resume: loaded models
2019-01-17 19:03:49,678 :generator_model_0001
2019-01-17 19:03:49,678 :discriminator_model_0001
2019-01-17 19:03:54,722 :[Epoch: 2/200] [Batch: 5162/20019] [D loss: 0.036369] [G loss: 9.165036] [ElapsedTime: 5.40 [sec]]
2019-01-17 19:08:24,393 :[Epoch: 2/200] [Batch: 5262/20019] [D loss: -4.622972] [G loss: 7.346342] [ElapsedTime: 275.12 [sec]]
2019-01-17 19:12:57,058 :[Epoch: 2/200] [Batch: 5362/20019] [D loss: -0.965182] [G loss: 8.370877] [ElapsedTime: 547.79 [sec]]
2019-01-17 19:17:34,677 :[Epoch: 2/200] [Batch: 5462/20019] [D loss: -0.729515] [G loss: 9.346984] [ElapsedTime: 825.40 [sec]]
2019-01-17 19:22:08,699 :[Epoch: 2/200] [Batch: 5562/20019] [D loss: -0.172064] [G loss: 7.661428] [ElapsedTime: 1099.43 [sec]]
2019-01-17 19:26:41,706 :[Epoch: 2/200] [Batch: 5662/20019] [D loss: -0.673505] [G loss: 9.552597] [ElapsedTime: 1372.42 [sec]]
2019-01-17 19:31:13,741 :[Epoch: 2/200] [Batch: 5762/20019] [D loss: -1.230916] [G loss: 8.703869] [ElapsedTime: 1644.47 [sec]]
2019-01-17 19:35:41,663 :[Epoch: 2/200] [Batch: 5862/20019] [D loss: -0.542012] [G loss: 9.412051] [ElapsedTime: 1912.39 [sec]]
2019-01-17 19:40:09,174 :[Epoch: 2/200] [Batch: 5962/20019] [D loss: -0.377574] [G loss: 9.816320] [ElapsedTime: 2179.90 [sec]]
2019-01-17 19:40:35,614 :[Epoch: 2/200] [Iteration: 46000] [Inception Score: 3.85] [Max Score Ever: 3.85]
2019-01-17 19:45:01,029 :[Epoch: 2/200] [Batch: 6062/20019] [D loss: 0.353946] [G loss: 7.718233] [ElapsedTime: 2471.76 [sec]]
2019-01-17 19:49:26,230 :[Epoch: 2/200] [Batch: 6162/20019] [D loss: -0.635871] [G loss: 8.911158] [ElapsedTime: 2736.96 [sec]]
2019-01-17 19:53:45,661 :[Epoch: 2/200] [Batch: 6262/20019] [D loss: -0.701383] [G loss: 8.774478] [ElapsedTime: 2996.39 [sec]]
2019-01-17 19:58:01,935 :[Epoch: 2/200] [Batch: 6362/20019] [D loss: -0.450566] [G loss: 8.874137] [ElapsedTime: 3252.66 [sec]]
2019-01-17 20:02:35,397 :[Epoch: 2/200] [Batch: 6462/20019] [D loss: -0.165879] [G loss: 9.120126] [ElapsedTime: 3526.13 [sec]]
2019-01-17 20:07:04,107 :[Epoch: 2/200] [Batch: 6562/20019] [D loss: -0.672229] [G loss: 8.986799] [ElapsedTime: 3794.79 [sec]]
2019-01-17 20:12:37,518 :[Epoch: 2/200] [Batch: 6662/20019] [D loss: -0.373145] [G loss: 8.180369] [ElapsedTime: 4128.25 [sec]]
2019-01-17 20:18:40,314 :[Epoch: 2/200] [Batch: 6762/20019] [D loss: -0.949837] [G loss: 8.517584] [ElapsedTime: 4491.04 [sec]]
2019-01-17 20:24:25,680 :[Epoch: 2/200] [Batch: 6862/20019] [D loss: -0.042723] [G loss: 8.790353] [ElapsedTime: 4836.41 [sec]]
2019-01-17 20:30:02,827 :[Epoch: 2/200] [Batch: 6962/20019] [D loss: -0.221580] [G loss: 9.143256] [ElapsedTime: 5173.55 [sec]]
2019-01-17 20:30:16,074 :[Epoch: 2/200] [Iteration: 47000] [Inception Score: 4.50] [Max Score Ever: 4.50]
2019-01-17 20:35:38,764 :[Epoch: 2/200] [Batch: 7062/20019] [D loss: -0.066693] [G loss: 9.195548] [ElapsedTime: 5509.48 [sec]]
2019-01-17 20:41:01,413 :[Epoch: 2/200] [Batch: 7162/20019] [D loss: 0.064721] [G loss: 8.471143] [ElapsedTime: 5832.14 [sec]]
2019-01-17 20:46:31,377 :[Epoch: 2/200] [Batch: 7262/20019] [D loss: -0.217883] [G loss: 9.105589] [ElapsedTime: 6162.10 [sec]]
2019-01-17 20:51:49,711 :[Epoch: 2/200] [Batch: 7362/20019] [D loss: 0.235022] [G loss: 8.891978] [ElapsedTime: 6480.44 [sec]]
2019-01-17 20:56:45,461 :[Epoch: 2/200] [Batch: 7462/20019] [D loss: -0.211168] [G loss: 8.631295] [ElapsedTime: 6776.19 [sec]]
2019-01-17 21:02:03,896 :[Epoch: 2/200] [Batch: 7562/20019] [D loss: -0.345001] [G loss: 9.023657] [ElapsedTime: 7094.62 [sec]]
2019-01-17 21:07:37,975 :[Epoch: 2/200] [Batch: 7662/20019] [D loss: -0.239488] [G loss: 8.855664] [ElapsedTime: 7428.70 [sec]]
2019-01-17 21:13:29,012 :[Epoch: 2/200] [Batch: 7762/20019] [D loss: -0.078430] [G loss: 8.918524] [ElapsedTime: 7779.74 [sec]]
2019-01-17 21:19:01,725 :[Epoch: 2/200] [Batch: 7862/20019] [D loss: -0.412456] [G loss: 9.093474] [ElapsedTime: 8112.45 [sec]]
2019-01-17 21:24:30,592 :[Epoch: 2/200] [Batch: 7962/20019] [D loss: -0.529921] [G loss: 8.921958] [ElapsedTime: 8441.32 [sec]]
2019-01-17 21:24:54,627 :[Epoch: 2/200] [Iteration: 48000] [Inception Score: 4.10] [Max Score Ever: 4.50]
2019-01-17 21:30:19,589 :[Epoch: 2/200] [Batch: 8062/20019] [D loss: -0.003803] [G loss: 9.037986] [ElapsedTime: 8790.27 [sec]]
2019-01-17 21:35:49,409 :[Epoch: 2/200] [Batch: 8162/20019] [D loss: -0.450563] [G loss: 8.110006] [ElapsedTime: 9120.11 [sec]]
2019-01-17 21:41:10,659 :[Epoch: 2/200] [Batch: 8262/20019] [D loss: -0.373807] [G loss: 8.628548] [ElapsedTime: 9441.39 [sec]]
2019-01-17 21:46:25,988 :[Epoch: 2/200] [Batch: 8362/20019] [D loss: -0.102987] [G loss: 8.854136] [ElapsedTime: 9756.72 [sec]]
2019-01-17 21:51:44,523 :[Epoch: 2/200] [Batch: 8462/20019] [D loss: 0.213980] [G loss: 9.194869] [ElapsedTime: 10075.20 [sec]]
2019-01-17 21:57:00,129 :[Epoch: 2/200] [Batch: 8562/20019] [D loss: 0.147355] [G loss: 9.228536] [ElapsedTime: 10390.83 [sec]]
2019-01-17 22:02:46,832 :[Epoch: 2/200] [Batch: 8662/20019] [D loss: -0.412680] [G loss: 9.297384] [ElapsedTime: 10737.56 [sec]]
2019-01-17 22:08:21,769 :[Epoch: 2/200] [Batch: 8762/20019] [D loss: -0.130719] [G loss: 8.927601] [ElapsedTime: 11072.50 [sec]]
2019-01-17 22:13:33,673 :[Epoch: 2/200] [Batch: 8862/20019] [D loss: -0.292425] [G loss: 9.852351] [ElapsedTime: 11384.40 [sec]]
2019-01-17 22:18:39,965 :[Epoch: 2/200] [Batch: 8962/20019] [D loss: -0.344085] [G loss: 9.591203] [ElapsedTime: 11690.69 [sec]]
2019-01-17 22:19:00,278 :[Epoch: 2/200] [Iteration: 49000] [Inception Score: 4.54] [Max Score Ever: 4.54]
2019-01-17 22:24:11,285 :[Epoch: 2/200] [Batch: 9062/20019] [D loss: -0.225241] [G loss: 9.006000] [ElapsedTime: 12022.00 [sec]]
2019-01-17 22:29:28,435 :[Epoch: 2/200] [Batch: 9162/20019] [D loss: -0.545684] [G loss: 8.961370] [ElapsedTime: 12339.15 [sec]]
2019-01-17 22:34:46,248 :[Epoch: 2/200] [Batch: 9262/20019] [D loss: 0.120498] [G loss: 9.058378] [ElapsedTime: 12656.98 [sec]]
2019-01-17 22:40:00,913 :[Epoch: 2/200] [Batch: 9362/20019] [D loss: -0.061716] [G loss: 10.009209] [ElapsedTime: 12971.64 [sec]]
2019-01-17 22:45:04,634 :[Epoch: 2/200] [Batch: 9462/20019] [D loss: 0.093743] [G loss: 9.374432] [ElapsedTime: 13275.35 [sec]]
2019-01-17 22:50:13,232 :[Epoch: 2/200] [Batch: 9562/20019] [D loss: -0.189768] [G loss: 10.312270] [ElapsedTime: 13583.96 [sec]]
2019-01-17 22:55:19,918 :[Epoch: 2/200] [Batch: 9662/20019] [D loss: -0.434585] [G loss: 9.549936] [ElapsedTime: 13890.64 [sec]]
2019-01-17 23:00:25,579 :[Epoch: 2/200] [Batch: 9762/20019] [D loss: -0.093665] [G loss: 9.939045] [ElapsedTime: 14196.31 [sec]]
2019-01-17 23:06:33,690 :[Epoch: 2/200] [Batch: 9862/20019] [D loss: 0.038427] [G loss: 10.139611] [ElapsedTime: 14564.42 [sec]]
2019-01-17 23:12:13,209 :[Epoch: 2/200] [Batch: 9962/20019] [D loss: 0.142083] [G loss: 9.894318] [ElapsedTime: 14903.94 [sec]]
2019-01-17 23:12:37,924 :[Epoch: 2/200] [Iteration: 50000] [Inception Score: 3.38] [Max Score Ever: 4.54]
2019-01-17 23:18:19,190 :[Epoch: 2/200] [Batch: 10062/20019] [D loss: -0.006856] [G loss: 9.481415] [ElapsedTime: 15269.86 [sec]]
2019-01-17 23:24:00,575 :[Epoch: 2/200] [Batch: 10162/20019] [D loss: 0.226096] [G loss: 9.242155] [ElapsedTime: 15611.30 [sec]]
2019-01-17 23:29:33,273 :[Epoch: 2/200] [Batch: 10262/20019] [D loss: -0.081718] [G loss: 8.889287] [ElapsedTime: 15944.00 [sec]]
2019-01-17 23:34:46,604 :[Epoch: 2/200] [Batch: 10362/20019] [D loss: -0.054010] [G loss: 9.949643] [ElapsedTime: 16257.32 [sec]]
2019-01-17 23:39:59,713 :[Epoch: 2/200] [Batch: 10462/20019] [D loss: -0.021806] [G loss: 10.313736] [ElapsedTime: 16570.44 [sec]]
2019-01-17 23:45:15,788 :[Epoch: 2/200] [Batch: 10562/20019] [D loss: 0.218745] [G loss: 10.142982] [ElapsedTime: 16886.47 [sec]]
2019-01-17 23:50:43,811 :[Epoch: 2/200] [Batch: 10662/20019] [D loss: -0.317371] [G loss: 10.009850] [ElapsedTime: 17214.54 [sec]]
2019-01-17 23:56:32,472 :[Epoch: 2/200] [Batch: 10762/20019] [D loss: -0.082911] [G loss: 10.161509] [ElapsedTime: 17563.20 [sec]]
2019-01-18 00:02:58,614 :[Epoch: 2/200] [Batch: 10862/20019] [D loss: 0.175235] [G loss: 10.384060] [ElapsedTime: 17949.27 [sec]]
2019-01-18 00:09:16,612 :[Epoch: 2/200] [Batch: 10962/20019] [D loss: -0.147375] [G loss: 10.434256] [ElapsedTime: 18327.34 [sec]]
2019-01-18 00:09:46,620 :[Epoch: 2/200] [Iteration: 51000] [Inception Score: 4.56] [Max Score Ever: 4.56]
2019-01-18 00:16:01,452 :[Epoch: 2/200] [Batch: 11062/20019] [D loss: -0.371952] [G loss: 10.676687] [ElapsedTime: 18732.18 [sec]]
2019-01-18 00:22:07,880 :[Epoch: 2/200] [Batch: 11162/20019] [D loss: -0.220059] [G loss: 10.608270] [ElapsedTime: 19098.56 [sec]]
2019-01-18 00:28:02,037 :[Epoch: 2/200] [Batch: 11262/20019] [D loss: -0.024852] [G loss: 10.758569] [ElapsedTime: 19452.77 [sec]]
2019-01-18 00:33:57,498 :[Epoch: 2/200] [Batch: 11362/20019] [D loss: -0.480422] [G loss: 10.733994] [ElapsedTime: 19808.23 [sec]]
2019-01-18 00:39:50,347 :[Epoch: 2/200] [Batch: 11462/20019] [D loss: -0.115211] [G loss: 10.653426] [ElapsedTime: 20161.03 [sec]]
2019-01-18 00:45:37,244 :[Epoch: 2/200] [Batch: 11562/20019] [D loss: -0.152698] [G loss: 11.203829] [ElapsedTime: 20507.97 [sec]]
2019-01-18 00:51:06,861 :[Epoch: 2/200] [Batch: 11662/20019] [D loss: -0.214015] [G loss: 10.474426] [ElapsedTime: 20837.59 [sec]]
2019-01-18 00:56:34,038 :[Epoch: 2/200] [Batch: 11762/20019] [D loss: -0.246115] [G loss: 11.162190] [ElapsedTime: 21164.74 [sec]]
2019-01-18 01:02:30,649 :[Epoch: 2/200] [Batch: 11862/20019] [D loss: 0.061187] [G loss: 10.844907] [ElapsedTime: 21521.38 [sec]]
2019-01-18 01:08:14,492 :[Epoch: 2/200] [Batch: 11962/20019] [D loss: -0.039939] [G loss: 10.910840] [ElapsedTime: 21865.22 [sec]]
2019-01-18 01:08:40,440 :[Epoch: 2/200] [Iteration: 52000] [Inception Score: 3.82] [Max Score Ever: 4.56]
2019-01-18 01:14:16,011 :[Epoch: 2/200] [Batch: 12062/20019] [D loss: -0.055044] [G loss: 11.180341] [ElapsedTime: 22226.74 [sec]]
2019-01-18 01:19:54,936 :[Epoch: 2/200] [Batch: 12162/20019] [D loss: 0.269075] [G loss: 11.401752] [ElapsedTime: 22565.66 [sec]]
2019-01-18 01:25:23,525 :[Epoch: 2/200] [Batch: 12262/20019] [D loss: -0.134128] [G loss: 11.153397] [ElapsedTime: 22894.24 [sec]]
2019-01-18 01:30:57,816 :[Epoch: 2/200] [Batch: 12362/20019] [D loss: -0.667311] [G loss: 10.770917] [ElapsedTime: 23228.54 [sec]]
2019-01-18 01:36:34,755 :[Epoch: 2/200] [Batch: 12462/20019] [D loss: -0.343678] [G loss: 10.814643] [ElapsedTime: 23565.21 [sec]]
2019-01-18 01:42:05,706 :[Epoch: 2/200] [Batch: 12562/20019] [D loss: -0.106982] [G loss: 10.991503] [ElapsedTime: 23896.43 [sec]]
2019-01-18 01:47:31,888 :[Epoch: 2/200] [Batch: 12662/20019] [D loss: -0.023289] [G loss: 11.163319] [ElapsedTime: 24222.62 [sec]]
2019-01-18 01:52:55,501 :[Epoch: 2/200] [Batch: 12762/20019] [D loss: -0.296324] [G loss: 11.002881] [ElapsedTime: 24546.18 [sec]]
2019-01-18 01:58:15,536 :[Epoch: 2/200] [Batch: 12862/20019] [D loss: -0.227708] [G loss: 11.124070] [ElapsedTime: 24866.26 [sec]]
2019-01-18 02:04:13,403 :[Epoch: 2/200] [Batch: 12962/20019] [D loss: 0.423120] [G loss: 10.855349] [ElapsedTime: 25224.13 [sec]]
2019-01-18 02:04:37,751 :[Epoch: 2/200] [Iteration: 53000] [Inception Score: 4.68] [Max Score Ever: 4.68]
2019-01-18 02:10:13,167 :[Epoch: 2/200] [Batch: 13062/20019] [D loss: 0.022560] [G loss: 10.511949] [ElapsedTime: 25583.85 [sec]]
2019-01-18 02:15:50,407 :[Epoch: 2/200] [Batch: 13162/20019] [D loss: -0.255428] [G loss: 10.613674] [ElapsedTime: 25921.13 [sec]]
2019-01-18 02:21:32,023 :[Epoch: 2/200] [Batch: 13262/20019] [D loss: -0.199732] [G loss: 11.117619] [ElapsedTime: 26262.75 [sec]]
2019-01-18 02:26:57,239 :[Epoch: 2/200] [Batch: 13362/20019] [D loss: -0.260730] [G loss: 10.918121] [ElapsedTime: 26587.97 [sec]]
2019-01-18 02:32:25,708 :[Epoch: 2/200] [Batch: 13462/20019] [D loss: -0.666201] [G loss: 12.021226] [ElapsedTime: 26916.44 [sec]]
2019-01-18 02:37:42,468 :[Epoch: 2/200] [Batch: 13562/20019] [D loss: 0.181755] [G loss: 11.148053] [ElapsedTime: 27233.20 [sec]]
2019-01-18 02:43:03,837 :[Epoch: 2/200] [Batch: 13662/20019] [D loss: -0.155707] [G loss: 11.694166] [ElapsedTime: 27554.50 [sec]]
2019-01-18 02:48:24,478 :[Epoch: 2/200] [Batch: 13762/20019] [D loss: -0.331327] [G loss: 12.132632] [ElapsedTime: 27875.21 [sec]]
2019-01-18 02:53:40,238 :[Epoch: 2/200] [Batch: 13862/20019] [D loss: -0.287097] [G loss: 11.618696] [ElapsedTime: 28190.97 [sec]]
2019-01-18 02:58:43,166 :[Epoch: 2/200] [Batch: 13962/20019] [D loss: 0.008100] [G loss: 10.567479] [ElapsedTime: 28493.87 [sec]]
2019-01-18 02:59:00,651 :[Epoch: 2/200] [Iteration: 54000] [Inception Score: 5.27] [Max Score Ever: 5.27]
2019-01-18 03:05:12,520 :[Epoch: 2/200] [Batch: 14062/20019] [D loss: -0.154286] [G loss: 11.340176] [ElapsedTime: 28883.25 [sec]]
2019-01-18 03:11:24,326 :[Epoch: 2/200] [Batch: 14162/20019] [D loss: -0.070363] [G loss: 11.135925] [ElapsedTime: 29255.05 [sec]]
2019-01-18 03:17:30,182 :[Epoch: 2/200] [Batch: 14262/20019] [D loss: -0.462438] [G loss: 11.800410] [ElapsedTime: 29620.91 [sec]]
2019-01-18 03:23:13,621 :[Epoch: 2/200] [Batch: 14362/20019] [D loss: -0.118280] [G loss: 11.437006] [ElapsedTime: 29964.35 [sec]]
2019-01-18 03:28:58,232 :[Epoch: 2/200] [Batch: 14462/20019] [D loss: -0.560369] [G loss: 11.909769] [ElapsedTime: 30308.96 [sec]]
2019-01-18 03:34:44,289 :[Epoch: 2/200] [Batch: 14562/20019] [D loss: -0.242693] [G loss: 11.164028] [ElapsedTime: 30655.02 [sec]]
2019-01-18 03:40:06,590 :[Epoch: 2/200] [Batch: 14662/20019] [D loss: -0.451945] [G loss: 10.860533] [ElapsedTime: 30977.32 [sec]]
2019-01-18 03:45:21,929 :[Epoch: 2/200] [Batch: 14762/20019] [D loss: -0.257104] [G loss: 10.975163] [ElapsedTime: 31292.56 [sec]]
2019-01-18 03:50:45,359 :[Epoch: 2/200] [Batch: 14862/20019] [D loss: -0.329776] [G loss: 11.674893] [ElapsedTime: 31616.09 [sec]]
2019-01-18 03:56:09,014 :[Epoch: 2/200] [Batch: 14962/20019] [D loss: -0.347766] [G loss: 10.841324] [ElapsedTime: 31939.74 [sec]]
2019-01-18 03:56:31,205 :[Epoch: 2/200] [Iteration: 55000] [Inception Score: 4.69] [Max Score Ever: 5.27]
2019-01-18 04:02:21,020 :[Epoch: 2/200] [Batch: 15062/20019] [D loss: 0.049953] [G loss: 11.232562] [ElapsedTime: 32311.75 [sec]]
2019-01-18 04:08:20,272 :[Epoch: 2/200] [Batch: 15162/20019] [D loss: -0.059649] [G loss: 10.739524] [ElapsedTime: 32670.99 [sec]]
2019-01-18 04:14:07,818 :[Epoch: 2/200] [Batch: 15262/20019] [D loss: -0.294278] [G loss: 10.750400] [ElapsedTime: 33018.55 [sec]]
2019-01-18 04:19:46,170 :[Epoch: 2/200] [Batch: 15362/20019] [D loss: -0.047072] [G loss: 10.905622] [ElapsedTime: 33356.84 [sec]]
2019-01-18 04:25:21,125 :[Epoch: 2/200] [Batch: 15462/20019] [D loss: -0.443721] [G loss: 11.141739] [ElapsedTime: 33691.85 [sec]]
2019-01-18 04:30:45,501 :[Epoch: 2/200] [Batch: 15562/20019] [D loss: -0.275780] [G loss: 11.219226] [ElapsedTime: 34016.23 [sec]]
2019-01-18 04:36:19,982 :[Epoch: 2/200] [Batch: 15662/20019] [D loss: -0.217361] [G loss: 10.885970] [ElapsedTime: 34350.71 [sec]]
2019-01-18 04:41:56,797 :[Epoch: 2/200] [Batch: 15762/20019] [D loss: -0.115154] [G loss: 10.876685] [ElapsedTime: 34687.52 [sec]]
2019-01-18 04:47:35,030 :[Epoch: 2/200] [Batch: 15862/20019] [D loss: -0.065692] [G loss: 10.879430] [ElapsedTime: 35025.76 [sec]]
2019-01-18 04:53:14,804 :[Epoch: 2/200] [Batch: 15962/20019] [D loss: -0.229345] [G loss: 11.101686] [ElapsedTime: 35365.53 [sec]]
2019-01-18 04:53:40,147 :[Epoch: 2/200] [Iteration: 56000] [Inception Score: 4.84] [Max Score Ever: 5.27]
2019-01-18 04:59:11,021 :[Epoch: 2/200] [Batch: 16062/20019] [D loss: -0.406757] [G loss: 11.192241] [ElapsedTime: 35721.75 [sec]]
2019-01-18 05:06:00,232 :[Epoch: 2/200] [Batch: 16162/20019] [D loss: -0.099659] [G loss: 10.962148] [ElapsedTime: 36130.96 [sec]]
2019-01-18 05:11:36,469 :[Epoch: 2/200] [Batch: 16262/20019] [D loss: -0.314218] [G loss: 11.331665] [ElapsedTime: 36467.20 [sec]]
2019-01-18 05:17:11,335 :[Epoch: 2/200] [Batch: 16362/20019] [D loss: -0.318500] [G loss: 11.251019] [ElapsedTime: 36802.05 [sec]]
2019-01-18 05:23:09,787 :[Epoch: 2/200] [Batch: 16462/20019] [D loss: -0.153093] [G loss: 11.151521] [ElapsedTime: 37160.47 [sec]]
2019-01-18 05:28:57,273 :[Epoch: 2/200] [Batch: 16562/20019] [D loss: -0.383864] [G loss: 11.665220] [ElapsedTime: 37508.00 [sec]]
2019-01-18 05:34:39,676 :[Epoch: 2/200] [Batch: 16662/20019] [D loss: -0.569486] [G loss: 11.310754] [ElapsedTime: 37850.40 [sec]]
2019-01-18 05:40:13,447 :[Epoch: 2/200] [Batch: 16762/20019] [D loss: -0.249625] [G loss: 11.285435] [ElapsedTime: 38184.17 [sec]]
2019-01-18 05:45:36,459 :[Epoch: 2/200] [Batch: 16862/20019] [D loss: -0.372206] [G loss: 11.868627] [ElapsedTime: 38507.19 [sec]]
2019-01-18 05:50:52,859 :[Epoch: 2/200] [Batch: 16962/20019] [D loss: -0.396695] [G loss: 12.310346] [ElapsedTime: 38823.59 [sec]]
2019-01-18 05:51:16,359 :[Epoch: 2/200] [Iteration: 57000] [Inception Score: 4.93] [Max Score Ever: 5.27]
2019-01-18 05:56:35,922 :[Epoch: 2/200] [Batch: 17062/20019] [D loss: -0.639603] [G loss: 11.986634] [ElapsedTime: 39166.61 [sec]]
2019-01-18 06:02:17,563 :[Epoch: 2/200] [Batch: 17162/20019] [D loss: 0.026347] [G loss: 11.373522] [ElapsedTime: 39508.29 [sec]]
2019-01-18 06:07:40,847 :[Epoch: 2/200] [Batch: 17262/20019] [D loss: -0.170614] [G loss: 11.663515] [ElapsedTime: 39831.58 [sec]]
2019-01-18 06:13:01,801 :[Epoch: 2/200] [Batch: 17362/20019] [D loss: -0.067992] [G loss: 11.312387] [ElapsedTime: 40152.53 [sec]]
2019-01-18 06:18:48,930 :[Epoch: 2/200] [Batch: 17462/20019] [D loss: -0.191202] [G loss: 11.254397] [ElapsedTime: 40499.66 [sec]]
2019-01-18 06:24:29,987 :[Epoch: 2/200] [Batch: 17562/20019] [D loss: -0.549887] [G loss: 11.646536] [ElapsedTime: 40840.71 [sec]]
2019-01-18 06:30:00,231 :[Epoch: 2/200] [Batch: 17662/20019] [D loss: -0.668893] [G loss: 12.653829] [ElapsedTime: 41170.92 [sec]]
2019-01-18 06:35:30,792 :[Epoch: 2/200] [Batch: 17762/20019] [D loss: -0.229701] [G loss: 12.240452] [ElapsedTime: 41501.52 [sec]]
2019-01-18 06:40:59,218 :[Epoch: 2/200] [Batch: 17862/20019] [D loss: -0.238549] [G loss: 11.693515] [ElapsedTime: 41829.95 [sec]]
2019-01-18 06:46:25,650 :[Epoch: 2/200] [Batch: 17962/20019] [D loss: -0.390457] [G loss: 11.682645] [ElapsedTime: 42156.38 [sec]]
2019-01-18 06:46:50,362 :[Epoch: 2/200] [Iteration: 58000] [Inception Score: 4.29] [Max Score Ever: 5.27]
2019-01-18 06:52:17,731 :[Epoch: 2/200] [Batch: 18062/20019] [D loss: -0.484501] [G loss: 12.448613] [ElapsedTime: 42508.46 [sec]]
2019-01-18 06:57:41,022 :[Epoch: 2/200] [Batch: 18162/20019] [D loss: -0.398002] [G loss: 12.466779] [ElapsedTime: 42831.75 [sec]]
2019-01-18 07:03:57,733 :[Epoch: 2/200] [Batch: 18262/20019] [D loss: -0.345372] [G loss: 12.532144] [ElapsedTime: 43208.46 [sec]]
2019-01-18 07:10:03,629 :[Epoch: 2/200] [Batch: 18362/20019] [D loss: -0.224321] [G loss: 11.976911] [ElapsedTime: 43574.36 [sec]]
2019-01-18 07:16:02,823 :[Epoch: 2/200] [Batch: 18462/20019] [D loss: -0.048183] [G loss: 12.467105] [ElapsedTime: 43933.55 [sec]]
2019-01-18 07:21:51,685 :[Epoch: 2/200] [Batch: 18562/20019] [D loss: -0.300585] [G loss: 12.115314] [ElapsedTime: 44282.41 [sec]]
2019-01-18 07:27:38,486 :[Epoch: 2/200] [Batch: 18662/20019] [D loss: 1.456016] [G loss: 12.763998] [ElapsedTime: 44629.18 [sec]]
2019-01-18 07:33:19,376 :[Epoch: 2/200] [Batch: 18762/20019] [D loss: 0.084681] [G loss: 12.122944] [ElapsedTime: 44970.10 [sec]]
2019-01-18 07:38:44,989 :[Epoch: 2/200] [Batch: 18862/20019] [D loss: 0.005560] [G loss: 12.219546] [ElapsedTime: 45295.72 [sec]]
2019-01-18 07:44:09,772 :[Epoch: 2/200] [Batch: 18962/20019] [D loss: 0.150590] [G loss: 12.451911] [ElapsedTime: 45620.50 [sec]]
2019-01-18 07:44:36,459 :[Epoch: 2/200] [Iteration: 59000] [Inception Score: 3.22] [Max Score Ever: 5.27]
2019-01-18 07:50:00,045 :[Epoch: 2/200] [Batch: 19062/20019] [D loss: -0.294911] [G loss: 12.512116] [ElapsedTime: 45970.77 [sec]]
2019-01-18 07:55:43,004 :[Epoch: 2/200] [Batch: 19162/20019] [D loss: 0.007485] [G loss: 13.257204] [ElapsedTime: 46313.73 [sec]]
2019-01-18 08:01:39,129 :[Epoch: 2/200] [Batch: 19262/20019] [D loss: -0.538564] [G loss: 12.949821] [ElapsedTime: 46669.81 [sec]]
2019-01-18 08:07:58,375 :[Epoch: 2/200] [Batch: 19362/20019] [D loss: -0.238534] [G loss: 12.762651] [ElapsedTime: 47049.06 [sec]]
2019-01-18 08:13:44,146 :[Epoch: 2/200] [Batch: 19462/20019] [D loss: -0.223103] [G loss: 12.910600] [ElapsedTime: 47394.87 [sec]]
2019-01-18 08:19:29,379 :[Epoch: 2/200] [Batch: 19562/20019] [D loss: 0.146793] [G loss: 12.954445] [ElapsedTime: 47740.11 [sec]]
2019-01-18 08:24:47,229 :[Epoch: 2/200] [Batch: 19662/20019] [D loss: -0.728458] [G loss: 13.062246] [ElapsedTime: 48057.96 [sec]]
2019-01-18 08:30:01,538 :[Epoch: 2/200] [Batch: 19762/20019] [D loss: -0.214684] [G loss: 12.932820] [ElapsedTime: 48372.27 [sec]]
2019-01-18 08:35:13,956 :[Epoch: 2/200] [Batch: 19862/20019] [D loss: 0.078065] [G loss: 13.119205] [ElapsedTime: 48684.66 [sec]]
2019-01-18 08:40:44,981 :[Epoch: 2/200] [Batch: 19962/20019] [D loss: -0.169833] [G loss: 12.941974] [ElapsedTime: 49015.67 [sec]]
2019-01-18 08:41:10,455 :[Epoch: 2/200] [Iteration: 60000] [Inception Score: 4.26] [Max Score Ever: 5.27]
2019-01-18 08:46:51,070 :[Epoch: 2/200] [Batch: 20062/20019] [D loss: -0.066701] [G loss: 13.125618] [ElapsedTime: 49381.80 [sec]]
2019-01-18 08:52:31,414 :[Epoch: 2/200] [Batch: 20162/20019] [D loss: 0.256569] [G loss: 12.834361] [ElapsedTime: 49722.14 [sec]]
2019-01-18 08:58:08,990 :[Epoch: 2/200] [Batch: 20262/20019] [D loss: -0.070393] [G loss: 13.267693] [ElapsedTime: 50059.72 [sec]]
2019-01-18 09:04:44,104 :[Epoch: 2/200] [Batch: 20362/20019] [D loss: -0.486194] [G loss: 13.954710] [ElapsedTime: 50454.83 [sec]]
2019-01-18 09:10:33,558 :[Epoch: 2/200] [Batch: 20462/20019] [D loss: -0.250381] [G loss: 13.417912] [ElapsedTime: 50804.27 [sec]]
2019-01-18 09:16:04,510 :[Epoch: 2/200] [Batch: 20562/20019] [D loss: 0.032561] [G loss: 13.326027] [ElapsedTime: 51135.23 [sec]]
2019-01-18 09:21:43,633 :[Epoch: 2/200] [Batch: 20662/20019] [D loss: -0.246523] [G loss: 12.943187] [ElapsedTime: 51474.36 [sec]]
2019-01-18 09:27:27,859 :[Epoch: 2/200] [Batch: 20762/20019] [D loss: -0.239921] [G loss: 13.421685] [ElapsedTime: 51818.54 [sec]]
2019-01-18 09:33:14,966 :[Epoch: 2/200] [Batch: 20862/20019] [D loss: -0.155164] [G loss: 13.514868] [ElapsedTime: 52165.69 [sec]]
2019-01-18 09:38:57,591 :[Epoch: 2/200] [Batch: 20962/20019] [D loss: 0.124117] [G loss: 13.446080] [ElapsedTime: 52508.32 [sec]]
2019-01-18 09:39:22,289 :[Epoch: 2/200] [Iteration: 61000] [Inception Score: 4.18] [Max Score Ever: 5.27]
2019-01-18 09:44:41,518 :[Epoch: 2/200] [Batch: 21062/20019] [D loss: -0.652326] [G loss: 13.455003] [ElapsedTime: 52852.25 [sec]]
2019-01-18 09:50:03,606 :[Epoch: 2/200] [Batch: 21162/20019] [D loss: -0.364231] [G loss: 13.877303] [ElapsedTime: 53174.27 [sec]]
2019-01-18 09:55:08,751 :[Epoch: 2/200] [Batch: 21262/20019] [D loss: -0.049931] [G loss: 13.580999] [ElapsedTime: 53479.48 [sec]]
2019-01-18 10:00:01,546 :[Epoch: 2/200] [Batch: 21362/20019] [D loss: -0.282095] [G loss: 13.924236] [ElapsedTime: 53772.27 [sec]]
2019-01-18 10:05:31,858 :[Epoch: 2/200] [Batch: 21462/20019] [D loss: -0.435562] [G loss: 13.988046] [ElapsedTime: 54102.59 [sec]]
2019-01-18 10:10:38,525 :[Epoch: 2/200] [Batch: 21562/20019] [D loss: -0.379840] [G loss: 14.132160] [ElapsedTime: 54409.25 [sec]]
2019-01-18 10:16:17,189 :[Epoch: 2/200] [Batch: 21662/20019] [D loss: -0.281673] [G loss: 14.441730] [ElapsedTime: 54747.92 [sec]]
2019-01-18 10:21:52,107 :[Epoch: 2/200] [Batch: 21762/20019] [D loss: -0.264407] [G loss: 14.931352] [ElapsedTime: 55082.83 [sec]]
2019-01-18 10:27:19,379 :[Epoch: 2/200] [Batch: 21862/20019] [D loss: -0.787790] [G loss: 14.748405] [ElapsedTime: 55410.11 [sec]]
2019-01-18 10:32:45,825 :[Epoch: 2/200] [Batch: 21962/20019] [D loss: -0.303707] [G loss: 14.594329] [ElapsedTime: 55736.55 [sec]]
2019-01-18 10:33:10,210 :[Epoch: 2/200] [Iteration: 62000] [Inception Score: 4.50] [Max Score Ever: 5.27]
2019-01-18 10:38:37,964 :[Epoch: 2/200] [Batch: 22062/20019] [D loss: -0.851398] [G loss: 14.584023] [ElapsedTime: 56088.69 [sec]]
2019-01-18 10:44:01,576 :[Epoch: 2/200] [Batch: 22162/20019] [D loss: -0.714564] [G loss: 14.368253] [ElapsedTime: 56412.30 [sec]]
2019-01-18 10:49:15,739 :[Epoch: 2/200] [Batch: 22262/20019] [D loss: -0.433281] [G loss: 14.813666] [ElapsedTime: 56726.47 [sec]]
2019-01-18 10:54:16,562 :[Epoch: 2/200] [Batch: 22362/20019] [D loss: -0.406437] [G loss: 14.576185] [ElapsedTime: 57027.28 [sec]]
2019-01-18 10:59:37,660 :[Epoch: 2/200] [Batch: 22462/20019] [D loss: -0.665647] [G loss: 14.235032] [ElapsedTime: 57348.39 [sec]]
2019-01-18 11:06:05,958 :[Epoch: 2/200] [Batch: 22562/20019] [D loss: -0.380490] [G loss: 15.189660] [ElapsedTime: 57736.69 [sec]]
2019-01-18 11:11:43,606 :[Epoch: 2/200] [Batch: 22662/20019] [D loss: -0.245521] [G loss: 15.020632] [ElapsedTime: 58074.33 [sec]]
2019-01-18 11:17:31,962 :[Epoch: 2/200] [Batch: 22762/20019] [D loss: -0.292356] [G loss: 14.970329] [ElapsedTime: 58422.69 [sec]]
2019-01-18 11:23:09,584 :[Epoch: 2/200] [Batch: 22862/20019] [D loss: -0.091644] [G loss: 14.851668] [ElapsedTime: 58760.31 [sec]]
2019-01-18 11:28:44,561 :[Epoch: 2/200] [Batch: 22962/20019] [D loss: -0.549623] [G loss: 14.421508] [ElapsedTime: 59095.29 [sec]]
2019-01-18 11:29:09,300 :[Epoch: 2/200] [Iteration: 63000] [Inception Score: 3.88] [Max Score Ever: 5.27]
2019-01-18 11:34:35,752 :[Epoch: 2/200] [Batch: 23062/20019] [D loss: -0.116233] [G loss: 15.094717] [ElapsedTime: 59446.45 [sec]]
2019-01-18 11:40:19,462 :[Epoch: 2/200] [Batch: 23162/20019] [D loss: -0.088484] [G loss: 14.979685] [ElapsedTime: 59790.19 [sec]]
2019-01-18 11:45:54,469 :[Epoch: 2/200] [Batch: 23262/20019] [D loss: 0.085432] [G loss: 14.664812] [ElapsedTime: 60125.20 [sec]]
2019-01-18 11:51:31,207 :[Epoch: 2/200] [Batch: 23362/20019] [D loss: -0.297125] [G loss: 14.617630] [ElapsedTime: 60461.93 [sec]]
2019-01-18 11:57:10,168 :[Epoch: 2/200] [Batch: 23462/20019] [D loss: -0.916523] [G loss: 15.081121] [ElapsedTime: 60800.90 [sec]]
2019-01-18 12:03:43,525 :[Epoch: 2/200] [Batch: 23562/20019] [D loss: -0.268999] [G loss: 14.766301] [ElapsedTime: 61194.14 [sec]]
2019-01-18 12:09:31,006 :[Epoch: 2/200] [Batch: 23662/20019] [D loss: 0.056144] [G loss: 14.650795] [ElapsedTime: 61541.74 [sec]]
2019-01-18 12:15:09,956 :[Epoch: 2/200] [Batch: 23762/20019] [D loss: -0.204341] [G loss: 14.754576] [ElapsedTime: 61880.68 [sec]]
2019-01-18 12:20:34,053 :[Epoch: 2/200] [Batch: 23862/20019] [D loss: -0.097978] [G loss: 15.130919] [ElapsedTime: 62204.78 [sec]]
2019-01-18 12:25:55,383 :[Epoch: 2/200] [Batch: 23962/20019] [D loss: -0.466532] [G loss: 15.205564] [ElapsedTime: 62526.11 [sec]]
2019-01-18 12:26:22,667 :[Epoch: 2/200] [Iteration: 64000] [Inception Score: 4.35] [Max Score Ever: 5.27]
2019-01-18 12:31:57,631 :[Epoch: 2/200] [Batch: 24062/20019] [D loss: -0.187078] [G loss: 14.938957] [ElapsedTime: 62888.35 [sec]]
2019-01-18 12:37:47,927 :[Epoch: 2/200] [Batch: 24162/20019] [D loss: 0.058451] [G loss: 13.930077] [ElapsedTime: 63238.66 [sec]]
2019-01-18 12:43:24,844 :[Epoch: 2/200] [Batch: 24262/20019] [D loss: -0.098644] [G loss: 14.712815] [ElapsedTime: 63575.57 [sec]]
2019-01-18 12:48:53,714 :[Epoch: 2/200] [Batch: 24362/20019] [D loss: -0.375760] [G loss: 14.965348] [ElapsedTime: 63904.44 [sec]]
2019-01-18 12:54:21,263 :[Epoch: 2/200] [Batch: 24462/20019] [D loss: -0.403039] [G loss: 15.585883] [ElapsedTime: 64231.99 [sec]]
2019-01-18 12:59:32,265 :[Epoch: 2/200] [Batch: 24562/20019] [D loss: -0.226726] [G loss: 15.090834] [ElapsedTime: 64542.99 [sec]]
2019-01-18 13:05:11,717 :[Epoch: 2/200] [Batch: 24662/20019] [D loss: -0.446354] [G loss: 15.851898] [ElapsedTime: 64882.35 [sec]]
2019-01-18 13:10:31,707 :[Epoch: 2/200] [Batch: 24762/20019] [D loss: -0.418505] [G loss: 15.841848] [ElapsedTime: 65202.43 [sec]]
2019-01-18 13:15:36,228 :[Epoch: 2/200] [Batch: 24862/20019] [D loss: -0.161907] [G loss: 14.947600] [ElapsedTime: 65506.96 [sec]]
2019-01-18 13:20:42,464 :[Epoch: 2/200] [Batch: 24962/20019] [D loss: -0.123440] [G loss: 15.145879] [ElapsedTime: 65813.19 [sec]]
2019-01-18 13:20:54,079 :[Epoch: 2/200] [Iteration: 65000] [Inception Score: 4.56] [Max Score Ever: 5.27]
2019-01-18 13:26:04,806 :[Epoch: 2/200] [Batch: 25062/20019] [D loss: -0.286346] [G loss: 15.477918] [ElapsedTime: 66135.51 [sec]]
2019-01-18 13:31:03,554 :[Epoch: 2/200] [Batch: 25162/20019] [D loss: -0.415872] [G loss: 15.613115] [ElapsedTime: 66434.28 [sec]]
2019-01-18 13:35:56,311 :[Epoch: 1/200] [Batch: 5243/20019] [D loss: -0.415456] [G loss: 15.906048] [ElapsedTime: 66727.01 [sec]]
2019-01-18 13:40:37,537 :[Epoch: 1/200] [Batch: 5343/20019] [D loss: -0.065680] [G loss: 15.190004] [ElapsedTime: 67008.27 [sec]]
2019-01-18 13:45:25,004 :[Epoch: 1/200] [Batch: 5443/20019] [D loss: 0.072269] [G loss: 15.501437] [ElapsedTime: 67295.73 [sec]]
2019-01-18 13:50:14,979 :[Epoch: 1/200] [Batch: 5543/20019] [D loss: -0.775818] [G loss: 15.446190] [ElapsedTime: 67585.66 [sec]]
2019-01-18 13:55:01,314 :[Epoch: 1/200] [Batch: 5643/20019] [D loss: -0.229249] [G loss: 15.480118] [ElapsedTime: 67872.04 [sec]]
2019-01-18 13:59:37,845 :[Epoch: 1/200] [Batch: 5743/20019] [D loss: -0.204440] [G loss: 15.979097] [ElapsedTime: 68148.57 [sec]]
2019-01-18 14:05:15,650 :[Epoch: 1/200] [Batch: 5843/20019] [D loss: -0.364488] [G loss: 15.662951] [ElapsedTime: 68486.29 [sec]]
2019-01-18 14:10:09,410 :[Epoch: 1/200] [Batch: 5943/20019] [D loss: -0.198892] [G loss: 16.361795] [ElapsedTime: 68780.14 [sec]]
2019-01-18 14:10:28,622 :[Epoch: 1/200] [Iteration: 66000] [Inception Score: 4.62] [Max Score Ever: 5.27]
2019-01-18 14:15:26,140 :[Epoch: 1/200] [Batch: 6043/20019] [D loss: -0.172204] [G loss: 16.050949] [ElapsedTime: 69096.87 [sec]]
2019-01-18 14:20:37,536 :[Epoch: 1/200] [Batch: 6143/20019] [D loss: -0.345857] [G loss: 16.008583] [ElapsedTime: 69408.26 [sec]]
2019-01-18 14:25:52,938 :[Epoch: 1/200] [Batch: 6243/20019] [D loss: -0.459005] [G loss: 16.325991] [ElapsedTime: 69723.67 [sec]]
2019-01-18 14:31:02,752 :[Epoch: 1/200] [Batch: 6343/20019] [D loss: -0.273813] [G loss: 15.649511] [ElapsedTime: 70033.48 [sec]]
2019-01-18 14:35:57,998 :[Epoch: 1/200] [Batch: 6443/20019] [D loss: 0.172177] [G loss: 15.993931] [ElapsedTime: 70328.65 [sec]]
2019-01-18 14:40:52,892 :[Epoch: 1/200] [Batch: 6543/20019] [D loss: -0.447454] [G loss: 16.286079] [ElapsedTime: 70623.62 [sec]]
2019-01-18 14:45:45,308 :[Epoch: 1/200] [Batch: 6643/20019] [D loss: -0.265736] [G loss: 16.080992] [ElapsedTime: 70916.04 [sec]]
2019-01-18 14:50:27,807 :[Epoch: 1/200] [Batch: 6743/20019] [D loss: -0.593421] [G loss: 15.985583] [ElapsedTime: 71198.54 [sec]]
2019-01-18 14:55:07,647 :[Epoch: 1/200] [Batch: 6843/20019] [D loss: -0.181969] [G loss: 16.204411] [ElapsedTime: 71478.37 [sec]]
2019-01-18 14:59:51,656 :[Epoch: 1/200] [Batch: 6943/20019] [D loss: -0.383061] [G loss: 16.535683] [ElapsedTime: 71762.38 [sec]]
2019-01-18 15:00:02,756 :[Epoch: 1/200] [Iteration: 67000] [Inception Score: 4.74] [Max Score Ever: 5.27]
2019-01-18 15:06:05,864 :[Epoch: 1/200] [Batch: 7043/20019] [D loss: -0.656464] [G loss: 14.877134] [ElapsedTime: 72136.59 [sec]]
2019-01-18 15:11:31,040 :[Epoch: 1/200] [Batch: 7143/20019] [D loss: -0.384739] [G loss: 15.378711] [ElapsedTime: 72461.70 [sec]]
2019-01-18 15:16:49,179 :[Epoch: 1/200] [Batch: 7243/20019] [D loss: -0.094072] [G loss: 16.527119] [ElapsedTime: 72779.91 [sec]]
2019-01-18 15:21:53,743 :[Epoch: 1/200] [Batch: 7343/20019] [D loss: -0.080244] [G loss: 15.879085] [ElapsedTime: 73084.49 [sec]]
2019-01-18 15:26:53,278 :[Epoch: 1/200] [Batch: 7443/20019] [D loss: -0.185656] [G loss: 16.381496] [ElapsedTime: 73384.01 [sec]]
2019-01-18 15:31:48,058 :[Epoch: 1/200] [Batch: 7543/20019] [D loss: -0.141620] [G loss: 15.908882] [ElapsedTime: 73678.79 [sec]]
2019-01-18 15:37:00,830 :[Epoch: 1/200] [Batch: 7643/20019] [D loss: -0.611053] [G loss: 15.784237] [ElapsedTime: 73991.56 [sec]]
2019-01-18 15:42:23,486 :[Epoch: 1/200] [Batch: 7743/20019] [D loss: -0.525978] [G loss: 16.128633] [ElapsedTime: 74314.18 [sec]]
2019-01-18 15:47:40,616 :[Epoch: 1/200] [Batch: 7843/20019] [D loss: -0.659773] [G loss: 16.133980] [ElapsedTime: 74631.34 [sec]]
2019-01-18 15:53:00,644 :[Epoch: 1/200] [Batch: 7943/20019] [D loss: -0.204874] [G loss: 16.678497] [ElapsedTime: 74951.37 [sec]]
2019-01-18 15:53:25,115 :[Epoch: 1/200] [Iteration: 68000] [Inception Score: 4.36] [Max Score Ever: 5.27]
2019-01-18 15:58:39,362 :[Epoch: 1/200] [Batch: 8043/20019] [D loss: -0.102622] [G loss: 15.649928] [ElapsedTime: 75290.09 [sec]]
2019-01-18 16:05:00,091 :[Epoch: 1/200] [Batch: 8143/20019] [D loss: -0.119374] [G loss: 16.189714] [ElapsedTime: 75670.82 [sec]]
2019-01-18 16:10:56,393 :[Epoch: 1/200] [Batch: 8243/20019] [D loss: -0.187051] [G loss: 15.661961] [ElapsedTime: 76027.12 [sec]]
2019-01-18 16:16:35,861 :[Epoch: 1/200] [Batch: 8343/20019] [D loss: 0.285651] [G loss: 16.592484] [ElapsedTime: 76366.55 [sec]]
2019-01-18 16:22:02,244 :[Epoch: 1/200] [Batch: 8443/20019] [D loss: -0.423037] [G loss: 15.572247] [ElapsedTime: 76692.99 [sec]]
2019-01-18 16:27:20,805 :[Epoch: 1/200] [Batch: 8543/20019] [D loss: -0.301388] [G loss: 16.012760] [ElapsedTime: 77011.54 [sec]]
2019-01-18 16:32:30,340 :[Epoch: 1/200] [Batch: 8643/20019] [D loss: -0.597107] [G loss: 16.254072] [ElapsedTime: 77321.07 [sec]]
2019-01-18 16:37:43,519 :[Epoch: 1/200] [Batch: 8743/20019] [D loss: 0.129570] [G loss: 15.995702] [ElapsedTime: 77634.25 [sec]]
2019-01-18 16:42:57,863 :[Epoch: 1/200] [Batch: 8843/20019] [D loss: -0.342830] [G loss: 16.036894] [ElapsedTime: 77948.57 [sec]]
2019-01-18 16:48:10,534 :[Epoch: 1/200] [Batch: 8943/20019] [D loss: -0.063251] [G loss: 16.064276] [ElapsedTime: 78261.26 [sec]]
2019-01-18 16:48:33,545 :[Epoch: 1/200] [Iteration: 69000] [Inception Score: 4.90] [Max Score Ever: 5.27]
2019-01-18 16:53:47,345 :[Epoch: 1/200] [Batch: 9043/20019] [D loss: -0.154057] [G loss: 16.145153] [ElapsedTime: 78598.07 [sec]]
2019-01-18 16:58:55,907 :[Epoch: 1/200] [Batch: 9143/20019] [D loss: -0.473477] [G loss: 16.732782] [ElapsedTime: 78906.64 [sec]]
2019-01-18 17:04:31,356 :[Epoch: 1/200] [Batch: 9243/20019] [D loss: -0.260387] [G loss: 16.657017] [ElapsedTime: 79242.08 [sec]]
2019-01-18 17:09:27,350 :[Epoch: 1/200] [Batch: 9343/20019] [D loss: -0.030692] [G loss: 15.525156] [ElapsedTime: 79538.03 [sec]]
2019-01-18 17:14:25,398 :[Epoch: 1/200] [Batch: 9443/20019] [D loss: -0.380284] [G loss: 16.186695] [ElapsedTime: 79836.13 [sec]]
2019-01-18 17:19:32,116 :[Epoch: 1/200] [Batch: 9543/20019] [D loss: -0.782012] [G loss: 16.578278] [ElapsedTime: 80142.83 [sec]]
2019-01-18 17:24:36,088 :[Epoch: 1/200] [Batch: 9643/20019] [D loss: -0.353511] [G loss: 16.131834] [ElapsedTime: 80446.82 [sec]]
2019-01-18 17:29:25,955 :[Epoch: 1/200] [Batch: 9743/20019] [D loss: -0.750500] [G loss: 17.097672] [ElapsedTime: 80736.68 [sec]]
2019-01-18 17:34:12,487 :[Epoch: 1/200] [Batch: 9843/20019] [D loss: -0.578455] [G loss: 16.181175] [ElapsedTime: 81023.15 [sec]]
2019-01-18 17:39:01,413 :[Epoch: 1/200] [Batch: 9943/20019] [D loss: -0.285662] [G loss: 16.318247] [ElapsedTime: 81312.14 [sec]]
2019-01-18 17:39:20,449 :[Epoch: 1/200] [Iteration: 70000] [Inception Score: 4.66] [Max Score Ever: 5.27]
2019-01-18 17:44:05,883 :[Epoch: 1/200] [Batch: 10043/20019] [D loss: -0.045896] [G loss: 16.690237] [ElapsedTime: 81616.61 [sec]]
2019-01-18 17:49:08,743 :[Epoch: 1/200] [Batch: 10143/20019] [D loss: -0.531034] [G loss: 17.187651] [ElapsedTime: 81919.47 [sec]]
2019-01-18 17:54:02,489 :[Epoch: 1/200] [Batch: 10243/20019] [D loss: -0.220053] [G loss: 16.517828] [ElapsedTime: 82212.59 [sec]]
2019-01-18 17:58:59,378 :[Epoch: 1/200] [Batch: 10343/20019] [D loss: -0.323758] [G loss: 16.664223] [ElapsedTime: 82510.11 [sec]]
2019-01-18 18:04:43,104 :[Epoch: 1/200] [Batch: 10443/20019] [D loss: -0.016348] [G loss: 16.541031] [ElapsedTime: 82853.83 [sec]]
2019-01-18 18:10:15,179 :[Epoch: 1/200] [Batch: 10543/20019] [D loss: -0.376225] [G loss: 16.799280] [ElapsedTime: 83185.91 [sec]]
2019-01-18 18:15:35,897 :[Epoch: 1/200] [Batch: 10643/20019] [D loss: -0.261007] [G loss: 16.801752] [ElapsedTime: 83506.63 [sec]]
2019-01-18 18:21:05,329 :[Epoch: 1/200] [Batch: 10743/20019] [D loss: -0.328989] [G loss: 16.959614] [ElapsedTime: 83835.98 [sec]]
2019-01-18 18:26:20,940 :[Epoch: 1/200] [Batch: 10843/20019] [D loss: -0.942779] [G loss: 16.740118] [ElapsedTime: 84151.64 [sec]]
2019-01-18 18:31:33,299 :[Epoch: 1/200] [Batch: 10943/20019] [D loss: -0.159964] [G loss: 16.385357] [ElapsedTime: 84464.03 [sec]]
2019-01-18 18:31:53,387 :[Epoch: 1/200] [Iteration: 71000] [Inception Score: 3.87] [Max Score Ever: 5.27]
2019-01-18 18:37:00,735 :[Epoch: 1/200] [Batch: 11043/20019] [D loss: -0.349779] [G loss: 16.678038] [ElapsedTime: 84791.47 [sec]]
2019-01-18 18:42:03,064 :[Epoch: 1/200] [Batch: 11143/20019] [D loss: -0.488373] [G loss: 16.824173] [ElapsedTime: 85093.74 [sec]]
2019-01-18 18:46:58,505 :[Epoch: 1/200] [Batch: 11243/20019] [D loss: -0.326134] [G loss: 16.816193] [ElapsedTime: 85389.24 [sec]]
2019-01-18 18:51:40,005 :[Epoch: 1/200] [Batch: 11343/20019] [D loss: -0.153996] [G loss: 16.131937] [ElapsedTime: 85670.73 [sec]]
2019-01-18 18:56:19,490 :[Epoch: 1/200] [Batch: 11443/20019] [D loss: -0.115695] [G loss: 16.507555] [ElapsedTime: 85950.22 [sec]]
2019-01-18 19:00:59,577 :[Epoch: 1/200] [Batch: 11543/20019] [D loss: -0.072117] [G loss: 16.556486] [ElapsedTime: 86230.14 [sec]]
2019-01-18 19:07:00,550 :[Epoch: 1/200] [Batch: 11643/20019] [D loss: -0.238028] [G loss: 16.406723] [ElapsedTime: 86591.28 [sec]]
2019-01-18 19:12:20,075 :[Epoch: 1/200] [Batch: 11743/20019] [D loss: -0.567356] [G loss: 16.599443] [ElapsedTime: 86910.80 [sec]]
2019-01-18 19:17:35,682 :[Epoch: 1/200] [Batch: 11843/20019] [D loss: -0.388894] [G loss: 16.625786] [ElapsedTime: 87226.41 [sec]]
2019-01-18 19:22:48,592 :[Epoch: 1/200] [Batch: 11943/20019] [D loss: -0.431523] [G loss: 16.700012] [ElapsedTime: 87539.32 [sec]]
2019-01-18 19:23:10,395 :[Epoch: 1/200] [Iteration: 72000] [Inception Score: 4.43] [Max Score Ever: 5.27]
2019-01-18 19:28:18,785 :[Epoch: 1/200] [Batch: 12043/20019] [D loss: -0.177272] [G loss: 16.992325] [ElapsedTime: 87869.51 [sec]]
2019-01-18 19:33:21,822 :[Epoch: 1/200] [Batch: 12143/20019] [D loss: -0.539096] [G loss: 16.915194] [ElapsedTime: 88172.55 [sec]]
2019-01-18 19:38:29,382 :[Epoch: 1/200] [Batch: 12243/20019] [D loss: -0.277984] [G loss: 17.070240] [ElapsedTime: 88480.11 [sec]]
2019-01-18 19:43:45,558 :[Epoch: 1/200] [Batch: 12343/20019] [D loss: -0.728441] [G loss: 17.554892] [ElapsedTime: 88796.22 [sec]]
2019-01-18 19:48:59,027 :[Epoch: 1/200] [Batch: 12443/20019] [D loss: -0.395218] [G loss: 17.109266] [ElapsedTime: 89109.76 [sec]]
2019-01-18 19:54:00,070 :[Epoch: 1/200] [Batch: 12543/20019] [D loss: -0.491325] [G loss: 17.633593] [ElapsedTime: 89410.80 [sec]]
2019-01-18 19:59:00,151 :[Epoch: 1/200] [Batch: 12643/20019] [D loss: -0.195090] [G loss: 17.100172] [ElapsedTime: 89710.88 [sec]]
2019-01-18 20:04:44,072 :[Epoch: 1/200] [Batch: 12743/20019] [D loss: -0.455294] [G loss: 16.682892] [ElapsedTime: 90054.80 [sec]]
2019-01-18 20:09:49,028 :[Epoch: 1/200] [Batch: 12843/20019] [D loss: -0.500310] [G loss: 16.872612] [ElapsedTime: 90359.76 [sec]]
2019-01-18 20:15:02,885 :[Epoch: 1/200] [Batch: 12943/20019] [D loss: -0.056413] [G loss: 17.143728] [ElapsedTime: 90673.61 [sec]]
2019-01-18 20:15:27,452 :[Epoch: 1/200] [Iteration: 73000] [Inception Score: 4.46] [Max Score Ever: 5.27]
2019-01-18 20:20:50,430 :[Epoch: 1/200] [Batch: 13043/20019] [D loss: -0.610426] [G loss: 17.113789] [ElapsedTime: 91021.16 [sec]]
2019-01-18 20:26:13,087 :[Epoch: 1/200] [Batch: 13143/20019] [D loss: -0.343238] [G loss: 17.134127] [ElapsedTime: 91343.82 [sec]]
2019-01-18 20:31:33,065 :[Epoch: 1/200] [Batch: 13243/20019] [D loss: -0.572549] [G loss: 17.185768] [ElapsedTime: 91663.73 [sec]]
2019-01-18 20:36:50,476 :[Epoch: 1/200] [Batch: 13343/20019] [D loss: -0.594534] [G loss: 17.751020] [ElapsedTime: 91981.20 [sec]]
2019-01-18 20:42:07,837 :[Epoch: 1/200] [Batch: 13443/20019] [D loss: -0.416203] [G loss: 17.546034] [ElapsedTime: 92298.56 [sec]]
2019-01-18 20:47:17,143 :[Epoch: 1/200] [Batch: 13543/20019] [D loss: 0.088397] [G loss: 18.249638] [ElapsedTime: 92607.87 [sec]]
2019-01-18 20:52:30,766 :[Epoch: 1/200] [Batch: 13643/20019] [D loss: -0.240543] [G loss: 16.941338] [ElapsedTime: 92921.49 [sec]]
2019-01-18 20:57:46,029 :[Epoch: 1/200] [Batch: 13743/20019] [D loss: -0.173109] [G loss: 17.397957] [ElapsedTime: 93236.71 [sec]]
2019-01-18 21:03:40,289 :[Epoch: 1/200] [Batch: 13843/20019] [D loss: -0.315947] [G loss: 16.962656] [ElapsedTime: 93591.02 [sec]]
2019-01-18 21:09:03,956 :[Epoch: 1/200] [Batch: 13943/20019] [D loss: -0.629235] [G loss: 17.845680] [ElapsedTime: 93914.68 [sec]]
2019-01-18 21:09:28,679 :[Epoch: 1/200] [Iteration: 74000] [Inception Score: 4.11] [Max Score Ever: 5.27]
2019-01-18 21:14:59,498 :[Epoch: 1/200] [Batch: 14043/20019] [D loss: -0.544505] [G loss: 17.572945] [ElapsedTime: 94270.23 [sec]]
2019-01-18 21:20:22,954 :[Epoch: 1/200] [Batch: 14143/20019] [D loss: -0.359082] [G loss: 16.053911] [ElapsedTime: 94593.68 [sec]]
2019-01-18 21:25:55,388 :[Epoch: 1/200] [Batch: 14243/20019] [D loss: -0.818078] [G loss: 17.520205] [ElapsedTime: 94926.12 [sec]]
2019-01-18 21:31:27,149 :[Epoch: 1/200] [Batch: 14343/20019] [D loss: -1.046144] [G loss: 17.524071] [ElapsedTime: 95257.88 [sec]]
2019-01-18 21:36:52,204 :[Epoch: 1/200] [Batch: 14443/20019] [D loss: -0.450013] [G loss: 17.150993] [ElapsedTime: 95582.93 [sec]]
2019-01-18 21:42:16,122 :[Epoch: 1/200] [Batch: 14543/20019] [D loss: -0.356815] [G loss: 17.331604] [ElapsedTime: 95906.85 [sec]]
2019-01-18 21:47:31,849 :[Epoch: 1/200] [Batch: 14643/20019] [D loss: -0.556626] [G loss: 17.219170] [ElapsedTime: 96222.52 [sec]]
2019-01-18 21:52:45,743 :[Epoch: 1/200] [Batch: 14743/20019] [D loss: -0.254255] [G loss: 17.571266] [ElapsedTime: 96536.47 [sec]]
2019-01-18 21:57:59,675 :[Epoch: 1/200] [Batch: 14843/20019] [D loss: -0.350137] [G loss: 17.621445] [ElapsedTime: 96850.40 [sec]]
2019-01-18 22:04:07,235 :[Epoch: 1/200] [Batch: 14943/20019] [D loss: -0.235938] [G loss: 17.388617] [ElapsedTime: 97217.96 [sec]]
2019-01-18 22:04:33,397 :[Epoch: 1/200] [Iteration: 75000] [Inception Score: 4.93] [Max Score Ever: 5.27]
2019-01-18 22:09:47,495 :[Epoch: 1/200] [Batch: 15043/20019] [D loss: -0.938463] [G loss: 17.455732] [ElapsedTime: 97558.21 [sec]]
2019-01-18 22:15:25,348 :[Epoch: 1/200] [Batch: 15143/20019] [D loss: -0.763692] [G loss: 17.813261] [ElapsedTime: 97896.08 [sec]]
2019-01-18 22:20:53,254 :[Epoch: 1/200] [Batch: 15243/20019] [D loss: -0.000712] [G loss: 17.820736] [ElapsedTime: 98223.98 [sec]]
2019-01-18 22:26:15,918 :[Epoch: 1/200] [Batch: 15343/20019] [D loss: -0.099570] [G loss: 17.624966] [ElapsedTime: 98546.57 [sec]]
2019-01-18 22:31:58,659 :[Epoch: 1/200] [Batch: 15443/20019] [D loss: -0.386213] [G loss: 18.022415] [ElapsedTime: 98889.35 [sec]]
2019-01-18 22:37:34,411 :[Epoch: 1/200] [Batch: 15543/20019] [D loss: -0.550326] [G loss: 17.696909] [ElapsedTime: 99225.14 [sec]]
2019-01-18 22:43:07,233 :[Epoch: 1/200] [Batch: 15643/20019] [D loss: -0.054315] [G loss: 16.826799] [ElapsedTime: 99557.96 [sec]]
2019-01-18 22:48:44,190 :[Epoch: 1/200] [Batch: 15743/20019] [D loss: -0.395344] [G loss: 16.894176] [ElapsedTime: 99894.88 [sec]]
2019-01-18 22:54:14,904 :[Epoch: 1/200] [Batch: 15843/20019] [D loss: -0.664196] [G loss: 17.759724] [ElapsedTime: 100225.63 [sec]]
2019-01-18 22:59:40,185 :[Epoch: 1/200] [Batch: 15943/20019] [D loss: 0.913714] [G loss: 17.334255] [ElapsedTime: 100550.91 [sec]]
2019-01-18 23:00:04,419 :[Epoch: 1/200] [Iteration: 76000] [Inception Score: 3.89] [Max Score Ever: 5.27]
2019-01-18 23:06:16,519 :[Epoch: 1/200] [Batch: 16043/20019] [D loss: -0.149284] [G loss: 16.017069] [ElapsedTime: 100947.25 [sec]]
2019-01-18 23:12:03,917 :[Epoch: 1/200] [Batch: 16143/20019] [D loss: -1.107683] [G loss: 17.492680] [ElapsedTime: 101294.63 [sec]]
2019-01-18 23:17:49,222 :[Epoch: 1/200] [Batch: 16243/20019] [D loss: -0.746799] [G loss: 16.784754] [ElapsedTime: 101639.95 [sec]]
2019-01-18 23:23:32,545 :[Epoch: 1/200] [Batch: 16343/20019] [D loss: -0.371455] [G loss: 16.992355] [ElapsedTime: 101983.27 [sec]]
2019-01-18 23:28:41,445 :[Epoch: 1/200] [Batch: 16443/20019] [D loss: -0.499450] [G loss: 17.532709] [ElapsedTime: 102292.17 [sec]]
2019-01-18 23:33:48,933 :[Epoch: 1/200] [Batch: 16543/20019] [D loss: -0.467541] [G loss: 17.724386] [ElapsedTime: 102599.66 [sec]]
2019-01-18 23:38:54,347 :[Epoch: 1/200] [Batch: 16643/20019] [D loss: -0.412393] [G loss: 17.914265] [ElapsedTime: 102905.07 [sec]]
2019-01-18 23:43:45,437 :[Epoch: 1/200] [Batch: 16743/20019] [D loss: -0.481655] [G loss: 17.346472] [ElapsedTime: 103196.12 [sec]]
2019-01-18 23:48:39,104 :[Epoch: 1/200] [Batch: 16843/20019] [D loss: -0.758118] [G loss: 16.894613] [ElapsedTime: 103489.82 [sec]]
2019-01-18 23:53:28,631 :[Epoch: 1/200] [Batch: 16943/20019] [D loss: -0.116289] [G loss: 17.683523] [ElapsedTime: 103779.36 [sec]]
2019-01-18 23:53:45,232 :[Epoch: 1/200] [Iteration: 77000] [Inception Score: 3.74] [Max Score Ever: 5.27]
2019-01-18 23:58:30,397 :[Epoch: 1/200] [Batch: 17043/20019] [D loss: -0.245545] [G loss: 18.117025] [ElapsedTime: 104081.10 [sec]]
2019-01-19 00:04:00,126 :[Epoch: 1/200] [Batch: 17143/20019] [D loss: -0.537514] [G loss: 17.628887] [ElapsedTime: 104410.85 [sec]]
2019-01-19 00:09:25,437 :[Epoch: 1/200] [Batch: 17243/20019] [D loss: -0.435620] [G loss: 17.089603] [ElapsedTime: 104736.16 [sec]]
2019-01-19 00:14:57,044 :[Epoch: 1/200] [Batch: 17343/20019] [D loss: -1.256076] [G loss: 17.681482] [ElapsedTime: 105067.71 [sec]]
2019-01-19 00:20:20,505 :[Epoch: 1/200] [Batch: 17443/20019] [D loss: -1.047275] [G loss: 17.821724] [ElapsedTime: 105391.23 [sec]]
2019-01-19 00:25:44,507 :[Epoch: 1/200] [Batch: 17543/20019] [D loss: -0.592412] [G loss: 18.307781] [ElapsedTime: 105715.23 [sec]]
2019-01-19 00:31:13,079 :[Epoch: 1/200] [Batch: 17643/20019] [D loss: -0.557911] [G loss: 17.370529] [ElapsedTime: 106043.81 [sec]]
2019-01-19 00:36:50,426 :[Epoch: 1/200] [Batch: 17743/20019] [D loss: -0.608736] [G loss: 18.691202] [ElapsedTime: 106381.08 [sec]]
2019-01-19 00:42:13,233 :[Epoch: 1/200] [Batch: 17843/20019] [D loss: -0.582622] [G loss: 18.463446] [ElapsedTime: 106703.96 [sec]]
2019-01-19 00:47:34,390 :[Epoch: 1/200] [Batch: 17943/20019] [D loss: -0.308004] [G loss: 18.125259] [ElapsedTime: 107025.12 [sec]]
2019-01-19 00:47:57,178 :[Epoch: 1/200] [Iteration: 78000] [Inception Score: 3.99] [Max Score Ever: 5.27]
2019-01-19 00:53:04,583 :[Epoch: 1/200] [Batch: 18043/20019] [D loss: -0.966318] [G loss: 18.288050] [ElapsedTime: 107355.24 [sec]]
2019-01-19 00:58:22,055 :[Epoch: 1/200] [Batch: 18143/20019] [D loss: -0.338727] [G loss: 18.144920] [ElapsedTime: 107672.78 [sec]]
2019-01-19 01:04:44,014 :[Epoch: 1/200] [Batch: 18243/20019] [D loss: -0.595307] [G loss: 18.011604] [ElapsedTime: 108054.74 [sec]]
2019-01-19 01:10:32,923 :[Epoch: 1/200] [Batch: 18343/20019] [D loss: -1.015811] [G loss: 19.028572] [ElapsedTime: 108403.65 [sec]]
2019-01-19 01:16:10,387 :[Epoch: 1/200] [Batch: 18443/20019] [D loss: -0.927156] [G loss: 19.391296] [ElapsedTime: 108741.12 [sec]]
2019-01-19 01:21:44,420 :[Epoch: 1/200] [Batch: 18543/20019] [D loss: -1.431360] [G loss: 19.233807] [ElapsedTime: 109075.15 [sec]]
2019-01-19 01:27:18,437 :[Epoch: 1/200] [Batch: 18643/20019] [D loss: -0.724704] [G loss: 17.997299] [ElapsedTime: 109409.16 [sec]]
2019-01-19 01:32:44,444 :[Epoch: 1/200] [Batch: 18743/20019] [D loss: -0.808926] [G loss: 18.003540] [ElapsedTime: 109735.17 [sec]]
2019-01-19 01:37:55,199 :[Epoch: 1/200] [Batch: 18843/20019] [D loss: -0.698347] [G loss: 18.796062] [ElapsedTime: 110045.93 [sec]]
2019-01-19 01:43:03,714 :[Epoch: 1/200] [Batch: 18943/20019] [D loss: -0.723629] [G loss: 18.774204] [ElapsedTime: 110354.44 [sec]]
2019-01-19 01:43:26,521 :[Epoch: 1/200] [Iteration: 79000] [Inception Score: 4.37] [Max Score Ever: 5.27]
2019-01-19 01:48:50,321 :[Epoch: 1/200] [Batch: 19043/20019] [D loss: -0.812406] [G loss: 18.972065] [ElapsedTime: 110701.05 [sec]]
2019-01-19 01:54:13,357 :[Epoch: 1/200] [Batch: 19143/20019] [D loss: -0.759915] [G loss: 18.221073] [ElapsedTime: 111024.09 [sec]]
2019-01-19 01:59:35,980 :[Epoch: 1/200] [Batch: 19243/20019] [D loss: -1.375678] [G loss: 18.211882] [ElapsedTime: 111346.71 [sec]]
2019-01-19 02:06:03,648 :[Epoch: 1/200] [Batch: 19343/20019] [D loss: -0.590366] [G loss: 18.992275] [ElapsedTime: 111734.38 [sec]]
2019-01-19 02:11:41,157 :[Epoch: 1/200] [Batch: 19443/20019] [D loss: -0.949266] [G loss: 18.694920] [ElapsedTime: 112071.88 [sec]]
2019-01-19 02:17:26,142 :[Epoch: 1/200] [Batch: 19543/20019] [D loss: -0.252437] [G loss: 18.709522] [ElapsedTime: 112416.87 [sec]]
2019-01-19 02:23:08,643 :[Epoch: 1/200] [Batch: 19643/20019] [D loss: -1.123695] [G loss: 18.269991] [ElapsedTime: 112759.37 [sec]]
2019-01-19 02:28:26,717 :[Epoch: 1/200] [Batch: 19743/20019] [D loss: -1.587822] [G loss: 19.113453] [ElapsedTime: 113077.45 [sec]]
2019-01-19 02:33:42,835 :[Epoch: 1/200] [Batch: 19843/20019] [D loss: -0.856556] [G loss: 19.472874] [ElapsedTime: 113393.51 [sec]]
2019-01-19 02:39:10,971 :[Epoch: 1/200] [Batch: 19943/20019] [D loss: -0.757275] [G loss: 18.540964] [ElapsedTime: 113721.70 [sec]]
2019-01-19 02:39:36,661 :[Epoch: 1/200] [Iteration: 80000] [Inception Score: 3.63] [Max Score Ever: 5.27]
2019-01-19 02:45:12,669 :[Epoch: 1/200] [Batch: 20043/20019] [D loss: -0.880460] [G loss: 19.201414] [ElapsedTime: 114083.37 [sec]]
2019-01-19 02:50:41,691 :[Epoch: 1/200] [Batch: 20143/20019] [D loss: -1.413260] [G loss: 18.709862] [ElapsedTime: 114412.42 [sec]]
2019-01-19 02:56:12,871 :[Epoch: 1/200] [Batch: 20243/20019] [D loss: -1.319240] [G loss: 19.667868] [ElapsedTime: 114743.53 [sec]]
2019-01-19 03:02:09,846 :[Epoch: 1/200] [Batch: 20343/20019] [D loss: -0.593067] [G loss: 18.535088] [ElapsedTime: 115100.57 [sec]]
2019-01-19 03:08:14,904 :[Epoch: 1/200] [Batch: 20443/20019] [D loss: -2.533866] [G loss: 19.297462] [ElapsedTime: 115465.63 [sec]]
2019-01-19 03:14:00,155 :[Epoch: 1/200] [Batch: 20543/20019] [D loss: -0.515668] [G loss: 19.166653] [ElapsedTime: 115810.87 [sec]]
2019-01-19 03:19:41,738 :[Epoch: 1/200] [Batch: 20643/20019] [D loss: -0.336173] [G loss: 18.611204] [ElapsedTime: 116152.47 [sec]]
2019-01-19 03:25:00,158 :[Epoch: 1/200] [Batch: 20743/20019] [D loss: -0.461793] [G loss: 19.559214] [ElapsedTime: 116470.89 [sec]]
2019-01-19 03:30:20,581 :[Epoch: 1/200] [Batch: 20843/20019] [D loss: -0.825258] [G loss: 19.830654] [ElapsedTime: 116791.29 [sec]]
2019-01-19 03:35:52,126 :[Epoch: 1/200] [Batch: 20943/20019] [D loss: -0.340252] [G loss: 17.743670] [ElapsedTime: 117122.85 [sec]]
2019-01-19 03:36:16,776 :[Epoch: 1/200] [Iteration: 81000] [Inception Score: 3.35] [Max Score Ever: 5.27]
2019-01-19 03:41:42,731 :[Epoch: 1/200] [Batch: 21043/20019] [D loss: -0.838120] [G loss: 18.119528] [ElapsedTime: 117473.46 [sec]]
2019-01-19 03:47:07,655 :[Epoch: 1/200] [Batch: 21143/20019] [D loss: -0.628769] [G loss: 18.164501] [ElapsedTime: 117798.38 [sec]]
2019-01-19 03:52:27,504 :[Epoch: 1/200] [Batch: 21243/20019] [D loss: -0.404436] [G loss: 17.545540] [ElapsedTime: 118118.26 [sec]]
2019-01-19 03:57:46,291 :[Epoch: 1/200] [Batch: 21343/20019] [D loss: -0.668642] [G loss: 18.712484] [ElapsedTime: 118437.01 [sec]]
2019-01-19 04:04:02,373 :[Epoch: 1/200] [Batch: 21443/20019] [D loss: -0.585845] [G loss: 18.104633] [ElapsedTime: 118813.10 [sec]]
2019-01-19 04:09:58,485 :[Epoch: 1/200] [Batch: 21543/20019] [D loss: -1.218435] [G loss: 18.329124] [ElapsedTime: 119169.20 [sec]]
2019-01-19 04:15:52,403 :[Epoch: 1/200] [Batch: 21643/20019] [D loss: -0.475061] [G loss: 18.041216] [ElapsedTime: 119523.13 [sec]]
2019-01-19 04:21:26,857 :[Epoch: 1/200] [Batch: 21743/20019] [D loss: -0.724798] [G loss: 18.744488] [ElapsedTime: 119857.58 [sec]]
2019-01-19 04:27:01,078 :[Epoch: 1/200] [Batch: 21843/20019] [D loss: -0.356711] [G loss: 18.993172] [ElapsedTime: 120191.79 [sec]]
2019-01-19 04:32:51,973 :[Epoch: 1/200] [Batch: 21943/20019] [D loss: -0.397756] [G loss: 19.389933] [ElapsedTime: 120542.64 [sec]]
2019-01-19 04:33:18,991 :[Epoch: 1/200] [Iteration: 82000] [Inception Score: 5.16] [Max Score Ever: 5.27]
2019-01-19 04:38:58,898 :[Epoch: 1/200] [Batch: 22043/20019] [D loss: -0.569180] [G loss: 19.020294] [ElapsedTime: 120909.63 [sec]]
2019-01-19 04:44:46,158 :[Epoch: 1/200] [Batch: 22143/20019] [D loss: -1.200550] [G loss: 19.106085] [ElapsedTime: 121256.89 [sec]]
2019-01-19 04:50:15,832 :[Epoch: 1/200] [Batch: 22243/20019] [D loss: -0.990568] [G loss: 19.135851] [ElapsedTime: 121586.49 [sec]]
2019-01-19 04:55:45,619 :[Epoch: 1/200] [Batch: 22343/20019] [D loss: -1.162501] [G loss: 19.463341] [ElapsedTime: 121916.35 [sec]]
2019-01-19 05:01:30,897 :[Epoch: 1/200] [Batch: 22443/20019] [D loss: -1.263192] [G loss: 18.787907] [ElapsedTime: 122261.61 [sec]]
2019-01-19 05:07:35,916 :[Epoch: 1/200] [Batch: 22543/20019] [D loss: -0.520057] [G loss: 19.633738] [ElapsedTime: 122626.60 [sec]]
2019-01-19 05:13:25,707 :[Epoch: 1/200] [Batch: 22643/20019] [D loss: -0.840918] [G loss: 19.261963] [ElapsedTime: 122976.43 [sec]]
2019-01-19 05:19:00,723 :[Epoch: 1/200] [Batch: 22743/20019] [D loss: -0.556560] [G loss: 18.401936] [ElapsedTime: 123311.45 [sec]]
2019-01-19 05:24:27,265 :[Epoch: 1/200] [Batch: 22843/20019] [D loss: -1.408967] [G loss: 19.168097] [ElapsedTime: 123637.91 [sec]]
2019-01-19 05:29:59,891 :[Epoch: 1/200] [Batch: 22943/20019] [D loss: -1.818989] [G loss: 17.682129] [ElapsedTime: 123970.62 [sec]]
2019-01-19 05:30:25,422 :[Epoch: 1/200] [Iteration: 83000] [Inception Score: 4.41] [Max Score Ever: 5.27]
2019-01-19 05:36:01,228 :[Epoch: 1/200] [Batch: 23043/20019] [D loss: -0.896762] [G loss: 18.952648] [ElapsedTime: 124331.96 [sec]]
2019-01-19 05:41:42,889 :[Epoch: 1/200] [Batch: 23143/20019] [D loss: -0.766664] [G loss: 17.245522] [ElapsedTime: 124673.60 [sec]]
2019-01-19 05:47:19,479 :[Epoch: 1/200] [Batch: 23243/20019] [D loss: -0.660921] [G loss: 18.796904] [ElapsedTime: 125010.21 [sec]]
2019-01-19 05:52:51,387 :[Epoch: 1/200] [Batch: 23343/20019] [D loss: -0.911612] [G loss: 18.507742] [ElapsedTime: 125342.11 [sec]]
2019-01-19 05:58:21,429 :[Epoch: 1/200] [Batch: 23443/20019] [D loss: -1.231541] [G loss: 20.615553] [ElapsedTime: 125672.09 [sec]]
2019-01-19 06:04:43,089 :[Epoch: 1/200] [Batch: 23543/20019] [D loss: -0.776719] [G loss: 19.605742] [ElapsedTime: 126053.82 [sec]]
2019-01-19 06:10:32,454 :[Epoch: 1/200] [Batch: 23643/20019] [D loss: -0.054892] [G loss: 17.953880] [ElapsedTime: 126403.18 [sec]]
2019-01-19 06:16:15,206 :[Epoch: 1/200] [Batch: 23743/20019] [D loss: -0.764999] [G loss: 17.799978] [ElapsedTime: 126745.93 [sec]]
2019-01-19 06:21:40,914 :[Epoch: 1/200] [Batch: 23843/20019] [D loss: -0.931125] [G loss: 18.236897] [ElapsedTime: 127071.62 [sec]]
2019-01-19 06:27:05,169 :[Epoch: 1/200] [Batch: 23943/20019] [D loss: -1.136077] [G loss: 18.664347] [ElapsedTime: 127395.90 [sec]]
2019-01-19 06:27:28,220 :[Epoch: 1/200] [Iteration: 84000] [Inception Score: 4.21] [Max Score Ever: 5.27]
2019-01-19 06:33:11,123 :[Epoch: 1/200] [Batch: 24043/20019] [D loss: -0.841360] [G loss: 19.186693] [ElapsedTime: 127761.85 [sec]]
2019-01-19 06:38:53,622 :[Epoch: 1/200] [Batch: 24143/20019] [D loss: -0.250909] [G loss: 17.432755] [ElapsedTime: 128104.38 [sec]]
2019-01-19 06:44:24,846 :[Epoch: 1/200] [Batch: 24243/20019] [D loss: -1.045718] [G loss: 17.825623] [ElapsedTime: 128435.57 [sec]]
2019-01-19 06:49:50,637 :[Epoch: 1/200] [Batch: 24343/20019] [D loss: -0.388762] [G loss: 18.646196] [ElapsedTime: 128761.36 [sec]]
2019-01-19 06:55:19,541 :[Epoch: 1/200] [Batch: 24443/20019] [D loss: -1.036022] [G loss: 18.396364] [ElapsedTime: 129090.21 [sec]]
2019-01-19 07:00:47,921 :[Epoch: 1/200] [Batch: 24543/20019] [D loss: -1.197461] [G loss: 18.599529] [ElapsedTime: 129418.65 [sec]]
2019-01-19 07:07:24,664 :[Epoch: 1/200] [Batch: 24643/20019] [D loss: -1.591637] [G loss: 18.820671] [ElapsedTime: 129815.39 [sec]]
2019-01-19 07:13:27,512 :[Epoch: 1/200] [Batch: 24743/20019] [D loss: -0.505110] [G loss: 18.266350] [ElapsedTime: 130178.24 [sec]]
2019-01-19 07:19:05,338 :[Epoch: 1/200] [Batch: 24843/20019] [D loss: -0.357614] [G loss: 17.850401] [ElapsedTime: 130516.05 [sec]]
2019-01-19 07:24:34,269 :[Epoch: 1/200] [Batch: 24943/20019] [D loss: -0.842459] [G loss: 19.177383] [ElapsedTime: 130845.00 [sec]]
2019-01-19 07:24:57,909 :[Epoch: 1/200] [Iteration: 85000] [Inception Score: 4.63] [Max Score Ever: 5.27]
2019-01-19 07:30:39,031 :[Epoch: 1/200] [Batch: 25043/20019] [D loss: -1.057370] [G loss: 18.270403] [ElapsedTime: 131209.76 [sec]]
2019-01-19 07:36:31,539 :[Epoch: 1/200] [Batch: 25143/20019] [D loss: -0.735301] [G loss: 17.762344] [ElapsedTime: 131562.19 [sec]]
2019-01-19 07:42:00,213 :[Epoch: 2/200] [Batch: 5224/20019] [D loss: -0.963322] [G loss: 17.408161] [ElapsedTime: 131890.94 [sec]]
2019-01-19 07:47:28,507 :[Epoch: 2/200] [Batch: 5324/20019] [D loss: -1.293215] [G loss: 19.104517] [ElapsedTime: 132219.23 [sec]]
2019-01-19 07:52:58,354 :[Epoch: 2/200] [Batch: 5424/20019] [D loss: -1.252786] [G loss: 18.397959] [ElapsedTime: 132548.99 [sec]]
2019-01-19 07:58:37,402 :[Epoch: 2/200] [Batch: 5524/20019] [D loss: -2.391756] [G loss: 17.679413] [ElapsedTime: 132888.13 [sec]]
2019-01-19 08:06:03,276 :[Epoch: 2/200] [Batch: 5624/20019] [D loss: -0.930362] [G loss: 18.309546] [ElapsedTime: 133334.00 [sec]]
2019-01-19 08:12:15,398 :[Epoch: 2/200] [Batch: 5724/20019] [D loss: -1.288641] [G loss: 17.344925] [ElapsedTime: 133705.94 [sec]]
2019-01-19 08:18:21,281 :[Epoch: 2/200] [Batch: 5824/20019] [D loss: -1.217198] [G loss: 18.549006] [ElapsedTime: 134072.01 [sec]]
2019-01-19 08:24:23,867 :[Epoch: 2/200] [Batch: 5924/20019] [D loss: -1.318407] [G loss: 19.398285] [ElapsedTime: 134434.60 [sec]]
2019-01-19 08:24:54,753 :[Epoch: 2/200] [Iteration: 86000] [Inception Score: 4.17] [Max Score Ever: 5.27]
2019-01-19 08:31:08,208 :[Epoch: 2/200] [Batch: 6024/20019] [D loss: -1.037721] [G loss: 19.856125] [ElapsedTime: 134838.80 [sec]]
2019-01-19 08:37:04,635 :[Epoch: 2/200] [Batch: 6124/20019] [D loss: -0.670649] [G loss: 18.758549] [ElapsedTime: 135195.36 [sec]]
2019-01-19 08:43:02,028 :[Epoch: 2/200] [Batch: 6224/20019] [D loss: -1.974440] [G loss: 18.055374] [ElapsedTime: 135552.76 [sec]]
2019-01-19 08:49:02,984 :[Epoch: 2/200] [Batch: 6324/20019] [D loss: -1.139063] [G loss: 16.923420] [ElapsedTime: 135913.61 [sec]]
2019-01-19 08:54:53,027 :[Epoch: 2/200] [Batch: 6424/20019] [D loss: -0.609706] [G loss: 18.208111] [ElapsedTime: 136263.75 [sec]]
2019-01-19 09:00:44,268 :[Epoch: 2/200] [Batch: 6524/20019] [D loss: -1.004235] [G loss: 18.760847] [ElapsedTime: 136615.00 [sec]]
2019-01-19 09:08:01,035 :[Epoch: 2/200] [Batch: 6624/20019] [D loss: -0.068602] [G loss: 19.244694] [ElapsedTime: 137051.76 [sec]]
2019-01-19 09:14:00,616 :[Epoch: 2/200] [Batch: 6724/20019] [D loss: -0.673143] [G loss: 18.380527] [ElapsedTime: 137411.31 [sec]]
2019-01-19 09:19:51,833 :[Epoch: 2/200] [Batch: 6824/20019] [D loss: -1.153618] [G loss: 18.617447] [ElapsedTime: 137762.56 [sec]]
2019-01-19 09:25:56,200 :[Epoch: 2/200] [Batch: 6924/20019] [D loss: -0.763118] [G loss: 18.620598] [ElapsedTime: 138126.93 [sec]]
2019-01-19 09:26:25,799 :[Epoch: 2/200] [Iteration: 87000] [Inception Score: 3.97] [Max Score Ever: 5.27]
2019-01-19 09:32:47,179 :[Epoch: 2/200] [Batch: 7024/20019] [D loss: -1.058362] [G loss: 19.723969] [ElapsedTime: 138537.85 [sec]]
2019-01-19 09:38:50,319 :[Epoch: 2/200] [Batch: 7124/20019] [D loss: -1.670960] [G loss: 18.579451] [ElapsedTime: 138901.03 [sec]]
2019-01-19 09:44:53,222 :[Epoch: 2/200] [Batch: 7224/20019] [D loss: -0.729306] [G loss: 17.476889] [ElapsedTime: 139263.95 [sec]]
2019-01-19 09:50:55,151 :[Epoch: 2/200] [Batch: 7324/20019] [D loss: -1.104869] [G loss: 17.819077] [ElapsedTime: 139625.88 [sec]]
2019-01-19 09:56:54,437 :[Epoch: 2/200] [Batch: 7424/20019] [D loss: -0.437844] [G loss: 18.709753] [ElapsedTime: 139984.98 [sec]]
2019-01-19 10:03:50,486 :[Epoch: 2/200] [Batch: 7524/20019] [D loss: -1.675857] [G loss: 17.923073] [ElapsedTime: 140401.21 [sec]]
2019-01-19 10:10:18,700 :[Epoch: 2/200] [Batch: 7624/20019] [D loss: 0.280511] [G loss: 18.078909] [ElapsedTime: 140789.43 [sec]]
2019-01-19 10:16:20,731 :[Epoch: 2/200] [Batch: 7724/20019] [D loss: -0.398998] [G loss: 16.609066] [ElapsedTime: 141151.35 [sec]]
2019-01-19 10:22:23,002 :[Epoch: 2/200] [Batch: 7824/20019] [D loss: -0.759183] [G loss: 17.041632] [ElapsedTime: 141513.73 [sec]]
2019-01-19 10:28:24,354 :[Epoch: 2/200] [Batch: 7924/20019] [D loss: -0.765305] [G loss: 17.212555] [ElapsedTime: 141875.08 [sec]]
2019-01-19 10:28:54,205 :[Epoch: 2/200] [Iteration: 88000] [Inception Score: 3.46] [Max Score Ever: 5.27]
2019-01-19 10:34:59,266 :[Epoch: 2/200] [Batch: 8024/20019] [D loss: -0.960302] [G loss: 17.907509] [ElapsedTime: 142269.91 [sec]]
2019-01-19 10:40:49,147 :[Epoch: 2/200] [Batch: 8124/20019] [D loss: -1.142908] [G loss: 17.843603] [ElapsedTime: 142619.88 [sec]]
2019-01-19 10:46:41,669 :[Epoch: 2/200] [Batch: 8224/20019] [D loss: -0.750230] [G loss: 17.546331] [ElapsedTime: 142972.40 [sec]]
2019-01-19 10:52:35,800 :[Epoch: 2/200] [Batch: 8324/20019] [D loss: -0.332391] [G loss: 17.759789] [ElapsedTime: 143326.42 [sec]]
2019-01-19 10:58:20,293 :[Epoch: 2/200] [Batch: 8424/20019] [D loss: -1.116661] [G loss: 17.970049] [ElapsedTime: 143671.02 [sec]]
2019-01-19 11:05:19,816 :[Epoch: 2/200] [Batch: 8524/20019] [D loss: -1.115334] [G loss: 17.897030] [ElapsedTime: 144090.54 [sec]]
2019-01-19 11:11:25,869 :[Epoch: 2/200] [Batch: 8624/20019] [D loss: -1.001415] [G loss: 18.720097] [ElapsedTime: 144456.51 [sec]]
2019-01-19 11:17:37,822 :[Epoch: 2/200] [Batch: 8724/20019] [D loss: -1.208337] [G loss: 18.129032] [ElapsedTime: 144828.55 [sec]]
2019-01-19 11:23:49,374 :[Epoch: 2/200] [Batch: 8824/20019] [D loss: -0.424462] [G loss: 18.892616] [ElapsedTime: 145200.10 [sec]]
2019-01-19 11:29:46,580 :[Epoch: 2/200] [Batch: 8924/20019] [D loss: -0.600640] [G loss: 18.463585] [ElapsedTime: 145557.25 [sec]]
2019-01-19 11:30:13,892 :[Epoch: 2/200] [Iteration: 89000] [Inception Score: 3.55] [Max Score Ever: 5.27]
2019-01-19 11:36:05,039 :[Epoch: 2/200] [Batch: 9024/20019] [D loss: -0.929512] [G loss: 18.724388] [ElapsedTime: 145935.77 [sec]]
2019-01-19 11:41:57,612 :[Epoch: 2/200] [Batch: 9124/20019] [D loss: -1.162813] [G loss: 17.186081] [ElapsedTime: 146288.34 [sec]]
2019-01-19 11:47:43,596 :[Epoch: 2/200] [Batch: 9224/20019] [D loss: -0.110473] [G loss: 18.590811] [ElapsedTime: 146634.25 [sec]]
2019-01-19 11:53:29,452 :[Epoch: 2/200] [Batch: 9324/20019] [D loss: -0.723617] [G loss: 19.334766] [ElapsedTime: 146980.18 [sec]]
2019-01-19 11:59:20,467 :[Epoch: 2/200] [Batch: 9424/20019] [D loss: -0.272589] [G loss: 18.758839] [ElapsedTime: 147331.20 [sec]]
2019-01-19 12:06:35,390 :[Epoch: 2/200] [Batch: 9524/20019] [D loss: -0.274474] [G loss: 18.662285] [ElapsedTime: 147765.94 [sec]]
2019-01-19 12:12:50,747 :[Epoch: 2/200] [Batch: 9624/20019] [D loss: -0.544843] [G loss: 18.159281] [ElapsedTime: 148141.47 [sec]]
2019-01-19 12:18:57,435 :[Epoch: 2/200] [Batch: 9724/20019] [D loss: -0.865117] [G loss: 20.075397] [ElapsedTime: 148508.17 [sec]]
2019-01-19 12:25:00,334 :[Epoch: 2/200] [Batch: 9824/20019] [D loss: -0.955786] [G loss: 18.859005] [ElapsedTime: 148870.96 [sec]]
2019-01-19 12:31:01,828 :[Epoch: 2/200] [Batch: 9924/20019] [D loss: -0.550042] [G loss: 17.429987] [ElapsedTime: 149232.56 [sec]]
2019-01-19 12:31:32,159 :[Epoch: 2/200] [Iteration: 90000] [Inception Score: 4.19] [Max Score Ever: 5.27]
2019-01-19 12:37:38,692 :[Epoch: 2/200] [Batch: 10024/20019] [D loss: -1.017892] [G loss: 18.533428] [ElapsedTime: 149629.42 [sec]]
2019-01-19 12:43:27,119 :[Epoch: 2/200] [Batch: 10124/20019] [D loss: -0.911618] [G loss: 18.272789] [ElapsedTime: 149977.75 [sec]]
2019-01-19 12:49:07,264 :[Epoch: 2/200] [Batch: 10224/20019] [D loss: -1.378570] [G loss: 19.450733] [ElapsedTime: 150317.99 [sec]]
2019-01-19 12:54:47,037 :[Epoch: 2/200] [Batch: 10324/20019] [D loss: -1.229403] [G loss: 18.885979] [ElapsedTime: 150657.76 [sec]]
2019-01-19 13:00:32,383 :[Epoch: 2/200] [Batch: 10424/20019] [D loss: -1.178808] [G loss: 18.207178] [ElapsedTime: 151003.11 [sec]]
2019-01-19 13:07:41,417 :[Epoch: 2/200] [Batch: 10524/20019] [D loss: -0.447976] [G loss: 18.184715] [ElapsedTime: 151432.08 [sec]]
2019-01-19 13:13:49,948 :[Epoch: 2/200] [Batch: 10624/20019] [D loss: -1.882699] [G loss: 18.725952] [ElapsedTime: 151800.68 [sec]]
2019-01-19 13:19:54,779 :[Epoch: 2/200] [Batch: 10724/20019] [D loss: -1.025346] [G loss: 17.999443] [ElapsedTime: 152165.51 [sec]]
2019-01-19 13:25:56,840 :[Epoch: 2/200] [Batch: 10824/20019] [D loss: -0.257552] [G loss: 19.197899] [ElapsedTime: 152527.57 [sec]]
2019-01-19 13:32:02,828 :[Epoch: 2/200] [Batch: 10924/20019] [D loss: -1.628471] [G loss: 17.957129] [ElapsedTime: 152893.44 [sec]]
2019-01-19 13:32:31,930 :[Epoch: 2/200] [Iteration: 91000] [Inception Score: 3.95] [Max Score Ever: 5.27]
2019-01-19 13:38:37,373 :[Epoch: 2/200] [Batch: 11024/20019] [D loss: -0.062138] [G loss: 18.883230] [ElapsedTime: 153288.10 [sec]]
2019-01-19 13:44:30,589 :[Epoch: 2/200] [Batch: 11124/20019] [D loss: -0.392399] [G loss: 18.258926] [ElapsedTime: 153641.32 [sec]]
2019-01-19 13:50:25,191 :[Epoch: 2/200] [Batch: 11224/20019] [D loss: -0.747117] [G loss: 18.478231] [ElapsedTime: 153995.92 [sec]]
2019-01-19 13:56:20,441 :[Epoch: 2/200] [Batch: 11324/20019] [D loss: -0.273406] [G loss: 18.581608] [ElapsedTime: 154351.09 [sec]]
2019-01-19 14:02:51,120 :[Epoch: 2/200] [Batch: 11424/20019] [D loss: -0.620267] [G loss: 18.920647] [ElapsedTime: 154741.85 [sec]]
2019-01-19 14:09:06,766 :[Epoch: 2/200] [Batch: 11524/20019] [D loss: -0.552117] [G loss: 17.722862] [ElapsedTime: 155117.49 [sec]]
2019-01-19 14:15:13,133 :[Epoch: 2/200] [Batch: 11624/20019] [D loss: -0.952410] [G loss: 19.983513] [ElapsedTime: 155483.86 [sec]]
2019-01-19 14:21:14,581 :[Epoch: 2/200] [Batch: 11724/20019] [D loss: -0.091912] [G loss: 15.790185] [ElapsedTime: 155845.23 [sec]]
2019-01-19 14:27:16,926 :[Epoch: 2/200] [Batch: 11824/20019] [D loss: -0.796227] [G loss: 17.516201] [ElapsedTime: 156207.65 [sec]]
2019-01-19 14:33:17,751 :[Epoch: 2/200] [Batch: 11924/20019] [D loss: -0.279225] [G loss: 17.830296] [ElapsedTime: 156568.48 [sec]]
2019-01-19 14:33:46,619 :[Epoch: 2/200] [Iteration: 92000] [Inception Score: 3.29] [Max Score Ever: 5.27]
2019-01-19 14:39:53,066 :[Epoch: 2/200] [Batch: 12024/20019] [D loss: -0.445891] [G loss: 17.356186] [ElapsedTime: 156963.79 [sec]]
2019-01-19 14:45:45,409 :[Epoch: 2/200] [Batch: 12124/20019] [D loss: -0.970719] [G loss: 18.822182] [ElapsedTime: 157316.04 [sec]]
2019-01-19 14:51:35,006 :[Epoch: 2/200] [Batch: 12224/20019] [D loss: 0.339749] [G loss: 19.084770] [ElapsedTime: 157665.73 [sec]]
2019-01-19 14:57:21,274 :[Epoch: 2/200] [Batch: 12324/20019] [D loss: -0.170948] [G loss: 15.775163] [ElapsedTime: 158012.00 [sec]]
2019-01-19 15:04:10,019 :[Epoch: 2/200] [Batch: 12424/20019] [D loss: -1.159239] [G loss: 17.453629] [ElapsedTime: 158420.77 [sec]]
2019-01-19 15:10:31,530 :[Epoch: 2/200] [Batch: 12524/20019] [D loss: -1.320926] [G loss: 17.849115] [ElapsedTime: 158802.26 [sec]]
2019-01-19 15:17:03,051 :[Epoch: 2/200] [Batch: 12624/20019] [D loss: -0.540017] [G loss: 17.285259] [ElapsedTime: 159193.78 [sec]]
2019-01-19 15:23:04,049 :[Epoch: 2/200] [Batch: 12724/20019] [D loss: -1.021810] [G loss: 17.259943] [ElapsedTime: 159554.66 [sec]]
2019-01-19 15:29:01,776 :[Epoch: 2/200] [Batch: 12824/20019] [D loss: -0.741860] [G loss: 17.473854] [ElapsedTime: 159912.50 [sec]]
2019-01-19 15:35:05,789 :[Epoch: 2/200] [Batch: 12924/20019] [D loss: -1.121560] [G loss: 17.949081] [ElapsedTime: 160276.52 [sec]]
2019-01-19 15:35:35,358 :[Epoch: 2/200] [Iteration: 93000] [Inception Score: 5.01] [Max Score Ever: 5.27]
2019-01-19 15:41:41,070 :[Epoch: 2/200] [Batch: 13024/20019] [D loss: -1.414927] [G loss: 17.836723] [ElapsedTime: 160671.80 [sec]]
2019-01-19 15:47:29,112 :[Epoch: 2/200] [Batch: 13124/20019] [D loss: -1.311677] [G loss: 17.536854] [ElapsedTime: 161019.79 [sec]]
2019-01-19 15:53:20,388 :[Epoch: 2/200] [Batch: 13224/20019] [D loss: -0.911099] [G loss: 17.673904] [ElapsedTime: 161371.12 [sec]]
2019-01-19 15:59:12,278 :[Epoch: 2/200] [Batch: 13324/20019] [D loss: -0.904353] [G loss: 18.968409] [ElapsedTime: 161723.01 [sec]]
2019-01-19 16:06:08,970 :[Epoch: 2/200] [Batch: 13424/20019] [D loss: -1.058509] [G loss: 18.889544] [ElapsedTime: 162139.56 [sec]]
2019-01-19 16:12:24,954 :[Epoch: 2/200] [Batch: 13524/20019] [D loss: -1.142830] [G loss: 18.680424] [ElapsedTime: 162515.68 [sec]]
2019-01-19 16:18:35,503 :[Epoch: 2/200] [Batch: 13624/20019] [D loss: -1.013208] [G loss: 17.824026] [ElapsedTime: 162886.23 [sec]]
