2019-01-17 19:18:37,505 :resume: loaded models
2019-01-17 19:18:37,505 :generator_model_0001
2019-01-17 19:18:37,505 :discriminator_model_0001
2019-01-17 19:18:41,831 :[Epoch: 2/200] [Batch: 5762/20019] [D loss: 6.856626] [G loss: 8.542080] [ElapsedTime: 4.80 [sec]]
2019-01-17 19:23:11,023 :[Epoch: 2/200] [Batch: 5862/20019] [D loss: -0.294784] [G loss: 9.858743] [ElapsedTime: 274.00 [sec]]
2019-01-17 19:27:37,690 :[Epoch: 2/200] [Batch: 5962/20019] [D loss: -0.128810] [G loss: 9.721324] [ElapsedTime: 540.66 [sec]]
2019-01-17 19:27:59,160 :[Epoch: 2/200] [Iteration: 46000] [Inception Score: 5.54] [Max Score Ever: 5.54]
2019-01-17 19:32:20,724 :[Epoch: 2/200] [Batch: 6062/20019] [D loss: -0.060067] [G loss: 9.722037] [ElapsedTime: 823.70 [sec]]
2019-01-17 19:36:41,963 :[Epoch: 2/200] [Batch: 6162/20019] [D loss: -0.270272] [G loss: 10.959120] [ElapsedTime: 1084.94 [sec]]
2019-01-17 19:41:09,518 :[Epoch: 2/200] [Batch: 6262/20019] [D loss: -0.898519] [G loss: 10.780831] [ElapsedTime: 1352.49 [sec]]
2019-01-17 19:45:29,425 :[Epoch: 2/200] [Batch: 6362/20019] [D loss: -0.071756] [G loss: 11.038915] [ElapsedTime: 1612.40 [sec]]
2019-01-17 19:49:46,911 :[Epoch: 2/200] [Batch: 6462/20019] [D loss: -0.929786] [G loss: 10.324307] [ElapsedTime: 1869.88 [sec]]
2019-01-17 19:54:01,954 :[Epoch: 2/200] [Batch: 6562/20019] [D loss: 0.149247] [G loss: 10.963433] [ElapsedTime: 2124.93 [sec]]
2019-01-17 19:58:12,549 :[Epoch: 2/200] [Batch: 6662/20019] [D loss: -0.405457] [G loss: 13.823975] [ElapsedTime: 2375.53 [sec]]
2019-01-17 20:02:36,309 :[Epoch: 2/200] [Batch: 6762/20019] [D loss: -0.717386] [G loss: 11.236200] [ElapsedTime: 2639.27 [sec]]
2019-01-17 20:06:57,002 :[Epoch: 2/200] [Batch: 6862/20019] [D loss: -0.447762] [G loss: 13.395528] [ElapsedTime: 2899.98 [sec]]
2019-01-17 20:11:29,428 :[Epoch: 2/200] [Batch: 6962/20019] [D loss: 0.070251] [G loss: 11.923298] [ElapsedTime: 3172.40 [sec]]
2019-01-17 20:11:42,575 :[Epoch: 2/200] [Iteration: 47000] [Inception Score: 5.57] [Max Score Ever: 5.57]
2019-01-17 20:16:01,537 :[Epoch: 2/200] [Batch: 7062/20019] [D loss: 0.168434] [G loss: 12.553021] [ElapsedTime: 3444.51 [sec]]
2019-01-17 20:20:25,088 :[Epoch: 2/200] [Batch: 7162/20019] [D loss: 0.069328] [G loss: 13.102084] [ElapsedTime: 3708.06 [sec]]
2019-01-17 20:25:02,070 :[Epoch: 2/200] [Batch: 7262/20019] [D loss: 0.173162] [G loss: 12.448079] [ElapsedTime: 3985.04 [sec]]
2019-01-17 20:30:35,189 :[Epoch: 2/200] [Batch: 7362/20019] [D loss: -0.202785] [G loss: 13.184374] [ElapsedTime: 4318.12 [sec]]
2019-01-17 20:35:58,713 :[Epoch: 2/200] [Batch: 7462/20019] [D loss: -1.384411] [G loss: 13.237326] [ElapsedTime: 4641.69 [sec]]
2019-01-17 20:41:17,195 :[Epoch: 2/200] [Batch: 7562/20019] [D loss: 0.079401] [G loss: 12.797153] [ElapsedTime: 4960.17 [sec]]
2019-01-17 20:46:27,356 :[Epoch: 2/200] [Batch: 7662/20019] [D loss: -0.563298] [G loss: 13.999460] [ElapsedTime: 5270.33 [sec]]
2019-01-17 20:51:38,242 :[Epoch: 2/200] [Batch: 7762/20019] [D loss: -0.473829] [G loss: 12.668929] [ElapsedTime: 5581.22 [sec]]
2019-01-17 20:56:30,572 :[Epoch: 2/200] [Batch: 7862/20019] [D loss: -0.100878] [G loss: 13.849236] [ElapsedTime: 5873.55 [sec]]
2019-01-17 21:01:27,799 :[Epoch: 2/200] [Batch: 7962/20019] [D loss: -0.608840] [G loss: 11.215823] [ElapsedTime: 6170.69 [sec]]
2019-01-17 21:01:59,102 :[Epoch: 2/200] [Iteration: 48000] [Inception Score: 5.56] [Max Score Ever: 5.57]
2019-01-17 21:07:36,081 :[Epoch: 2/200] [Batch: 8062/20019] [D loss: -0.384540] [G loss: 12.196856] [ElapsedTime: 6539.05 [sec]]
2019-01-17 21:13:19,042 :[Epoch: 2/200] [Batch: 8162/20019] [D loss: -0.165908] [G loss: 13.096133] [ElapsedTime: 6882.02 [sec]]
2019-01-17 21:19:14,979 :[Epoch: 2/200] [Batch: 8262/20019] [D loss: -0.160502] [G loss: 15.082634] [ElapsedTime: 7237.95 [sec]]
2019-01-17 21:25:01,600 :[Epoch: 2/200] [Batch: 8362/20019] [D loss: -0.455775] [G loss: 16.023344] [ElapsedTime: 7584.57 [sec]]
2019-01-17 21:30:34,443 :[Epoch: 2/200] [Batch: 8462/20019] [D loss: -0.485969] [G loss: 15.633221] [ElapsedTime: 7917.42 [sec]]
2019-01-17 21:35:50,922 :[Epoch: 2/200] [Batch: 8562/20019] [D loss: -0.482539] [G loss: 13.725630] [ElapsedTime: 8233.89 [sec]]
2019-01-17 21:41:09,330 :[Epoch: 2/200] [Batch: 8662/20019] [D loss: -0.250796] [G loss: 14.143205] [ElapsedTime: 8552.30 [sec]]
2019-01-17 21:46:19,598 :[Epoch: 2/200] [Batch: 8762/20019] [D loss: -0.363093] [G loss: 12.716078] [ElapsedTime: 8862.57 [sec]]
2019-01-17 21:51:35,449 :[Epoch: 2/200] [Batch: 8862/20019] [D loss: -0.437044] [G loss: 16.129976] [ElapsedTime: 9178.42 [sec]]
2019-01-17 21:56:40,378 :[Epoch: 2/200] [Batch: 8962/20019] [D loss: -0.171531] [G loss: 13.824016] [ElapsedTime: 9483.35 [sec]]
2019-01-17 21:57:02,858 :[Epoch: 2/200] [Iteration: 49000] [Inception Score: 4.78] [Max Score Ever: 5.57]
2019-01-17 22:02:41,662 :[Epoch: 2/200] [Batch: 9062/20019] [D loss: -0.876982] [G loss: 15.967673] [ElapsedTime: 9844.64 [sec]]
2019-01-17 22:08:11,749 :[Epoch: 2/200] [Batch: 9162/20019] [D loss: -0.502827] [G loss: 15.550441] [ElapsedTime: 10174.68 [sec]]
2019-01-17 22:13:11,935 :[Epoch: 2/200] [Batch: 9262/20019] [D loss: -0.486622] [G loss: 15.422644] [ElapsedTime: 10474.91 [sec]]
2019-01-17 22:18:12,020 :[Epoch: 2/200] [Batch: 9362/20019] [D loss: -0.766449] [G loss: 15.769238] [ElapsedTime: 10774.99 [sec]]
2019-01-17 22:23:21,491 :[Epoch: 2/200] [Batch: 9462/20019] [D loss: 0.064745] [G loss: 14.630587] [ElapsedTime: 11084.46 [sec]]
2019-01-17 22:28:31,981 :[Epoch: 2/200] [Batch: 9562/20019] [D loss: -0.222528] [G loss: 14.471747] [ElapsedTime: 11394.96 [sec]]
2019-01-17 22:33:34,421 :[Epoch: 2/200] [Batch: 9662/20019] [D loss: -0.371702] [G loss: 14.481836] [ElapsedTime: 11697.40 [sec]]
2019-01-17 22:38:36,635 :[Epoch: 2/200] [Batch: 9762/20019] [D loss: -0.197543] [G loss: 15.919403] [ElapsedTime: 11999.57 [sec]]
2019-01-17 22:43:35,807 :[Epoch: 2/200] [Batch: 9862/20019] [D loss: -0.468669] [G loss: 15.562404] [ElapsedTime: 12298.78 [sec]]
2019-01-17 22:48:40,628 :[Epoch: 2/200] [Batch: 9962/20019] [D loss: -0.442515] [G loss: 16.402403] [ElapsedTime: 12603.60 [sec]]
2019-01-17 22:49:01,640 :[Epoch: 2/200] [Iteration: 50000] [Inception Score: 5.47] [Max Score Ever: 5.57]
2019-01-17 22:54:03,987 :[Epoch: 2/200] [Batch: 10062/20019] [D loss: -0.471717] [G loss: 15.117185] [ElapsedTime: 12926.96 [sec]]
2019-01-17 22:59:04,432 :[Epoch: 2/200] [Batch: 10162/20019] [D loss: -0.131999] [G loss: 15.538723] [ElapsedTime: 13227.41 [sec]]
2019-01-17 23:05:04,100 :[Epoch: 2/200] [Batch: 10262/20019] [D loss: -0.243835] [G loss: 15.612628] [ElapsedTime: 13587.07 [sec]]
2019-01-17 23:10:42,288 :[Epoch: 2/200] [Batch: 10362/20019] [D loss: -1.651538] [G loss: 16.489666] [ElapsedTime: 13925.26 [sec]]
2019-01-17 23:16:17,576 :[Epoch: 2/200] [Batch: 10462/20019] [D loss: -0.217803] [G loss: 15.239174] [ElapsedTime: 14260.55 [sec]]
2019-01-17 23:22:05,115 :[Epoch: 2/200] [Batch: 10562/20019] [D loss: -0.385911] [G loss: 15.989339] [ElapsedTime: 14608.10 [sec]]
2019-01-17 23:27:29,094 :[Epoch: 2/200] [Batch: 10662/20019] [D loss: -0.538057] [G loss: 15.252648] [ElapsedTime: 14932.07 [sec]]
2019-01-17 23:32:37,418 :[Epoch: 2/200] [Batch: 10762/20019] [D loss: -0.856855] [G loss: 17.462803] [ElapsedTime: 15240.39 [sec]]
2019-01-17 23:37:50,104 :[Epoch: 2/200] [Batch: 10862/20019] [D loss: -0.415046] [G loss: 14.242912] [ElapsedTime: 15553.08 [sec]]
2019-01-17 23:42:58,466 :[Epoch: 2/200] [Batch: 10962/20019] [D loss: -0.211149] [G loss: 15.632923] [ElapsedTime: 15861.44 [sec]]
2019-01-17 23:43:20,872 :[Epoch: 2/200] [Iteration: 51000] [Inception Score: 5.53] [Max Score Ever: 5.57]
2019-01-17 23:48:38,861 :[Epoch: 2/200] [Batch: 11062/20019] [D loss: -0.589368] [G loss: 16.035097] [ElapsedTime: 16201.83 [sec]]
2019-01-17 23:54:20,505 :[Epoch: 2/200] [Batch: 11162/20019] [D loss: -0.270724] [G loss: 16.377699] [ElapsedTime: 16543.49 [sec]]
2019-01-18 00:00:04,202 :[Epoch: 2/200] [Batch: 11262/20019] [D loss: -1.463312] [G loss: 17.649008] [ElapsedTime: 16887.18 [sec]]
2019-01-18 00:06:44,878 :[Epoch: 2/200] [Batch: 11362/20019] [D loss: -0.524520] [G loss: 14.829643] [ElapsedTime: 17287.85 [sec]]
2019-01-18 00:12:51,243 :[Epoch: 2/200] [Batch: 11462/20019] [D loss: -0.546254] [G loss: 17.056770] [ElapsedTime: 17654.22 [sec]]
2019-01-18 00:19:00,697 :[Epoch: 2/200] [Batch: 11562/20019] [D loss: 0.492673] [G loss: 14.969210] [ElapsedTime: 18023.64 [sec]]
2019-01-18 00:24:51,224 :[Epoch: 2/200] [Batch: 11662/20019] [D loss: -0.062352] [G loss: 13.414895] [ElapsedTime: 18374.20 [sec]]
2019-01-18 00:30:32,348 :[Epoch: 2/200] [Batch: 11762/20019] [D loss: -0.032605] [G loss: 15.076299] [ElapsedTime: 18715.32 [sec]]
2019-01-18 00:36:21,980 :[Epoch: 2/200] [Batch: 11862/20019] [D loss: -0.291500] [G loss: 13.292880] [ElapsedTime: 19064.96 [sec]]
2019-01-18 00:42:04,179 :[Epoch: 2/200] [Batch: 11962/20019] [D loss: -0.419109] [G loss: 16.970137] [ElapsedTime: 19407.16 [sec]]
2019-01-18 00:42:29,707 :[Epoch: 2/200] [Iteration: 52000] [Inception Score: 5.47] [Max Score Ever: 5.57]
2019-01-18 00:48:05,399 :[Epoch: 2/200] [Batch: 12062/20019] [D loss: -0.529632] [G loss: 14.386106] [ElapsedTime: 19768.37 [sec]]
2019-01-18 00:53:37,206 :[Epoch: 2/200] [Batch: 12162/20019] [D loss: -0.360261] [G loss: 14.033893] [ElapsedTime: 20100.17 [sec]]
2019-01-18 00:58:53,410 :[Epoch: 2/200] [Batch: 12262/20019] [D loss: 0.241997] [G loss: 16.349760] [ElapsedTime: 20416.38 [sec]]
2019-01-18 01:04:50,815 :[Epoch: 2/200] [Batch: 12362/20019] [D loss: 0.100782] [G loss: 17.411423] [ElapsedTime: 20773.79 [sec]]
2019-01-18 01:10:29,909 :[Epoch: 2/200] [Batch: 12462/20019] [D loss: -0.599466] [G loss: 16.254309] [ElapsedTime: 21112.90 [sec]]
2019-01-18 01:16:02,418 :[Epoch: 2/200] [Batch: 12562/20019] [D loss: -0.655011] [G loss: 17.822063] [ElapsedTime: 21445.39 [sec]]
2019-01-18 01:21:33,968 :[Epoch: 2/200] [Batch: 12662/20019] [D loss: -0.552439] [G loss: 18.306923] [ElapsedTime: 21776.94 [sec]]
2019-01-18 01:26:54,297 :[Epoch: 2/200] [Batch: 12762/20019] [D loss: -0.408171] [G loss: 16.869078] [ElapsedTime: 22097.27 [sec]]
2019-01-18 01:32:18,985 :[Epoch: 2/200] [Batch: 12862/20019] [D loss: -0.338185] [G loss: 17.212187] [ElapsedTime: 22421.96 [sec]]
2019-01-18 01:37:44,569 :[Epoch: 2/200] [Batch: 12962/20019] [D loss: -0.328523] [G loss: 17.784559] [ElapsedTime: 22747.54 [sec]]
2019-01-18 01:38:09,201 :[Epoch: 2/200] [Iteration: 53000] [Inception Score: 5.43] [Max Score Ever: 5.57]
2019-01-18 01:43:37,197 :[Epoch: 2/200] [Batch: 13062/20019] [D loss: -0.287813] [G loss: 15.443417] [ElapsedTime: 23100.17 [sec]]
2019-01-18 01:49:01,298 :[Epoch: 2/200] [Batch: 13162/20019] [D loss: -0.495043] [G loss: 17.901932] [ElapsedTime: 23424.27 [sec]]
2019-01-18 01:54:17,028 :[Epoch: 2/200] [Batch: 13262/20019] [D loss: -0.313237] [G loss: 17.605934] [ElapsedTime: 23740.00 [sec]]
2019-01-18 01:59:35,116 :[Epoch: 2/200] [Batch: 13362/20019] [D loss: -0.621676] [G loss: 17.590048] [ElapsedTime: 24058.09 [sec]]
2019-01-18 02:05:41,187 :[Epoch: 2/200] [Batch: 13462/20019] [D loss: -0.526547] [G loss: 17.188520] [ElapsedTime: 24424.11 [sec]]
2019-01-18 02:11:07,200 :[Epoch: 2/200] [Batch: 13562/20019] [D loss: -0.749223] [G loss: 17.984873] [ElapsedTime: 24750.18 [sec]]
2019-01-18 02:16:48,457 :[Epoch: 2/200] [Batch: 13662/20019] [D loss: -0.200369] [G loss: 17.210846] [ElapsedTime: 25091.43 [sec]]
2019-01-18 02:22:30,969 :[Epoch: 2/200] [Batch: 13762/20019] [D loss: -0.172515] [G loss: 15.304636] [ElapsedTime: 25433.94 [sec]]
2019-01-18 02:27:49,827 :[Epoch: 2/200] [Batch: 13862/20019] [D loss: -0.510700] [G loss: 16.053959] [ElapsedTime: 25752.80 [sec]]
2019-01-18 02:33:05,412 :[Epoch: 2/200] [Batch: 13962/20019] [D loss: -0.475325] [G loss: 17.091339] [ElapsedTime: 26068.39 [sec]]
2019-01-18 02:33:28,121 :[Epoch: 2/200] [Iteration: 54000] [Inception Score: 5.86] [Max Score Ever: 5.86]
2019-01-18 02:38:38,276 :[Epoch: 2/200] [Batch: 14062/20019] [D loss: -0.751837] [G loss: 18.134552] [ElapsedTime: 26401.25 [sec]]
2019-01-18 02:43:56,097 :[Epoch: 2/200] [Batch: 14162/20019] [D loss: -0.452427] [G loss: 16.260090] [ElapsedTime: 26719.07 [sec]]
2019-01-18 02:49:16,957 :[Epoch: 2/200] [Batch: 14262/20019] [D loss: -0.135686] [G loss: 17.325455] [ElapsedTime: 27039.93 [sec]]
2019-01-18 02:54:27,745 :[Epoch: 2/200] [Batch: 14362/20019] [D loss: 0.925853] [G loss: 15.718075] [ElapsedTime: 27350.72 [sec]]
2019-01-18 02:59:28,714 :[Epoch: 2/200] [Batch: 14462/20019] [D loss: -0.282946] [G loss: 18.137211] [ElapsedTime: 27651.69 [sec]]
2019-01-18 03:05:47,930 :[Epoch: 2/200] [Batch: 14562/20019] [D loss: -0.453538] [G loss: 17.457294] [ElapsedTime: 28030.90 [sec]]
2019-01-18 03:11:49,346 :[Epoch: 2/200] [Batch: 14662/20019] [D loss: 0.142053] [G loss: 16.596878] [ElapsedTime: 28392.32 [sec]]
2019-01-18 03:17:45,634 :[Epoch: 2/200] [Batch: 14762/20019] [D loss: -0.450011] [G loss: 15.337616] [ElapsedTime: 28748.61 [sec]]
2019-01-18 03:23:27,183 :[Epoch: 2/200] [Batch: 14862/20019] [D loss: -0.672160] [G loss: 17.282434] [ElapsedTime: 29090.16 [sec]]
2019-01-18 03:29:08,441 :[Epoch: 2/200] [Batch: 14962/20019] [D loss: -1.312648] [G loss: 17.625635] [ElapsedTime: 29431.42 [sec]]
2019-01-18 03:29:33,275 :[Epoch: 2/200] [Iteration: 55000] [Inception Score: 5.23] [Max Score Ever: 5.86]
2019-01-18 03:35:14,396 :[Epoch: 2/200] [Batch: 15062/20019] [D loss: -0.300928] [G loss: 15.942490] [ElapsedTime: 29797.37 [sec]]
2019-01-18 03:40:37,141 :[Epoch: 2/200] [Batch: 15162/20019] [D loss: -0.772274] [G loss: 16.708937] [ElapsedTime: 30120.12 [sec]]
2019-01-18 03:45:49,631 :[Epoch: 2/200] [Batch: 15262/20019] [D loss: -0.227806] [G loss: 18.460274] [ElapsedTime: 30432.61 [sec]]
2019-01-18 03:51:07,754 :[Epoch: 2/200] [Batch: 15362/20019] [D loss: -0.707822] [G loss: 17.607273] [ElapsedTime: 30750.73 [sec]]
2019-01-18 03:56:27,306 :[Epoch: 2/200] [Batch: 15462/20019] [D loss: 0.000481] [G loss: 17.311813] [ElapsedTime: 31070.24 [sec]]
2019-01-18 04:02:13,093 :[Epoch: 2/200] [Batch: 15562/20019] [D loss: -0.488951] [G loss: 17.042847] [ElapsedTime: 31416.07 [sec]]
2019-01-18 04:08:02,354 :[Epoch: 2/200] [Batch: 15662/20019] [D loss: -0.372276] [G loss: 17.458330] [ElapsedTime: 31765.33 [sec]]
2019-01-18 04:13:38,670 :[Epoch: 2/200] [Batch: 15762/20019] [D loss: -0.321420] [G loss: 17.637011] [ElapsedTime: 32101.65 [sec]]
2019-01-18 04:19:15,185 :[Epoch: 2/200] [Batch: 15862/20019] [D loss: -0.511392] [G loss: 17.733437] [ElapsedTime: 32438.16 [sec]]
2019-01-18 04:24:50,806 :[Epoch: 2/200] [Batch: 15962/20019] [D loss: -0.040394] [G loss: 16.244347] [ElapsedTime: 32773.78 [sec]]
2019-01-18 04:25:13,933 :[Epoch: 2/200] [Iteration: 56000] [Inception Score: 5.21] [Max Score Ever: 5.86]
2019-01-18 04:30:36,058 :[Epoch: 2/200] [Batch: 16062/20019] [D loss: -0.430675] [G loss: 17.227558] [ElapsedTime: 33118.95 [sec]]
2019-01-18 04:36:04,984 :[Epoch: 2/200] [Batch: 16162/20019] [D loss: 0.214382] [G loss: 17.865204] [ElapsedTime: 33447.96 [sec]]
2019-01-18 04:41:36,024 :[Epoch: 2/200] [Batch: 16262/20019] [D loss: -0.047351] [G loss: 15.921941] [ElapsedTime: 33779.00 [sec]]
2019-01-18 04:47:05,262 :[Epoch: 2/200] [Batch: 16362/20019] [D loss: -0.441713] [G loss: 14.478330] [ElapsedTime: 34108.24 [sec]]
2019-01-18 04:52:42,842 :[Epoch: 2/200] [Batch: 16462/20019] [D loss: -0.188153] [G loss: 17.170677] [ElapsedTime: 34445.83 [sec]]
2019-01-18 04:58:11,158 :[Epoch: 2/200] [Batch: 16562/20019] [D loss: -0.769336] [G loss: 17.992479] [ElapsedTime: 34774.13 [sec]]
2019-01-18 05:04:40,070 :[Epoch: 2/200] [Batch: 16662/20019] [D loss: 0.517768] [G loss: 16.893362] [ElapsedTime: 35163.04 [sec]]
2019-01-18 05:10:23,870 :[Epoch: 2/200] [Batch: 16762/20019] [D loss: -0.555121] [G loss: 15.091759] [ElapsedTime: 35506.84 [sec]]
2019-01-18 05:15:55,052 :[Epoch: 2/200] [Batch: 16862/20019] [D loss: -0.282253] [G loss: 17.494228] [ElapsedTime: 35838.03 [sec]]
2019-01-18 05:21:33,932 :[Epoch: 2/200] [Batch: 16962/20019] [D loss: -1.148908] [G loss: 15.593467] [ElapsedTime: 36176.91 [sec]]
2019-01-18 05:21:59,125 :[Epoch: 2/200] [Iteration: 57000] [Inception Score: 5.52] [Max Score Ever: 5.86]
2019-01-18 05:27:41,009 :[Epoch: 2/200] [Batch: 17062/20019] [D loss: 0.427204] [G loss: 17.483940] [ElapsedTime: 36544.00 [sec]]
2019-01-18 05:33:25,576 :[Epoch: 2/200] [Batch: 17162/20019] [D loss: -1.505421] [G loss: 17.491613] [ElapsedTime: 36888.55 [sec]]
2019-01-18 05:38:52,440 :[Epoch: 2/200] [Batch: 17262/20019] [D loss: -0.468671] [G loss: 19.218498] [ElapsedTime: 37215.41 [sec]]
2019-01-18 05:44:11,993 :[Epoch: 2/200] [Batch: 17362/20019] [D loss: -0.420884] [G loss: 17.796070] [ElapsedTime: 37534.97 [sec]]
2019-01-18 05:49:27,658 :[Epoch: 2/200] [Batch: 17462/20019] [D loss: -0.300828] [G loss: 17.892275] [ElapsedTime: 37850.61 [sec]]
2019-01-18 05:54:37,703 :[Epoch: 2/200] [Batch: 17562/20019] [D loss: -0.151751] [G loss: 18.377893] [ElapsedTime: 38160.68 [sec]]
2019-01-18 05:59:45,950 :[Epoch: 2/200] [Batch: 17662/20019] [D loss: -0.724985] [G loss: 18.676109] [ElapsedTime: 38468.92 [sec]]
2019-01-18 06:05:39,206 :[Epoch: 2/200] [Batch: 17762/20019] [D loss: 2.117441] [G loss: 15.651510] [ElapsedTime: 38822.16 [sec]]
2019-01-18 06:10:48,619 :[Epoch: 2/200] [Batch: 17862/20019] [D loss: -0.580024] [G loss: 18.950285] [ElapsedTime: 39131.59 [sec]]
2019-01-18 06:16:24,104 :[Epoch: 2/200] [Batch: 17962/20019] [D loss: -0.110158] [G loss: 17.582869] [ElapsedTime: 39467.08 [sec]]
2019-01-18 06:16:50,526 :[Epoch: 2/200] [Iteration: 58000] [Inception Score: 5.85] [Max Score Ever: 5.86]
2019-01-18 06:22:27,109 :[Epoch: 2/200] [Batch: 18062/20019] [D loss: -0.400106] [G loss: 15.269467] [ElapsedTime: 39830.06 [sec]]
2019-01-18 06:28:02,521 :[Epoch: 2/200] [Batch: 18162/20019] [D loss: -0.340155] [G loss: 16.333574] [ElapsedTime: 40165.49 [sec]]
2019-01-18 06:33:29,127 :[Epoch: 2/200] [Batch: 18262/20019] [D loss: -0.493845] [G loss: 16.469772] [ElapsedTime: 40492.10 [sec]]
2019-01-18 06:38:50,111 :[Epoch: 2/200] [Batch: 18362/20019] [D loss: -0.400839] [G loss: 19.270678] [ElapsedTime: 40813.08 [sec]]
2019-01-18 06:44:09,419 :[Epoch: 2/200] [Batch: 18462/20019] [D loss: -0.147431] [G loss: 17.777584] [ElapsedTime: 41132.39 [sec]]
2019-01-18 06:49:30,484 :[Epoch: 2/200] [Batch: 18562/20019] [D loss: -0.733004] [G loss: 19.186213] [ElapsedTime: 41453.46 [sec]]
2019-01-18 06:54:45,132 :[Epoch: 2/200] [Batch: 18662/20019] [D loss: -0.396284] [G loss: 19.169029] [ElapsedTime: 41768.11 [sec]]
2019-01-18 06:59:55,541 :[Epoch: 2/200] [Batch: 18762/20019] [D loss: -0.311690] [G loss: 19.103720] [ElapsedTime: 42078.41 [sec]]
2019-01-18 07:06:30,649 :[Epoch: 2/200] [Batch: 18862/20019] [D loss: -0.004407] [G loss: 18.063652] [ElapsedTime: 42473.62 [sec]]
2019-01-18 07:12:42,839 :[Epoch: 2/200] [Batch: 18962/20019] [D loss: -0.545809] [G loss: 18.625801] [ElapsedTime: 42845.81 [sec]]
2019-01-18 07:13:11,313 :[Epoch: 2/200] [Iteration: 59000] [Inception Score: 5.76] [Max Score Ever: 5.86]
2019-01-18 07:19:02,437 :[Epoch: 2/200] [Batch: 19062/20019] [D loss: 0.004395] [G loss: 18.961720] [ElapsedTime: 43225.31 [sec]]
2019-01-18 07:24:48,943 :[Epoch: 2/200] [Batch: 19162/20019] [D loss: -0.205248] [G loss: 19.119511] [ElapsedTime: 43571.92 [sec]]
2019-01-18 07:30:25,597 :[Epoch: 2/200] [Batch: 19262/20019] [D loss: -0.348062] [G loss: 19.925932] [ElapsedTime: 43908.57 [sec]]
2019-01-18 07:35:52,502 :[Epoch: 2/200] [Batch: 19362/20019] [D loss: -0.584004] [G loss: 17.859037] [ElapsedTime: 44235.48 [sec]]
2019-01-18 07:41:13,504 :[Epoch: 2/200] [Batch: 19462/20019] [D loss: -0.435357] [G loss: 17.877541] [ElapsedTime: 44556.48 [sec]]
2019-01-18 07:46:37,340 :[Epoch: 2/200] [Batch: 19562/20019] [D loss: -0.519951] [G loss: 19.365757] [ElapsedTime: 44880.31 [sec]]
2019-01-18 07:52:00,970 :[Epoch: 2/200] [Batch: 19662/20019] [D loss: -0.521203] [G loss: 19.869286] [ElapsedTime: 45203.94 [sec]]
2019-01-18 07:57:29,929 :[Epoch: 2/200] [Batch: 19762/20019] [D loss: -0.536990] [G loss: 19.149147] [ElapsedTime: 45532.88 [sec]]
2019-01-18 08:03:59,293 :[Epoch: 2/200] [Batch: 19862/20019] [D loss: -0.113153] [G loss: 17.404671] [ElapsedTime: 45922.27 [sec]]
2019-01-18 08:09:39,522 :[Epoch: 2/200] [Batch: 19962/20019] [D loss: -0.820913] [G loss: 20.737612] [ElapsedTime: 46262.50 [sec]]
2019-01-18 08:10:08,309 :[Epoch: 2/200] [Iteration: 60000] [Inception Score: 5.53] [Max Score Ever: 5.86]
2019-01-18 08:15:50,770 :[Epoch: 2/200] [Batch: 20062/20019] [D loss: -0.562003] [G loss: 17.935389] [ElapsedTime: 46633.74 [sec]]
2019-01-18 08:21:23,823 :[Epoch: 2/200] [Batch: 20162/20019] [D loss: -0.445627] [G loss: 19.215239] [ElapsedTime: 46966.77 [sec]]
2019-01-18 08:26:30,469 :[Epoch: 2/200] [Batch: 20262/20019] [D loss: -0.207518] [G loss: 17.865963] [ElapsedTime: 47273.44 [sec]]
2019-01-18 08:31:35,062 :[Epoch: 2/200] [Batch: 20362/20019] [D loss: -1.287882] [G loss: 18.715706] [ElapsedTime: 47578.02 [sec]]
2019-01-18 08:36:50,201 :[Epoch: 2/200] [Batch: 20462/20019] [D loss: -0.590863] [G loss: 18.672340] [ElapsedTime: 47893.18 [sec]]
2019-01-18 08:42:17,397 :[Epoch: 2/200] [Batch: 20562/20019] [D loss: -0.124348] [G loss: 18.147203] [ElapsedTime: 48220.37 [sec]]
2019-01-18 08:47:46,892 :[Epoch: 2/200] [Batch: 20662/20019] [D loss: 0.199909] [G loss: 17.955820] [ElapsedTime: 48549.87 [sec]]
2019-01-18 08:53:24,304 :[Epoch: 2/200] [Batch: 20762/20019] [D loss: -0.779721] [G loss: 19.696905] [ElapsedTime: 48887.28 [sec]]
2019-01-18 08:58:57,077 :[Epoch: 2/200] [Batch: 20862/20019] [D loss: -0.591438] [G loss: 19.244873] [ElapsedTime: 49220.00 [sec]]
2019-01-18 09:05:37,317 :[Epoch: 2/200] [Batch: 20962/20019] [D loss: -0.061248] [G loss: 20.390974] [ElapsedTime: 49620.29 [sec]]
2019-01-18 09:06:08,011 :[Epoch: 2/200] [Iteration: 61000] [Inception Score: 5.88] [Max Score Ever: 5.88]
2019-01-18 09:11:38,345 :[Epoch: 2/200] [Batch: 21062/20019] [D loss: -0.062696] [G loss: 18.227406] [ElapsedTime: 49981.32 [sec]]
2019-01-18 09:17:06,909 :[Epoch: 2/200] [Batch: 21162/20019] [D loss: -0.088619] [G loss: 20.050451] [ElapsedTime: 50309.88 [sec]]
2019-01-18 09:22:40,605 :[Epoch: 2/200] [Batch: 21262/20019] [D loss: -0.097886] [G loss: 20.090225] [ElapsedTime: 50643.58 [sec]]
2019-01-18 09:28:23,083 :[Epoch: 2/200] [Batch: 21362/20019] [D loss: -0.806601] [G loss: 18.690302] [ElapsedTime: 50986.06 [sec]]
2019-01-18 09:34:05,333 :[Epoch: 2/200] [Batch: 21462/20019] [D loss: -0.361356] [G loss: 19.276608] [ElapsedTime: 51328.31 [sec]]
2019-01-18 09:39:42,548 :[Epoch: 2/200] [Batch: 21562/20019] [D loss: -0.282936] [G loss: 18.074209] [ElapsedTime: 51665.45 [sec]]
2019-01-18 09:45:00,629 :[Epoch: 2/200] [Batch: 21662/20019] [D loss: -0.344798] [G loss: 20.514698] [ElapsedTime: 51983.60 [sec]]
2019-01-18 09:50:09,309 :[Epoch: 2/200] [Batch: 21762/20019] [D loss: -0.449986] [G loss: 20.167580] [ElapsedTime: 52292.28 [sec]]
2019-01-18 09:55:14,774 :[Epoch: 2/200] [Batch: 21862/20019] [D loss: -0.444958] [G loss: 21.722708] [ElapsedTime: 52597.75 [sec]]
2019-01-18 10:00:01,203 :[Epoch: 2/200] [Batch: 21962/20019] [D loss: -0.793707] [G loss: 19.961664] [ElapsedTime: 52884.18 [sec]]
2019-01-18 10:00:21,762 :[Epoch: 2/200] [Iteration: 62000] [Inception Score: 5.65] [Max Score Ever: 5.88]
2019-01-18 10:05:51,762 :[Epoch: 2/200] [Batch: 22062/20019] [D loss: -0.354292] [G loss: 20.044950] [ElapsedTime: 53234.74 [sec]]
2019-01-18 10:10:47,630 :[Epoch: 2/200] [Batch: 22162/20019] [D loss: -0.587658] [G loss: 20.523256] [ElapsedTime: 53530.60 [sec]]
2019-01-18 10:16:24,950 :[Epoch: 2/200] [Batch: 22262/20019] [D loss: -0.485159] [G loss: 17.881283] [ElapsedTime: 53867.93 [sec]]
2019-01-18 10:21:48,503 :[Epoch: 2/200] [Batch: 22362/20019] [D loss: -0.037547] [G loss: 19.471846] [ElapsedTime: 54191.42 [sec]]
2019-01-18 10:27:10,759 :[Epoch: 2/200] [Batch: 22462/20019] [D loss: -0.216734] [G loss: 20.438307] [ElapsedTime: 54513.73 [sec]]
2019-01-18 10:32:32,521 :[Epoch: 2/200] [Batch: 22562/20019] [D loss: -0.634104] [G loss: 19.441944] [ElapsedTime: 54835.50 [sec]]
2019-01-18 10:37:55,405 :[Epoch: 2/200] [Batch: 22662/20019] [D loss: -0.022454] [G loss: 21.521626] [ElapsedTime: 55158.36 [sec]]
2019-01-18 10:43:10,735 :[Epoch: 2/200] [Batch: 22762/20019] [D loss: -0.310883] [G loss: 20.741364] [ElapsedTime: 55473.71 [sec]]
2019-01-18 10:48:20,412 :[Epoch: 2/200] [Batch: 22862/20019] [D loss: -0.417326] [G loss: 19.331007] [ElapsedTime: 55783.39 [sec]]
2019-01-18 10:53:16,298 :[Epoch: 2/200] [Batch: 22962/20019] [D loss: 0.581532] [G loss: 18.518316] [ElapsedTime: 56079.27 [sec]]
2019-01-18 10:53:37,242 :[Epoch: 2/200] [Iteration: 63000] [Inception Score: 5.49] [Max Score Ever: 5.88]
2019-01-18 10:58:50,607 :[Epoch: 2/200] [Batch: 23062/20019] [D loss: -1.039706] [G loss: 19.124504] [ElapsedTime: 56413.49 [sec]]
2019-01-18 11:05:07,020 :[Epoch: 2/200] [Batch: 23162/20019] [D loss: -0.386912] [G loss: 20.422575] [ElapsedTime: 56789.99 [sec]]
2019-01-18 11:10:45,167 :[Epoch: 2/200] [Batch: 23262/20019] [D loss: -0.261928] [G loss: 19.911938] [ElapsedTime: 57128.14 [sec]]
2019-01-18 11:16:31,061 :[Epoch: 2/200] [Batch: 23362/20019] [D loss: -0.553644] [G loss: 17.838020] [ElapsedTime: 57474.03 [sec]]
2019-01-18 11:22:05,065 :[Epoch: 2/200] [Batch: 23462/20019] [D loss: -0.913231] [G loss: 20.481451] [ElapsedTime: 57808.04 [sec]]
2019-01-18 11:27:37,250 :[Epoch: 2/200] [Batch: 23562/20019] [D loss: -0.130404] [G loss: 17.909449] [ElapsedTime: 58140.22 [sec]]
2019-01-18 11:33:02,881 :[Epoch: 2/200] [Batch: 23662/20019] [D loss: -0.358326] [G loss: 19.703165] [ElapsedTime: 58465.86 [sec]]
2019-01-18 11:38:25,837 :[Epoch: 2/200] [Batch: 23762/20019] [D loss: -0.638658] [G loss: 22.481327] [ElapsedTime: 58788.73 [sec]]
2019-01-18 11:43:58,353 :[Epoch: 2/200] [Batch: 23862/20019] [D loss: -0.647725] [G loss: 21.553810] [ElapsedTime: 59121.33 [sec]]
2019-01-18 11:49:31,717 :[Epoch: 2/200] [Batch: 23962/20019] [D loss: 0.049619] [G loss: 18.554928] [ElapsedTime: 59454.69 [sec]]
2019-01-18 11:49:58,696 :[Epoch: 2/200] [Iteration: 64000] [Inception Score: 5.88] [Max Score Ever: 5.88]
2019-01-18 11:55:33,443 :[Epoch: 2/200] [Batch: 24062/20019] [D loss: -0.683910] [G loss: 20.885670] [ElapsedTime: 59816.39 [sec]]
2019-01-18 12:01:18,877 :[Epoch: 2/200] [Batch: 24162/20019] [D loss: -0.268934] [G loss: 20.755154] [ElapsedTime: 60161.85 [sec]]
2019-01-18 12:07:37,720 :[Epoch: 2/200] [Batch: 24262/20019] [D loss: 0.175542] [G loss: 20.413860] [ElapsedTime: 60540.70 [sec]]
2019-01-18 12:13:16,330 :[Epoch: 2/200] [Batch: 24362/20019] [D loss: -0.833574] [G loss: 20.440519] [ElapsedTime: 60879.30 [sec]]
2019-01-18 12:18:37,248 :[Epoch: 2/200] [Batch: 24462/20019] [D loss: -0.441700] [G loss: 20.718584] [ElapsedTime: 61200.18 [sec]]
2019-01-18 12:23:56,176 :[Epoch: 2/200] [Batch: 24562/20019] [D loss: -0.662055] [G loss: 19.783587] [ElapsedTime: 61519.15 [sec]]
2019-01-18 12:29:28,225 :[Epoch: 2/200] [Batch: 24662/20019] [D loss: -0.914552] [G loss: 20.813545] [ElapsedTime: 61851.20 [sec]]
2019-01-18 12:35:02,294 :[Epoch: 2/200] [Batch: 24762/20019] [D loss: -0.344959] [G loss: 20.883877] [ElapsedTime: 62185.22 [sec]]
2019-01-18 12:40:32,561 :[Epoch: 2/200] [Batch: 24862/20019] [D loss: -0.477555] [G loss: 21.086941] [ElapsedTime: 62515.54 [sec]]
2019-01-18 12:46:05,806 :[Epoch: 2/200] [Batch: 24962/20019] [D loss: -0.357027] [G loss: 20.929920] [ElapsedTime: 62848.78 [sec]]
2019-01-18 12:46:31,015 :[Epoch: 2/200] [Iteration: 65000] [Inception Score: 5.38] [Max Score Ever: 5.88]
2019-01-18 12:51:51,741 :[Epoch: 2/200] [Batch: 25062/20019] [D loss: -0.558405] [G loss: 20.298777] [ElapsedTime: 63194.66 [sec]]
2019-01-18 12:57:09,752 :[Epoch: 2/200] [Batch: 25162/20019] [D loss: -0.046980] [G loss: 21.261593] [ElapsedTime: 63512.73 [sec]]
2019-01-18 13:02:35,206 :[Epoch: 2/200] [Batch: 25262/20019] [D loss: -0.198268] [G loss: 19.585932] [ElapsedTime: 63838.18 [sec]]
2019-01-18 13:07:55,244 :[Epoch: 2/200] [Batch: 25362/20019] [D loss: -0.840930] [G loss: 20.180834] [ElapsedTime: 64158.12 [sec]]
2019-01-18 13:13:00,590 :[Epoch: 2/200] [Batch: 25462/20019] [D loss: 0.051335] [G loss: 20.208744] [ElapsedTime: 64463.56 [sec]]
2019-01-18 13:17:53,553 :[Epoch: 2/200] [Batch: 25562/20019] [D loss: 0.313763] [G loss: 19.994379] [ElapsedTime: 64756.53 [sec]]
2019-01-18 13:23:03,021 :[Epoch: 2/200] [Batch: 25662/20019] [D loss: -0.418647] [G loss: 18.461105] [ElapsedTime: 65065.94 [sec]]
2019-01-18 13:27:58,417 :[Epoch: 2/200] [Batch: 25762/20019] [D loss: -0.260438] [G loss: 19.530941] [ElapsedTime: 65361.39 [sec]]
2019-01-18 13:32:43,333 :[Epoch: 1/200] [Batch: 5843/20019] [D loss: -0.757240] [G loss: 19.419033] [ElapsedTime: 65646.31 [sec]]
2019-01-18 13:37:30,783 :[Epoch: 1/200] [Batch: 5943/20019] [D loss: -0.431136] [G loss: 18.825457] [ElapsedTime: 65933.76 [sec]]
2019-01-18 13:37:41,151 :[Epoch: 1/200] [Iteration: 66000] [Inception Score: 5.39] [Max Score Ever: 5.88]
2019-01-18 13:42:20,176 :[Epoch: 1/200] [Batch: 6043/20019] [D loss: -0.788583] [G loss: 20.185522] [ElapsedTime: 66223.17 [sec]]
2019-01-18 13:47:05,200 :[Epoch: 1/200] [Batch: 6143/20019] [D loss: 0.665162] [G loss: 20.669779] [ElapsedTime: 66508.17 [sec]]
2019-01-18 13:51:50,567 :[Epoch: 1/200] [Batch: 6243/20019] [D loss: -0.267665] [G loss: 21.024403] [ElapsedTime: 66793.38 [sec]]
2019-01-18 13:56:28,327 :[Epoch: 1/200] [Batch: 6343/20019] [D loss: -0.342236] [G loss: 21.122471] [ElapsedTime: 67071.30 [sec]]
2019-01-18 14:01:02,504 :[Epoch: 1/200] [Batch: 6443/20019] [D loss: -0.616941] [G loss: 21.111589] [ElapsedTime: 67345.48 [sec]]
2019-01-18 14:06:41,267 :[Epoch: 1/200] [Batch: 6543/20019] [D loss: -0.330009] [G loss: 19.497297] [ElapsedTime: 67684.24 [sec]]
2019-01-18 14:11:33,174 :[Epoch: 1/200] [Batch: 6643/20019] [D loss: 0.075423] [G loss: 21.572538] [ElapsedTime: 67976.15 [sec]]
2019-01-18 14:16:28,401 :[Epoch: 1/200] [Batch: 6743/20019] [D loss: -0.509190] [G loss: 21.784307] [ElapsedTime: 68271.38 [sec]]
2019-01-18 14:21:39,600 :[Epoch: 1/200] [Batch: 6843/20019] [D loss: 0.031666] [G loss: 19.497688] [ElapsedTime: 68582.45 [sec]]
2019-01-18 14:26:40,247 :[Epoch: 1/200] [Batch: 6943/20019] [D loss: -0.014043] [G loss: 22.414890] [ElapsedTime: 68883.22 [sec]]
2019-01-18 14:26:54,353 :[Epoch: 1/200] [Iteration: 67000] [Inception Score: 5.59] [Max Score Ever: 5.88]
2019-01-18 14:31:52,020 :[Epoch: 1/200] [Batch: 7043/20019] [D loss: -0.501744] [G loss: 22.105030] [ElapsedTime: 69194.99 [sec]]
2019-01-18 14:36:48,177 :[Epoch: 1/200] [Batch: 7143/20019] [D loss: -0.572938] [G loss: 19.776339] [ElapsedTime: 69491.15 [sec]]
2019-01-18 14:41:45,132 :[Epoch: 1/200] [Batch: 7243/20019] [D loss: -1.063890] [G loss: 20.169523] [ElapsedTime: 69788.11 [sec]]
2019-01-18 14:46:36,223 :[Epoch: 1/200] [Batch: 7343/20019] [D loss: -0.127492] [G loss: 19.459970] [ElapsedTime: 70079.20 [sec]]
2019-01-18 14:51:19,114 :[Epoch: 1/200] [Batch: 7443/20019] [D loss: -0.369984] [G loss: 19.488150] [ElapsedTime: 70362.08 [sec]]
2019-01-18 14:56:02,021 :[Epoch: 1/200] [Batch: 7543/20019] [D loss: -1.062587] [G loss: 20.050579] [ElapsedTime: 70645.00 [sec]]
2019-01-18 15:00:35,585 :[Epoch: 1/200] [Batch: 7643/20019] [D loss: -0.119740] [G loss: 21.500347] [ElapsedTime: 70918.56 [sec]]
2019-01-18 15:06:40,443 :[Epoch: 1/200] [Batch: 7743/20019] [D loss: -0.653766] [G loss: 22.505342] [ElapsedTime: 71283.42 [sec]]
2019-01-18 15:12:06,778 :[Epoch: 1/200] [Batch: 7843/20019] [D loss: -0.201146] [G loss: 21.444254] [ElapsedTime: 71609.75 [sec]]
2019-01-18 15:17:15,251 :[Epoch: 1/200] [Batch: 7943/20019] [D loss: -0.434628] [G loss: 20.602821] [ElapsedTime: 71918.23 [sec]]
2019-01-18 15:17:36,139 :[Epoch: 1/200] [Iteration: 68000] [Inception Score: 5.32] [Max Score Ever: 5.88]
2019-01-18 15:22:31,458 :[Epoch: 1/200] [Batch: 8043/20019] [D loss: -0.295242] [G loss: 21.166124] [ElapsedTime: 72234.34 [sec]]
2019-01-18 15:27:33,509 :[Epoch: 1/200] [Batch: 8143/20019] [D loss: -0.090168] [G loss: 21.458958] [ElapsedTime: 72536.49 [sec]]
2019-01-18 15:32:30,150 :[Epoch: 1/200] [Batch: 8243/20019] [D loss: -0.057495] [G loss: 19.958261] [ElapsedTime: 72833.12 [sec]]
2019-01-18 15:37:37,330 :[Epoch: 1/200] [Batch: 8343/20019] [D loss: -0.429789] [G loss: 20.666889] [ElapsedTime: 73140.31 [sec]]
2019-01-18 15:42:56,650 :[Epoch: 1/200] [Batch: 8443/20019] [D loss: -0.266745] [G loss: 20.796724] [ElapsedTime: 73459.62 [sec]]
2019-01-18 15:48:07,421 :[Epoch: 1/200] [Batch: 8543/20019] [D loss: -0.046514] [G loss: 21.093946] [ElapsedTime: 73770.40 [sec]]
2019-01-18 15:53:21,052 :[Epoch: 1/200] [Batch: 8643/20019] [D loss: -0.024726] [G loss: 21.746578] [ElapsedTime: 74084.03 [sec]]
2019-01-18 15:58:28,582 :[Epoch: 1/200] [Batch: 8743/20019] [D loss: -0.427807] [G loss: 21.382309] [ElapsedTime: 74391.56 [sec]]
2019-01-18 16:04:38,900 :[Epoch: 1/200] [Batch: 8843/20019] [D loss: -0.662897] [G loss: 21.550064] [ElapsedTime: 74761.87 [sec]]
2019-01-18 16:10:22,651 :[Epoch: 1/200] [Batch: 8943/20019] [D loss: -0.611601] [G loss: 21.118971] [ElapsedTime: 75105.63 [sec]]
2019-01-18 16:10:48,498 :[Epoch: 1/200] [Iteration: 69000] [Inception Score: 5.70] [Max Score Ever: 5.88]
2019-01-18 16:16:21,380 :[Epoch: 1/200] [Batch: 9043/20019] [D loss: 0.032801] [G loss: 20.805912] [ElapsedTime: 75464.38 [sec]]
2019-01-18 16:21:46,803 :[Epoch: 1/200] [Batch: 9143/20019] [D loss: -0.807304] [G loss: 22.447849] [ElapsedTime: 75789.78 [sec]]
2019-01-18 16:27:05,847 :[Epoch: 1/200] [Batch: 9243/20019] [D loss: -0.325269] [G loss: 20.962358] [ElapsedTime: 76108.82 [sec]]
2019-01-18 16:32:13,682 :[Epoch: 1/200] [Batch: 9343/20019] [D loss: -0.451988] [G loss: 21.786276] [ElapsedTime: 76416.58 [sec]]
2019-01-18 16:37:19,316 :[Epoch: 1/200] [Batch: 9443/20019] [D loss: 0.025740] [G loss: 21.483437] [ElapsedTime: 76722.29 [sec]]
2019-01-18 16:42:21,982 :[Epoch: 1/200] [Batch: 9543/20019] [D loss: -1.182661] [G loss: 19.378330] [ElapsedTime: 77024.96 [sec]]
2019-01-18 16:47:38,073 :[Epoch: 1/200] [Batch: 9643/20019] [D loss: -0.851888] [G loss: 20.409048] [ElapsedTime: 77341.05 [sec]]
2019-01-18 16:52:44,401 :[Epoch: 1/200] [Batch: 9743/20019] [D loss: -0.538691] [G loss: 20.898336] [ElapsedTime: 77647.38 [sec]]
2019-01-18 16:57:46,849 :[Epoch: 1/200] [Batch: 9843/20019] [D loss: 0.035195] [G loss: 19.588421] [ElapsedTime: 77949.82 [sec]]
2019-01-18 17:03:08,640 :[Epoch: 1/200] [Batch: 9943/20019] [D loss: -0.590045] [G loss: 21.424229] [ElapsedTime: 78271.56 [sec]]
2019-01-18 17:03:31,375 :[Epoch: 1/200] [Iteration: 70000] [Inception Score: 5.43] [Max Score Ever: 5.88]
2019-01-18 17:08:26,033 :[Epoch: 1/200] [Batch: 10043/20019] [D loss: -0.229856] [G loss: 22.045233] [ElapsedTime: 78589.00 [sec]]
2019-01-18 17:13:24,878 :[Epoch: 1/200] [Batch: 10143/20019] [D loss: -0.192518] [G loss: 19.763821] [ElapsedTime: 78887.85 [sec]]
2019-01-18 17:18:28,443 :[Epoch: 1/200] [Batch: 10243/20019] [D loss: -0.503334] [G loss: 19.645273] [ElapsedTime: 79191.42 [sec]]
2019-01-18 17:23:28,814 :[Epoch: 1/200] [Batch: 10343/20019] [D loss: 0.169474] [G loss: 19.678677] [ElapsedTime: 79491.79 [sec]]
2019-01-18 17:28:18,793 :[Epoch: 1/200] [Batch: 10443/20019] [D loss: -0.360588] [G loss: 21.733576] [ElapsedTime: 79781.77 [sec]]
2019-01-18 17:32:57,734 :[Epoch: 1/200] [Batch: 10543/20019] [D loss: -0.008675] [G loss: 22.366854] [ElapsedTime: 80060.59 [sec]]
2019-01-18 17:37:40,826 :[Epoch: 1/200] [Batch: 10643/20019] [D loss: 0.467593] [G loss: 21.706757] [ElapsedTime: 80343.80 [sec]]
2019-01-18 17:42:23,342 :[Epoch: 1/200] [Batch: 10743/20019] [D loss: -1.052170] [G loss: 21.345240] [ElapsedTime: 80626.32 [sec]]
2019-01-18 17:47:25,193 :[Epoch: 1/200] [Batch: 10843/20019] [D loss: -0.072569] [G loss: 21.608601] [ElapsedTime: 80928.17 [sec]]
2019-01-18 17:52:07,405 :[Epoch: 1/200] [Batch: 10943/20019] [D loss: -0.340663] [G loss: 20.631378] [ElapsedTime: 81210.38 [sec]]
2019-01-18 17:52:26,627 :[Epoch: 1/200] [Iteration: 71000] [Inception Score: 5.60] [Max Score Ever: 5.88]
2019-01-18 17:57:23,021 :[Epoch: 1/200] [Batch: 11043/20019] [D loss: -0.069314] [G loss: 20.786440] [ElapsedTime: 81526.00 [sec]]
2019-01-18 18:02:43,660 :[Epoch: 1/200] [Batch: 11143/20019] [D loss: 0.174341] [G loss: 22.249331] [ElapsedTime: 81846.57 [sec]]
2019-01-18 18:08:11,252 :[Epoch: 1/200] [Batch: 11243/20019] [D loss: -0.596527] [G loss: 22.339308] [ElapsedTime: 82174.23 [sec]]
2019-01-18 18:13:38,038 :[Epoch: 1/200] [Batch: 11343/20019] [D loss: -0.528525] [G loss: 23.194038] [ElapsedTime: 82501.01 [sec]]
2019-01-18 18:18:57,244 :[Epoch: 1/200] [Batch: 11443/20019] [D loss: -0.292290] [G loss: 20.786585] [ElapsedTime: 82820.22 [sec]]
2019-01-18 18:24:04,239 :[Epoch: 1/200] [Batch: 11543/20019] [D loss: -0.116140] [G loss: 22.417522] [ElapsedTime: 83127.21 [sec]]
2019-01-18 18:29:14,372 :[Epoch: 1/200] [Batch: 11643/20019] [D loss: -0.189589] [G loss: 22.439909] [ElapsedTime: 83437.35 [sec]]
2019-01-18 18:34:18,441 :[Epoch: 1/200] [Batch: 11743/20019] [D loss: -0.148426] [G loss: 22.313692] [ElapsedTime: 83741.40 [sec]]
2019-01-18 18:39:19,604 :[Epoch: 1/200] [Batch: 11843/20019] [D loss: -0.234375] [G loss: 21.832653] [ElapsedTime: 84042.58 [sec]]
2019-01-18 18:44:03,249 :[Epoch: 1/200] [Batch: 11943/20019] [D loss: -0.331738] [G loss: 21.405289] [ElapsedTime: 84326.22 [sec]]
2019-01-18 18:44:22,324 :[Epoch: 1/200] [Iteration: 72000] [Inception Score: 5.89] [Max Score Ever: 5.89]
2019-01-18 18:49:03,219 :[Epoch: 1/200] [Batch: 12043/20019] [D loss: -0.630962] [G loss: 21.455122] [ElapsedTime: 84626.19 [sec]]
2019-01-18 18:53:42,952 :[Epoch: 1/200] [Batch: 12143/20019] [D loss: -0.376221] [G loss: 21.764868] [ElapsedTime: 84905.93 [sec]]
2019-01-18 18:58:18,499 :[Epoch: 1/200] [Batch: 12243/20019] [D loss: -0.152222] [G loss: 20.956627] [ElapsedTime: 85181.47 [sec]]
2019-01-18 19:03:51,005 :[Epoch: 1/200] [Batch: 12343/20019] [D loss: -0.709645] [G loss: 20.198648] [ElapsedTime: 85513.98 [sec]]
2019-01-18 19:09:13,335 :[Epoch: 1/200] [Batch: 12443/20019] [D loss: -0.498259] [G loss: 22.876808] [ElapsedTime: 85836.31 [sec]]
2019-01-18 19:14:27,607 :[Epoch: 1/200] [Batch: 12543/20019] [D loss: -0.038829] [G loss: 20.205919] [ElapsedTime: 86150.55 [sec]]
2019-01-18 19:19:39,190 :[Epoch: 1/200] [Batch: 12643/20019] [D loss: -0.394087] [G loss: 21.812975] [ElapsedTime: 86462.16 [sec]]
2019-01-18 19:24:43,274 :[Epoch: 1/200] [Batch: 12743/20019] [D loss: -1.324897] [G loss: 21.511242] [ElapsedTime: 86766.25 [sec]]
2019-01-18 19:29:48,736 :[Epoch: 1/200] [Batch: 12843/20019] [D loss: -0.555208] [G loss: 23.439188] [ElapsedTime: 87071.71 [sec]]
2019-01-18 19:34:49,986 :[Epoch: 1/200] [Batch: 12943/20019] [D loss: -0.185166] [G loss: 22.113859] [ElapsedTime: 87372.91 [sec]]
2019-01-18 19:35:09,313 :[Epoch: 1/200] [Iteration: 73000] [Inception Score: 5.51] [Max Score Ever: 5.89]
2019-01-18 19:40:09,116 :[Epoch: 1/200] [Batch: 13043/20019] [D loss: -0.122344] [G loss: 23.011995] [ElapsedTime: 87692.09 [sec]]
2019-01-18 19:45:26,555 :[Epoch: 1/200] [Batch: 13143/20019] [D loss: -0.932784] [G loss: 21.461441] [ElapsedTime: 88009.53 [sec]]
2019-01-18 19:50:34,417 :[Epoch: 1/200] [Batch: 13243/20019] [D loss: -0.448334] [G loss: 22.701252] [ElapsedTime: 88317.39 [sec]]
2019-01-18 19:55:28,607 :[Epoch: 1/200] [Batch: 13343/20019] [D loss: -0.199210] [G loss: 21.721283] [ElapsedTime: 88611.58 [sec]]
2019-01-18 20:00:23,923 :[Epoch: 1/200] [Batch: 13443/20019] [D loss: -0.947283] [G loss: 23.178230] [ElapsedTime: 88906.88 [sec]]
2019-01-18 20:06:02,076 :[Epoch: 1/200] [Batch: 13543/20019] [D loss: -0.220097] [G loss: 21.944708] [ElapsedTime: 89245.05 [sec]]
2019-01-18 20:11:01,647 :[Epoch: 1/200] [Batch: 13643/20019] [D loss: -0.281240] [G loss: 22.802584] [ElapsedTime: 89544.62 [sec]]
2019-01-18 20:16:13,673 :[Epoch: 1/200] [Batch: 13743/20019] [D loss: -0.838983] [G loss: 22.985191] [ElapsedTime: 89856.63 [sec]]
2019-01-18 20:21:32,927 :[Epoch: 1/200] [Batch: 13843/20019] [D loss: -0.182258] [G loss: 22.974356] [ElapsedTime: 90175.90 [sec]]
2019-01-18 20:26:49,182 :[Epoch: 1/200] [Batch: 13943/20019] [D loss: -0.792054] [G loss: 22.028543] [ElapsedTime: 90492.16 [sec]]
2019-01-18 20:27:11,636 :[Epoch: 1/200] [Iteration: 74000] [Inception Score: 5.79] [Max Score Ever: 5.89]
2019-01-18 20:32:21,842 :[Epoch: 1/200] [Batch: 14043/20019] [D loss: -0.347267] [G loss: 21.875330] [ElapsedTime: 90824.78 [sec]]
2019-01-18 20:37:32,650 :[Epoch: 1/200] [Batch: 14143/20019] [D loss: 0.071214] [G loss: 23.813889] [ElapsedTime: 91135.62 [sec]]
2019-01-18 20:42:49,496 :[Epoch: 1/200] [Batch: 14243/20019] [D loss: -0.098994] [G loss: 21.683727] [ElapsedTime: 91452.46 [sec]]
2019-01-18 20:47:55,917 :[Epoch: 1/200] [Batch: 14343/20019] [D loss: -0.570011] [G loss: 22.123869] [ElapsedTime: 91758.89 [sec]]
2019-01-18 20:53:07,531 :[Epoch: 1/200] [Batch: 14443/20019] [D loss: -0.676956] [G loss: 21.553907] [ElapsedTime: 92070.50 [sec]]
2019-01-18 20:58:10,823 :[Epoch: 1/200] [Batch: 14543/20019] [D loss: -1.001892] [G loss: 22.092974] [ElapsedTime: 92373.78 [sec]]
2019-01-18 21:04:03,167 :[Epoch: 1/200] [Batch: 14643/20019] [D loss: -1.399943] [G loss: 21.205589] [ElapsedTime: 92726.14 [sec]]
2019-01-18 21:09:24,702 :[Epoch: 1/200] [Batch: 14743/20019] [D loss: -0.143338] [G loss: 23.867382] [ElapsedTime: 93047.68 [sec]]
2019-01-18 21:14:48,030 :[Epoch: 1/200] [Batch: 14843/20019] [D loss: -0.432450] [G loss: 21.752041] [ElapsedTime: 93371.00 [sec]]
2019-01-18 21:20:14,463 :[Epoch: 1/200] [Batch: 14943/20019] [D loss: 0.298476] [G loss: 20.056957] [ElapsedTime: 93697.44 [sec]]
2019-01-18 21:20:38,499 :[Epoch: 1/200] [Iteration: 75000] [Inception Score: 5.44] [Max Score Ever: 5.89]
2019-01-18 21:25:58,594 :[Epoch: 1/200] [Batch: 15043/20019] [D loss: 0.302007] [G loss: 20.327902] [ElapsedTime: 94041.56 [sec]]
2019-01-18 21:31:24,570 :[Epoch: 1/200] [Batch: 15143/20019] [D loss: -0.082923] [G loss: 20.387730] [ElapsedTime: 94367.54 [sec]]
2019-01-18 21:36:48,998 :[Epoch: 1/200] [Batch: 15243/20019] [D loss: -0.242699] [G loss: 21.841866] [ElapsedTime: 94691.97 [sec]]
2019-01-18 21:42:08,240 :[Epoch: 1/200] [Batch: 15343/20019] [D loss: -0.281089] [G loss: 21.002268] [ElapsedTime: 95011.21 [sec]]
2019-01-18 21:47:20,224 :[Epoch: 1/200] [Batch: 15443/20019] [D loss: -0.577445] [G loss: 21.974396] [ElapsedTime: 95323.20 [sec]]
2019-01-18 21:52:29,536 :[Epoch: 1/200] [Batch: 15543/20019] [D loss: -0.352251] [G loss: 22.557493] [ElapsedTime: 95632.47 [sec]]
2019-01-18 21:57:40,826 :[Epoch: 1/200] [Batch: 15643/20019] [D loss: 0.113018] [G loss: 20.896616] [ElapsedTime: 95943.80 [sec]]
2019-01-18 22:03:44,634 :[Epoch: 1/200] [Batch: 15743/20019] [D loss: -0.245993] [G loss: 21.080956] [ElapsedTime: 96307.61 [sec]]
2019-01-18 22:08:53,394 :[Epoch: 1/200] [Batch: 15843/20019] [D loss: -0.178017] [G loss: 20.873535] [ElapsedTime: 96616.37 [sec]]
2019-01-18 22:14:14,083 :[Epoch: 1/200] [Batch: 15943/20019] [D loss: -0.393907] [G loss: 21.554178] [ElapsedTime: 96937.06 [sec]]
2019-01-18 22:14:37,505 :[Epoch: 1/200] [Iteration: 76000] [Inception Score: 5.84] [Max Score Ever: 5.89]
2019-01-18 22:20:02,478 :[Epoch: 1/200] [Batch: 16043/20019] [D loss: -0.248713] [G loss: 20.516748] [ElapsedTime: 97285.45 [sec]]
2019-01-18 22:25:20,618 :[Epoch: 1/200] [Batch: 16143/20019] [D loss: -0.364988] [G loss: 22.029881] [ElapsedTime: 97603.59 [sec]]
2019-01-18 22:31:04,053 :[Epoch: 1/200] [Batch: 16243/20019] [D loss: -0.362078] [G loss: 21.805725] [ElapsedTime: 97947.03 [sec]]
2019-01-18 22:36:34,767 :[Epoch: 1/200] [Batch: 16343/20019] [D loss: -0.088367] [G loss: 20.902971] [ElapsedTime: 98277.74 [sec]]
2019-01-18 22:41:58,814 :[Epoch: 1/200] [Batch: 16443/20019] [D loss: -0.494928] [G loss: 19.911251] [ElapsedTime: 98601.79 [sec]]
2019-01-18 22:47:32,693 :[Epoch: 1/200] [Batch: 16543/20019] [D loss: -0.151936] [G loss: 21.018314] [ElapsedTime: 98935.67 [sec]]
2019-01-18 22:52:55,079 :[Epoch: 1/200] [Batch: 16643/20019] [D loss: -0.332542] [G loss: 20.573980] [ElapsedTime: 99258.05 [sec]]
2019-01-18 22:58:17,466 :[Epoch: 1/200] [Batch: 16743/20019] [D loss: -0.291482] [G loss: 20.421379] [ElapsedTime: 99580.43 [sec]]
2019-01-18 23:04:10,496 :[Epoch: 1/200] [Batch: 16843/20019] [D loss: -0.382390] [G loss: 20.988823] [ElapsedTime: 99933.45 [sec]]
2019-01-18 23:09:53,185 :[Epoch: 1/200] [Batch: 16943/20019] [D loss: -0.195220] [G loss: 21.215694] [ElapsedTime: 100276.16 [sec]]
2019-01-18 23:10:20,822 :[Epoch: 1/200] [Iteration: 77000] [Inception Score: 5.61] [Max Score Ever: 5.89]
2019-01-18 23:16:00,380 :[Epoch: 1/200] [Batch: 17043/20019] [D loss: -0.191566] [G loss: 21.209230] [ElapsedTime: 100643.35 [sec]]
2019-01-18 23:21:58,353 :[Epoch: 1/200] [Batch: 17143/20019] [D loss: -0.487750] [G loss: 22.425858] [ElapsedTime: 101001.33 [sec]]
2019-01-18 23:27:04,864 :[Epoch: 1/200] [Batch: 17243/20019] [D loss: -0.265796] [G loss: 20.574911] [ElapsedTime: 101307.84 [sec]]
2019-01-18 23:32:08,737 :[Epoch: 1/200] [Batch: 17343/20019] [D loss: -0.509276] [G loss: 21.636730] [ElapsedTime: 101611.70 [sec]]
2019-01-18 23:37:06,001 :[Epoch: 1/200] [Batch: 17443/20019] [D loss: -0.477580] [G loss: 21.095514] [ElapsedTime: 101908.98 [sec]]
2019-01-18 23:42:03,967 :[Epoch: 1/200] [Batch: 17543/20019] [D loss: -0.473743] [G loss: 20.957544] [ElapsedTime: 102206.93 [sec]]
2019-01-18 23:46:48,071 :[Epoch: 1/200] [Batch: 17643/20019] [D loss: -0.349347] [G loss: 21.098228] [ElapsedTime: 102491.05 [sec]]
2019-01-18 23:51:31,594 :[Epoch: 1/200] [Batch: 17743/20019] [D loss: -0.178898] [G loss: 20.609114] [ElapsedTime: 102774.57 [sec]]
2019-01-18 23:56:10,396 :[Epoch: 1/200] [Batch: 17843/20019] [D loss: -0.726287] [G loss: 21.234831] [ElapsedTime: 103053.32 [sec]]
2019-01-19 00:00:53,265 :[Epoch: 1/200] [Batch: 17943/20019] [D loss: -0.245908] [G loss: 21.400263] [ElapsedTime: 103336.24 [sec]]
2019-01-19 00:01:14,582 :[Epoch: 1/200] [Iteration: 78000] [Inception Score: 5.39] [Max Score Ever: 5.89]
2019-01-19 00:06:47,800 :[Epoch: 1/200] [Batch: 18043/20019] [D loss: -0.361740] [G loss: 22.326595] [ElapsedTime: 103690.76 [sec]]
2019-01-19 00:12:19,355 :[Epoch: 1/200] [Batch: 18143/20019] [D loss: -0.306027] [G loss: 22.224413] [ElapsedTime: 104022.33 [sec]]
2019-01-19 00:17:49,840 :[Epoch: 1/200] [Batch: 18243/20019] [D loss: -0.474568] [G loss: 22.325369] [ElapsedTime: 104352.81 [sec]]
2019-01-19 00:23:09,403 :[Epoch: 1/200] [Batch: 18343/20019] [D loss: -0.374792] [G loss: 21.958441] [ElapsedTime: 104672.38 [sec]]
2019-01-19 00:28:29,616 :[Epoch: 1/200] [Batch: 18443/20019] [D loss: -0.433229] [G loss: 21.700871] [ElapsedTime: 104992.59 [sec]]
2019-01-19 00:33:56,934 :[Epoch: 1/200] [Batch: 18543/20019] [D loss: -0.559535] [G loss: 21.168755] [ElapsedTime: 105319.88 [sec]]
2019-01-19 00:39:20,321 :[Epoch: 1/200] [Batch: 18643/20019] [D loss: -0.004488] [G loss: 21.124775] [ElapsedTime: 105643.30 [sec]]
2019-01-19 00:44:38,555 :[Epoch: 1/200] [Batch: 18743/20019] [D loss: -0.432712] [G loss: 20.550304] [ElapsedTime: 105961.51 [sec]]
2019-01-19 00:49:39,814 :[Epoch: 1/200] [Batch: 18843/20019] [D loss: -0.507635] [G loss: 23.123854] [ElapsedTime: 106262.79 [sec]]
2019-01-19 00:54:43,365 :[Epoch: 1/200] [Batch: 18943/20019] [D loss: -0.141569] [G loss: 22.505941] [ElapsedTime: 106566.34 [sec]]
2019-01-19 00:55:04,151 :[Epoch: 1/200] [Iteration: 79000] [Inception Score: 5.43] [Max Score Ever: 5.89]
2019-01-19 01:00:16,375 :[Epoch: 1/200] [Batch: 19043/20019] [D loss: -0.123984] [G loss: 22.841772] [ElapsedTime: 106899.35 [sec]]
2019-01-19 01:06:37,254 :[Epoch: 1/200] [Batch: 19143/20019] [D loss: -0.453245] [G loss: 22.896790] [ElapsedTime: 107280.23 [sec]]
2019-01-19 01:12:25,013 :[Epoch: 1/200] [Batch: 19243/20019] [D loss: 0.080998] [G loss: 20.826382] [ElapsedTime: 107627.99 [sec]]
2019-01-19 01:17:48,860 :[Epoch: 1/200] [Batch: 19343/20019] [D loss: -0.295742] [G loss: 20.726593] [ElapsedTime: 107951.83 [sec]]
2019-01-19 01:23:10,402 :[Epoch: 1/200] [Batch: 19443/20019] [D loss: -0.169567] [G loss: 22.798283] [ElapsedTime: 108273.36 [sec]]
2019-01-19 01:28:36,958 :[Epoch: 1/200] [Batch: 19543/20019] [D loss: -0.104422] [G loss: 21.948248] [ElapsedTime: 108599.93 [sec]]
2019-01-19 01:33:57,935 :[Epoch: 1/200] [Batch: 19643/20019] [D loss: -0.107326] [G loss: 21.377838] [ElapsedTime: 108920.90 [sec]]
2019-01-19 01:39:05,834 :[Epoch: 1/200] [Batch: 19743/20019] [D loss: -0.149322] [G loss: 20.788004] [ElapsedTime: 109228.81 [sec]]
2019-01-19 01:44:07,017 :[Epoch: 1/200] [Batch: 19843/20019] [D loss: -0.370516] [G loss: 20.339834] [ElapsedTime: 109529.99 [sec]]
2019-01-19 01:49:23,051 :[Epoch: 1/200] [Batch: 19943/20019] [D loss: -0.545682] [G loss: 21.931219] [ElapsedTime: 109845.99 [sec]]
2019-01-19 01:49:46,846 :[Epoch: 1/200] [Iteration: 80000] [Inception Score: 5.91] [Max Score Ever: 5.91]
2019-01-19 01:55:04,757 :[Epoch: 1/200] [Batch: 20043/20019] [D loss: -0.566679] [G loss: 22.869617] [ElapsedTime: 110187.73 [sec]]
2019-01-19 02:00:22,121 :[Epoch: 1/200] [Batch: 20143/20019] [D loss: 0.093563] [G loss: 22.811747] [ElapsedTime: 110505.10 [sec]]
2019-01-19 02:06:47,218 :[Epoch: 1/200] [Batch: 20243/20019] [D loss: -0.840415] [G loss: 22.274313] [ElapsedTime: 110890.18 [sec]]
2019-01-19 02:12:24,249 :[Epoch: 1/200] [Batch: 20343/20019] [D loss: -0.333929] [G loss: 20.591099] [ElapsedTime: 111227.22 [sec]]
2019-01-19 02:18:05,809 :[Epoch: 1/200] [Batch: 20443/20019] [D loss: -0.380493] [G loss: 22.982960] [ElapsedTime: 111568.77 [sec]]
2019-01-19 02:23:43,162 :[Epoch: 1/200] [Batch: 20543/20019] [D loss: -0.962609] [G loss: 21.331526] [ElapsedTime: 111906.11 [sec]]
2019-01-19 02:28:59,596 :[Epoch: 1/200] [Batch: 20643/20019] [D loss: 0.266504] [G loss: 21.505156] [ElapsedTime: 112222.55 [sec]]
2019-01-19 02:34:12,807 :[Epoch: 1/200] [Batch: 20743/20019] [D loss: -0.344987] [G loss: 21.025229] [ElapsedTime: 112535.78 [sec]]
2019-01-19 02:39:34,181 :[Epoch: 1/200] [Batch: 20843/20019] [D loss: -0.643358] [G loss: 23.760271] [ElapsedTime: 112857.16 [sec]]
2019-01-19 02:45:03,832 :[Epoch: 1/200] [Batch: 20943/20019] [D loss: -0.549485] [G loss: 21.767668] [ElapsedTime: 113186.79 [sec]]
2019-01-19 02:45:28,862 :[Epoch: 1/200] [Iteration: 81000] [Inception Score: 5.64] [Max Score Ever: 5.91]
2019-01-19 02:50:51,337 :[Epoch: 1/200] [Batch: 21043/20019] [D loss: -0.928909] [G loss: 23.251223] [ElapsedTime: 113534.31 [sec]]
2019-01-19 02:56:17,594 :[Epoch: 1/200] [Batch: 21143/20019] [D loss: -0.309577] [G loss: 21.967232] [ElapsedTime: 113860.57 [sec]]
2019-01-19 03:02:10,555 :[Epoch: 1/200] [Batch: 21243/20019] [D loss: -0.991840] [G loss: 20.853844] [ElapsedTime: 114213.49 [sec]]
2019-01-19 03:08:06,694 :[Epoch: 1/200] [Batch: 21343/20019] [D loss: -0.390656] [G loss: 23.841858] [ElapsedTime: 114569.63 [sec]]
2019-01-19 03:13:43,813 :[Epoch: 1/200] [Batch: 21443/20019] [D loss: 0.249216] [G loss: 20.482851] [ElapsedTime: 114906.79 [sec]]
2019-01-19 03:19:23,111 :[Epoch: 1/200] [Batch: 21543/20019] [D loss: -0.105921] [G loss: 22.577129] [ElapsedTime: 115246.09 [sec]]
2019-01-19 03:24:35,224 :[Epoch: 1/200] [Batch: 21643/20019] [D loss: -0.371487] [G loss: 23.272217] [ElapsedTime: 115558.20 [sec]]
2019-01-19 03:29:48,216 :[Epoch: 1/200] [Batch: 21743/20019] [D loss: -0.711472] [G loss: 25.313931] [ElapsedTime: 115871.19 [sec]]
2019-01-19 03:35:12,908 :[Epoch: 1/200] [Batch: 21843/20019] [D loss: -0.001316] [G loss: 21.544523] [ElapsedTime: 116195.86 [sec]]
2019-01-19 03:40:32,481 :[Epoch: 1/200] [Batch: 21943/20019] [D loss: -0.489436] [G loss: 22.378506] [ElapsedTime: 116515.45 [sec]]
2019-01-19 03:40:57,077 :[Epoch: 1/200] [Iteration: 82000] [Inception Score: 5.96] [Max Score Ever: 5.96]
2019-01-19 03:46:08,891 :[Epoch: 1/200] [Batch: 22043/20019] [D loss: -0.524499] [G loss: 22.377520] [ElapsedTime: 116851.82 [sec]]
2019-01-19 03:51:33,350 :[Epoch: 1/200] [Batch: 22143/20019] [D loss: -0.745789] [G loss: 22.385887] [ElapsedTime: 117176.32 [sec]]
2019-01-19 03:56:52,583 :[Epoch: 1/200] [Batch: 22243/20019] [D loss: -0.424738] [G loss: 21.174639] [ElapsedTime: 117495.56 [sec]]
2019-01-19 04:02:50,593 :[Epoch: 1/200] [Batch: 22343/20019] [D loss: -0.621511] [G loss: 22.625669] [ElapsedTime: 117853.52 [sec]]
2019-01-19 04:08:45,405 :[Epoch: 1/200] [Batch: 22443/20019] [D loss: 0.010916] [G loss: 22.288160] [ElapsedTime: 118208.38 [sec]]
2019-01-19 04:14:32,792 :[Epoch: 1/200] [Batch: 22543/20019] [D loss: -0.440583] [G loss: 22.430443] [ElapsedTime: 118555.77 [sec]]
2019-01-19 04:20:05,906 :[Epoch: 1/200] [Batch: 22643/20019] [D loss: -0.498673] [G loss: 22.893307] [ElapsedTime: 118888.85 [sec]]
2019-01-19 04:25:30,130 :[Epoch: 1/200] [Batch: 22743/20019] [D loss: -0.342172] [G loss: 22.670963] [ElapsedTime: 119213.05 [sec]]
2019-01-19 04:31:10,107 :[Epoch: 1/200] [Batch: 22843/20019] [D loss: -0.493993] [G loss: 24.436663] [ElapsedTime: 119553.08 [sec]]
2019-01-19 04:36:45,000 :[Epoch: 1/200] [Batch: 22943/20019] [D loss: 0.024774] [G loss: 23.658360] [ElapsedTime: 119887.97 [sec]]
2019-01-19 04:37:10,964 :[Epoch: 1/200] [Iteration: 83000] [Inception Score: 5.85] [Max Score Ever: 5.96]
2019-01-19 04:42:44,109 :[Epoch: 1/200] [Batch: 23043/20019] [D loss: -0.551795] [G loss: 23.858841] [ElapsedTime: 120247.08 [sec]]
2019-01-19 04:48:28,115 :[Epoch: 1/200] [Batch: 23143/20019] [D loss: 0.522664] [G loss: 22.472578] [ElapsedTime: 120591.09 [sec]]
2019-01-19 04:53:57,898 :[Epoch: 1/200] [Batch: 23243/20019] [D loss: -0.354413] [G loss: 22.766037] [ElapsedTime: 120920.87 [sec]]
2019-01-19 04:59:22,953 :[Epoch: 1/200] [Batch: 23343/20019] [D loss: -0.691566] [G loss: 22.159397] [ElapsedTime: 121245.84 [sec]]
2019-01-19 05:05:30,827 :[Epoch: 1/200] [Batch: 23443/20019] [D loss: -0.482557] [G loss: 22.476078] [ElapsedTime: 121613.80 [sec]]
2019-01-19 05:11:04,759 :[Epoch: 1/200] [Batch: 23543/20019] [D loss: 0.203653] [G loss: 20.383539] [ElapsedTime: 121947.74 [sec]]
2019-01-19 05:16:45,676 :[Epoch: 1/200] [Batch: 23643/20019] [D loss: -0.740315] [G loss: 23.509768] [ElapsedTime: 122288.65 [sec]]
2019-01-19 05:22:09,071 :[Epoch: 1/200] [Batch: 23743/20019] [D loss: 0.235259] [G loss: 23.422838] [ElapsedTime: 122612.04 [sec]]
2019-01-19 05:27:38,764 :[Epoch: 1/200] [Batch: 23843/20019] [D loss: -0.202016] [G loss: 22.590498] [ElapsedTime: 122941.74 [sec]]
2019-01-19 05:33:12,525 :[Epoch: 1/200] [Batch: 23943/20019] [D loss: -0.053327] [G loss: 23.933132] [ElapsedTime: 123275.50 [sec]]
2019-01-19 05:33:38,476 :[Epoch: 1/200] [Iteration: 84000] [Inception Score: 5.69] [Max Score Ever: 5.96]
2019-01-19 05:39:11,966 :[Epoch: 1/200] [Batch: 24043/20019] [D loss: -0.208397] [G loss: 24.135208] [ElapsedTime: 123634.87 [sec]]
2019-01-19 05:44:49,356 :[Epoch: 1/200] [Batch: 24143/20019] [D loss: -0.678200] [G loss: 23.451962] [ElapsedTime: 123972.33 [sec]]
2019-01-19 05:50:18,712 :[Epoch: 1/200] [Batch: 24243/20019] [D loss: -0.240528] [G loss: 22.665678] [ElapsedTime: 124301.69 [sec]]
2019-01-19 05:55:43,836 :[Epoch: 1/200] [Batch: 24343/20019] [D loss: -0.451918] [G loss: 23.694756] [ElapsedTime: 124626.81 [sec]]
2019-01-19 06:01:11,780 :[Epoch: 1/200] [Batch: 24443/20019] [D loss: -0.870335] [G loss: 22.902769] [ElapsedTime: 124954.75 [sec]]
2019-01-19 06:07:38,089 :[Epoch: 1/200] [Batch: 24543/20019] [D loss: -0.521631] [G loss: 22.247200] [ElapsedTime: 125341.06 [sec]]
2019-01-19 06:13:27,768 :[Epoch: 1/200] [Batch: 24643/20019] [D loss: -0.863801] [G loss: 21.844023] [ElapsedTime: 125690.72 [sec]]
2019-01-19 06:18:52,033 :[Epoch: 1/200] [Batch: 24743/20019] [D loss: -0.826919] [G loss: 20.643162] [ElapsedTime: 126014.91 [sec]]
2019-01-19 06:24:10,754 :[Epoch: 1/200] [Batch: 24843/20019] [D loss: -0.214836] [G loss: 23.112194] [ElapsedTime: 126333.73 [sec]]
2019-01-19 06:29:30,878 :[Epoch: 1/200] [Batch: 24943/20019] [D loss: -0.617300] [G loss: 23.911545] [ElapsedTime: 126653.85 [sec]]
2019-01-19 06:29:58,350 :[Epoch: 1/200] [Iteration: 85000] [Inception Score: 5.66] [Max Score Ever: 5.96]
2019-01-19 06:35:34,621 :[Epoch: 1/200] [Batch: 25043/20019] [D loss: -0.636548] [G loss: 24.291626] [ElapsedTime: 127017.60 [sec]]
2019-01-19 06:41:05,944 :[Epoch: 1/200] [Batch: 25143/20019] [D loss: -0.680419] [G loss: 22.320301] [ElapsedTime: 127348.92 [sec]]
2019-01-19 06:46:27,444 :[Epoch: 1/200] [Batch: 25243/20019] [D loss: -0.994193] [G loss: 22.088287] [ElapsedTime: 127670.40 [sec]]
2019-01-19 06:51:45,465 :[Epoch: 1/200] [Batch: 25343/20019] [D loss: -0.324779] [G loss: 21.908817] [ElapsedTime: 127988.37 [sec]]
2019-01-19 06:57:09,660 :[Epoch: 1/200] [Batch: 25443/20019] [D loss: -0.038410] [G loss: 21.596916] [ElapsedTime: 128312.63 [sec]]
2019-01-19 07:03:24,714 :[Epoch: 1/200] [Batch: 25543/20019] [D loss: -0.232196] [G loss: 21.317770] [ElapsedTime: 128687.69 [sec]]
2019-01-19 07:09:14,408 :[Epoch: 1/200] [Batch: 25643/20019] [D loss: 0.226503] [G loss: 23.464611] [ElapsedTime: 129037.38 [sec]]
2019-01-19 07:15:08,995 :[Epoch: 1/200] [Batch: 25743/20019] [D loss: -0.996822] [G loss: 23.685347] [ElapsedTime: 129391.97 [sec]]
2019-01-19 07:20:30,189 :[Epoch: 2/200] [Batch: 5824/20019] [D loss: -0.640340] [G loss: 22.271223] [ElapsedTime: 129713.16 [sec]]
2019-01-19 07:25:46,906 :[Epoch: 2/200] [Batch: 5924/20019] [D loss: -0.226494] [G loss: 22.723255] [ElapsedTime: 130029.86 [sec]]
2019-01-19 07:26:09,628 :[Epoch: 2/200] [Iteration: 86000] [Inception Score: 5.66] [Max Score Ever: 5.96]
2019-01-19 07:31:42,365 :[Epoch: 2/200] [Batch: 6024/20019] [D loss: -0.254142] [G loss: 21.557369] [ElapsedTime: 130385.27 [sec]]
2019-01-19 07:37:21,494 :[Epoch: 2/200] [Batch: 6124/20019] [D loss: -0.484266] [G loss: 22.112078] [ElapsedTime: 130724.47 [sec]]
2019-01-19 07:42:54,678 :[Epoch: 2/200] [Batch: 6224/20019] [D loss: -0.235112] [G loss: 23.529116] [ElapsedTime: 131057.65 [sec]]
2019-01-19 07:48:16,798 :[Epoch: 2/200] [Batch: 6324/20019] [D loss: -0.846646] [G loss: 24.353600] [ElapsedTime: 131379.77 [sec]]
2019-01-19 07:53:48,420 :[Epoch: 2/200] [Batch: 6424/20019] [D loss: -0.366567] [G loss: 23.437979] [ElapsedTime: 131711.39 [sec]]
2019-01-19 07:59:24,184 :[Epoch: 2/200] [Batch: 6524/20019] [D loss: -0.452570] [G loss: 23.523546] [ElapsedTime: 132047.16 [sec]]
2019-01-19 08:06:38,261 :[Epoch: 2/200] [Batch: 6624/20019] [D loss: -0.811404] [G loss: 23.553623] [ElapsedTime: 132481.22 [sec]]
2019-01-19 08:12:49,942 :[Epoch: 2/200] [Batch: 6724/20019] [D loss: -0.454129] [G loss: 23.136185] [ElapsedTime: 132852.91 [sec]]
2019-01-19 08:18:48,151 :[Epoch: 2/200] [Batch: 6824/20019] [D loss: -0.333492] [G loss: 23.912416] [ElapsedTime: 133211.13 [sec]]
2019-01-19 08:24:46,828 :[Epoch: 2/200] [Batch: 6924/20019] [D loss: -0.213665] [G loss: 21.966305] [ElapsedTime: 133569.80 [sec]]
2019-01-19 08:25:18,129 :[Epoch: 2/200] [Iteration: 87000] [Inception Score: 5.69] [Max Score Ever: 5.96]
2019-01-19 08:31:33,008 :[Epoch: 2/200] [Batch: 7024/20019] [D loss: -0.117915] [G loss: 22.410431] [ElapsedTime: 133975.98 [sec]]
2019-01-19 08:37:30,512 :[Epoch: 2/200] [Batch: 7124/20019] [D loss: -0.552197] [G loss: 22.836664] [ElapsedTime: 134333.49 [sec]]
2019-01-19 08:43:23,907 :[Epoch: 2/200] [Batch: 7224/20019] [D loss: -0.531354] [G loss: 22.769436] [ElapsedTime: 134686.88 [sec]]
2019-01-19 08:49:19,440 :[Epoch: 2/200] [Batch: 7324/20019] [D loss: -0.334324] [G loss: 22.811321] [ElapsedTime: 135042.42 [sec]]
2019-01-19 08:55:04,927 :[Epoch: 2/200] [Batch: 7424/20019] [D loss: -0.639676] [G loss: 20.912010] [ElapsedTime: 135387.77 [sec]]
2019-01-19 09:00:54,340 :[Epoch: 2/200] [Batch: 7524/20019] [D loss: -0.364125] [G loss: 22.764185] [ElapsedTime: 135737.31 [sec]]
2019-01-19 09:08:04,678 :[Epoch: 2/200] [Batch: 7624/20019] [D loss: -1.008238] [G loss: 22.059530] [ElapsedTime: 136167.65 [sec]]
2019-01-19 09:13:58,352 :[Epoch: 2/200] [Batch: 7724/20019] [D loss: -1.037006] [G loss: 23.003668] [ElapsedTime: 136521.33 [sec]]
2019-01-19 09:19:49,774 :[Epoch: 2/200] [Batch: 7824/20019] [D loss: -0.704016] [G loss: 23.733885] [ElapsedTime: 136872.75 [sec]]
2019-01-19 09:25:53,386 :[Epoch: 2/200] [Batch: 7924/20019] [D loss: -1.204906] [G loss: 23.423788] [ElapsedTime: 137236.36 [sec]]
2019-01-19 09:26:23,609 :[Epoch: 2/200] [Iteration: 88000] [Inception Score: 6.04] [Max Score Ever: 6.04]
2019-01-19 09:32:30,899 :[Epoch: 2/200] [Batch: 8024/20019] [D loss: 1.392731] [G loss: 22.399439] [ElapsedTime: 137633.86 [sec]]
2019-01-19 09:38:26,388 :[Epoch: 2/200] [Batch: 8124/20019] [D loss: -0.320821] [G loss: 22.551189] [ElapsedTime: 137989.18 [sec]]
2019-01-19 09:44:24,650 :[Epoch: 2/200] [Batch: 8224/20019] [D loss: -0.613651] [G loss: 23.774160] [ElapsedTime: 138347.62 [sec]]
2019-01-19 09:50:17,062 :[Epoch: 2/200] [Batch: 8324/20019] [D loss: -0.219880] [G loss: 23.587664] [ElapsedTime: 138700.04 [sec]]
2019-01-19 09:56:02,253 :[Epoch: 2/200] [Batch: 8424/20019] [D loss: -0.625937] [G loss: 24.058966] [ElapsedTime: 139045.23 [sec]]
2019-01-19 10:02:39,130 :[Epoch: 2/200] [Batch: 8524/20019] [D loss: -0.156131] [G loss: 24.458893] [ElapsedTime: 139442.09 [sec]]
2019-01-19 10:09:18,724 :[Epoch: 2/200] [Batch: 8624/20019] [D loss: 0.081340] [G loss: 21.901674] [ElapsedTime: 139841.70 [sec]]
2019-01-19 10:15:17,058 :[Epoch: 2/200] [Batch: 8724/20019] [D loss: -0.200874] [G loss: 23.466362] [ElapsedTime: 140200.03 [sec]]
2019-01-19 10:21:13,334 :[Epoch: 2/200] [Batch: 8824/20019] [D loss: -0.188863] [G loss: 24.605261] [ElapsedTime: 140556.31 [sec]]
2019-01-19 10:27:13,419 :[Epoch: 2/200] [Batch: 8924/20019] [D loss: -0.486437] [G loss: 22.818096] [ElapsedTime: 140916.39 [sec]]
2019-01-19 10:27:42,572 :[Epoch: 2/200] [Iteration: 89000] [Inception Score: 5.55] [Max Score Ever: 6.04]
2019-01-19 10:33:39,785 :[Epoch: 2/200] [Batch: 9024/20019] [D loss: -0.594288] [G loss: 22.721525] [ElapsedTime: 141302.76 [sec]]
2019-01-19 10:39:30,587 :[Epoch: 2/200] [Batch: 9124/20019] [D loss: -1.847677] [G loss: 26.528351] [ElapsedTime: 141653.56 [sec]]
2019-01-19 10:45:18,600 :[Epoch: 2/200] [Batch: 9224/20019] [D loss: -0.236580] [G loss: 22.705605] [ElapsedTime: 142001.58 [sec]]
2019-01-19 10:51:08,979 :[Epoch: 2/200] [Batch: 9324/20019] [D loss: 0.033581] [G loss: 23.600872] [ElapsedTime: 142351.95 [sec]]
2019-01-19 10:56:54,928 :[Epoch: 2/200] [Batch: 9424/20019] [D loss: -0.570934] [G loss: 24.692501] [ElapsedTime: 142697.90 [sec]]
2019-01-19 11:03:31,211 :[Epoch: 2/200] [Batch: 9524/20019] [D loss: -0.619222] [G loss: 24.243530] [ElapsedTime: 143094.18 [sec]]
2019-01-19 11:09:44,329 :[Epoch: 2/200] [Batch: 9624/20019] [D loss: -0.251181] [G loss: 22.973183] [ElapsedTime: 143467.30 [sec]]
2019-01-19 11:15:52,870 :[Epoch: 2/200] [Batch: 9724/20019] [D loss: -0.377447] [G loss: 24.991653] [ElapsedTime: 143835.84 [sec]]
2019-01-19 11:21:58,421 :[Epoch: 2/200] [Batch: 9824/20019] [D loss: -0.298413] [G loss: 22.798347] [ElapsedTime: 144201.39 [sec]]
2019-01-19 11:27:55,989 :[Epoch: 2/200] [Batch: 9924/20019] [D loss: -0.450659] [G loss: 24.160025] [ElapsedTime: 144558.96 [sec]]
2019-01-19 11:28:24,102 :[Epoch: 2/200] [Iteration: 90000] [Inception Score: 6.28] [Max Score Ever: 6.28]
2019-01-19 11:34:13,843 :[Epoch: 2/200] [Batch: 10024/20019] [D loss: -0.157141] [G loss: 23.326906] [ElapsedTime: 144936.82 [sec]]
2019-01-19 11:40:01,849 :[Epoch: 2/200] [Batch: 10124/20019] [D loss: -0.196006] [G loss: 23.414112] [ElapsedTime: 145284.81 [sec]]
2019-01-19 11:45:40,974 :[Epoch: 2/200] [Batch: 10224/20019] [D loss: -0.269406] [G loss: 23.179102] [ElapsedTime: 145623.95 [sec]]
2019-01-19 11:51:29,924 :[Epoch: 2/200] [Batch: 10324/20019] [D loss: -0.371150] [G loss: 23.283104] [ElapsedTime: 145972.89 [sec]]
2019-01-19 11:57:09,805 :[Epoch: 2/200] [Batch: 10424/20019] [D loss: 0.143025] [G loss: 21.731024] [ElapsedTime: 146312.78 [sec]]
2019-01-19 12:03:54,651 :[Epoch: 2/200] [Batch: 10524/20019] [D loss: 0.362969] [G loss: 21.308733] [ElapsedTime: 146717.63 [sec]]
2019-01-19 12:10:09,103 :[Epoch: 2/200] [Batch: 10624/20019] [D loss: -0.703397] [G loss: 25.323116] [ElapsedTime: 147092.08 [sec]]
2019-01-19 12:16:21,802 :[Epoch: 2/200] [Batch: 10724/20019] [D loss: -0.037020] [G loss: 23.752735] [ElapsedTime: 147464.78 [sec]]
2019-01-19 12:22:20,046 :[Epoch: 2/200] [Batch: 10824/20019] [D loss: -0.785817] [G loss: 24.586674] [ElapsedTime: 147823.02 [sec]]
2019-01-19 12:28:15,469 :[Epoch: 2/200] [Batch: 10924/20019] [D loss: -0.450556] [G loss: 21.912062] [ElapsedTime: 148178.44 [sec]]
2019-01-19 12:28:43,763 :[Epoch: 2/200] [Iteration: 91000] [Inception Score: 5.38] [Max Score Ever: 6.28]
2019-01-19 12:34:40,869 :[Epoch: 2/200] [Batch: 11024/20019] [D loss: -0.707487] [G loss: 23.069769] [ElapsedTime: 148563.84 [sec]]
2019-01-19 12:40:35,928 :[Epoch: 2/200] [Batch: 11124/20019] [D loss: -0.496434] [G loss: 25.631731] [ElapsedTime: 148918.82 [sec]]
2019-01-19 12:46:11,398 :[Epoch: 2/200] [Batch: 11224/20019] [D loss: -0.143936] [G loss: 22.578022] [ElapsedTime: 149254.37 [sec]]
2019-01-19 12:51:45,891 :[Epoch: 2/200] [Batch: 11324/20019] [D loss: -1.233304] [G loss: 23.890696] [ElapsedTime: 149588.86 [sec]]
2019-01-19 12:57:15,893 :[Epoch: 2/200] [Batch: 11424/20019] [D loss: -0.350717] [G loss: 26.026539] [ElapsedTime: 149918.87 [sec]]
2019-01-19 13:04:04,147 :[Epoch: 2/200] [Batch: 11524/20019] [D loss: -0.324791] [G loss: 26.906879] [ElapsedTime: 150327.12 [sec]]
2019-01-19 13:10:13,522 :[Epoch: 2/200] [Batch: 11624/20019] [D loss: -0.075533] [G loss: 24.807219] [ElapsedTime: 150696.50 [sec]]
2019-01-19 13:16:19,478 :[Epoch: 2/200] [Batch: 11724/20019] [D loss: -0.488853] [G loss: 26.648869] [ElapsedTime: 151062.45 [sec]]
2019-01-19 13:22:17,353 :[Epoch: 2/200] [Batch: 11824/20019] [D loss: 0.521346] [G loss: 22.940094] [ElapsedTime: 151420.33 [sec]]
2019-01-19 13:28:21,518 :[Epoch: 2/200] [Batch: 11924/20019] [D loss: -0.731683] [G loss: 24.864880] [ElapsedTime: 151784.48 [sec]]
2019-01-19 13:28:51,304 :[Epoch: 2/200] [Iteration: 92000] [Inception Score: 6.05] [Max Score Ever: 6.28]
2019-01-19 13:34:49,528 :[Epoch: 2/200] [Batch: 12024/20019] [D loss: -0.311512] [G loss: 23.508694] [ElapsedTime: 152172.50 [sec]]
2019-01-19 13:40:38,084 :[Epoch: 2/200] [Batch: 12124/20019] [D loss: 0.703831] [G loss: 23.793184] [ElapsedTime: 152521.06 [sec]]
2019-01-19 13:46:29,511 :[Epoch: 2/200] [Batch: 12224/20019] [D loss: -0.940676] [G loss: 23.734385] [ElapsedTime: 152872.49 [sec]]
2019-01-19 13:52:20,219 :[Epoch: 2/200] [Batch: 12324/20019] [D loss: -0.759455] [G loss: 26.802891] [ElapsedTime: 153223.19 [sec]]
2019-01-19 13:58:04,293 :[Epoch: 2/200] [Batch: 12424/20019] [D loss: -0.105805] [G loss: 25.256073] [ElapsedTime: 153567.27 [sec]]
2019-01-19 14:04:48,893 :[Epoch: 2/200] [Batch: 12524/20019] [D loss: -0.291362] [G loss: 23.799240] [ElapsedTime: 153971.86 [sec]]
2019-01-19 14:10:49,910 :[Epoch: 2/200] [Batch: 12624/20019] [D loss: 0.107383] [G loss: 27.013918] [ElapsedTime: 154332.88 [sec]]
2019-01-19 14:16:55,450 :[Epoch: 2/200] [Batch: 12724/20019] [D loss: 0.049207] [G loss: 25.309980] [ElapsedTime: 154698.42 [sec]]
2019-01-19 14:22:52,600 :[Epoch: 2/200] [Batch: 12824/20019] [D loss: -0.114442] [G loss: 26.024506] [ElapsedTime: 155055.57 [sec]]
2019-01-19 14:28:50,453 :[Epoch: 2/200] [Batch: 12924/20019] [D loss: -0.327609] [G loss: 23.454386] [ElapsedTime: 155413.43 [sec]]
2019-01-19 14:29:18,174 :[Epoch: 2/200] [Iteration: 93000] [Inception Score: 5.50] [Max Score Ever: 6.28]
2019-01-19 14:35:18,580 :[Epoch: 2/200] [Batch: 13024/20019] [D loss: -0.223015] [G loss: 24.681662] [ElapsedTime: 155801.55 [sec]]
2019-01-19 14:41:09,616 :[Epoch: 2/200] [Batch: 13124/20019] [D loss: 0.024501] [G loss: 23.421867] [ElapsedTime: 156152.59 [sec]]
2019-01-19 14:46:57,263 :[Epoch: 2/200] [Batch: 13224/20019] [D loss: -0.021430] [G loss: 24.889320] [ElapsedTime: 156500.24 [sec]]
2019-01-19 14:52:39,856 :[Epoch: 2/200] [Batch: 13324/20019] [D loss: -0.041180] [G loss: 24.438475] [ElapsedTime: 156842.83 [sec]]
2019-01-19 14:58:22,696 :[Epoch: 2/200] [Batch: 13424/20019] [D loss: -0.050864] [G loss: 23.535566] [ElapsedTime: 157185.65 [sec]]
2019-01-19 15:05:24,096 :[Epoch: 2/200] [Batch: 13524/20019] [D loss: -0.424830] [G loss: 24.093472] [ElapsedTime: 157607.07 [sec]]
2019-01-19 15:11:39,432 :[Epoch: 2/200] [Batch: 13624/20019] [D loss: -0.145655] [G loss: 23.236387] [ElapsedTime: 157982.33 [sec]]
2019-01-19 15:17:56,766 :[Epoch: 2/200] [Batch: 13724/20019] [D loss: -0.198479] [G loss: 23.823185] [ElapsedTime: 158359.74 [sec]]
2019-01-19 15:23:49,165 :[Epoch: 2/200] [Batch: 13824/20019] [D loss: -0.364132] [G loss: 23.506092] [ElapsedTime: 158712.14 [sec]]
2019-01-19 15:29:42,085 :[Epoch: 2/200] [Batch: 13924/20019] [D loss: -0.328789] [G loss: 23.190796] [ElapsedTime: 159065.06 [sec]]
2019-01-19 15:30:11,872 :[Epoch: 2/200] [Iteration: 94000] [Inception Score: 5.49] [Max Score Ever: 6.28]
2019-01-19 15:36:13,851 :[Epoch: 2/200] [Batch: 14024/20019] [D loss: -0.531277] [G loss: 23.499920] [ElapsedTime: 159456.82 [sec]]
2019-01-19 15:42:02,371 :[Epoch: 2/200] [Batch: 14124/20019] [D loss: -0.669819] [G loss: 22.926750] [ElapsedTime: 159805.35 [sec]]
2019-01-19 15:47:51,280 :[Epoch: 2/200] [Batch: 14224/20019] [D loss: 0.232391] [G loss: 22.879568] [ElapsedTime: 160154.25 [sec]]
2019-01-19 15:53:36,674 :[Epoch: 2/200] [Batch: 14324/20019] [D loss: -0.393078] [G loss: 22.972620] [ElapsedTime: 160499.65 [sec]]
2019-01-19 15:59:24,928 :[Epoch: 2/200] [Batch: 14424/20019] [D loss: -0.585284] [G loss: 22.940458] [ElapsedTime: 160847.88 [sec]]
2019-01-19 16:06:15,867 :[Epoch: 2/200] [Batch: 14524/20019] [D loss: -0.532190] [G loss: 22.873104] [ElapsedTime: 161258.83 [sec]]
2019-01-19 16:12:15,646 :[Epoch: 2/200] [Batch: 14624/20019] [D loss: -0.415651] [G loss: 23.050140] [ElapsedTime: 161618.62 [sec]]
2019-01-19 16:18:22,479 :[Epoch: 2/200] [Batch: 14724/20019] [D loss: -0.298944] [G loss: 22.789108] [ElapsedTime: 161985.45 [sec]]
