2019-01-17 19:05:32,879 :resume: loaded models
2019-01-17 19:05:32,879 :generator_model_0001
2019-01-17 19:05:32,879 :discriminator_model_0001
2019-01-17 19:05:36,365 :[Epoch: 2/200] [Batch: 4862/20019] [D loss: -0.505463] [G loss: 8.599330] [ElapsedTime: 3.87 [sec]]
2019-01-17 19:10:06,389 :[Epoch: 2/200] [Batch: 4962/20019] [D loss: -0.379556] [G loss: 9.222507] [ElapsedTime: 273.89 [sec]]
2019-01-17 19:10:27,488 :[Epoch: 2/200] [Iteration: 45000] [Inception Score: 5.48] [Max Score Ever: 5.48]
2019-01-17 19:15:01,711 :[Epoch: 2/200] [Batch: 5062/20019] [D loss: -0.448085] [G loss: 8.641705] [ElapsedTime: 569.21 [sec]]
2019-01-17 19:19:37,675 :[Epoch: 2/200] [Batch: 5162/20019] [D loss: -0.067290] [G loss: 8.821517] [ElapsedTime: 845.18 [sec]]
2019-01-17 19:24:14,496 :[Epoch: 2/200] [Batch: 5262/20019] [D loss: -0.236000] [G loss: 7.842484] [ElapsedTime: 1122.00 [sec]]
2019-01-17 19:28:49,708 :[Epoch: 2/200] [Batch: 5362/20019] [D loss: -0.319631] [G loss: 9.803390] [ElapsedTime: 1397.20 [sec]]
2019-01-17 19:33:21,999 :[Epoch: 2/200] [Batch: 5462/20019] [D loss: -0.381965] [G loss: 10.231799] [ElapsedTime: 1669.50 [sec]]
2019-01-17 19:37:49,900 :[Epoch: 2/200] [Batch: 5562/20019] [D loss: 0.059287] [G loss: 9.289921] [ElapsedTime: 1937.40 [sec]]
2019-01-17 19:42:22,550 :[Epoch: 2/200] [Batch: 5662/20019] [D loss: -0.480302] [G loss: 9.936435] [ElapsedTime: 2210.06 [sec]]
2019-01-17 19:46:48,651 :[Epoch: 2/200] [Batch: 5762/20019] [D loss: -0.016734] [G loss: 9.398272] [ElapsedTime: 2476.16 [sec]]
2019-01-17 19:51:13,577 :[Epoch: 2/200] [Batch: 5862/20019] [D loss: -0.616756] [G loss: 7.683202] [ElapsedTime: 2741.05 [sec]]
2019-01-17 19:55:35,030 :[Epoch: 2/200] [Batch: 5962/20019] [D loss: -0.317364] [G loss: 7.330636] [ElapsedTime: 3002.53 [sec]]
2019-01-17 19:55:53,919 :[Epoch: 2/200] [Iteration: 46000] [Inception Score: 5.24] [Max Score Ever: 5.48]
2019-01-17 20:00:14,474 :[Epoch: 2/200] [Batch: 6062/20019] [D loss: -0.768609] [G loss: 8.972947] [ElapsedTime: 3281.98 [sec]]
2019-01-17 20:04:53,307 :[Epoch: 2/200] [Batch: 6162/20019] [D loss: -0.954848] [G loss: 9.864346] [ElapsedTime: 3560.81 [sec]]
2019-01-17 20:09:29,559 :[Epoch: 2/200] [Batch: 6262/20019] [D loss: -1.636691] [G loss: 11.648850] [ElapsedTime: 3837.01 [sec]]
2019-01-17 20:15:10,382 :[Epoch: 2/200] [Batch: 6362/20019] [D loss: -0.610527] [G loss: 11.355078] [ElapsedTime: 4177.84 [sec]]
2019-01-17 20:21:18,969 :[Epoch: 2/200] [Batch: 6462/20019] [D loss: -0.421162] [G loss: 3.618673] [ElapsedTime: 4546.47 [sec]]
2019-01-17 20:26:55,858 :[Epoch: 2/200] [Batch: 6562/20019] [D loss: -0.298329] [G loss: 5.667602] [ElapsedTime: 4883.36 [sec]]
2019-01-17 20:32:26,905 :[Epoch: 2/200] [Batch: 6662/20019] [D loss: -0.072869] [G loss: 5.753469] [ElapsedTime: 5214.41 [sec]]
2019-01-17 20:37:49,809 :[Epoch: 2/200] [Batch: 6762/20019] [D loss: -0.674517] [G loss: 6.542102] [ElapsedTime: 5537.27 [sec]]
2019-01-17 20:43:13,181 :[Epoch: 2/200] [Batch: 6862/20019] [D loss: -0.324188] [G loss: 6.061804] [ElapsedTime: 5860.66 [sec]]
2019-01-17 20:48:32,774 :[Epoch: 2/200] [Batch: 6962/20019] [D loss: -0.599705] [G loss: 7.140234] [ElapsedTime: 6180.28 [sec]]
2019-01-17 20:48:44,226 :[Epoch: 2/200] [Iteration: 47000] [Inception Score: 5.25] [Max Score Ever: 5.48]
2019-01-17 20:53:57,339 :[Epoch: 2/200] [Batch: 7062/20019] [D loss: -0.626194] [G loss: 6.934465] [ElapsedTime: 6504.84 [sec]]
2019-01-17 20:58:48,326 :[Epoch: 2/200] [Batch: 7162/20019] [D loss: -0.521805] [G loss: 6.649519] [ElapsedTime: 6795.83 [sec]]
2019-01-17 21:04:27,682 :[Epoch: 2/200] [Batch: 7262/20019] [D loss: -0.168667] [G loss: 8.322876] [ElapsedTime: 7135.17 [sec]]
2019-01-17 21:09:57,902 :[Epoch: 2/200] [Batch: 7362/20019] [D loss: -0.515458] [G loss: 7.110113] [ElapsedTime: 7465.39 [sec]]
2019-01-17 21:15:56,962 :[Epoch: 2/200] [Batch: 7462/20019] [D loss: -0.326283] [G loss: 7.807406] [ElapsedTime: 7824.47 [sec]]
2019-01-17 21:21:25,856 :[Epoch: 2/200] [Batch: 7562/20019] [D loss: -0.362273] [G loss: 9.295843] [ElapsedTime: 8153.36 [sec]]
2019-01-17 21:26:48,316 :[Epoch: 2/200] [Batch: 7662/20019] [D loss: -0.611936] [G loss: 8.431355] [ElapsedTime: 8475.82 [sec]]
2019-01-17 21:32:19,090 :[Epoch: 2/200] [Batch: 7762/20019] [D loss: -0.626483] [G loss: 8.511557] [ElapsedTime: 8806.59 [sec]]
2019-01-17 21:37:44,553 :[Epoch: 2/200] [Batch: 7862/20019] [D loss: -0.683111] [G loss: 7.526614] [ElapsedTime: 9131.98 [sec]]
2019-01-17 21:43:09,105 :[Epoch: 2/200] [Batch: 7962/20019] [D loss: -0.182322] [G loss: 8.558626] [ElapsedTime: 9456.59 [sec]]
2019-01-17 21:43:32,009 :[Epoch: 2/200] [Iteration: 48000] [Inception Score: 5.41] [Max Score Ever: 5.48]
2019-01-17 21:48:53,208 :[Epoch: 2/200] [Batch: 8062/20019] [D loss: -0.530749] [G loss: 10.420497] [ElapsedTime: 9800.71 [sec]]
2019-01-17 21:54:21,188 :[Epoch: 2/200] [Batch: 8162/20019] [D loss: -0.425661] [G loss: 8.867627] [ElapsedTime: 10128.69 [sec]]
2019-01-17 21:59:34,148 :[Epoch: 2/200] [Batch: 8262/20019] [D loss: -0.379256] [G loss: 8.642989] [ElapsedTime: 10441.65 [sec]]
2019-01-17 22:05:35,415 :[Epoch: 2/200] [Batch: 8362/20019] [D loss: 0.404871] [G loss: 9.084457] [ElapsedTime: 10802.89 [sec]]
2019-01-17 22:10:48,895 :[Epoch: 2/200] [Batch: 8462/20019] [D loss: 0.408684] [G loss: 10.365901] [ElapsedTime: 11116.38 [sec]]
2019-01-17 22:16:02,609 :[Epoch: 2/200] [Batch: 8562/20019] [D loss: -0.343517] [G loss: 9.181191] [ElapsedTime: 11430.11 [sec]]
2019-01-17 22:21:04,635 :[Epoch: 2/200] [Batch: 8662/20019] [D loss: -0.986952] [G loss: 11.075512] [ElapsedTime: 11732.14 [sec]]
2019-01-17 22:26:23,617 :[Epoch: 2/200] [Batch: 8762/20019] [D loss: -0.584549] [G loss: 11.020116] [ElapsedTime: 12051.09 [sec]]
2019-01-17 22:31:41,046 :[Epoch: 2/200] [Batch: 8862/20019] [D loss: -0.162520] [G loss: 9.440269] [ElapsedTime: 12368.55 [sec]]
2019-01-17 22:36:56,216 :[Epoch: 2/200] [Batch: 8962/20019] [D loss: -0.819019] [G loss: 10.149339] [ElapsedTime: 12683.72 [sec]]
2019-01-17 22:37:19,228 :[Epoch: 2/200] [Iteration: 49000] [Inception Score: 4.84] [Max Score Ever: 5.48]
2019-01-17 22:42:29,850 :[Epoch: 2/200] [Batch: 9062/20019] [D loss: -0.543927] [G loss: 9.419790] [ElapsedTime: 13017.35 [sec]]
2019-01-17 22:47:36,956 :[Epoch: 2/200] [Batch: 9162/20019] [D loss: -0.949841] [G loss: 10.858605] [ElapsedTime: 13324.46 [sec]]
2019-01-17 22:52:51,276 :[Epoch: 2/200] [Batch: 9262/20019] [D loss: -0.444943] [G loss: 8.958825] [ElapsedTime: 13638.78 [sec]]
2019-01-17 22:57:57,079 :[Epoch: 2/200] [Batch: 9362/20019] [D loss: -0.511673] [G loss: 9.438602] [ElapsedTime: 13944.58 [sec]]
2019-01-17 23:03:45,400 :[Epoch: 2/200] [Batch: 9462/20019] [D loss: 0.305206] [G loss: 7.616571] [ElapsedTime: 14292.91 [sec]]
2019-01-17 23:09:32,585 :[Epoch: 2/200] [Batch: 9562/20019] [D loss: -0.442969] [G loss: 8.579185] [ElapsedTime: 14640.03 [sec]]
2019-01-17 23:15:18,731 :[Epoch: 2/200] [Batch: 9662/20019] [D loss: -0.537694] [G loss: 9.520920] [ElapsedTime: 14986.23 [sec]]
2019-01-17 23:21:06,660 :[Epoch: 2/200] [Batch: 9762/20019] [D loss: -0.674450] [G loss: 10.276339] [ElapsedTime: 15334.16 [sec]]
2019-01-17 23:26:46,572 :[Epoch: 2/200] [Batch: 9862/20019] [D loss: -0.518031] [G loss: 10.287992] [ElapsedTime: 15674.08 [sec]]
2019-01-17 23:32:02,293 :[Epoch: 2/200] [Batch: 9962/20019] [D loss: -0.649017] [G loss: 10.883647] [ElapsedTime: 15989.75 [sec]]
2019-01-17 23:32:25,421 :[Epoch: 2/200] [Iteration: 50000] [Inception Score: 5.35] [Max Score Ever: 5.48]
2019-01-17 23:37:43,459 :[Epoch: 2/200] [Batch: 10062/20019] [D loss: 0.086919] [G loss: 11.057784] [ElapsedTime: 16330.96 [sec]]
2019-01-17 23:42:57,954 :[Epoch: 2/200] [Batch: 10162/20019] [D loss: -0.873462] [G loss: 10.405231] [ElapsedTime: 16645.46 [sec]]
2019-01-17 23:48:21,673 :[Epoch: 2/200] [Batch: 10262/20019] [D loss: -0.112064] [G loss: 8.234761] [ElapsedTime: 16969.18 [sec]]
2019-01-17 23:54:02,451 :[Epoch: 2/200] [Batch: 10362/20019] [D loss: -0.848469] [G loss: 9.626404] [ElapsedTime: 17309.95 [sec]]
2019-01-17 23:59:44,612 :[Epoch: 2/200] [Batch: 10462/20019] [D loss: -0.081522] [G loss: 11.259697] [ElapsedTime: 17652.10 [sec]]
2019-01-18 00:06:31,888 :[Epoch: 2/200] [Batch: 10562/20019] [D loss: -0.187708] [G loss: 10.180099] [ElapsedTime: 18059.39 [sec]]
2019-01-18 00:12:38,847 :[Epoch: 2/200] [Batch: 10662/20019] [D loss: -0.356367] [G loss: 8.837777] [ElapsedTime: 18426.35 [sec]]
2019-01-18 00:18:46,151 :[Epoch: 2/200] [Batch: 10762/20019] [D loss: -0.859863] [G loss: 8.599195] [ElapsedTime: 18793.65 [sec]]
2019-01-18 00:24:46,992 :[Epoch: 2/200] [Batch: 10862/20019] [D loss: 0.267650] [G loss: 12.330449] [ElapsedTime: 19154.49 [sec]]
2019-01-18 00:30:35,837 :[Epoch: 2/200] [Batch: 10962/20019] [D loss: -0.496341] [G loss: 10.080245] [ElapsedTime: 19503.34 [sec]]
2019-01-18 00:31:02,786 :[Epoch: 2/200] [Iteration: 51000] [Inception Score: 5.42] [Max Score Ever: 5.48]
2019-01-18 00:36:54,161 :[Epoch: 2/200] [Batch: 11062/20019] [D loss: -0.667625] [G loss: 8.701004] [ElapsedTime: 19881.62 [sec]]
2019-01-18 00:42:45,922 :[Epoch: 2/200] [Batch: 11162/20019] [D loss: -0.274649] [G loss: 9.681367] [ElapsedTime: 20233.43 [sec]]
2019-01-18 00:48:31,346 :[Epoch: 2/200] [Batch: 11262/20019] [D loss: -0.833887] [G loss: 10.904172] [ElapsedTime: 20578.85 [sec]]
2019-01-18 00:53:58,595 :[Epoch: 2/200] [Batch: 11362/20019] [D loss: -0.999907] [G loss: 9.209719] [ElapsedTime: 20906.10 [sec]]
2019-01-18 00:59:15,965 :[Epoch: 2/200] [Batch: 11462/20019] [D loss: -1.152479] [G loss: 9.788202] [ElapsedTime: 21223.47 [sec]]
2019-01-18 01:05:35,565 :[Epoch: 2/200] [Batch: 11562/20019] [D loss: -0.174864] [G loss: 10.594307] [ElapsedTime: 21603.03 [sec]]
2019-01-18 01:11:13,201 :[Epoch: 2/200] [Batch: 11662/20019] [D loss: -0.248830] [G loss: 11.939279] [ElapsedTime: 21940.70 [sec]]
2019-01-18 01:16:50,241 :[Epoch: 2/200] [Batch: 11762/20019] [D loss: -0.611787] [G loss: 11.394112] [ElapsedTime: 22277.74 [sec]]
2019-01-18 01:22:32,338 :[Epoch: 2/200] [Batch: 11862/20019] [D loss: -0.560767] [G loss: 9.635102] [ElapsedTime: 22619.79 [sec]]
2019-01-18 01:27:55,570 :[Epoch: 2/200] [Batch: 11962/20019] [D loss: -0.066240] [G loss: 11.148076] [ElapsedTime: 22943.02 [sec]]
2019-01-18 01:28:20,056 :[Epoch: 2/200] [Iteration: 52000] [Inception Score: 5.22] [Max Score Ever: 5.48]
2019-01-18 01:33:52,654 :[Epoch: 2/200] [Batch: 12062/20019] [D loss: -0.415413] [G loss: 11.710081] [ElapsedTime: 23300.13 [sec]]
2019-01-18 01:39:33,818 :[Epoch: 2/200] [Batch: 12162/20019] [D loss: -0.710781] [G loss: 11.356964] [ElapsedTime: 23641.32 [sec]]
2019-01-18 01:45:07,572 :[Epoch: 2/200] [Batch: 12262/20019] [D loss: -0.238460] [G loss: 10.805841] [ElapsedTime: 23975.02 [sec]]
2019-01-18 01:50:26,892 :[Epoch: 2/200] [Batch: 12362/20019] [D loss: -0.492807] [G loss: 10.744762] [ElapsedTime: 24294.37 [sec]]
2019-01-18 01:55:45,319 :[Epoch: 2/200] [Batch: 12462/20019] [D loss: -0.983193] [G loss: 10.878305] [ElapsedTime: 24612.82 [sec]]
2019-01-18 02:01:17,457 :[Epoch: 2/200] [Batch: 12562/20019] [D loss: -0.646422] [G loss: 9.839023] [ElapsedTime: 24944.96 [sec]]
2019-01-18 02:07:12,346 :[Epoch: 2/200] [Batch: 12662/20019] [D loss: -0.439759] [G loss: 9.406613] [ElapsedTime: 25299.84 [sec]]
2019-01-18 02:12:47,989 :[Epoch: 2/200] [Batch: 12762/20019] [D loss: -0.366776] [G loss: 9.559977] [ElapsedTime: 25635.46 [sec]]
2019-01-18 02:18:31,944 :[Epoch: 2/200] [Batch: 12862/20019] [D loss: -0.815784] [G loss: 10.936748] [ElapsedTime: 25979.43 [sec]]
2019-01-18 02:24:08,270 :[Epoch: 2/200] [Batch: 12962/20019] [D loss: -0.872544] [G loss: 12.161401] [ElapsedTime: 26315.77 [sec]]
2019-01-18 02:24:30,458 :[Epoch: 2/200] [Iteration: 53000] [Inception Score: 6.00] [Max Score Ever: 6.00]
2019-01-18 02:29:54,293 :[Epoch: 2/200] [Batch: 13062/20019] [D loss: -1.271255] [G loss: 12.586565] [ElapsedTime: 26661.78 [sec]]
2019-01-18 02:35:17,870 :[Epoch: 2/200] [Batch: 13162/20019] [D loss: -0.116149] [G loss: 8.976490] [ElapsedTime: 26985.33 [sec]]
2019-01-18 02:40:34,873 :[Epoch: 2/200] [Batch: 13262/20019] [D loss: -1.227616] [G loss: 8.983248] [ElapsedTime: 27302.36 [sec]]
2019-01-18 02:45:59,619 :[Epoch: 2/200] [Batch: 13362/20019] [D loss: -0.287034] [G loss: 10.706607] [ElapsedTime: 27627.12 [sec]]
2019-01-18 02:51:19,161 :[Epoch: 2/200] [Batch: 13462/20019] [D loss: -0.230606] [G loss: 10.857995] [ElapsedTime: 27946.61 [sec]]
2019-01-18 02:56:25,653 :[Epoch: 2/200] [Batch: 13562/20019] [D loss: -0.377923] [G loss: 10.932362] [ElapsedTime: 28253.16 [sec]]
2019-01-18 03:01:52,924 :[Epoch: 2/200] [Batch: 13662/20019] [D loss: -0.368994] [G loss: 11.706975] [ElapsedTime: 28580.43 [sec]]
2019-01-18 03:08:06,143 :[Epoch: 2/200] [Batch: 13762/20019] [D loss: -0.711262] [G loss: 10.952271] [ElapsedTime: 28953.65 [sec]]
2019-01-18 03:14:16,339 :[Epoch: 2/200] [Batch: 13862/20019] [D loss: -0.405666] [G loss: 9.876831] [ElapsedTime: 29323.82 [sec]]
2019-01-18 03:20:14,841 :[Epoch: 2/200] [Batch: 13962/20019] [D loss: -0.657316] [G loss: 10.715099] [ElapsedTime: 29682.35 [sec]]
2019-01-18 03:20:40,627 :[Epoch: 2/200] [Iteration: 54000] [Inception Score: 5.98] [Max Score Ever: 6.00]
2019-01-18 03:26:23,340 :[Epoch: 2/200] [Batch: 14062/20019] [D loss: -0.472896] [G loss: 11.225161] [ElapsedTime: 30050.80 [sec]]
2019-01-18 03:32:17,211 :[Epoch: 2/200] [Batch: 14162/20019] [D loss: -0.427310] [G loss: 11.449362] [ElapsedTime: 30404.71 [sec]]
2019-01-18 03:37:52,174 :[Epoch: 2/200] [Batch: 14262/20019] [D loss: -0.184163] [G loss: 10.688406] [ElapsedTime: 30739.68 [sec]]
2019-01-18 03:43:10,169 :[Epoch: 2/200] [Batch: 14362/20019] [D loss: -0.400892] [G loss: 10.198096] [ElapsedTime: 31057.68 [sec]]
2019-01-18 03:48:31,427 :[Epoch: 2/200] [Batch: 14462/20019] [D loss: -1.142500] [G loss: 9.440604] [ElapsedTime: 31378.90 [sec]]
2019-01-18 03:53:53,429 :[Epoch: 2/200] [Batch: 14562/20019] [D loss: -0.769884] [G loss: 10.326217] [ElapsedTime: 31700.93 [sec]]
2019-01-18 03:59:19,546 :[Epoch: 2/200] [Batch: 14662/20019] [D loss: -0.505804] [G loss: 11.183671] [ElapsedTime: 32027.05 [sec]]
2019-01-18 04:05:43,125 :[Epoch: 2/200] [Batch: 14762/20019] [D loss: -0.656648] [G loss: 11.495142] [ElapsedTime: 32410.59 [sec]]
2019-01-18 04:11:24,213 :[Epoch: 2/200] [Batch: 14862/20019] [D loss: -0.298763] [G loss: 11.078488] [ElapsedTime: 32751.72 [sec]]
2019-01-18 04:17:07,628 :[Epoch: 2/200] [Batch: 14962/20019] [D loss: -0.465900] [G loss: 11.149381] [ElapsedTime: 33095.13 [sec]]
2019-01-18 04:17:32,792 :[Epoch: 2/200] [Iteration: 55000] [Inception Score: 5.86] [Max Score Ever: 6.00]
2019-01-18 04:23:09,324 :[Epoch: 2/200] [Batch: 15062/20019] [D loss: -0.346963] [G loss: 11.405416] [ElapsedTime: 33456.83 [sec]]
2019-01-18 04:28:42,830 :[Epoch: 2/200] [Batch: 15162/20019] [D loss: -0.480236] [G loss: 11.110422] [ElapsedTime: 33790.33 [sec]]
2019-01-18 04:34:10,430 :[Epoch: 2/200] [Batch: 15262/20019] [D loss: -1.654066] [G loss: 8.104239] [ElapsedTime: 34117.93 [sec]]
2019-01-18 04:39:53,565 :[Epoch: 2/200] [Batch: 15362/20019] [D loss: -0.558445] [G loss: 11.375167] [ElapsedTime: 34461.07 [sec]]
2019-01-18 04:45:30,992 :[Epoch: 2/200] [Batch: 15462/20019] [D loss: -0.483799] [G loss: 10.643529] [ElapsedTime: 34798.43 [sec]]
2019-01-18 04:51:08,898 :[Epoch: 2/200] [Batch: 15562/20019] [D loss: -0.008484] [G loss: 8.048806] [ElapsedTime: 35136.40 [sec]]
2019-01-18 04:56:41,547 :[Epoch: 2/200] [Batch: 15662/20019] [D loss: -1.263667] [G loss: 10.016824] [ElapsedTime: 35469.05 [sec]]
2019-01-18 05:02:56,560 :[Epoch: 2/200] [Batch: 15762/20019] [D loss: 0.727237] [G loss: 11.329432] [ElapsedTime: 35844.07 [sec]]
2019-01-18 05:08:56,970 :[Epoch: 2/200] [Batch: 15862/20019] [D loss: -0.361386] [G loss: 12.464645] [ElapsedTime: 36204.45 [sec]]
2019-01-18 05:14:37,635 :[Epoch: 2/200] [Batch: 15962/20019] [D loss: -0.285357] [G loss: 12.041335] [ElapsedTime: 36545.14 [sec]]
2019-01-18 05:15:02,279 :[Epoch: 2/200] [Iteration: 56000] [Inception Score: 5.36] [Max Score Ever: 6.00]
2019-01-18 05:20:47,183 :[Epoch: 2/200] [Batch: 16062/20019] [D loss: -0.571766] [G loss: 12.004404] [ElapsedTime: 36914.69 [sec]]
2019-01-18 05:26:45,086 :[Epoch: 2/200] [Batch: 16162/20019] [D loss: -0.511341] [G loss: 11.605149] [ElapsedTime: 37272.59 [sec]]
2019-01-18 05:32:34,328 :[Epoch: 2/200] [Batch: 16262/20019] [D loss: -1.024118] [G loss: 11.513089] [ElapsedTime: 37621.78 [sec]]
2019-01-18 05:38:06,347 :[Epoch: 2/200] [Batch: 16362/20019] [D loss: -0.093065] [G loss: 10.766695] [ElapsedTime: 37953.85 [sec]]
2019-01-18 05:43:31,804 :[Epoch: 2/200] [Batch: 16462/20019] [D loss: -0.490513] [G loss: 10.648631] [ElapsedTime: 38279.31 [sec]]
2019-01-18 05:48:58,486 :[Epoch: 2/200] [Batch: 16562/20019] [D loss: -0.542640] [G loss: 11.786929] [ElapsedTime: 38605.99 [sec]]
2019-01-18 05:54:15,144 :[Epoch: 2/200] [Batch: 16662/20019] [D loss: -0.691743] [G loss: 10.902188] [ElapsedTime: 38922.61 [sec]]
2019-01-18 05:59:26,288 :[Epoch: 2/200] [Batch: 16762/20019] [D loss: -0.212021] [G loss: 11.916024] [ElapsedTime: 39233.79 [sec]]
2019-01-18 06:05:25,005 :[Epoch: 2/200] [Batch: 16862/20019] [D loss: -0.828475] [G loss: 12.438313] [ElapsedTime: 39592.51 [sec]]
2019-01-18 06:10:43,322 :[Epoch: 2/200] [Batch: 16962/20019] [D loss: -0.402417] [G loss: 11.761042] [ElapsedTime: 39910.83 [sec]]
2019-01-18 06:11:07,341 :[Epoch: 2/200] [Iteration: 57000] [Inception Score: 5.87] [Max Score Ever: 6.00]
2019-01-18 06:16:48,644 :[Epoch: 2/200] [Batch: 17062/20019] [D loss: -0.503094] [G loss: 11.879643] [ElapsedTime: 40276.14 [sec]]
2019-01-18 06:22:40,579 :[Epoch: 2/200] [Batch: 17162/20019] [D loss: -0.850831] [G loss: 10.877368] [ElapsedTime: 40628.08 [sec]]
2019-01-18 06:28:16,431 :[Epoch: 2/200] [Batch: 17262/20019] [D loss: -0.360527] [G loss: 10.652506] [ElapsedTime: 40963.94 [sec]]
2019-01-18 06:33:46,566 :[Epoch: 2/200] [Batch: 17362/20019] [D loss: -1.358306] [G loss: 12.441518] [ElapsedTime: 41294.07 [sec]]
2019-01-18 06:39:19,110 :[Epoch: 2/200] [Batch: 17462/20019] [D loss: -0.212656] [G loss: 10.609916] [ElapsedTime: 41626.60 [sec]]
2019-01-18 06:44:48,819 :[Epoch: 2/200] [Batch: 17562/20019] [D loss: -0.445873] [G loss: 11.090933] [ElapsedTime: 41956.32 [sec]]
2019-01-18 06:50:21,878 :[Epoch: 2/200] [Batch: 17662/20019] [D loss: -0.923798] [G loss: 10.914490] [ElapsedTime: 42289.38 [sec]]
2019-01-18 06:55:38,927 :[Epoch: 2/200] [Batch: 17762/20019] [D loss: 0.278040] [G loss: 9.595788] [ElapsedTime: 42606.43 [sec]]
2019-01-18 07:00:59,292 :[Epoch: 2/200] [Batch: 17862/20019] [D loss: -0.186840] [G loss: 12.259937] [ElapsedTime: 42926.80 [sec]]
2019-01-18 07:07:59,778 :[Epoch: 2/200] [Batch: 17962/20019] [D loss: -0.458003] [G loss: 12.463483] [ElapsedTime: 43347.28 [sec]]
2019-01-18 07:08:28,387 :[Epoch: 2/200] [Iteration: 58000] [Inception Score: 5.31] [Max Score Ever: 6.00]
2019-01-18 07:14:28,821 :[Epoch: 2/200] [Batch: 18062/20019] [D loss: 0.002643] [G loss: 11.105534] [ElapsedTime: 43736.33 [sec]]
2019-01-18 07:20:25,878 :[Epoch: 2/200] [Batch: 18162/20019] [D loss: -1.059515] [G loss: 11.615922] [ElapsedTime: 44093.38 [sec]]
2019-01-18 07:26:15,370 :[Epoch: 2/200] [Batch: 18262/20019] [D loss: -0.141294] [G loss: 10.642535] [ElapsedTime: 44442.87 [sec]]
2019-01-18 07:31:58,782 :[Epoch: 2/200] [Batch: 18362/20019] [D loss: -0.661468] [G loss: 10.486942] [ElapsedTime: 44786.29 [sec]]
2019-01-18 07:37:22,032 :[Epoch: 2/200] [Batch: 18462/20019] [D loss: -0.650283] [G loss: 11.734204] [ElapsedTime: 45109.54 [sec]]
2019-01-18 07:42:52,909 :[Epoch: 2/200] [Batch: 18562/20019] [D loss: -0.393503] [G loss: 11.189369] [ElapsedTime: 45440.39 [sec]]
2019-01-18 07:48:17,849 :[Epoch: 2/200] [Batch: 18662/20019] [D loss: -0.345295] [G loss: 9.865294] [ElapsedTime: 45765.35 [sec]]
2019-01-18 07:53:45,804 :[Epoch: 2/200] [Batch: 18762/20019] [D loss: -0.225895] [G loss: 13.200730] [ElapsedTime: 46093.31 [sec]]
2019-01-18 07:59:26,885 :[Epoch: 2/200] [Batch: 18862/20019] [D loss: -0.564934] [G loss: 11.249587] [ElapsedTime: 46434.39 [sec]]
2019-01-18 08:06:10,722 :[Epoch: 2/200] [Batch: 18962/20019] [D loss: -1.341229] [G loss: 10.160347] [ElapsedTime: 46838.22 [sec]]
2019-01-18 08:06:34,430 :[Epoch: 2/200] [Iteration: 59000] [Inception Score: 5.26] [Max Score Ever: 6.00]
2019-01-18 08:12:19,594 :[Epoch: 2/200] [Batch: 19062/20019] [D loss: -0.457479] [G loss: 11.315136] [ElapsedTime: 47207.10 [sec]]
2019-01-18 08:18:13,689 :[Epoch: 2/200] [Batch: 19162/20019] [D loss: -0.120441] [G loss: 6.381750] [ElapsedTime: 47561.19 [sec]]
2019-01-18 08:23:38,803 :[Epoch: 2/200] [Batch: 19262/20019] [D loss: -0.094578] [G loss: 8.191737] [ElapsedTime: 47886.31 [sec]]
2019-01-18 08:28:52,650 :[Epoch: 2/200] [Batch: 19362/20019] [D loss: -0.208230] [G loss: 9.636471] [ElapsedTime: 48200.14 [sec]]
2019-01-18 08:34:11,159 :[Epoch: 2/200] [Batch: 19462/20019] [D loss: -0.603319] [G loss: 10.865149] [ElapsedTime: 48518.66 [sec]]
2019-01-18 08:39:44,516 :[Epoch: 2/200] [Batch: 19562/20019] [D loss: -0.533836] [G loss: 11.320575] [ElapsedTime: 48852.00 [sec]]
2019-01-18 08:45:21,470 :[Epoch: 2/200] [Batch: 19662/20019] [D loss: -0.572121] [G loss: 11.501885] [ElapsedTime: 49188.97 [sec]]
2019-01-18 08:51:02,003 :[Epoch: 2/200] [Batch: 19762/20019] [D loss: -0.324727] [G loss: 13.362620] [ElapsedTime: 49529.51 [sec]]
2019-01-18 08:56:43,549 :[Epoch: 2/200] [Batch: 19862/20019] [D loss: -0.440699] [G loss: 11.722034] [ElapsedTime: 49871.05 [sec]]
2019-01-18 09:03:09,491 :[Epoch: 2/200] [Batch: 19962/20019] [D loss: -1.115753] [G loss: 11.398955] [ElapsedTime: 50256.94 [sec]]
2019-01-18 09:03:42,026 :[Epoch: 2/200] [Iteration: 60000] [Inception Score: 6.06] [Max Score Ever: 6.06]
2019-01-18 09:09:30,099 :[Epoch: 2/200] [Batch: 20062/20019] [D loss: -0.457399] [G loss: 11.537534] [ElapsedTime: 50637.60 [sec]]
2019-01-18 09:15:08,294 :[Epoch: 2/200] [Batch: 20162/20019] [D loss: -0.528005] [G loss: 11.946473] [ElapsedTime: 50975.78 [sec]]
2019-01-18 09:20:47,372 :[Epoch: 2/200] [Batch: 20262/20019] [D loss: -0.574424] [G loss: 12.503557] [ElapsedTime: 51314.87 [sec]]
2019-01-18 09:26:37,512 :[Epoch: 2/200] [Batch: 20362/20019] [D loss: -0.856368] [G loss: 12.235096] [ElapsedTime: 51665.02 [sec]]
2019-01-18 09:32:30,114 :[Epoch: 2/200] [Batch: 20462/20019] [D loss: -0.123339] [G loss: 11.736794] [ElapsedTime: 52017.62 [sec]]
2019-01-18 09:38:16,819 :[Epoch: 2/200] [Batch: 20562/20019] [D loss: -0.550971] [G loss: 11.153399] [ElapsedTime: 52364.30 [sec]]
2019-01-18 09:43:37,792 :[Epoch: 2/200] [Batch: 20662/20019] [D loss: -0.476919] [G loss: 12.110474] [ElapsedTime: 52685.30 [sec]]
2019-01-18 09:48:55,634 :[Epoch: 2/200] [Batch: 20762/20019] [D loss: -0.321126] [G loss: 11.331082] [ElapsedTime: 53003.14 [sec]]
2019-01-18 09:54:08,501 :[Epoch: 2/200] [Batch: 20862/20019] [D loss: -0.558811] [G loss: 11.900245] [ElapsedTime: 53315.90 [sec]]
2019-01-18 09:59:08,587 :[Epoch: 2/200] [Batch: 20962/20019] [D loss: -1.238958] [G loss: 11.059542] [ElapsedTime: 53616.09 [sec]]
2019-01-18 09:59:29,469 :[Epoch: 2/200] [Iteration: 61000] [Inception Score: 5.82] [Max Score Ever: 6.06]
2019-01-18 10:05:02,083 :[Epoch: 2/200] [Batch: 21062/20019] [D loss: 2.257426] [G loss: 12.465515] [ElapsedTime: 53969.59 [sec]]
2019-01-18 10:10:07,865 :[Epoch: 2/200] [Batch: 21162/20019] [D loss: -0.247515] [G loss: 12.827215] [ElapsedTime: 54275.32 [sec]]
2019-01-18 10:15:49,342 :[Epoch: 2/200] [Batch: 21262/20019] [D loss: -0.364316] [G loss: 12.207072] [ElapsedTime: 54616.85 [sec]]
2019-01-18 10:21:31,179 :[Epoch: 2/200] [Batch: 21362/20019] [D loss: -0.901145] [G loss: 11.304880] [ElapsedTime: 54958.67 [sec]]
2019-01-18 10:27:00,636 :[Epoch: 2/200] [Batch: 21462/20019] [D loss: -0.155993] [G loss: 11.101684] [ElapsedTime: 55288.05 [sec]]
2019-01-18 10:32:30,879 :[Epoch: 2/200] [Batch: 21562/20019] [D loss: -0.591639] [G loss: 11.639135] [ElapsedTime: 55618.38 [sec]]
2019-01-18 10:38:01,407 :[Epoch: 2/200] [Batch: 21662/20019] [D loss: -0.837727] [G loss: 11.148310] [ElapsedTime: 55948.91 [sec]]
2019-01-18 10:43:24,494 :[Epoch: 2/200] [Batch: 21762/20019] [D loss: 0.024069] [G loss: 11.464427] [ElapsedTime: 56271.92 [sec]]
2019-01-18 10:48:40,669 :[Epoch: 2/200] [Batch: 21862/20019] [D loss: -0.560944] [G loss: 11.739589] [ElapsedTime: 56588.17 [sec]]
2019-01-18 10:53:44,121 :[Epoch: 2/200] [Batch: 21962/20019] [D loss: -0.183445] [G loss: 11.114887] [ElapsedTime: 56891.61 [sec]]
2019-01-18 10:54:08,164 :[Epoch: 2/200] [Iteration: 62000] [Inception Score: 5.29] [Max Score Ever: 6.06]
2019-01-18 10:59:27,075 :[Epoch: 2/200] [Batch: 22062/20019] [D loss: -0.712411] [G loss: 11.602661] [ElapsedTime: 57234.58 [sec]]
2019-01-18 11:05:55,148 :[Epoch: 2/200] [Batch: 22162/20019] [D loss: -0.463959] [G loss: 11.809636] [ElapsedTime: 57622.65 [sec]]
2019-01-18 11:11:34,014 :[Epoch: 2/200] [Batch: 22262/20019] [D loss: -0.678180] [G loss: 12.635654] [ElapsedTime: 57961.50 [sec]]
2019-01-18 11:17:25,664 :[Epoch: 2/200] [Batch: 22362/20019] [D loss: -0.556149] [G loss: 11.905449] [ElapsedTime: 58313.10 [sec]]
2019-01-18 11:23:06,952 :[Epoch: 2/200] [Batch: 22462/20019] [D loss: -0.885802] [G loss: 11.632996] [ElapsedTime: 58654.46 [sec]]
2019-01-18 11:28:41,839 :[Epoch: 2/200] [Batch: 22562/20019] [D loss: -0.665552] [G loss: 12.223130] [ElapsedTime: 58989.34 [sec]]
2019-01-18 11:34:10,973 :[Epoch: 2/200] [Batch: 22662/20019] [D loss: -0.213868] [G loss: 13.048536] [ElapsedTime: 59318.46 [sec]]
2019-01-18 11:39:48,223 :[Epoch: 2/200] [Batch: 22762/20019] [D loss: -0.504960] [G loss: 12.453079] [ElapsedTime: 59655.73 [sec]]
2019-01-18 11:45:30,808 :[Epoch: 2/200] [Batch: 22862/20019] [D loss: -0.897534] [G loss: 9.572160] [ElapsedTime: 59998.31 [sec]]
2019-01-18 11:51:12,676 :[Epoch: 2/200] [Batch: 22962/20019] [D loss: -0.694075] [G loss: 10.396589] [ElapsedTime: 60340.10 [sec]]
2019-01-18 11:51:39,417 :[Epoch: 2/200] [Iteration: 63000] [Inception Score: 5.39] [Max Score Ever: 6.06]
2019-01-18 11:57:20,862 :[Epoch: 2/200] [Batch: 23062/20019] [D loss: -0.734177] [G loss: 9.837427] [ElapsedTime: 60708.37 [sec]]
2019-01-18 12:03:54,012 :[Epoch: 2/200] [Batch: 23162/20019] [D loss: -0.169074] [G loss: 13.560883] [ElapsedTime: 61101.47 [sec]]
2019-01-18 12:09:42,482 :[Epoch: 2/200] [Batch: 23262/20019] [D loss: -1.054020] [G loss: 12.705457] [ElapsedTime: 61449.97 [sec]]
2019-01-18 12:15:16,366 :[Epoch: 2/200] [Batch: 23362/20019] [D loss: -1.119752] [G loss: 12.652548] [ElapsedTime: 61783.87 [sec]]
2019-01-18 12:20:43,491 :[Epoch: 2/200] [Batch: 23462/20019] [D loss: 0.184625] [G loss: 11.547715] [ElapsedTime: 62110.99 [sec]]
2019-01-18 12:26:11,910 :[Epoch: 2/200] [Batch: 23562/20019] [D loss: -0.040491] [G loss: 12.083807] [ElapsedTime: 62439.36 [sec]]
2019-01-18 12:31:48,540 :[Epoch: 2/200] [Batch: 23662/20019] [D loss: -0.084345] [G loss: 11.855441] [ElapsedTime: 62776.04 [sec]]
2019-01-18 12:37:37,127 :[Epoch: 2/200] [Batch: 23762/20019] [D loss: -0.138508] [G loss: 11.778156] [ElapsedTime: 63124.61 [sec]]
2019-01-18 12:43:15,334 :[Epoch: 2/200] [Batch: 23862/20019] [D loss: 0.015130] [G loss: 11.638204] [ElapsedTime: 63462.80 [sec]]
2019-01-18 12:48:48,425 :[Epoch: 2/200] [Batch: 23962/20019] [D loss: -0.049357] [G loss: 12.079677] [ElapsedTime: 63795.93 [sec]]
2019-01-18 12:49:12,923 :[Epoch: 2/200] [Iteration: 64000] [Inception Score: 5.43] [Max Score Ever: 6.06]
2019-01-18 12:54:42,125 :[Epoch: 2/200] [Batch: 24062/20019] [D loss: 0.044025] [G loss: 12.393615] [ElapsedTime: 64149.63 [sec]]
2019-01-18 12:59:59,452 :[Epoch: 2/200] [Batch: 24162/20019] [D loss: -0.031897] [G loss: 12.554983] [ElapsedTime: 64466.93 [sec]]
2019-01-18 13:05:45,954 :[Epoch: 2/200] [Batch: 24262/20019] [D loss: -0.185932] [G loss: 12.429704] [ElapsedTime: 64813.46 [sec]]
2019-01-18 13:10:57,648 :[Epoch: 2/200] [Batch: 24362/20019] [D loss: -0.427472] [G loss: 12.080748] [ElapsedTime: 65125.15 [sec]]
2019-01-18 13:15:58,455 :[Epoch: 2/200] [Batch: 24462/20019] [D loss: -0.533625] [G loss: 12.665696] [ElapsedTime: 65425.96 [sec]]
2019-01-18 13:21:07,206 :[Epoch: 2/200] [Batch: 24562/20019] [D loss: -0.321229] [G loss: 11.785254] [ElapsedTime: 65734.71 [sec]]
2019-01-18 13:26:20,478 :[Epoch: 2/200] [Batch: 24662/20019] [D loss: -0.175362] [G loss: 12.037324] [ElapsedTime: 66047.97 [sec]]
2019-01-18 13:31:16,859 :[Epoch: 2/200] [Batch: 24762/20019] [D loss: 0.041801] [G loss: 11.856044] [ElapsedTime: 66344.30 [sec]]
2019-01-18 13:36:10,906 :[Epoch: 2/200] [Batch: 24862/20019] [D loss: -0.526861] [G loss: 12.070256] [ElapsedTime: 66638.41 [sec]]
2019-01-18 13:40:55,119 :[Epoch: 1/200] [Batch: 4943/20019] [D loss: -0.407244] [G loss: 12.324463] [ElapsedTime: 66922.58 [sec]]
2019-01-18 13:41:05,909 :[Epoch: 1/200] [Iteration: 65000] [Inception Score: 5.55] [Max Score Ever: 6.06]
2019-01-18 13:45:57,577 :[Epoch: 1/200] [Batch: 5043/20019] [D loss: -0.091325] [G loss: 11.939779] [ElapsedTime: 67225.06 [sec]]
2019-01-18 13:50:45,210 :[Epoch: 1/200] [Batch: 5143/20019] [D loss: -0.354871] [G loss: 12.098145] [ElapsedTime: 67512.71 [sec]]
2019-01-18 13:55:33,382 :[Epoch: 1/200] [Batch: 5243/20019] [D loss: -0.674706] [G loss: 12.308826] [ElapsedTime: 67800.89 [sec]]
2019-01-18 14:00:14,255 :[Epoch: 1/200] [Batch: 5343/20019] [D loss: -0.252871] [G loss: 12.289049] [ElapsedTime: 68081.72 [sec]]
2019-01-18 14:05:55,625 :[Epoch: 1/200] [Batch: 5443/20019] [D loss: -0.339772] [G loss: 12.498028] [ElapsedTime: 68423.11 [sec]]
2019-01-18 14:10:46,962 :[Epoch: 1/200] [Batch: 5543/20019] [D loss: -0.644432] [G loss: 11.912477] [ElapsedTime: 68714.48 [sec]]
2019-01-18 14:15:46,446 :[Epoch: 1/200] [Batch: 5643/20019] [D loss: -0.721959] [G loss: 12.068419] [ElapsedTime: 69013.88 [sec]]
2019-01-18 14:21:03,952 :[Epoch: 1/200] [Batch: 5743/20019] [D loss: -0.656403] [G loss: 11.570441] [ElapsedTime: 69331.46 [sec]]
2019-01-18 14:26:21,030 :[Epoch: 1/200] [Batch: 5843/20019] [D loss: -0.403557] [G loss: 11.785191] [ElapsedTime: 69648.54 [sec]]
2019-01-18 14:31:26,334 :[Epoch: 1/200] [Batch: 5943/20019] [D loss: -0.296758] [G loss: 11.659073] [ElapsedTime: 69953.84 [sec]]
2019-01-18 14:31:38,036 :[Epoch: 1/200] [Iteration: 66000] [Inception Score: 5.02] [Max Score Ever: 6.06]
2019-01-18 14:36:36,384 :[Epoch: 1/200] [Batch: 6043/20019] [D loss: -0.276072] [G loss: 11.814246] [ElapsedTime: 70263.89 [sec]]
2019-01-18 14:41:27,081 :[Epoch: 1/200] [Batch: 6143/20019] [D loss: -0.633221] [G loss: 11.984826] [ElapsedTime: 70554.59 [sec]]
2019-01-18 14:46:17,335 :[Epoch: 1/200] [Batch: 6243/20019] [D loss: -0.630014] [G loss: 12.132497] [ElapsedTime: 70844.84 [sec]]
2019-01-18 14:51:11,028 :[Epoch: 1/200] [Batch: 6343/20019] [D loss: -0.144706] [G loss: 10.113499] [ElapsedTime: 71138.53 [sec]]
2019-01-18 14:55:56,700 :[Epoch: 1/200] [Batch: 6443/20019] [D loss: -1.174768] [G loss: 11.527710] [ElapsedTime: 71424.22 [sec]]
2019-01-18 15:00:37,730 :[Epoch: 1/200] [Batch: 6543/20019] [D loss: -0.475158] [G loss: 13.315425] [ElapsedTime: 71705.13 [sec]]
2019-01-18 15:06:50,030 :[Epoch: 1/200] [Batch: 6643/20019] [D loss: -0.902849] [G loss: 11.485006] [ElapsedTime: 72077.53 [sec]]
2019-01-18 15:12:24,247 :[Epoch: 1/200] [Batch: 6743/20019] [D loss: -0.273989] [G loss: 11.470422] [ElapsedTime: 72411.75 [sec]]
2019-01-18 15:17:41,364 :[Epoch: 1/200] [Batch: 6843/20019] [D loss: -0.452928] [G loss: 11.853340] [ElapsedTime: 72728.81 [sec]]
2019-01-18 15:22:43,099 :[Epoch: 1/200] [Batch: 6943/20019] [D loss: -1.965498] [G loss: 10.363564] [ElapsedTime: 73030.60 [sec]]
2019-01-18 15:23:02,843 :[Epoch: 1/200] [Iteration: 67000] [Inception Score: 5.16] [Max Score Ever: 6.06]
2019-01-18 15:28:08,377 :[Epoch: 1/200] [Batch: 7043/20019] [D loss: 0.649544] [G loss: 10.435313] [ElapsedTime: 73355.88 [sec]]
2019-01-18 15:33:07,114 :[Epoch: 1/200] [Batch: 7143/20019] [D loss: -0.326130] [G loss: 7.729711] [ElapsedTime: 73654.58 [sec]]
2019-01-18 15:38:32,112 :[Epoch: 1/200] [Batch: 7243/20019] [D loss: -0.358153] [G loss: 10.308335] [ElapsedTime: 73979.62 [sec]]
2019-01-18 15:43:56,700 :[Epoch: 1/200] [Batch: 7343/20019] [D loss: -0.842385] [G loss: 11.102406] [ElapsedTime: 74304.20 [sec]]
2019-01-18 15:49:18,537 :[Epoch: 1/200] [Batch: 7443/20019] [D loss: -1.444000] [G loss: 12.917087] [ElapsedTime: 74626.00 [sec]]
2019-01-18 15:54:37,663 :[Epoch: 1/200] [Batch: 7543/20019] [D loss: -0.561470] [G loss: 12.191302] [ElapsedTime: 74945.17 [sec]]
2019-01-18 15:59:53,395 :[Epoch: 1/200] [Batch: 7643/20019] [D loss: 0.048543] [G loss: 11.792329] [ElapsedTime: 75260.90 [sec]]
2019-01-18 16:06:23,232 :[Epoch: 1/200] [Batch: 7743/20019] [D loss: -0.579111] [G loss: 11.663829] [ElapsedTime: 75650.65 [sec]]
2019-01-18 16:12:09,019 :[Epoch: 1/200] [Batch: 7843/20019] [D loss: -0.753120] [G loss: 13.207831] [ElapsedTime: 75996.52 [sec]]
2019-01-18 16:17:52,892 :[Epoch: 1/200] [Batch: 7943/20019] [D loss: -0.190674] [G loss: 12.999031] [ElapsedTime: 76340.40 [sec]]
2019-01-18 16:18:16,967 :[Epoch: 1/200] [Iteration: 68000] [Inception Score: 5.48] [Max Score Ever: 6.06]
2019-01-18 16:23:43,912 :[Epoch: 1/200] [Batch: 8043/20019] [D loss: -0.587028] [G loss: 12.404526] [ElapsedTime: 76691.41 [sec]]
2019-01-18 16:29:09,283 :[Epoch: 1/200] [Batch: 8143/20019] [D loss: -0.328973] [G loss: 11.740709] [ElapsedTime: 77016.79 [sec]]
2019-01-18 16:34:22,840 :[Epoch: 1/200] [Batch: 8243/20019] [D loss: -0.604517] [G loss: 11.258869] [ElapsedTime: 77330.35 [sec]]
2019-01-18 16:39:35,829 :[Epoch: 1/200] [Batch: 8343/20019] [D loss: 0.615787] [G loss: 12.405745] [ElapsedTime: 77643.33 [sec]]
2019-01-18 16:44:51,879 :[Epoch: 1/200] [Batch: 8443/20019] [D loss: -1.016422] [G loss: 11.689809] [ElapsedTime: 77959.34 [sec]]
2019-01-18 16:50:08,862 :[Epoch: 1/200] [Batch: 8543/20019] [D loss: -1.209180] [G loss: 12.238612] [ElapsedTime: 78276.37 [sec]]
2019-01-18 16:55:24,803 :[Epoch: 1/200] [Batch: 8643/20019] [D loss: 1.421579] [G loss: 10.345974] [ElapsedTime: 78592.30 [sec]]
2019-01-18 17:00:32,630 :[Epoch: 1/200] [Batch: 8743/20019] [D loss: -0.756026] [G loss: 12.387289] [ElapsedTime: 78900.14 [sec]]
2019-01-18 17:06:11,917 :[Epoch: 1/200] [Batch: 8843/20019] [D loss: 1.158481] [G loss: 3.966374] [ElapsedTime: 79239.38 [sec]]
2019-01-18 17:11:07,534 :[Epoch: 1/200] [Batch: 8943/20019] [D loss: 0.081923] [G loss: 4.624657] [ElapsedTime: 79535.01 [sec]]
2019-01-18 17:11:29,478 :[Epoch: 1/200] [Iteration: 69000] [Inception Score: 5.24] [Max Score Ever: 6.06]
2019-01-18 17:16:34,524 :[Epoch: 1/200] [Batch: 9043/20019] [D loss: -0.158295] [G loss: 5.276012] [ElapsedTime: 79862.03 [sec]]
2019-01-18 17:21:42,554 :[Epoch: 1/200] [Batch: 9143/20019] [D loss: -0.368325] [G loss: 5.108781] [ElapsedTime: 80170.03 [sec]]
2019-01-18 17:26:45,706 :[Epoch: 1/200] [Batch: 9243/20019] [D loss: -0.050007] [G loss: 6.024057] [ElapsedTime: 80473.11 [sec]]
2019-01-18 17:31:29,912 :[Epoch: 1/200] [Batch: 9343/20019] [D loss: -0.050063] [G loss: 7.906319] [ElapsedTime: 80757.42 [sec]]
2019-01-18 17:36:15,956 :[Epoch: 1/200] [Batch: 9443/20019] [D loss: 0.016393] [G loss: 7.425952] [ElapsedTime: 81043.46 [sec]]
2019-01-18 17:41:02,586 :[Epoch: 1/200] [Batch: 9543/20019] [D loss: -0.713135] [G loss: 8.745831] [ElapsedTime: 81330.02 [sec]]
2019-01-18 17:46:03,645 :[Epoch: 1/200] [Batch: 9643/20019] [D loss: -0.558614] [G loss: 9.560594] [ElapsedTime: 81631.15 [sec]]
2019-01-18 17:50:57,190 :[Epoch: 1/200] [Batch: 9743/20019] [D loss: -0.488577] [G loss: 8.517077] [ElapsedTime: 81924.69 [sec]]
2019-01-18 17:55:58,331 :[Epoch: 1/200] [Batch: 9843/20019] [D loss: -0.470239] [G loss: 10.148323] [ElapsedTime: 82225.69 [sec]]
2019-01-18 18:00:48,772 :[Epoch: 1/200] [Batch: 9943/20019] [D loss: 0.094138] [G loss: 8.465973] [ElapsedTime: 82516.28 [sec]]
2019-01-18 18:01:08,937 :[Epoch: 1/200] [Iteration: 70000] [Inception Score: 6.20] [Max Score Ever: 6.20]
2019-01-18 18:06:56,094 :[Epoch: 1/200] [Batch: 10043/20019] [D loss: -0.557580] [G loss: 9.362781] [ElapsedTime: 82883.60 [sec]]
2019-01-18 18:12:28,958 :[Epoch: 1/200] [Batch: 10143/20019] [D loss: -0.733729] [G loss: 10.798284] [ElapsedTime: 83216.45 [sec]]
2019-01-18 18:18:06,168 :[Epoch: 1/200] [Batch: 10243/20019] [D loss: -0.340771] [G loss: 12.921659] [ElapsedTime: 83553.67 [sec]]
2019-01-18 18:23:18,781 :[Epoch: 1/200] [Batch: 10343/20019] [D loss: -0.539438] [G loss: 13.929770] [ElapsedTime: 83866.28 [sec]]
2019-01-18 18:28:32,901 :[Epoch: 1/200] [Batch: 10443/20019] [D loss: -0.788372] [G loss: 12.503200] [ElapsedTime: 84180.35 [sec]]
2019-01-18 18:33:46,097 :[Epoch: 1/200] [Batch: 10543/20019] [D loss: -0.350718] [G loss: 12.579134] [ElapsedTime: 84493.60 [sec]]
2019-01-18 18:39:00,294 :[Epoch: 1/200] [Batch: 10643/20019] [D loss: -0.238878] [G loss: 11.850254] [ElapsedTime: 84807.80 [sec]]
2019-01-18 18:43:59,082 :[Epoch: 1/200] [Batch: 10743/20019] [D loss: -1.014283] [G loss: 12.840155] [ElapsedTime: 85106.53 [sec]]
2019-01-18 18:48:45,816 :[Epoch: 1/200] [Batch: 10843/20019] [D loss: -0.734912] [G loss: 12.382167] [ElapsedTime: 85393.32 [sec]]
2019-01-18 18:53:31,242 :[Epoch: 1/200] [Batch: 10943/20019] [D loss: -1.021834] [G loss: 12.844414] [ElapsedTime: 85678.75 [sec]]
2019-01-18 18:53:49,606 :[Epoch: 1/200] [Iteration: 71000] [Inception Score: 5.25] [Max Score Ever: 6.20]
2019-01-18 18:58:28,623 :[Epoch: 1/200] [Batch: 11043/20019] [D loss: -1.194118] [G loss: 12.088257] [ElapsedTime: 85976.08 [sec]]
2019-01-18 19:04:06,781 :[Epoch: 1/200] [Batch: 11143/20019] [D loss: -0.108936] [G loss: 12.602972] [ElapsedTime: 86314.28 [sec]]
2019-01-18 19:09:49,323 :[Epoch: 1/200] [Batch: 11243/20019] [D loss: -1.026437] [G loss: 12.311745] [ElapsedTime: 86656.83 [sec]]
2019-01-18 19:15:17,487 :[Epoch: 1/200] [Batch: 11343/20019] [D loss: -0.609857] [G loss: 11.206374] [ElapsedTime: 86984.93 [sec]]
2019-01-18 19:20:39,653 :[Epoch: 1/200] [Batch: 11443/20019] [D loss: -1.099301] [G loss: 13.044683] [ElapsedTime: 87307.16 [sec]]
2019-01-18 19:25:50,007 :[Epoch: 1/200] [Batch: 11543/20019] [D loss: -0.254899] [G loss: 14.142840] [ElapsedTime: 87617.51 [sec]]
2019-01-18 19:30:59,621 :[Epoch: 1/200] [Batch: 11643/20019] [D loss: -0.772023] [G loss: 11.710673] [ElapsedTime: 87927.07 [sec]]
2019-01-18 19:36:02,085 :[Epoch: 1/200] [Batch: 11743/20019] [D loss: -0.576985] [G loss: 12.277270] [ElapsedTime: 88229.59 [sec]]
2019-01-18 19:41:11,131 :[Epoch: 1/200] [Batch: 11843/20019] [D loss: -0.486020] [G loss: 10.891118] [ElapsedTime: 88538.63 [sec]]
2019-01-18 19:46:34,041 :[Epoch: 1/200] [Batch: 11943/20019] [D loss: 0.067587] [G loss: 11.345772] [ElapsedTime: 88861.50 [sec]]
2019-01-18 19:46:56,009 :[Epoch: 1/200] [Iteration: 72000] [Inception Score: 5.10] [Max Score Ever: 6.20]
2019-01-18 19:51:59,883 :[Epoch: 1/200] [Batch: 12043/20019] [D loss: -0.462677] [G loss: 15.294209] [ElapsedTime: 89187.39 [sec]]
2019-01-18 19:56:58,867 :[Epoch: 1/200] [Batch: 12143/20019] [D loss: -0.415283] [G loss: 13.866928] [ElapsedTime: 89486.37 [sec]]
2019-01-18 20:02:44,324 :[Epoch: 1/200] [Batch: 12243/20019] [D loss: -0.849130] [G loss: 14.007396] [ElapsedTime: 89831.75 [sec]]
2019-01-18 20:07:53,408 :[Epoch: 1/200] [Batch: 12343/20019] [D loss: -0.929642] [G loss: 13.828748] [ElapsedTime: 90140.91 [sec]]
2019-01-18 20:13:02,697 :[Epoch: 1/200] [Batch: 12443/20019] [D loss: -0.386007] [G loss: 13.100010] [ElapsedTime: 90450.20 [sec]]
2019-01-18 20:18:27,195 :[Epoch: 1/200] [Batch: 12543/20019] [D loss: -0.539456] [G loss: 13.057766] [ElapsedTime: 90774.68 [sec]]
2019-01-18 20:23:49,420 :[Epoch: 1/200] [Batch: 12643/20019] [D loss: -0.921384] [G loss: 12.498026] [ElapsedTime: 91096.92 [sec]]
2019-01-18 20:29:11,161 :[Epoch: 1/200] [Batch: 12743/20019] [D loss: -0.868396] [G loss: 12.981316] [ElapsedTime: 91418.67 [sec]]
2019-01-18 20:34:27,953 :[Epoch: 1/200] [Batch: 12843/20019] [D loss: -0.604665] [G loss: 11.312726] [ElapsedTime: 91735.42 [sec]]
2019-01-18 20:39:47,564 :[Epoch: 1/200] [Batch: 12943/20019] [D loss: -0.762023] [G loss: 11.865033] [ElapsedTime: 92055.07 [sec]]
2019-01-18 20:40:10,702 :[Epoch: 1/200] [Iteration: 73000] [Inception Score: 5.94] [Max Score Ever: 6.20]
2019-01-18 20:45:22,908 :[Epoch: 1/200] [Batch: 13043/20019] [D loss: -0.884331] [G loss: 14.348134] [ElapsedTime: 92390.41 [sec]]
2019-01-18 20:50:32,350 :[Epoch: 1/200] [Batch: 13143/20019] [D loss: -0.066678] [G loss: 14.162473] [ElapsedTime: 92699.70 [sec]]
2019-01-18 20:55:53,902 :[Epoch: 1/200] [Batch: 13243/20019] [D loss: -0.675329] [G loss: 11.451863] [ElapsedTime: 93021.41 [sec]]
2019-01-18 21:01:06,615 :[Epoch: 1/200] [Batch: 13343/20019] [D loss: -0.079994] [G loss: 12.092879] [ElapsedTime: 93334.12 [sec]]
2019-01-18 21:07:09,113 :[Epoch: 1/200] [Batch: 13443/20019] [D loss: 0.052249] [G loss: 14.103461] [ElapsedTime: 93696.60 [sec]]
2019-01-18 21:12:40,912 :[Epoch: 1/200] [Batch: 13543/20019] [D loss: -0.909936] [G loss: 15.131716] [ElapsedTime: 94028.42 [sec]]
2019-01-18 21:18:13,662 :[Epoch: 1/200] [Batch: 13643/20019] [D loss: -0.920176] [G loss: 15.162940] [ElapsedTime: 94361.17 [sec]]
2019-01-18 21:23:38,193 :[Epoch: 1/200] [Batch: 13743/20019] [D loss: -0.139175] [G loss: 12.476479] [ElapsedTime: 94685.70 [sec]]
2019-01-18 21:29:02,884 :[Epoch: 1/200] [Batch: 13843/20019] [D loss: -0.367581] [G loss: 14.389692] [ElapsedTime: 95010.39 [sec]]
2019-01-18 21:34:41,640 :[Epoch: 1/200] [Batch: 13943/20019] [D loss: -0.054624] [G loss: 16.008846] [ElapsedTime: 95349.14 [sec]]
2019-01-18 21:35:04,156 :[Epoch: 1/200] [Iteration: 74000] [Inception Score: 5.28] [Max Score Ever: 6.20]
2019-01-18 21:40:26,523 :[Epoch: 1/200] [Batch: 14043/20019] [D loss: -0.679256] [G loss: 16.248453] [ElapsedTime: 95694.03 [sec]]
2019-01-18 21:45:51,095 :[Epoch: 1/200] [Batch: 14143/20019] [D loss: 0.081689] [G loss: 14.058550] [ElapsedTime: 96018.60 [sec]]
2019-01-18 21:51:10,749 :[Epoch: 1/200] [Batch: 14243/20019] [D loss: -1.231041] [G loss: 14.790532] [ElapsedTime: 96338.25 [sec]]
2019-01-18 21:56:28,915 :[Epoch: 1/200] [Batch: 14343/20019] [D loss: -0.450187] [G loss: 14.707706] [ElapsedTime: 96656.42 [sec]]
2019-01-18 22:02:22,830 :[Epoch: 1/200] [Batch: 14443/20019] [D loss: -0.156661] [G loss: 15.091125] [ElapsedTime: 97010.27 [sec]]
2019-01-18 22:07:48,011 :[Epoch: 1/200] [Batch: 14543/20019] [D loss: -0.865640] [G loss: 15.596136] [ElapsedTime: 97335.51 [sec]]
2019-01-18 22:13:22,793 :[Epoch: 1/200] [Batch: 14643/20019] [D loss: -0.242941] [G loss: 14.025522] [ElapsedTime: 97670.30 [sec]]
2019-01-18 22:18:50,923 :[Epoch: 1/200] [Batch: 14743/20019] [D loss: -0.501883] [G loss: 14.607156] [ElapsedTime: 97998.43 [sec]]
2019-01-18 22:24:12,695 :[Epoch: 1/200] [Batch: 14843/20019] [D loss: -1.005709] [G loss: 14.167059] [ElapsedTime: 98320.20 [sec]]
2019-01-18 22:29:57,311 :[Epoch: 1/200] [Batch: 14943/20019] [D loss: -0.787886] [G loss: 15.014647] [ElapsedTime: 98664.81 [sec]]
2019-01-18 22:30:24,468 :[Epoch: 1/200] [Iteration: 75000] [Inception Score: 5.18] [Max Score Ever: 6.20]
2019-01-18 22:36:07,303 :[Epoch: 1/200] [Batch: 15043/20019] [D loss: -1.066072] [G loss: 14.448359] [ElapsedTime: 99034.81 [sec]]
2019-01-18 22:41:44,109 :[Epoch: 1/200] [Batch: 15143/20019] [D loss: -1.619192] [G loss: 13.461681] [ElapsedTime: 99371.61 [sec]]
2019-01-18 22:47:25,804 :[Epoch: 1/200] [Batch: 15243/20019] [D loss: -0.507968] [G loss: 14.780103] [ElapsedTime: 99713.29 [sec]]
2019-01-18 22:52:57,748 :[Epoch: 1/200] [Batch: 15343/20019] [D loss: -0.956044] [G loss: 13.759600] [ElapsedTime: 100045.25 [sec]]
2019-01-18 22:58:27,015 :[Epoch: 1/200] [Batch: 15443/20019] [D loss: -0.127777] [G loss: 15.115977] [ElapsedTime: 100374.49 [sec]]
2019-01-18 23:04:28,629 :[Epoch: 1/200] [Batch: 15543/20019] [D loss: 0.325925] [G loss: 14.429443] [ElapsedTime: 100736.13 [sec]]
2019-01-18 23:10:19,004 :[Epoch: 1/200] [Batch: 15643/20019] [D loss: -0.718481] [G loss: 14.911584] [ElapsedTime: 101086.41 [sec]]
2019-01-18 23:16:07,997 :[Epoch: 1/200] [Batch: 15743/20019] [D loss: 2.217409] [G loss: 9.976915] [ElapsedTime: 101435.50 [sec]]
2019-01-18 23:22:05,454 :[Epoch: 1/200] [Batch: 15843/20019] [D loss: -0.523561] [G loss: 12.626417] [ElapsedTime: 101792.89 [sec]]
2019-01-18 23:27:24,702 :[Epoch: 1/200] [Batch: 15943/20019] [D loss: -0.507290] [G loss: 13.731854] [ElapsedTime: 102112.21 [sec]]
2019-01-18 23:27:46,408 :[Epoch: 1/200] [Iteration: 76000] [Inception Score: 5.50] [Max Score Ever: 6.20]
2019-01-18 23:32:58,403 :[Epoch: 1/200] [Batch: 16043/20019] [D loss: -0.069489] [G loss: 14.405984] [ElapsedTime: 102445.89 [sec]]
2019-01-18 23:38:02,325 :[Epoch: 1/200] [Batch: 16143/20019] [D loss: -0.467712] [G loss: 15.310288] [ElapsedTime: 102749.83 [sec]]
2019-01-18 23:42:59,388 :[Epoch: 1/200] [Batch: 16243/20019] [D loss: -0.610975] [G loss: 14.877274] [ElapsedTime: 103046.89 [sec]]
2019-01-18 23:47:55,228 :[Epoch: 1/200] [Batch: 16343/20019] [D loss: 0.165720] [G loss: 15.878117] [ElapsedTime: 103342.64 [sec]]
2019-01-18 23:52:42,868 :[Epoch: 1/200] [Batch: 16443/20019] [D loss: -0.621634] [G loss: 16.298058] [ElapsedTime: 103630.37 [sec]]
2019-01-18 23:57:28,621 :[Epoch: 1/200] [Batch: 16543/20019] [D loss: -0.271577] [G loss: 14.814298] [ElapsedTime: 103916.10 [sec]]
2019-01-19 00:02:47,542 :[Epoch: 1/200] [Batch: 16643/20019] [D loss: -0.516656] [G loss: 16.402502] [ElapsedTime: 104234.95 [sec]]
2019-01-19 00:08:08,856 :[Epoch: 1/200] [Batch: 16743/20019] [D loss: -1.001783] [G loss: 14.803992] [ElapsedTime: 104556.36 [sec]]
2019-01-19 00:13:49,632 :[Epoch: 1/200] [Batch: 16843/20019] [D loss: -0.850709] [G loss: 16.457438] [ElapsedTime: 104897.14 [sec]]
2019-01-19 00:19:15,560 :[Epoch: 1/200] [Batch: 16943/20019] [D loss: -1.607762] [G loss: 14.209515] [ElapsedTime: 105223.02 [sec]]
2019-01-19 00:19:38,821 :[Epoch: 1/200] [Iteration: 77000] [Inception Score: 5.46] [Max Score Ever: 6.20]
2019-01-19 00:25:03,706 :[Epoch: 1/200] [Batch: 17043/20019] [D loss: -1.224710] [G loss: 15.818488] [ElapsedTime: 105571.21 [sec]]
2019-01-19 00:30:33,317 :[Epoch: 1/200] [Batch: 17143/20019] [D loss: -1.915267] [G loss: 14.429699] [ElapsedTime: 105900.82 [sec]]
2019-01-19 00:36:12,955 :[Epoch: 1/200] [Batch: 17243/20019] [D loss: -0.793483] [G loss: 16.263288] [ElapsedTime: 106240.45 [sec]]
2019-01-19 00:41:44,370 :[Epoch: 1/200] [Batch: 17343/20019] [D loss: -0.708134] [G loss: 14.684837] [ElapsedTime: 106571.87 [sec]]
2019-01-19 00:47:07,388 :[Epoch: 1/200] [Batch: 17443/20019] [D loss: -1.188979] [G loss: 16.694466] [ElapsedTime: 106894.89 [sec]]
2019-01-19 00:52:15,087 :[Epoch: 1/200] [Batch: 17543/20019] [D loss: -0.941186] [G loss: 16.084164] [ElapsedTime: 107202.57 [sec]]
2019-01-19 00:57:35,650 :[Epoch: 1/200] [Batch: 17643/20019] [D loss: -0.548023] [G loss: 16.811287] [ElapsedTime: 107523.15 [sec]]
2019-01-19 01:03:39,777 :[Epoch: 1/200] [Batch: 17743/20019] [D loss: -0.492104] [G loss: 16.370604] [ElapsedTime: 107887.27 [sec]]
2019-01-19 01:09:38,085 :[Epoch: 1/200] [Batch: 17843/20019] [D loss: -0.492365] [G loss: 16.038980] [ElapsedTime: 108245.58 [sec]]
2019-01-19 01:15:20,622 :[Epoch: 1/200] [Batch: 17943/20019] [D loss: -0.404306] [G loss: 15.842531] [ElapsedTime: 108588.13 [sec]]
2019-01-19 01:15:45,354 :[Epoch: 1/200] [Iteration: 78000] [Inception Score: 5.64] [Max Score Ever: 6.20]
2019-01-19 01:21:14,075 :[Epoch: 1/200] [Batch: 18043/20019] [D loss: -1.829543] [G loss: 13.941397] [ElapsedTime: 108941.58 [sec]]
2019-01-19 01:26:55,109 :[Epoch: 1/200] [Batch: 18143/20019] [D loss: -0.155375] [G loss: 16.755768] [ElapsedTime: 109282.62 [sec]]
2019-01-19 01:32:22,256 :[Epoch: 1/200] [Batch: 18243/20019] [D loss: -0.569415] [G loss: 17.666494] [ElapsedTime: 109609.76 [sec]]
2019-01-19 01:37:32,923 :[Epoch: 1/200] [Batch: 18343/20019] [D loss: -0.088092] [G loss: 16.547312] [ElapsedTime: 109920.43 [sec]]
2019-01-19 01:42:37,544 :[Epoch: 1/200] [Batch: 18443/20019] [D loss: 0.013114] [G loss: 14.119240] [ElapsedTime: 110225.04 [sec]]
2019-01-19 01:47:58,418 :[Epoch: 1/200] [Batch: 18543/20019] [D loss: -0.363514] [G loss: 16.206049] [ElapsedTime: 110545.92 [sec]]
2019-01-19 01:53:21,531 :[Epoch: 1/200] [Batch: 18643/20019] [D loss: -0.289126] [G loss: 17.065212] [ElapsedTime: 110869.04 [sec]]
2019-01-19 01:58:44,877 :[Epoch: 1/200] [Batch: 18743/20019] [D loss: -0.330409] [G loss: 16.278873] [ElapsedTime: 111192.36 [sec]]
2019-01-19 02:05:10,391 :[Epoch: 1/200] [Batch: 18843/20019] [D loss: -2.052668] [G loss: 17.799038] [ElapsedTime: 111577.89 [sec]]
2019-01-19 02:10:57,337 :[Epoch: 1/200] [Batch: 18943/20019] [D loss: -0.657358] [G loss: 16.667816] [ElapsedTime: 111924.84 [sec]]
2019-01-19 02:11:23,139 :[Epoch: 1/200] [Iteration: 79000] [Inception Score: 5.54] [Max Score Ever: 6.20]
2019-01-19 02:17:15,623 :[Epoch: 1/200] [Batch: 19043/20019] [D loss: 0.093989] [G loss: 16.140951] [ElapsedTime: 112303.13 [sec]]
2019-01-19 02:23:05,677 :[Epoch: 1/200] [Batch: 19143/20019] [D loss: -0.335433] [G loss: 16.366997] [ElapsedTime: 112653.18 [sec]]
2019-01-19 02:28:28,847 :[Epoch: 1/200] [Batch: 19243/20019] [D loss: -0.191796] [G loss: 16.316328] [ElapsedTime: 112976.35 [sec]]
2019-01-19 02:33:44,144 :[Epoch: 1/200] [Batch: 19343/20019] [D loss: -0.785828] [G loss: 17.448902] [ElapsedTime: 113291.65 [sec]]
2019-01-19 02:39:10,692 :[Epoch: 1/200] [Batch: 19443/20019] [D loss: -1.349674] [G loss: 17.257471] [ElapsedTime: 113618.15 [sec]]
2019-01-19 02:44:44,071 :[Epoch: 1/200] [Batch: 19543/20019] [D loss: -0.850588] [G loss: 15.820161] [ElapsedTime: 113951.58 [sec]]
2019-01-19 02:50:16,076 :[Epoch: 1/200] [Batch: 19643/20019] [D loss: 0.105401] [G loss: 16.558739] [ElapsedTime: 114283.50 [sec]]
2019-01-19 02:55:45,012 :[Epoch: 1/200] [Batch: 19743/20019] [D loss: -0.455713] [G loss: 15.722670] [ElapsedTime: 114612.46 [sec]]
2019-01-19 03:01:31,433 :[Epoch: 1/200] [Batch: 19843/20019] [D loss: -0.343087] [G loss: 17.437613] [ElapsedTime: 114958.94 [sec]]
2019-01-19 03:07:46,702 :[Epoch: 1/200] [Batch: 19943/20019] [D loss: -0.664350] [G loss: 16.769157] [ElapsedTime: 115334.18 [sec]]
2019-01-19 03:08:13,616 :[Epoch: 1/200] [Iteration: 80000] [Inception Score: 5.61] [Max Score Ever: 6.20]
2019-01-19 03:13:58,470 :[Epoch: 1/200] [Batch: 20043/20019] [D loss: -0.455682] [G loss: 17.070675] [ElapsedTime: 115705.97 [sec]]
2019-01-19 03:19:38,408 :[Epoch: 1/200] [Batch: 20143/20019] [D loss: -1.063665] [G loss: 16.504827] [ElapsedTime: 116045.91 [sec]]
2019-01-19 03:24:56,614 :[Epoch: 1/200] [Batch: 20243/20019] [D loss: 1.801075] [G loss: 16.213753] [ElapsedTime: 116364.09 [sec]]
2019-01-19 03:30:17,907 :[Epoch: 1/200] [Batch: 20343/20019] [D loss: 1.185001] [G loss: 15.097539] [ElapsedTime: 116685.41 [sec]]
2019-01-19 03:35:52,154 :[Epoch: 1/200] [Batch: 20443/20019] [D loss: 1.413307] [G loss: 14.343731] [ElapsedTime: 117019.66 [sec]]
2019-01-19 03:41:20,853 :[Epoch: 1/200] [Batch: 20543/20019] [D loss: 1.677358] [G loss: 13.168055] [ElapsedTime: 117348.30 [sec]]
2019-01-19 03:46:39,560 :[Epoch: 1/200] [Batch: 20643/20019] [D loss: 1.816093] [G loss: 12.411469] [ElapsedTime: 117667.06 [sec]]
2019-01-19 03:51:58,326 :[Epoch: 1/200] [Batch: 20743/20019] [D loss: 1.894967] [G loss: 10.305037] [ElapsedTime: 117985.83 [sec]]
2019-01-19 03:57:21,324 :[Epoch: 1/200] [Batch: 20843/20019] [D loss: 0.179705] [G loss: 10.873638] [ElapsedTime: 118308.83 [sec]]
2019-01-19 04:03:33,086 :[Epoch: 1/200] [Batch: 20943/20019] [D loss: 0.533370] [G loss: 10.358637] [ElapsedTime: 118680.57 [sec]]
2019-01-19 04:04:02,020 :[Epoch: 1/200] [Iteration: 81000] [Inception Score: 2.35] [Max Score Ever: 6.20]
2019-01-19 04:10:01,741 :[Epoch: 1/200] [Batch: 21043/20019] [D loss: 0.533765] [G loss: 10.727682] [ElapsedTime: 119069.25 [sec]]
2019-01-19 04:16:01,714 :[Epoch: 1/200] [Batch: 21143/20019] [D loss: 0.491187] [G loss: 10.353992] [ElapsedTime: 119429.22 [sec]]
2019-01-19 04:21:37,733 :[Epoch: 1/200] [Batch: 21243/20019] [D loss: 0.503630] [G loss: 10.121792] [ElapsedTime: 119765.22 [sec]]
2019-01-19 04:27:14,085 :[Epoch: 1/200] [Batch: 21343/20019] [D loss: -0.090652] [G loss: 10.285024] [ElapsedTime: 120101.59 [sec]]
2019-01-19 04:33:03,499 :[Epoch: 1/200] [Batch: 21443/20019] [D loss: 0.056840] [G loss: 10.721314] [ElapsedTime: 120451.00 [sec]]
2019-01-19 04:38:45,594 :[Epoch: 1/200] [Batch: 21543/20019] [D loss: -0.297105] [G loss: 10.653125] [ElapsedTime: 120793.00 [sec]]
2019-01-19 04:44:28,841 :[Epoch: 1/200] [Batch: 21643/20019] [D loss: 0.200633] [G loss: 10.526381] [ElapsedTime: 121136.35 [sec]]
2019-01-19 04:50:05,414 :[Epoch: 1/200] [Batch: 21743/20019] [D loss: -0.129869] [G loss: 9.965654] [ElapsedTime: 121472.92 [sec]]
2019-01-19 04:55:41,036 :[Epoch: 1/200] [Batch: 21843/20019] [D loss: 0.441186] [G loss: 9.634409] [ElapsedTime: 121808.54 [sec]]
2019-01-19 05:01:24,189 :[Epoch: 1/200] [Batch: 21943/20019] [D loss: -0.195682] [G loss: 10.328161] [ElapsedTime: 122151.69 [sec]]
2019-01-19 05:02:02,048 :[Epoch: 1/200] [Iteration: 82000] [Inception Score: 3.26] [Max Score Ever: 6.20]
2019-01-19 05:07:57,710 :[Epoch: 1/200] [Batch: 22043/20019] [D loss: 0.003940] [G loss: 11.412651] [ElapsedTime: 122545.21 [sec]]
2019-01-19 05:13:55,428 :[Epoch: 1/200] [Batch: 22143/20019] [D loss: -0.072941] [G loss: 10.331961] [ElapsedTime: 122902.81 [sec]]
2019-01-19 05:19:29,411 :[Epoch: 1/200] [Batch: 22243/20019] [D loss: 0.264285] [G loss: 10.715421] [ElapsedTime: 123236.91 [sec]]
2019-01-19 05:25:00,680 :[Epoch: 1/200] [Batch: 22343/20019] [D loss: -0.090261] [G loss: 10.713780] [ElapsedTime: 123568.18 [sec]]
2019-01-19 05:30:40,128 :[Epoch: 1/200] [Batch: 22443/20019] [D loss: -0.184539] [G loss: 10.354053] [ElapsedTime: 123907.58 [sec]]
2019-01-19 05:36:18,850 :[Epoch: 1/200] [Batch: 22543/20019] [D loss: -0.274289] [G loss: 10.835585] [ElapsedTime: 124246.35 [sec]]
2019-01-19 05:41:58,188 :[Epoch: 1/200] [Batch: 22643/20019] [D loss: -0.012137] [G loss: 10.796068] [ElapsedTime: 124585.69 [sec]]
2019-01-19 05:47:40,171 :[Epoch: 1/200] [Batch: 22743/20019] [D loss: -0.376484] [G loss: 10.384648] [ElapsedTime: 124927.61 [sec]]
2019-01-19 05:53:12,716 :[Epoch: 1/200] [Batch: 22843/20019] [D loss: -0.002907] [G loss: 10.197346] [ElapsedTime: 125260.22 [sec]]
2019-01-19 05:58:46,607 :[Epoch: 1/200] [Batch: 22943/20019] [D loss: -0.344394] [G loss: 10.823690] [ElapsedTime: 125594.11 [sec]]
2019-01-19 05:59:13,084 :[Epoch: 1/200] [Iteration: 83000] [Inception Score: 3.74] [Max Score Ever: 6.20]
2019-01-19 06:05:45,586 :[Epoch: 1/200] [Batch: 23043/20019] [D loss: -0.009477] [G loss: 11.121579] [ElapsedTime: 126012.96 [sec]]
2019-01-19 06:11:43,502 :[Epoch: 1/200] [Batch: 23143/20019] [D loss: -0.216147] [G loss: 11.099236] [ElapsedTime: 126371.01 [sec]]
2019-01-19 06:17:23,185 :[Epoch: 1/200] [Batch: 23243/20019] [D loss: -0.003265] [G loss: 10.691099] [ElapsedTime: 126710.69 [sec]]
2019-01-19 06:22:50,756 :[Epoch: 1/200] [Batch: 23343/20019] [D loss: 0.018030] [G loss: 10.777956] [ElapsedTime: 127038.15 [sec]]
2019-01-19 06:28:20,903 :[Epoch: 1/200] [Batch: 23443/20019] [D loss: 0.089450] [G loss: 10.833904] [ElapsedTime: 127368.41 [sec]]
2019-01-19 06:34:05,395 :[Epoch: 1/200] [Batch: 23543/20019] [D loss: -0.236707] [G loss: 10.323606] [ElapsedTime: 127712.90 [sec]]
2019-01-19 06:39:36,637 :[Epoch: 1/200] [Batch: 23643/20019] [D loss: -0.034846] [G loss: 9.847793] [ElapsedTime: 128044.14 [sec]]
2019-01-19 06:45:08,522 :[Epoch: 1/200] [Batch: 23743/20019] [D loss: -0.088258] [G loss: 10.182950] [ElapsedTime: 128376.03 [sec]]
2019-01-19 06:50:38,708 :[Epoch: 1/200] [Batch: 23843/20019] [D loss: -0.224584] [G loss: 11.347197] [ElapsedTime: 128706.21 [sec]]
2019-01-19 06:56:06,466 :[Epoch: 1/200] [Batch: 23943/20019] [D loss: -0.344391] [G loss: 10.242646] [ElapsedTime: 129033.88 [sec]]
2019-01-19 06:56:31,654 :[Epoch: 1/200] [Iteration: 84000] [Inception Score: 3.73] [Max Score Ever: 6.20]
2019-01-19 07:02:50,554 :[Epoch: 1/200] [Batch: 24043/20019] [D loss: -0.362971] [G loss: 10.842745] [ElapsedTime: 129438.06 [sec]]
2019-01-19 07:08:54,414 :[Epoch: 1/200] [Batch: 24143/20019] [D loss: -0.332758] [G loss: 10.980701] [ElapsedTime: 129801.92 [sec]]
2019-01-19 07:14:54,214 :[Epoch: 1/200] [Batch: 24243/20019] [D loss: -0.515962] [G loss: 10.945210] [ElapsedTime: 130161.65 [sec]]
2019-01-19 07:20:32,359 :[Epoch: 1/200] [Batch: 24343/20019] [D loss: -0.268975] [G loss: 10.165153] [ElapsedTime: 130499.86 [sec]]
2019-01-19 07:26:04,782 :[Epoch: 1/200] [Batch: 24443/20019] [D loss: -0.800008] [G loss: 10.860285] [ElapsedTime: 130832.29 [sec]]
2019-01-19 07:31:46,517 :[Epoch: 1/200] [Batch: 24543/20019] [D loss: -0.516715] [G loss: 11.347327] [ElapsedTime: 131174.02 [sec]]
2019-01-19 07:37:26,346 :[Epoch: 1/200] [Batch: 24643/20019] [D loss: -0.062123] [G loss: 11.428638] [ElapsedTime: 131513.85 [sec]]
2019-01-19 07:43:04,494 :[Epoch: 1/200] [Batch: 24743/20019] [D loss: 0.025675] [G loss: 10.429293] [ElapsedTime: 131852.00 [sec]]
2019-01-19 07:48:38,935 :[Epoch: 1/200] [Batch: 24843/20019] [D loss: -0.599707] [G loss: 10.264223] [ElapsedTime: 132186.39 [sec]]
2019-01-19 07:54:16,670 :[Epoch: 2/200] [Batch: 4924/20019] [D loss: -0.274057] [G loss: 10.347269] [ElapsedTime: 132524.18 [sec]]
2019-01-19 07:54:44,532 :[Epoch: 2/200] [Iteration: 85000] [Inception Score: 4.64] [Max Score Ever: 6.20]
2019-01-19 08:00:35,882 :[Epoch: 2/200] [Batch: 5024/20019] [D loss: -0.354583] [G loss: 10.767714] [ElapsedTime: 132903.39 [sec]]
2019-01-19 08:08:13,620 :[Epoch: 2/200] [Batch: 5124/20019] [D loss: -0.059001] [G loss: 11.450116] [ElapsedTime: 133361.05 [sec]]
2019-01-19 08:14:36,314 :[Epoch: 2/200] [Batch: 5224/20019] [D loss: -0.316292] [G loss: 11.000172] [ElapsedTime: 133743.82 [sec]]
2019-01-19 08:20:48,459 :[Epoch: 2/200] [Batch: 5324/20019] [D loss: -0.068119] [G loss: 10.408297] [ElapsedTime: 134115.96 [sec]]
2019-01-19 08:26:54,929 :[Epoch: 2/200] [Batch: 5424/20019] [D loss: -0.474739] [G loss: 10.723916] [ElapsedTime: 134482.43 [sec]]
2019-01-19 08:33:06,764 :[Epoch: 2/200] [Batch: 5524/20019] [D loss: -0.246780] [G loss: 10.556046] [ElapsedTime: 134854.27 [sec]]
2019-01-19 08:39:08,687 :[Epoch: 2/200] [Batch: 5624/20019] [D loss: -0.610890] [G loss: 10.546862] [ElapsedTime: 135216.19 [sec]]
2019-01-19 08:45:09,857 :[Epoch: 2/200] [Batch: 5724/20019] [D loss: -0.226657] [G loss: 11.339840] [ElapsedTime: 135577.30 [sec]]
2019-01-19 08:51:09,294 :[Epoch: 2/200] [Batch: 5824/20019] [D loss: -0.054593] [G loss: 11.971004] [ElapsedTime: 135936.80 [sec]]
2019-01-19 08:56:56,099 :[Epoch: 2/200] [Batch: 5924/20019] [D loss: -0.356132] [G loss: 10.347891] [ElapsedTime: 136283.60 [sec]]
2019-01-19 08:57:26,332 :[Epoch: 2/200] [Iteration: 86000] [Inception Score: 4.28] [Max Score Ever: 6.20]
2019-01-19 09:04:38,278 :[Epoch: 2/200] [Batch: 6024/20019] [D loss: -0.188853] [G loss: 11.665262] [ElapsedTime: 136745.72 [sec]]
2019-01-19 09:10:46,257 :[Epoch: 2/200] [Batch: 6124/20019] [D loss: -0.054959] [G loss: 11.536110] [ElapsedTime: 137113.75 [sec]]
2019-01-19 09:16:43,280 :[Epoch: 2/200] [Batch: 6224/20019] [D loss: -0.710313] [G loss: 10.711664] [ElapsedTime: 137470.78 [sec]]
2019-01-19 09:22:43,119 :[Epoch: 2/200] [Batch: 6324/20019] [D loss: -0.544117] [G loss: 11.017191] [ElapsedTime: 137830.61 [sec]]
2019-01-19 09:28:51,111 :[Epoch: 2/200] [Batch: 6424/20019] [D loss: -0.549995] [G loss: 12.355093] [ElapsedTime: 138198.57 [sec]]
2019-01-19 09:35:01,987 :[Epoch: 2/200] [Batch: 6524/20019] [D loss: -1.035251] [G loss: 10.682790] [ElapsedTime: 138569.49 [sec]]
2019-01-19 09:41:11,012 :[Epoch: 2/200] [Batch: 6624/20019] [D loss: -0.769775] [G loss: 10.759778] [ElapsedTime: 138938.47 [sec]]
2019-01-19 09:47:10,230 :[Epoch: 2/200] [Batch: 6724/20019] [D loss: -0.233882] [G loss: 11.200338] [ElapsedTime: 139297.73 [sec]]
2019-01-19 09:53:05,030 :[Epoch: 2/200] [Batch: 6824/20019] [D loss: -0.549167] [G loss: 12.490375] [ElapsedTime: 139652.53 [sec]]
2019-01-19 09:58:59,413 :[Epoch: 2/200] [Batch: 6924/20019] [D loss: -0.892123] [G loss: 13.424580] [ElapsedTime: 140006.80 [sec]]
2019-01-19 09:59:28,312 :[Epoch: 2/200] [Iteration: 87000] [Inception Score: 4.39] [Max Score Ever: 6.20]
2019-01-19 10:06:46,137 :[Epoch: 2/200] [Batch: 7024/20019] [D loss: -0.668551] [G loss: 12.073954] [ElapsedTime: 140473.63 [sec]]
2019-01-19 10:13:06,376 :[Epoch: 2/200] [Batch: 7124/20019] [D loss: -0.724786] [G loss: 12.515224] [ElapsedTime: 140853.88 [sec]]
2019-01-19 10:18:59,312 :[Epoch: 2/200] [Batch: 7224/20019] [D loss: -0.680169] [G loss: 12.527441] [ElapsedTime: 141206.81 [sec]]
2019-01-19 10:25:07,120 :[Epoch: 2/200] [Batch: 7324/20019] [D loss: -0.550827] [G loss: 11.839980] [ElapsedTime: 141574.62 [sec]]
2019-01-19 10:31:09,483 :[Epoch: 2/200] [Batch: 7424/20019] [D loss: -0.925073] [G loss: 11.968740] [ElapsedTime: 141936.99 [sec]]
2019-01-19 10:37:07,109 :[Epoch: 2/200] [Batch: 7524/20019] [D loss: -0.875892] [G loss: 12.574505] [ElapsedTime: 142294.50 [sec]]
2019-01-19 10:43:04,310 :[Epoch: 2/200] [Batch: 7624/20019] [D loss: -0.753847] [G loss: 13.212057] [ElapsedTime: 142651.81 [sec]]
2019-01-19 10:48:50,960 :[Epoch: 2/200] [Batch: 7724/20019] [D loss: -0.204571] [G loss: 12.411274] [ElapsedTime: 142998.46 [sec]]
2019-01-19 10:54:47,677 :[Epoch: 2/200] [Batch: 7824/20019] [D loss: -0.782539] [G loss: 13.387367] [ElapsedTime: 143355.09 [sec]]
2019-01-19 11:00:35,666 :[Epoch: 2/200] [Batch: 7924/20019] [D loss: -1.335295] [G loss: 14.717207] [ElapsedTime: 143703.15 [sec]]
2019-01-19 11:01:04,901 :[Epoch: 2/200] [Iteration: 88000] [Inception Score: 4.40] [Max Score Ever: 6.20]
2019-01-19 11:08:18,490 :[Epoch: 2/200] [Batch: 8024/20019] [D loss: -0.544234] [G loss: 12.802815] [ElapsedTime: 144165.99 [sec]]
2019-01-19 11:14:34,387 :[Epoch: 2/200] [Batch: 8124/20019] [D loss: -1.325028] [G loss: 13.082622] [ElapsedTime: 144541.80 [sec]]
2019-01-19 11:20:46,612 :[Epoch: 2/200] [Batch: 8224/20019] [D loss: -1.266139] [G loss: 13.295677] [ElapsedTime: 144914.09 [sec]]
2019-01-19 11:26:53,270 :[Epoch: 2/200] [Batch: 8324/20019] [D loss: -0.869201] [G loss: 14.108818] [ElapsedTime: 145280.77 [sec]]
2019-01-19 11:32:45,772 :[Epoch: 2/200] [Batch: 8424/20019] [D loss: -0.298155] [G loss: 15.388623] [ElapsedTime: 145633.22 [sec]]
2019-01-19 11:38:39,375 :[Epoch: 2/200] [Batch: 8524/20019] [D loss: -1.485367] [G loss: 14.059553] [ElapsedTime: 145986.85 [sec]]
2019-01-19 11:44:28,145 :[Epoch: 2/200] [Batch: 8624/20019] [D loss: -0.175932] [G loss: 13.844440] [ElapsedTime: 146335.65 [sec]]
2019-01-19 11:50:16,482 :[Epoch: 2/200] [Batch: 8724/20019] [D loss: -0.886673] [G loss: 14.212799] [ElapsedTime: 146683.99 [sec]]
2019-01-19 11:56:05,643 :[Epoch: 2/200] [Batch: 8824/20019] [D loss: 0.798075] [G loss: 16.253141] [ElapsedTime: 147033.09 [sec]]
2019-01-19 12:02:46,214 :[Epoch: 2/200] [Batch: 8924/20019] [D loss: -0.218518] [G loss: 16.053370] [ElapsedTime: 147433.71 [sec]]
2019-01-19 12:03:23,940 :[Epoch: 2/200] [Iteration: 89000] [Inception Score: 3.99] [Max Score Ever: 6.20]
2019-01-19 12:09:56,141 :[Epoch: 2/200] [Batch: 9024/20019] [D loss: -0.883697] [G loss: 15.985354] [ElapsedTime: 147863.64 [sec]]
2019-01-19 12:16:14,162 :[Epoch: 2/200] [Batch: 9124/20019] [D loss: -0.274891] [G loss: 15.486093] [ElapsedTime: 148241.53 [sec]]
2019-01-19 12:22:21,896 :[Epoch: 2/200] [Batch: 9224/20019] [D loss: -0.767526] [G loss: 15.245161] [ElapsedTime: 148609.40 [sec]]
2019-01-19 12:28:25,679 :[Epoch: 2/200] [Batch: 9324/20019] [D loss: -0.926902] [G loss: 15.108186] [ElapsedTime: 148973.18 [sec]]
2019-01-19 12:34:26,839 :[Epoch: 2/200] [Batch: 9424/20019] [D loss: -0.779041] [G loss: 14.979617] [ElapsedTime: 149334.07 [sec]]
2019-01-19 12:40:31,128 :[Epoch: 2/200] [Batch: 9524/20019] [D loss: -0.997669] [G loss: 15.460484] [ElapsedTime: 149698.63 [sec]]
2019-01-19 12:46:11,375 :[Epoch: 2/200] [Batch: 9624/20019] [D loss: -0.936338] [G loss: 14.983565] [ElapsedTime: 150038.88 [sec]]
2019-01-19 12:51:48,479 :[Epoch: 2/200] [Batch: 9724/20019] [D loss: -0.768380] [G loss: 14.814895] [ElapsedTime: 150375.98 [sec]]
2019-01-19 12:57:32,243 :[Epoch: 2/200] [Batch: 9824/20019] [D loss: -0.710524] [G loss: 14.089960] [ElapsedTime: 150719.73 [sec]]
2019-01-19 13:04:32,558 :[Epoch: 2/200] [Batch: 9924/20019] [D loss: -0.565895] [G loss: 14.680360] [ElapsedTime: 151140.06 [sec]]
2019-01-19 13:05:06,387 :[Epoch: 2/200] [Iteration: 90000] [Inception Score: 4.65] [Max Score Ever: 6.20]
2019-01-19 13:11:20,374 :[Epoch: 2/200] [Batch: 10024/20019] [D loss: -0.776094] [G loss: 15.281542] [ElapsedTime: 151547.88 [sec]]
2019-01-19 13:17:34,396 :[Epoch: 2/200] [Batch: 10124/20019] [D loss: -0.525368] [G loss: 16.230711] [ElapsedTime: 151921.82 [sec]]
2019-01-19 13:23:39,414 :[Epoch: 2/200] [Batch: 10224/20019] [D loss: -0.414748] [G loss: 14.680203] [ElapsedTime: 152286.92 [sec]]
2019-01-19 13:29:44,295 :[Epoch: 2/200] [Batch: 10324/20019] [D loss: -0.930267] [G loss: 15.192511] [ElapsedTime: 152651.80 [sec]]
2019-01-19 13:35:39,772 :[Epoch: 2/200] [Batch: 10424/20019] [D loss: -0.680528] [G loss: 15.754688] [ElapsedTime: 153007.27 [sec]]
2019-01-19 13:41:33,730 :[Epoch: 2/200] [Batch: 10524/20019] [D loss: -0.750983] [G loss: 16.417246] [ElapsedTime: 153361.18 [sec]]
2019-01-19 13:47:31,642 :[Epoch: 2/200] [Batch: 10624/20019] [D loss: -1.173165] [G loss: 15.952843] [ElapsedTime: 153719.15 [sec]]
2019-01-19 13:53:25,190 :[Epoch: 2/200] [Batch: 10724/20019] [D loss: -0.794701] [G loss: 15.821878] [ElapsedTime: 154072.62 [sec]]
2019-01-19 13:59:16,974 :[Epoch: 2/200] [Batch: 10824/20019] [D loss: -0.584113] [G loss: 15.821255] [ElapsedTime: 154424.48 [sec]]
2019-01-19 14:06:11,853 :[Epoch: 2/200] [Batch: 10924/20019] [D loss: -0.380722] [G loss: 16.149517] [ElapsedTime: 154839.36 [sec]]
2019-01-19 14:06:39,068 :[Epoch: 2/200] [Iteration: 91000] [Inception Score: 4.97] [Max Score Ever: 6.20]
2019-01-19 14:12:52,310 :[Epoch: 2/200] [Batch: 11024/20019] [D loss: -1.104301] [G loss: 16.142939] [ElapsedTime: 155239.75 [sec]]
2019-01-19 14:18:52,745 :[Epoch: 2/200] [Batch: 11124/20019] [D loss: -1.133394] [G loss: 15.993431] [ElapsedTime: 155600.25 [sec]]
2019-01-19 14:24:58,380 :[Epoch: 2/200] [Batch: 11224/20019] [D loss: -0.347624] [G loss: 17.433430] [ElapsedTime: 155965.88 [sec]]
2019-01-19 14:31:00,035 :[Epoch: 2/200] [Batch: 11324/20019] [D loss: -0.047236] [G loss: 17.679878] [ElapsedTime: 156327.45 [sec]]
2019-01-19 14:36:58,186 :[Epoch: 2/200] [Batch: 11424/20019] [D loss: -0.790874] [G loss: 17.752779] [ElapsedTime: 156685.69 [sec]]
2019-01-19 14:42:55,652 :[Epoch: 2/200] [Batch: 11524/20019] [D loss: -0.563703] [G loss: 17.294216] [ElapsedTime: 157043.16 [sec]]
2019-01-19 14:48:47,503 :[Epoch: 2/200] [Batch: 11624/20019] [D loss: -0.253608] [G loss: 16.744890] [ElapsedTime: 157394.96 [sec]]
2019-01-19 14:54:42,773 :[Epoch: 2/200] [Batch: 11724/20019] [D loss: -0.829411] [G loss: 17.329187] [ElapsedTime: 157750.28 [sec]]
2019-01-19 15:00:29,692 :[Epoch: 2/200] [Batch: 11824/20019] [D loss: -0.435514] [G loss: 16.837984] [ElapsedTime: 158097.20 [sec]]
2019-01-19 15:07:45,163 :[Epoch: 2/200] [Batch: 11924/20019] [D loss: -0.517508] [G loss: 17.183481] [ElapsedTime: 158532.60 [sec]]
2019-01-19 15:08:15,372 :[Epoch: 2/200] [Iteration: 92000] [Inception Score: 5.17] [Max Score Ever: 6.20]
2019-01-19 15:14:56,601 :[Epoch: 2/200] [Batch: 12024/20019] [D loss: -1.069990] [G loss: 16.420624] [ElapsedTime: 158964.11 [sec]]
2019-01-19 15:21:07,066 :[Epoch: 2/200] [Batch: 12124/20019] [D loss: -1.512725] [G loss: 17.410622] [ElapsedTime: 159334.57 [sec]]
2019-01-19 15:27:09,529 :[Epoch: 2/200] [Batch: 12224/20019] [D loss: -1.284931] [G loss: 16.879253] [ElapsedTime: 159697.01 [sec]]
2019-01-19 15:33:11,837 :[Epoch: 2/200] [Batch: 12324/20019] [D loss: -0.951163] [G loss: 16.503237] [ElapsedTime: 160059.34 [sec]]
2019-01-19 15:39:14,678 :[Epoch: 2/200] [Batch: 12424/20019] [D loss: -0.603308] [G loss: 17.644619] [ElapsedTime: 160422.18 [sec]]
2019-01-19 15:45:12,875 :[Epoch: 2/200] [Batch: 12524/20019] [D loss: -0.330915] [G loss: 17.305630] [ElapsedTime: 160780.27 [sec]]
2019-01-19 15:51:10,417 :[Epoch: 2/200] [Batch: 12624/20019] [D loss: -2.438864] [G loss: 16.806940] [ElapsedTime: 161137.92 [sec]]
2019-01-19 15:57:02,681 :[Epoch: 2/200] [Batch: 12724/20019] [D loss: -1.161536] [G loss: 15.861005] [ElapsedTime: 161490.18 [sec]]
2019-01-19 16:03:42,373 :[Epoch: 2/200] [Batch: 12824/20019] [D loss: -1.327855] [G loss: 18.513269] [ElapsedTime: 161889.86 [sec]]
2019-01-19 16:10:02,357 :[Epoch: 2/200] [Batch: 12924/20019] [D loss: -1.069793] [G loss: 16.250607] [ElapsedTime: 162269.86 [sec]]
2019-01-19 16:10:31,462 :[Epoch: 2/200] [Iteration: 93000] [Inception Score: 4.61] [Max Score Ever: 6.20]
2019-01-19 16:16:48,937 :[Epoch: 2/200] [Batch: 13024/20019] [D loss: -1.170949] [G loss: 15.170544] [ElapsedTime: 162676.44 [sec]]
