2019-01-20 18:54:08,303 :{'n_epochs': 200, 'batch_size': 64, 'lr': 0.0002, 'b1': 0.5, 'b2': 0.999, 'n_cpu': 8, 'latent_dim': 128, 'img_size': 32, 'n_critic': 1, 'clip_value': 0.01, 'sample_interval': 100, 'modelsave_interval': 1, 'log_interval': 100, 'dataset': 'cifar10', 'num_filters': 128, 'saveDir': None, 'resume': 0, 'logIS': True, 'loadDir': None}
2019-01-20 18:54:08,304 :NoiseGenerator2Dv7(
  (pre_layer): Linear(in_features=128, out_features=4096, bias=True)
  (model): Sequential(
    (0): NoiseBasicBlock2D(
      (layers): Sequential(
        (0): NoiseLayer2D(
          (layers): Sequential(
            (0): ReLU()
            (1): BatchNorm2d(1024, eps=1e-05, momentum=0.1, affine=True, track_running_stats=True)
            (2): Conv2d(1024, 1024, kernel_size=(1, 1), stride=(1, 1))
          )
        )
        (1): NoiseLayer2D(
          (layers): Sequential(
            (0): ReLU()
            (1): BatchNorm2d(1024, eps=1e-05, momentum=0.1, affine=True, track_running_stats=True)
            (2): Conv2d(1024, 1024, kernel_size=(1, 1), stride=(1, 1))
          )
        )
      )
      (relu): ReLU()
    )
    (1): NoiseLayer2D(
      (layers): Sequential(
        (0): ReLU()
        (1): BatchNorm2d(1024, eps=1e-05, momentum=0.1, affine=True, track_running_stats=True)
        (2): Conv2d(1024, 768, kernel_size=(1, 1), stride=(1, 1))
      )
    )
    (2): Upsample(scale_factor=2, mode=bilinear)
    (3): NoiseBasicBlock2D(
      (layers): Sequential(
        (0): NoiseLayer2D(
          (layers): Sequential(
            (0): ReLU()
            (1): BatchNorm2d(768, eps=1e-05, momentum=0.1, affine=True, track_running_stats=True)
            (2): Conv2d(768, 768, kernel_size=(1, 1), stride=(1, 1))
          )
        )
        (1): NoiseLayer2D(
          (layers): Sequential(
            (0): ReLU()
            (1): BatchNorm2d(768, eps=1e-05, momentum=0.1, affine=True, track_running_stats=True)
            (2): Conv2d(768, 768, kernel_size=(1, 1), stride=(1, 1))
          )
        )
      )
      (relu): ReLU()
    )
    (4): NoiseLayer2D(
      (layers): Sequential(
        (0): ReLU()
        (1): BatchNorm2d(768, eps=1e-05, momentum=0.1, affine=True, track_running_stats=True)
        (2): Conv2d(768, 512, kernel_size=(1, 1), stride=(1, 1))
      )
    )
    (5): Upsample(scale_factor=2, mode=bilinear)
    (6): NoiseBasicBlock2D(
      (layers): Sequential(
        (0): NoiseLayer2D(
          (layers): Sequential(
            (0): ReLU()
            (1): BatchNorm2d(512, eps=1e-05, momentum=0.1, affine=True, track_running_stats=True)
            (2): Conv2d(512, 512, kernel_size=(1, 1), stride=(1, 1))
          )
        )
        (1): NoiseLayer2D(
          (layers): Sequential(
            (0): ReLU()
            (1): BatchNorm2d(512, eps=1e-05, momentum=0.1, affine=True, track_running_stats=True)
            (2): Conv2d(512, 512, kernel_size=(1, 1), stride=(1, 1))
          )
        )
      )
      (relu): ReLU()
    )
    (7): NoiseLayer2D(
      (layers): Sequential(
        (0): ReLU()
        (1): BatchNorm2d(512, eps=1e-05, momentum=0.1, affine=True, track_running_stats=True)
        (2): Conv2d(512, 256, kernel_size=(1, 1), stride=(1, 1))
      )
    )
    (8): Upsample(scale_factor=2, mode=bilinear)
    (9): NoiseBasicBlock2D(
      (layers): Sequential(
        (0): NoiseLayer2D(
          (layers): Sequential(
            (0): ReLU()
            (1): BatchNorm2d(256, eps=1e-05, momentum=0.1, affine=True, track_running_stats=True)
            (2): Conv2d(256, 256, kernel_size=(1, 1), stride=(1, 1))
          )
        )
        (1): NoiseLayer2D(
          (layers): Sequential(
            (0): ReLU()
            (1): BatchNorm2d(256, eps=1e-05, momentum=0.1, affine=True, track_running_stats=True)
            (2): Conv2d(256, 256, kernel_size=(1, 1), stride=(1, 1))
          )
        )
      )
      (relu): ReLU()
    )
    (10): NoiseLayer2D(
      (layers): Sequential(
        (0): ReLU()
        (1): BatchNorm2d(256, eps=1e-05, momentum=0.1, affine=True, track_running_stats=True)
        (2): Conv2d(256, 128, kernel_size=(1, 1), stride=(1, 1))
      )
    )
    (11): Upsample(scale_factor=2, mode=bilinear)
    (12): NoiseBasicBlock2D(
      (layers): Sequential(
        (0): NoiseLayer2D(
          (layers): Sequential(
            (0): ReLU()
            (1): BatchNorm2d(128, eps=1e-05, momentum=0.1, affine=True, track_running_stats=True)
            (2): Conv2d(128, 128, kernel_size=(1, 1), stride=(1, 1))
          )
        )
        (1): NoiseLayer2D(
          (layers): Sequential(
            (0): ReLU()
            (1): BatchNorm2d(128, eps=1e-05, momentum=0.1, affine=True, track_running_stats=True)
            (2): Conv2d(128, 128, kernel_size=(1, 1), stride=(1, 1))
          )
        )
      )
      (relu): ReLU()
    )
    (13): NoiseLayer2D(
      (layers): Sequential(
        (0): ReLU()
        (1): BatchNorm2d(128, eps=1e-05, momentum=0.1, affine=True, track_running_stats=True)
        (2): Conv2d(128, 3, kernel_size=(1, 1), stride=(1, 1))
      )
    )
    (14): Tanh()
  )
)
2019-01-20 18:54:08,305 :NoiseResNet32(
  (pre_layers): Sequential(
    (0): Conv2d(3, 128, kernel_size=(7, 7), stride=(2, 2), padding=(3, 3), bias=False)
    (1): BatchNorm2d(128, eps=1e-05, momentum=0.1, affine=True, track_running_stats=True)
    (2): ReLU(inplace)
    (3): MaxPool2d(kernel_size=3, stride=2, padding=1, dilation=1, ceil_mode=False)
  )
  (layer1): Sequential(
    (0): NoiseBasicBlock(
      (layers): Sequential(
        (0): NoiseLayer(
          (layers): Sequential(
            (0): ReLU(inplace)
            (1): BatchNorm2d(128, eps=1e-05, momentum=0.1, affine=True, track_running_stats=True)
            (2): Conv2d(128, 128, kernel_size=(1, 1), stride=(1, 1))
          )
        )
        (1): MaxPool2d(kernel_size=1, stride=1, padding=0, dilation=1, ceil_mode=False)
        (2): BatchNorm2d(128, eps=1e-05, momentum=0.1, affine=True, track_running_stats=True)
        (3): ReLU(inplace)
        (4): NoiseLayer(
          (layers): Sequential(
            (0): ReLU(inplace)
            (1): BatchNorm2d(128, eps=1e-05, momentum=0.1, affine=True, track_running_stats=True)
            (2): Conv2d(128, 128, kernel_size=(1, 1), stride=(1, 1))
          )
        )
        (5): BatchNorm2d(128, eps=1e-05, momentum=0.1, affine=True, track_running_stats=True)
      )
    )
    (1): NoiseBasicBlock(
      (layers): Sequential(
        (0): NoiseLayer(
          (layers): Sequential(
            (0): ReLU(inplace)
            (1): BatchNorm2d(128, eps=1e-05, momentum=0.1, affine=True, track_running_stats=True)
            (2): Conv2d(128, 128, kernel_size=(1, 1), stride=(1, 1))
          )
        )
        (1): MaxPool2d(kernel_size=1, stride=1, padding=0, dilation=1, ceil_mode=False)
        (2): BatchNorm2d(128, eps=1e-05, momentum=0.1, affine=True, track_running_stats=True)
        (3): ReLU(inplace)
        (4): NoiseLayer(
          (layers): Sequential(
            (0): ReLU(inplace)
            (1): BatchNorm2d(128, eps=1e-05, momentum=0.1, affine=True, track_running_stats=True)
            (2): Conv2d(128, 128, kernel_size=(1, 1), stride=(1, 1))
          )
        )
        (5): BatchNorm2d(128, eps=1e-05, momentum=0.1, affine=True, track_running_stats=True)
      )
    )
  )
  (layer2): Sequential(
    (0): NoiseBasicBlock(
      (layers): Sequential(
        (0): NoiseLayer(
          (layers): Sequential(
            (0): ReLU(inplace)
            (1): BatchNorm2d(128, eps=1e-05, momentum=0.1, affine=True, track_running_stats=True)
            (2): Conv2d(128, 256, kernel_size=(1, 1), stride=(1, 1))
          )
        )
        (1): MaxPool2d(kernel_size=2, stride=2, padding=0, dilation=1, ceil_mode=False)
        (2): BatchNorm2d(256, eps=1e-05, momentum=0.1, affine=True, track_running_stats=True)
        (3): ReLU(inplace)
        (4): NoiseLayer(
          (layers): Sequential(
            (0): ReLU(inplace)
            (1): BatchNorm2d(256, eps=1e-05, momentum=0.1, affine=True, track_running_stats=True)
            (2): Conv2d(256, 256, kernel_size=(1, 1), stride=(1, 1))
          )
        )
        (5): BatchNorm2d(256, eps=1e-05, momentum=0.1, affine=True, track_running_stats=True)
      )
      (shortcut): Sequential(
        (0): Conv2d(128, 256, kernel_size=(1, 1), stride=(2, 2), bias=False)
        (1): BatchNorm2d(256, eps=1e-05, momentum=0.1, affine=True, track_running_stats=True)
      )
    )
    (1): NoiseBasicBlock(
      (layers): Sequential(
        (0): NoiseLayer(
          (layers): Sequential(
            (0): ReLU(inplace)
            (1): BatchNorm2d(256, eps=1e-05, momentum=0.1, affine=True, track_running_stats=True)
            (2): Conv2d(256, 256, kernel_size=(1, 1), stride=(1, 1))
          )
        )
        (1): MaxPool2d(kernel_size=1, stride=1, padding=0, dilation=1, ceil_mode=False)
        (2): BatchNorm2d(256, eps=1e-05, momentum=0.1, affine=True, track_running_stats=True)
        (3): ReLU(inplace)
        (4): NoiseLayer(
          (layers): Sequential(
            (0): ReLU(inplace)
            (1): BatchNorm2d(256, eps=1e-05, momentum=0.1, affine=True, track_running_stats=True)
            (2): Conv2d(256, 256, kernel_size=(1, 1), stride=(1, 1))
          )
        )
        (5): BatchNorm2d(256, eps=1e-05, momentum=0.1, affine=True, track_running_stats=True)
      )
    )
  )
  (layer3): Sequential(
    (0): NoiseBasicBlock(
      (layers): Sequential(
        (0): NoiseLayer(
          (layers): Sequential(
            (0): ReLU(inplace)
            (1): BatchNorm2d(256, eps=1e-05, momentum=0.1, affine=True, track_running_stats=True)
            (2): Conv2d(256, 512, kernel_size=(1, 1), stride=(1, 1))
          )
        )
        (1): MaxPool2d(kernel_size=2, stride=2, padding=0, dilation=1, ceil_mode=False)
        (2): BatchNorm2d(512, eps=1e-05, momentum=0.1, affine=True, track_running_stats=True)
        (3): ReLU(inplace)
        (4): NoiseLayer(
          (layers): Sequential(
            (0): ReLU(inplace)
            (1): BatchNorm2d(512, eps=1e-05, momentum=0.1, affine=True, track_running_stats=True)
            (2): Conv2d(512, 512, kernel_size=(1, 1), stride=(1, 1))
          )
        )
        (5): BatchNorm2d(512, eps=1e-05, momentum=0.1, affine=True, track_running_stats=True)
      )
      (shortcut): Sequential(
        (0): Conv2d(256, 512, kernel_size=(1, 1), stride=(2, 2), bias=False)
        (1): BatchNorm2d(512, eps=1e-05, momentum=0.1, affine=True, track_running_stats=True)
      )
    )
    (1): NoiseBasicBlock(
      (layers): Sequential(
        (0): NoiseLayer(
          (layers): Sequential(
            (0): ReLU(inplace)
            (1): BatchNorm2d(512, eps=1e-05, momentum=0.1, affine=True, track_running_stats=True)
            (2): Conv2d(512, 512, kernel_size=(1, 1), stride=(1, 1))
          )
        )
        (1): MaxPool2d(kernel_size=1, stride=1, padding=0, dilation=1, ceil_mode=False)
        (2): BatchNorm2d(512, eps=1e-05, momentum=0.1, affine=True, track_running_stats=True)
        (3): ReLU(inplace)
        (4): NoiseLayer(
          (layers): Sequential(
            (0): ReLU(inplace)
            (1): BatchNorm2d(512, eps=1e-05, momentum=0.1, affine=True, track_running_stats=True)
            (2): Conv2d(512, 512, kernel_size=(1, 1), stride=(1, 1))
          )
        )
        (5): BatchNorm2d(512, eps=1e-05, momentum=0.1, affine=True, track_running_stats=True)
      )
    )
  )
  (avgpool): AvgPool2d(kernel_size=2, stride=1, padding=0)
  (linear): Linear(in_features=512, out_features=1, bias=True)
)
2019-01-20 18:54:09,983 :[Epoch: 0/200] [Batch: 0/782] [D loss: 7.605253] [G loss: -0.354757] [ElapsedTime: 1.61 [sec]]
2019-01-20 18:54:25,900 :[Epoch: 0/200] [Iteration: 0] [Inception Score: 1.34] [Max Score Ever: 1.34]
2019-01-20 18:54:41,311 :[Epoch: 0/200] [Iteration: 1] [Inception Score: 1.34] [Max Score Ever: 1.34]
2019-01-20 18:54:56,108 :[Epoch: 0/200] [Iteration: 2] [Inception Score: 1.33] [Max Score Ever: 1.34]
2019-01-20 18:55:10,498 :[Epoch: 0/200] [Iteration: 3] [Inception Score: 1.33] [Max Score Ever: 1.34]
2019-01-20 18:55:25,663 :[Epoch: 0/200] [Iteration: 4] [Inception Score: 1.34] [Max Score Ever: 1.34]
2019-01-20 18:55:41,357 :[Epoch: 0/200] [Iteration: 5] [Inception Score: 1.34] [Max Score Ever: 1.34]
2019-01-20 18:55:56,036 :[Epoch: 0/200] [Iteration: 6] [Inception Score: 1.35] [Max Score Ever: 1.35]
2019-01-20 18:56:11,374 :[Epoch: 0/200] [Iteration: 7] [Inception Score: 1.34] [Max Score Ever: 1.35]
2019-01-20 18:56:26,645 :[Epoch: 0/200] [Iteration: 8] [Inception Score: 1.35] [Max Score Ever: 1.35]
2019-01-20 18:56:41,167 :[Epoch: 0/200] [Iteration: 9] [Inception Score: 1.36] [Max Score Ever: 1.36]
2019-01-20 18:56:55,535 :[Epoch: 0/200] [Iteration: 10] [Inception Score: 1.37] [Max Score Ever: 1.37]
2019-01-20 18:57:11,011 :[Epoch: 0/200] [Iteration: 11] [Inception Score: 1.36] [Max Score Ever: 1.37]
2019-01-20 18:57:26,070 :[Epoch: 0/200] [Iteration: 12] [Inception Score: 1.34] [Max Score Ever: 1.37]
2019-01-20 18:57:40,938 :[Epoch: 0/200] [Iteration: 13] [Inception Score: 1.35] [Max Score Ever: 1.37]
2019-01-20 18:57:55,437 :[Epoch: 0/200] [Iteration: 14] [Inception Score: 1.34] [Max Score Ever: 1.37]
2019-01-20 18:58:10,572 :[Epoch: 0/200] [Iteration: 15] [Inception Score: 1.37] [Max Score Ever: 1.37]
2019-01-20 18:58:25,346 :[Epoch: 0/200] [Iteration: 16] [Inception Score: 1.37] [Max Score Ever: 1.37]
2019-01-20 18:58:39,896 :[Epoch: 0/200] [Iteration: 17] [Inception Score: 1.37] [Max Score Ever: 1.37]
2019-01-20 18:58:54,594 :[Epoch: 0/200] [Iteration: 18] [Inception Score: 1.35] [Max Score Ever: 1.37]
2019-01-20 18:59:09,441 :[Epoch: 0/200] [Iteration: 19] [Inception Score: 1.36] [Max Score Ever: 1.37]
2019-01-20 18:59:24,328 :[Epoch: 0/200] [Iteration: 20] [Inception Score: 1.36] [Max Score Ever: 1.37]
2019-01-20 18:59:38,437 :[Epoch: 0/200] [Iteration: 21] [Inception Score: 1.36] [Max Score Ever: 1.37]
2019-01-20 18:59:52,860 :[Epoch: 0/200] [Iteration: 22] [Inception Score: 1.38] [Max Score Ever: 1.38]
2019-01-20 19:00:07,853 :[Epoch: 0/200] [Iteration: 23] [Inception Score: 1.37] [Max Score Ever: 1.38]
2019-01-20 19:00:22,751 :[Epoch: 0/200] [Iteration: 24] [Inception Score: 1.37] [Max Score Ever: 1.38]
2019-01-20 19:00:37,516 :[Epoch: 0/200] [Iteration: 25] [Inception Score: 1.36] [Max Score Ever: 1.38]
2019-01-20 19:00:52,356 :[Epoch: 0/200] [Iteration: 26] [Inception Score: 1.38] [Max Score Ever: 1.38]
2019-01-20 19:01:07,291 :[Epoch: 0/200] [Iteration: 27] [Inception Score: 1.37] [Max Score Ever: 1.38]
2019-01-20 19:01:31,106 :[Epoch: 0/200] [Iteration: 28] [Inception Score: 1.38] [Max Score Ever: 1.38]
2019-01-20 19:01:50,110 :[Epoch: 0/200] [Iteration: 29] [Inception Score: 1.37] [Max Score Ever: 1.38]
2019-01-20 19:02:08,979 :[Epoch: 0/200] [Iteration: 30] [Inception Score: 1.37] [Max Score Ever: 1.38]
2019-01-20 19:02:27,230 :[Epoch: 0/200] [Iteration: 31] [Inception Score: 1.38] [Max Score Ever: 1.38]
2019-01-20 19:02:46,485 :[Epoch: 0/200] [Iteration: 32] [Inception Score: 1.37] [Max Score Ever: 1.38]
2019-01-20 19:03:04,185 :[Epoch: 0/200] [Iteration: 33] [Inception Score: 1.37] [Max Score Ever: 1.38]
2019-01-20 19:03:21,244 :[Epoch: 0/200] [Iteration: 34] [Inception Score: 1.38] [Max Score Ever: 1.38]
2019-01-20 19:03:38,673 :[Epoch: 0/200] [Iteration: 35] [Inception Score: 1.35] [Max Score Ever: 1.38]
2019-01-20 19:03:55,538 :[Epoch: 0/200] [Iteration: 36] [Inception Score: 1.36] [Max Score Ever: 1.38]
2019-01-20 19:04:13,399 :[Epoch: 0/200] [Iteration: 37] [Inception Score: 1.37] [Max Score Ever: 1.38]
2019-01-20 19:04:29,899 :[Epoch: 0/200] [Iteration: 38] [Inception Score: 1.37] [Max Score Ever: 1.38]
2019-01-20 19:04:46,684 :[Epoch: 0/200] [Iteration: 39] [Inception Score: 1.37] [Max Score Ever: 1.38]
2019-01-20 19:05:03,492 :[Epoch: 0/200] [Iteration: 40] [Inception Score: 1.37] [Max Score Ever: 1.38]
2019-01-20 19:05:20,112 :[Epoch: 0/200] [Iteration: 41] [Inception Score: 1.37] [Max Score Ever: 1.38]
2019-01-20 19:05:36,210 :[Epoch: 0/200] [Iteration: 42] [Inception Score: 1.36] [Max Score Ever: 1.38]
2019-01-20 19:05:52,786 :[Epoch: 0/200] [Iteration: 43] [Inception Score: 1.36] [Max Score Ever: 1.38]
2019-01-20 19:06:09,357 :[Epoch: 0/200] [Iteration: 44] [Inception Score: 1.38] [Max Score Ever: 1.38]
2019-01-20 19:06:25,718 :[Epoch: 0/200] [Iteration: 45] [Inception Score: 1.36] [Max Score Ever: 1.38]
2019-01-20 19:06:42,123 :[Epoch: 0/200] [Iteration: 46] [Inception Score: 1.37] [Max Score Ever: 1.38]
2019-01-20 19:06:58,635 :[Epoch: 0/200] [Iteration: 47] [Inception Score: 1.37] [Max Score Ever: 1.38]
2019-01-20 19:07:15,088 :[Epoch: 0/200] [Iteration: 48] [Inception Score: 1.37] [Max Score Ever: 1.38]
2019-01-20 19:07:32,202 :[Epoch: 0/200] [Iteration: 49] [Inception Score: 1.37] [Max Score Ever: 1.38]
2019-01-20 19:07:49,039 :[Epoch: 0/200] [Iteration: 50] [Inception Score: 1.36] [Max Score Ever: 1.38]
2019-01-20 19:08:05,719 :[Epoch: 0/200] [Iteration: 51] [Inception Score: 1.37] [Max Score Ever: 1.38]
2019-01-20 19:08:22,857 :[Epoch: 0/200] [Iteration: 52] [Inception Score: 1.36] [Max Score Ever: 1.38]
2019-01-20 19:08:39,428 :[Epoch: 0/200] [Iteration: 53] [Inception Score: 1.38] [Max Score Ever: 1.38]
2019-01-20 19:08:55,892 :[Epoch: 0/200] [Iteration: 54] [Inception Score: 1.38] [Max Score Ever: 1.38]
2019-01-20 19:09:12,420 :[Epoch: 0/200] [Iteration: 55] [Inception Score: 1.39] [Max Score Ever: 1.39]
2019-01-20 19:09:29,576 :[Epoch: 0/200] [Iteration: 56] [Inception Score: 1.37] [Max Score Ever: 1.39]
2019-01-20 19:09:46,819 :[Epoch: 0/200] [Iteration: 57] [Inception Score: 1.38] [Max Score Ever: 1.39]
2019-01-20 19:10:03,146 :[Epoch: 0/200] [Iteration: 58] [Inception Score: 1.37] [Max Score Ever: 1.39]
2019-01-20 19:10:20,001 :[Epoch: 0/200] [Iteration: 59] [Inception Score: 1.38] [Max Score Ever: 1.39]
2019-01-20 19:10:36,559 :[Epoch: 0/200] [Iteration: 60] [Inception Score: 1.42] [Max Score Ever: 1.42]
2019-01-20 19:10:53,168 :[Epoch: 0/200] [Iteration: 61] [Inception Score: 1.39] [Max Score Ever: 1.42]
2019-01-20 19:11:10,520 :[Epoch: 0/200] [Iteration: 62] [Inception Score: 1.40] [Max Score Ever: 1.42]
2019-01-20 19:11:27,953 :[Epoch: 0/200] [Iteration: 63] [Inception Score: 1.42] [Max Score Ever: 1.42]
2019-01-20 19:11:44,881 :[Epoch: 0/200] [Iteration: 64] [Inception Score: 1.43] [Max Score Ever: 1.43]
2019-01-20 19:12:01,382 :[Epoch: 0/200] [Iteration: 65] [Inception Score: 1.43] [Max Score Ever: 1.43]
2019-01-20 19:12:18,930 :[Epoch: 0/200] [Iteration: 66] [Inception Score: 1.42] [Max Score Ever: 1.43]
2019-01-20 19:12:35,964 :[Epoch: 0/200] [Iteration: 67] [Inception Score: 1.43] [Max Score Ever: 1.43]
2019-01-20 19:12:52,575 :[Epoch: 0/200] [Iteration: 68] [Inception Score: 1.45] [Max Score Ever: 1.45]
2019-01-20 19:13:09,588 :[Epoch: 0/200] [Iteration: 69] [Inception Score: 1.43] [Max Score Ever: 1.45]
2019-01-20 19:13:26,465 :[Epoch: 0/200] [Iteration: 70] [Inception Score: 1.44] [Max Score Ever: 1.45]
2019-01-20 19:13:43,268 :[Epoch: 0/200] [Iteration: 71] [Inception Score: 1.43] [Max Score Ever: 1.45]
2019-01-20 19:14:00,310 :[Epoch: 0/200] [Iteration: 72] [Inception Score: 1.46] [Max Score Ever: 1.46]
2019-01-20 19:14:17,780 :[Epoch: 0/200] [Iteration: 73] [Inception Score: 1.44] [Max Score Ever: 1.46]
2019-01-20 19:14:34,810 :[Epoch: 0/200] [Iteration: 74] [Inception Score: 1.42] [Max Score Ever: 1.46]
2019-01-20 19:14:51,381 :[Epoch: 0/200] [Iteration: 75] [Inception Score: 1.46] [Max Score Ever: 1.46]
2019-01-20 19:15:08,311 :[Epoch: 0/200] [Iteration: 76] [Inception Score: 1.45] [Max Score Ever: 1.46]
2019-01-20 19:15:25,243 :[Epoch: 0/200] [Iteration: 77] [Inception Score: 1.44] [Max Score Ever: 1.46]
2019-01-20 19:15:41,546 :[Epoch: 0/200] [Iteration: 78] [Inception Score: 1.46] [Max Score Ever: 1.46]
2019-01-20 19:15:58,031 :[Epoch: 0/200] [Iteration: 79] [Inception Score: 1.47] [Max Score Ever: 1.47]
2019-01-20 19:16:13,973 :[Epoch: 0/200] [Iteration: 80] [Inception Score: 1.50] [Max Score Ever: 1.50]
2019-01-20 19:16:30,941 :[Epoch: 0/200] [Iteration: 81] [Inception Score: 1.47] [Max Score Ever: 1.50]
2019-01-20 19:16:46,919 :[Epoch: 0/200] [Iteration: 82] [Inception Score: 1.47] [Max Score Ever: 1.50]
2019-01-20 19:17:02,796 :[Epoch: 0/200] [Iteration: 83] [Inception Score: 1.49] [Max Score Ever: 1.50]
2019-01-20 19:17:19,167 :[Epoch: 0/200] [Iteration: 84] [Inception Score: 1.51] [Max Score Ever: 1.51]
2019-01-20 19:17:35,766 :[Epoch: 0/200] [Iteration: 85] [Inception Score: 1.49] [Max Score Ever: 1.51]
2019-01-20 19:17:52,461 :[Epoch: 0/200] [Iteration: 86] [Inception Score: 1.48] [Max Score Ever: 1.51]
2019-01-20 19:18:08,539 :[Epoch: 0/200] [Iteration: 87] [Inception Score: 1.51] [Max Score Ever: 1.51]
2019-01-20 19:18:25,062 :[Epoch: 0/200] [Iteration: 88] [Inception Score: 1.49] [Max Score Ever: 1.51]
2019-01-20 19:18:41,530 :[Epoch: 0/200] [Iteration: 89] [Inception Score: 1.48] [Max Score Ever: 1.51]
2019-01-20 19:18:57,989 :[Epoch: 0/200] [Iteration: 90] [Inception Score: 1.48] [Max Score Ever: 1.51]
2019-01-20 19:19:14,998 :[Epoch: 0/200] [Iteration: 91] [Inception Score: 1.52] [Max Score Ever: 1.52]
2019-01-20 19:19:31,895 :[Epoch: 0/200] [Iteration: 92] [Inception Score: 1.51] [Max Score Ever: 1.52]
2019-01-20 19:19:47,860 :[Epoch: 0/200] [Iteration: 93] [Inception Score: 1.51] [Max Score Ever: 1.52]
2019-01-20 19:20:05,199 :[Epoch: 0/200] [Iteration: 94] [Inception Score: 1.50] [Max Score Ever: 1.52]
2019-01-20 19:20:21,753 :[Epoch: 0/200] [Iteration: 95] [Inception Score: 1.51] [Max Score Ever: 1.52]
2019-01-20 19:20:38,591 :[Epoch: 0/200] [Iteration: 96] [Inception Score: 1.50] [Max Score Ever: 1.52]
2019-01-20 19:20:55,560 :[Epoch: 0/200] [Iteration: 97] [Inception Score: 1.51] [Max Score Ever: 1.52]
2019-01-20 19:21:11,993 :[Epoch: 0/200] [Iteration: 98] [Inception Score: 1.52] [Max Score Ever: 1.52]
2019-01-20 19:21:28,519 :[Epoch: 0/200] [Iteration: 99] [Inception Score: 1.51] [Max Score Ever: 1.52]
2019-01-20 19:21:28,819 :[Epoch: 0/200] [Batch: 100/782] [D loss: 0.005121] [G loss: -0.346543] [ElapsedTime: 1640.45 [sec]]
2019-01-20 19:21:45,678 :[Epoch: 0/200] [Iteration: 100] [Inception Score: 1.50] [Max Score Ever: 1.52]
2019-01-20 19:22:01,669 :[Epoch: 0/200] [Iteration: 101] [Inception Score: 1.52] [Max Score Ever: 1.52]
2019-01-20 19:22:18,393 :[Epoch: 0/200] [Iteration: 102] [Inception Score: 1.50] [Max Score Ever: 1.52]
2019-01-20 19:22:34,299 :[Epoch: 0/200] [Iteration: 103] [Inception Score: 1.53] [Max Score Ever: 1.53]
2019-01-20 19:22:50,607 :[Epoch: 0/200] [Iteration: 104] [Inception Score: 1.53] [Max Score Ever: 1.53]
2019-01-20 19:23:07,196 :[Epoch: 0/200] [Iteration: 105] [Inception Score: 1.54] [Max Score Ever: 1.54]
2019-01-20 19:23:24,155 :[Epoch: 0/200] [Iteration: 106] [Inception Score: 1.52] [Max Score Ever: 1.54]
2019-01-20 19:23:40,471 :[Epoch: 0/200] [Iteration: 107] [Inception Score: 1.51] [Max Score Ever: 1.54]
2019-01-20 19:23:56,712 :[Epoch: 0/200] [Iteration: 108] [Inception Score: 1.54] [Max Score Ever: 1.54]
2019-01-20 19:24:13,581 :[Epoch: 0/200] [Iteration: 109] [Inception Score: 1.55] [Max Score Ever: 1.55]
2019-01-20 19:24:30,471 :[Epoch: 0/200] [Iteration: 110] [Inception Score: 1.53] [Max Score Ever: 1.55]
2019-01-20 19:24:46,771 :[Epoch: 0/200] [Iteration: 111] [Inception Score: 1.57] [Max Score Ever: 1.57]
2019-01-20 19:25:02,958 :[Epoch: 0/200] [Iteration: 112] [Inception Score: 1.56] [Max Score Ever: 1.57]
2019-01-20 19:25:19,198 :[Epoch: 0/200] [Iteration: 113] [Inception Score: 1.56] [Max Score Ever: 1.57]
2019-01-20 19:25:35,624 :[Epoch: 0/200] [Iteration: 114] [Inception Score: 1.55] [Max Score Ever: 1.57]
2019-01-20 19:25:51,752 :[Epoch: 0/200] [Iteration: 115] [Inception Score: 1.58] [Max Score Ever: 1.58]
2019-01-20 19:26:09,311 :[Epoch: 0/200] [Iteration: 116] [Inception Score: 1.59] [Max Score Ever: 1.59]
2019-01-20 19:26:26,374 :[Epoch: 0/200] [Iteration: 117] [Inception Score: 1.54] [Max Score Ever: 1.59]
2019-01-20 19:26:44,343 :[Epoch: 0/200] [Iteration: 118] [Inception Score: 1.54] [Max Score Ever: 1.59]
2019-01-20 19:27:01,305 :[Epoch: 0/200] [Iteration: 119] [Inception Score: 1.55] [Max Score Ever: 1.59]
2019-01-20 19:27:18,361 :[Epoch: 0/200] [Iteration: 120] [Inception Score: 1.56] [Max Score Ever: 1.59]
2019-01-20 19:27:35,863 :[Epoch: 0/200] [Iteration: 121] [Inception Score: 1.56] [Max Score Ever: 1.59]
2019-01-20 19:27:53,897 :[Epoch: 0/200] [Iteration: 122] [Inception Score: 1.59] [Max Score Ever: 1.59]
2019-01-20 19:28:10,767 :[Epoch: 0/200] [Iteration: 123] [Inception Score: 1.59] [Max Score Ever: 1.59]
2019-01-20 19:28:27,686 :[Epoch: 0/200] [Iteration: 124] [Inception Score: 1.56] [Max Score Ever: 1.59]
2019-01-20 19:28:44,878 :[Epoch: 0/200] [Iteration: 125] [Inception Score: 1.59] [Max Score Ever: 1.59]
2019-01-20 19:29:02,487 :[Epoch: 0/200] [Iteration: 126] [Inception Score: 1.63] [Max Score Ever: 1.63]
2019-01-20 19:29:19,296 :[Epoch: 0/200] [Iteration: 127] [Inception Score: 1.60] [Max Score Ever: 1.63]
2019-01-20 19:29:37,032 :[Epoch: 0/200] [Iteration: 128] [Inception Score: 1.62] [Max Score Ever: 1.63]
2019-01-20 19:29:53,629 :[Epoch: 0/200] [Iteration: 129] [Inception Score: 1.62] [Max Score Ever: 1.63]
2019-01-20 19:30:10,270 :[Epoch: 0/200] [Iteration: 130] [Inception Score: 1.63] [Max Score Ever: 1.63]
2019-01-20 19:30:26,680 :[Epoch: 0/200] [Iteration: 131] [Inception Score: 1.63] [Max Score Ever: 1.63]
2019-01-20 19:30:43,931 :[Epoch: 0/200] [Iteration: 132] [Inception Score: 1.65] [Max Score Ever: 1.65]
2019-01-20 19:31:00,305 :[Epoch: 0/200] [Iteration: 133] [Inception Score: 1.64] [Max Score Ever: 1.65]
2019-01-20 19:31:17,499 :[Epoch: 0/200] [Iteration: 134] [Inception Score: 1.64] [Max Score Ever: 1.65]
2019-01-20 19:31:34,726 :[Epoch: 0/200] [Iteration: 135] [Inception Score: 1.64] [Max Score Ever: 1.65]
2019-01-20 19:31:53,920 :[Epoch: 0/200] [Iteration: 136] [Inception Score: 1.64] [Max Score Ever: 1.65]
2019-01-20 19:32:11,704 :[Epoch: 0/200] [Iteration: 137] [Inception Score: 1.64] [Max Score Ever: 1.65]
2019-01-20 19:32:29,395 :[Epoch: 0/200] [Iteration: 138] [Inception Score: 1.64] [Max Score Ever: 1.65]
2019-01-20 19:32:46,326 :[Epoch: 0/200] [Iteration: 139] [Inception Score: 1.66] [Max Score Ever: 1.66]
2019-01-20 19:33:03,155 :[Epoch: 0/200] [Iteration: 140] [Inception Score: 1.63] [Max Score Ever: 1.66]
2019-01-20 19:33:20,551 :[Epoch: 0/200] [Iteration: 141] [Inception Score: 1.67] [Max Score Ever: 1.67]
2019-01-20 19:33:37,710 :[Epoch: 0/200] [Iteration: 142] [Inception Score: 1.67] [Max Score Ever: 1.67]
2019-01-20 19:33:54,556 :[Epoch: 0/200] [Iteration: 143] [Inception Score: 1.71] [Max Score Ever: 1.71]
2019-01-20 19:34:12,067 :[Epoch: 0/200] [Iteration: 144] [Inception Score: 1.70] [Max Score Ever: 1.71]
2019-01-20 19:34:28,919 :[Epoch: 0/200] [Iteration: 145] [Inception Score: 1.70] [Max Score Ever: 1.71]
2019-01-20 19:34:46,538 :[Epoch: 0/200] [Iteration: 146] [Inception Score: 1.64] [Max Score Ever: 1.71]
2019-01-20 19:35:03,099 :[Epoch: 0/200] [Iteration: 147] [Inception Score: 1.65] [Max Score Ever: 1.71]
2019-01-20 19:35:19,780 :[Epoch: 0/200] [Iteration: 148] [Inception Score: 1.67] [Max Score Ever: 1.71]
2019-01-20 19:35:37,247 :[Epoch: 0/200] [Iteration: 149] [Inception Score: 1.66] [Max Score Ever: 1.71]
2019-01-20 19:35:54,170 :[Epoch: 0/200] [Iteration: 150] [Inception Score: 1.65] [Max Score Ever: 1.71]
2019-01-20 19:36:13,007 :[Epoch: 0/200] [Iteration: 151] [Inception Score: 1.71] [Max Score Ever: 1.71]
2019-01-20 19:36:30,108 :[Epoch: 0/200] [Iteration: 152] [Inception Score: 1.67] [Max Score Ever: 1.71]
2019-01-20 19:36:47,426 :[Epoch: 0/200] [Iteration: 153] [Inception Score: 1.68] [Max Score Ever: 1.71]
2019-01-20 19:37:04,331 :[Epoch: 0/200] [Iteration: 154] [Inception Score: 1.70] [Max Score Ever: 1.71]
2019-01-20 19:37:20,973 :[Epoch: 0/200] [Iteration: 155] [Inception Score: 1.70] [Max Score Ever: 1.71]
2019-01-20 19:37:37,562 :[Epoch: 0/200] [Iteration: 156] [Inception Score: 1.67] [Max Score Ever: 1.71]
2019-01-20 19:37:54,366 :[Epoch: 0/200] [Iteration: 157] [Inception Score: 1.71] [Max Score Ever: 1.71]
2019-01-20 19:38:10,655 :[Epoch: 0/200] [Iteration: 158] [Inception Score: 1.71] [Max Score Ever: 1.71]
2019-01-20 19:38:26,204 :[Epoch: 0/200] [Iteration: 159] [Inception Score: 1.74] [Max Score Ever: 1.74]
2019-01-20 19:38:42,478 :[Epoch: 0/200] [Iteration: 160] [Inception Score: 1.71] [Max Score Ever: 1.74]
2019-01-20 19:38:58,636 :[Epoch: 0/200] [Iteration: 161] [Inception Score: 1.71] [Max Score Ever: 1.74]
2019-01-20 19:39:14,696 :[Epoch: 0/200] [Iteration: 162] [Inception Score: 1.71] [Max Score Ever: 1.74]
2019-01-20 19:39:31,030 :[Epoch: 0/200] [Iteration: 163] [Inception Score: 1.74] [Max Score Ever: 1.74]
2019-01-20 19:39:47,819 :[Epoch: 0/200] [Iteration: 164] [Inception Score: 1.73] [Max Score Ever: 1.74]
2019-01-20 19:40:04,056 :[Epoch: 0/200] [Iteration: 165] [Inception Score: 1.74] [Max Score Ever: 1.74]
2019-01-20 19:40:20,788 :[Epoch: 0/200] [Iteration: 166] [Inception Score: 1.74] [Max Score Ever: 1.74]
2019-01-20 19:40:37,297 :[Epoch: 0/200] [Iteration: 167] [Inception Score: 1.74] [Max Score Ever: 1.74]
2019-01-20 19:40:53,530 :[Epoch: 0/200] [Iteration: 168] [Inception Score: 1.69] [Max Score Ever: 1.74]
2019-01-20 19:41:09,366 :[Epoch: 0/200] [Iteration: 169] [Inception Score: 1.75] [Max Score Ever: 1.75]
2019-01-20 19:41:25,582 :[Epoch: 0/200] [Iteration: 170] [Inception Score: 1.78] [Max Score Ever: 1.78]
2019-01-20 19:41:41,579 :[Epoch: 0/200] [Iteration: 171] [Inception Score: 1.78] [Max Score Ever: 1.78]
2019-01-20 19:41:57,560 :[Epoch: 0/200] [Iteration: 172] [Inception Score: 1.74] [Max Score Ever: 1.78]
2019-01-20 19:42:13,565 :[Epoch: 0/200] [Iteration: 173] [Inception Score: 1.77] [Max Score Ever: 1.78]
2019-01-20 19:42:29,453 :[Epoch: 0/200] [Iteration: 174] [Inception Score: 1.77] [Max Score Ever: 1.78]
2019-01-20 19:42:45,735 :[Epoch: 0/200] [Iteration: 175] [Inception Score: 1.75] [Max Score Ever: 1.78]
2019-01-20 19:43:02,066 :[Epoch: 0/200] [Iteration: 176] [Inception Score: 1.80] [Max Score Ever: 1.80]
2019-01-20 19:43:17,866 :[Epoch: 0/200] [Iteration: 177] [Inception Score: 1.79] [Max Score Ever: 1.80]
2019-01-20 19:43:34,201 :[Epoch: 0/200] [Iteration: 178] [Inception Score: 1.79] [Max Score Ever: 1.80]
2019-01-20 19:43:50,327 :[Epoch: 0/200] [Iteration: 179] [Inception Score: 1.80] [Max Score Ever: 1.80]
2019-01-20 19:44:05,930 :[Epoch: 0/200] [Iteration: 180] [Inception Score: 1.84] [Max Score Ever: 1.84]
2019-01-20 19:44:22,266 :[Epoch: 0/200] [Iteration: 181] [Inception Score: 1.81] [Max Score Ever: 1.84]
2019-01-20 19:44:39,049 :[Epoch: 0/200] [Iteration: 182] [Inception Score: 1.79] [Max Score Ever: 1.84]
2019-01-20 19:44:54,820 :[Epoch: 0/200] [Iteration: 183] [Inception Score: 1.81] [Max Score Ever: 1.84]
2019-01-20 19:45:10,815 :[Epoch: 0/200] [Iteration: 184] [Inception Score: 1.82] [Max Score Ever: 1.84]
2019-01-20 19:45:26,429 :[Epoch: 0/200] [Iteration: 185] [Inception Score: 1.85] [Max Score Ever: 1.85]
2019-01-20 19:45:42,029 :[Epoch: 0/200] [Iteration: 186] [Inception Score: 1.83] [Max Score Ever: 1.85]
2019-01-20 19:45:57,141 :[Epoch: 0/200] [Iteration: 187] [Inception Score: 1.84] [Max Score Ever: 1.85]
2019-01-20 19:46:12,146 :[Epoch: 0/200] [Iteration: 188] [Inception Score: 1.90] [Max Score Ever: 1.90]
2019-01-20 19:46:26,667 :[Epoch: 0/200] [Iteration: 189] [Inception Score: 1.87] [Max Score Ever: 1.90]
2019-01-20 19:46:41,825 :[Epoch: 0/200] [Iteration: 190] [Inception Score: 1.87] [Max Score Ever: 1.90]
2019-01-20 19:46:56,422 :[Epoch: 0/200] [Iteration: 191] [Inception Score: 1.89] [Max Score Ever: 1.90]
2019-01-20 19:47:11,137 :[Epoch: 0/200] [Iteration: 192] [Inception Score: 1.92] [Max Score Ever: 1.92]
2019-01-20 19:47:26,003 :[Epoch: 0/200] [Iteration: 193] [Inception Score: 1.94] [Max Score Ever: 1.94]
2019-01-20 19:47:40,630 :[Epoch: 0/200] [Iteration: 194] [Inception Score: 1.90] [Max Score Ever: 1.94]
2019-01-20 19:47:55,269 :[Epoch: 0/200] [Iteration: 195] [Inception Score: 1.95] [Max Score Ever: 1.95]
2019-01-20 19:48:09,479 :[Epoch: 0/200] [Iteration: 196] [Inception Score: 1.90] [Max Score Ever: 1.95]
2019-01-20 19:48:24,960 :[Epoch: 0/200] [Iteration: 197] [Inception Score: 1.95] [Max Score Ever: 1.95]
2019-01-20 19:48:40,087 :[Epoch: 0/200] [Iteration: 198] [Inception Score: 1.90] [Max Score Ever: 1.95]
2019-01-20 19:48:55,107 :[Epoch: 0/200] [Iteration: 199] [Inception Score: 1.93] [Max Score Ever: 1.95]
2019-01-20 19:48:55,407 :[Epoch: 0/200] [Batch: 200/782] [D loss: -0.095677] [G loss: -0.197343] [ElapsedTime: 3287.04 [sec]]
2019-01-20 19:49:09,262 :[Epoch: 0/200] [Iteration: 200] [Inception Score: 1.92] [Max Score Ever: 1.95]
2019-01-20 19:49:23,741 :[Epoch: 0/200] [Iteration: 201] [Inception Score: 1.95] [Max Score Ever: 1.95]
2019-01-20 19:49:37,769 :[Epoch: 0/200] [Iteration: 202] [Inception Score: 1.91] [Max Score Ever: 1.95]
2019-01-20 19:49:52,006 :[Epoch: 0/200] [Iteration: 203] [Inception Score: 1.90] [Max Score Ever: 1.95]
2019-01-20 19:50:06,493 :[Epoch: 0/200] [Iteration: 204] [Inception Score: 1.91] [Max Score Ever: 1.95]
2019-01-20 19:50:20,997 :[Epoch: 0/200] [Iteration: 205] [Inception Score: 1.95] [Max Score Ever: 1.95]
2019-01-20 19:50:34,654 :[Epoch: 0/200] [Iteration: 206] [Inception Score: 1.97] [Max Score Ever: 1.97]
2019-01-20 19:50:48,385 :[Epoch: 0/200] [Iteration: 207] [Inception Score: 2.00] [Max Score Ever: 2.00]
2019-01-20 19:51:02,387 :[Epoch: 0/200] [Iteration: 208] [Inception Score: 2.08] [Max Score Ever: 2.08]
2019-01-20 19:51:16,723 :[Epoch: 0/200] [Iteration: 209] [Inception Score: 1.96] [Max Score Ever: 2.08]
2019-01-20 19:51:30,501 :[Epoch: 0/200] [Iteration: 210] [Inception Score: 2.05] [Max Score Ever: 2.08]
2019-01-20 19:51:44,546 :[Epoch: 0/200] [Iteration: 211] [Inception Score: 2.08] [Max Score Ever: 2.08]
2019-01-20 19:51:58,347 :[Epoch: 0/200] [Iteration: 212] [Inception Score: 2.01] [Max Score Ever: 2.08]
2019-01-20 19:52:12,196 :[Epoch: 0/200] [Iteration: 213] [Inception Score: 2.09] [Max Score Ever: 2.09]
2019-01-20 19:52:26,304 :[Epoch: 0/200] [Iteration: 214] [Inception Score: 2.09] [Max Score Ever: 2.09]
2019-01-20 19:52:39,660 :[Epoch: 0/200] [Iteration: 215] [Inception Score: 2.17] [Max Score Ever: 2.17]
2019-01-20 19:52:52,640 :[Epoch: 0/200] [Iteration: 216] [Inception Score: 2.08] [Max Score Ever: 2.17]
2019-01-20 19:53:06,513 :[Epoch: 0/200] [Iteration: 217] [Inception Score: 2.12] [Max Score Ever: 2.17]
2019-01-20 19:53:19,637 :[Epoch: 0/200] [Iteration: 218] [Inception Score: 2.12] [Max Score Ever: 2.17]
2019-01-20 19:53:33,281 :[Epoch: 0/200] [Iteration: 219] [Inception Score: 2.15] [Max Score Ever: 2.17]
2019-01-20 19:53:46,239 :[Epoch: 0/200] [Iteration: 220] [Inception Score: 2.16] [Max Score Ever: 2.17]
2019-01-20 19:53:59,952 :[Epoch: 0/200] [Iteration: 221] [Inception Score: 2.17] [Max Score Ever: 2.17]
2019-01-20 19:54:13,311 :[Epoch: 0/200] [Iteration: 222] [Inception Score: 2.15] [Max Score Ever: 2.17]
2019-01-20 19:54:26,539 :[Epoch: 0/200] [Iteration: 223] [Inception Score: 2.15] [Max Score Ever: 2.17]
2019-01-20 19:54:39,669 :[Epoch: 0/200] [Iteration: 224] [Inception Score: 2.18] [Max Score Ever: 2.18]
2019-01-20 19:54:52,691 :[Epoch: 0/200] [Iteration: 225] [Inception Score: 2.17] [Max Score Ever: 2.18]
2019-01-20 19:55:05,695 :[Epoch: 0/200] [Iteration: 226] [Inception Score: 2.13] [Max Score Ever: 2.18]
2019-01-20 19:55:18,813 :[Epoch: 0/200] [Iteration: 227] [Inception Score: 2.13] [Max Score Ever: 2.18]
2019-01-20 19:55:31,430 :[Epoch: 0/200] [Iteration: 228] [Inception Score: 2.10] [Max Score Ever: 2.18]
2019-01-20 19:55:44,758 :[Epoch: 0/200] [Iteration: 229] [Inception Score: 2.14] [Max Score Ever: 2.18]
2019-01-20 19:55:57,297 :[Epoch: 0/200] [Iteration: 230] [Inception Score: 2.10] [Max Score Ever: 2.18]
2019-01-20 19:56:09,877 :[Epoch: 0/200] [Iteration: 231] [Inception Score: 2.08] [Max Score Ever: 2.18]
2019-01-20 19:56:22,428 :[Epoch: 0/200] [Iteration: 232] [Inception Score: 2.08] [Max Score Ever: 2.18]
2019-01-20 19:56:35,816 :[Epoch: 0/200] [Iteration: 233] [Inception Score: 2.07] [Max Score Ever: 2.18]
2019-01-20 19:56:48,343 :[Epoch: 0/200] [Iteration: 234] [Inception Score: 2.07] [Max Score Ever: 2.18]
2019-01-20 19:57:01,273 :[Epoch: 0/200] [Iteration: 235] [Inception Score: 2.05] [Max Score Ever: 2.18]
2019-01-20 19:57:13,831 :[Epoch: 0/200] [Iteration: 236] [Inception Score: 2.03] [Max Score Ever: 2.18]
2019-01-20 19:57:27,129 :[Epoch: 0/200] [Iteration: 237] [Inception Score: 2.01] [Max Score Ever: 2.18]
2019-01-20 19:57:39,892 :[Epoch: 0/200] [Iteration: 238] [Inception Score: 2.00] [Max Score Ever: 2.18]
2019-01-20 19:57:52,334 :[Epoch: 0/200] [Iteration: 239] [Inception Score: 2.02] [Max Score Ever: 2.18]
2019-01-20 19:58:05,155 :[Epoch: 0/200] [Iteration: 240] [Inception Score: 2.07] [Max Score Ever: 2.18]
2019-01-20 19:58:17,862 :[Epoch: 0/200] [Iteration: 241] [Inception Score: 2.05] [Max Score Ever: 2.18]
2019-01-20 19:58:30,613 :[Epoch: 0/200] [Iteration: 242] [Inception Score: 2.01] [Max Score Ever: 2.18]
2019-01-20 19:58:43,382 :[Epoch: 0/200] [Iteration: 243] [Inception Score: 2.03] [Max Score Ever: 2.18]
2019-01-20 19:58:56,247 :[Epoch: 0/200] [Iteration: 244] [Inception Score: 2.04] [Max Score Ever: 2.18]
2019-01-20 19:59:09,848 :[Epoch: 0/200] [Iteration: 245] [Inception Score: 2.00] [Max Score Ever: 2.18]
2019-01-20 19:59:24,140 :[Epoch: 0/200] [Iteration: 246] [Inception Score: 2.05] [Max Score Ever: 2.18]
2019-01-20 19:59:44,148 :[Epoch: 0/200] [Iteration: 247] [Inception Score: 2.03] [Max Score Ever: 2.18]
2019-01-20 20:00:12,751 :[Epoch: 0/200] [Iteration: 248] [Inception Score: 2.14] [Max Score Ever: 2.18]
2019-01-20 20:00:40,604 :[Epoch: 0/200] [Iteration: 249] [Inception Score: 2.04] [Max Score Ever: 2.18]
2019-01-20 20:00:53,213 :[Epoch: 0/200] [Iteration: 250] [Inception Score: 2.15] [Max Score Ever: 2.18]
2019-01-20 20:01:50,316 :[Epoch: 0/200] [Iteration: 251] [Inception Score: 2.15] [Max Score Ever: 2.18]
2019-01-20 20:02:14,424 :[Epoch: 0/200] [Iteration: 252] [Inception Score: 2.17] [Max Score Ever: 2.18]
2019-01-20 20:02:50,641 :[Epoch: 0/200] [Iteration: 253] [Inception Score: 2.22] [Max Score Ever: 2.22]
2019-01-20 20:03:25,270 :[Epoch: 0/200] [Iteration: 254] [Inception Score: 2.23] [Max Score Ever: 2.23]
2019-01-20 20:04:02,424 :[Epoch: 0/200] [Iteration: 255] [Inception Score: 2.31] [Max Score Ever: 2.31]
2019-01-20 20:04:35,597 :[Epoch: 0/200] [Iteration: 256] [Inception Score: 2.29] [Max Score Ever: 2.31]
2019-01-20 20:05:14,243 :[Epoch: 0/200] [Iteration: 257] [Inception Score: 2.31] [Max Score Ever: 2.31]
2019-01-20 20:05:56,723 :[Epoch: 0/200] [Iteration: 258] [Inception Score: 2.36] [Max Score Ever: 2.36]
2019-01-20 20:06:30,915 :[Epoch: 0/200] [Iteration: 259] [Inception Score: 2.35] [Max Score Ever: 2.36]
2019-01-20 20:07:09,025 :[Epoch: 0/200] [Iteration: 260] [Inception Score: 2.38] [Max Score Ever: 2.38]
2019-01-20 20:07:41,741 :[Epoch: 0/200] [Iteration: 261] [Inception Score: 2.45] [Max Score Ever: 2.45]
2019-01-20 20:08:07,563 :[Epoch: 0/200] [Iteration: 262] [Inception Score: 2.38] [Max Score Ever: 2.45]
2019-01-20 20:08:31,987 :[Epoch: 0/200] [Iteration: 263] [Inception Score: 2.44] [Max Score Ever: 2.45]
2019-01-20 20:08:55,989 :[Epoch: 0/200] [Iteration: 264] [Inception Score: 2.42] [Max Score Ever: 2.45]
2019-01-20 20:09:25,947 :[Epoch: 0/200] [Iteration: 265] [Inception Score: 2.39] [Max Score Ever: 2.45]
2019-01-20 20:10:00,738 :[Epoch: 0/200] [Iteration: 266] [Inception Score: 2.53] [Max Score Ever: 2.53]
2019-01-20 20:10:43,303 :[Epoch: 0/200] [Iteration: 267] [Inception Score: 2.46] [Max Score Ever: 2.53]
2019-01-20 20:11:19,413 :[Epoch: 0/200] [Iteration: 268] [Inception Score: 2.53] [Max Score Ever: 2.53]
2019-01-20 20:11:46,485 :[Epoch: 0/200] [Iteration: 269] [Inception Score: 2.56] [Max Score Ever: 2.56]
2019-01-20 20:12:05,451 :[Epoch: 0/200] [Iteration: 270] [Inception Score: 2.50] [Max Score Ever: 2.56]
2019-01-20 20:12:37,545 :[Epoch: 0/200] [Iteration: 271] [Inception Score: 2.54] [Max Score Ever: 2.56]
2019-01-20 20:13:15,597 :[Epoch: 0/200] [Iteration: 272] [Inception Score: 2.51] [Max Score Ever: 2.56]
2019-01-20 20:13:55,077 :[Epoch: 0/200] [Iteration: 273] [Inception Score: 2.60] [Max Score Ever: 2.60]
2019-01-20 20:14:31,948 :[Epoch: 0/200] [Iteration: 274] [Inception Score: 2.60] [Max Score Ever: 2.60]
2019-01-20 20:15:04,839 :[Epoch: 0/200] [Iteration: 275] [Inception Score: 2.55] [Max Score Ever: 2.60]
2019-01-20 20:15:22,320 :[Epoch: 0/200] [Iteration: 276] [Inception Score: 2.54] [Max Score Ever: 2.60]
2019-01-20 20:15:54,957 :[Epoch: 0/200] [Iteration: 277] [Inception Score: 2.55] [Max Score Ever: 2.60]
2019-01-20 20:16:29,589 :[Epoch: 0/200] [Iteration: 278] [Inception Score: 2.55] [Max Score Ever: 2.60]
2019-01-20 20:17:01,760 :[Epoch: 0/200] [Iteration: 279] [Inception Score: 2.46] [Max Score Ever: 2.60]
2019-01-20 20:17:44,846 :[Epoch: 0/200] [Iteration: 280] [Inception Score: 2.46] [Max Score Ever: 2.60]
2019-01-20 20:18:22,516 :[Epoch: 0/200] [Iteration: 281] [Inception Score: 2.50] [Max Score Ever: 2.60]
2019-01-20 20:18:52,950 :[Epoch: 0/200] [Iteration: 282] [Inception Score: 2.44] [Max Score Ever: 2.60]
2019-01-20 20:19:20,917 :[Epoch: 0/200] [Iteration: 283] [Inception Score: 2.49] [Max Score Ever: 2.60]
2019-01-20 20:19:53,886 :[Epoch: 0/200] [Iteration: 284] [Inception Score: 2.55] [Max Score Ever: 2.60]
2019-01-20 20:20:11,297 :[Epoch: 0/200] [Iteration: 285] [Inception Score: 2.58] [Max Score Ever: 2.60]
2019-01-20 20:20:43,708 :[Epoch: 0/200] [Iteration: 286] [Inception Score: 2.55] [Max Score Ever: 2.60]
2019-01-20 20:21:16,156 :[Epoch: 0/200] [Iteration: 287] [Inception Score: 2.56] [Max Score Ever: 2.60]
2019-01-20 20:22:04,207 :[Epoch: 0/200] [Iteration: 288] [Inception Score: 2.51] [Max Score Ever: 2.60]
2019-01-20 20:22:38,497 :[Epoch: 0/200] [Iteration: 289] [Inception Score: 2.52] [Max Score Ever: 2.60]
2019-01-20 20:23:05,823 :[Epoch: 0/200] [Iteration: 290] [Inception Score: 2.42] [Max Score Ever: 2.60]
2019-01-20 20:23:36,325 :[Epoch: 0/200] [Iteration: 291] [Inception Score: 2.49] [Max Score Ever: 2.60]
2019-01-20 20:24:16,150 :[Epoch: 0/200] [Iteration: 292] [Inception Score: 2.46] [Max Score Ever: 2.60]
2019-01-20 20:24:50,794 :[Epoch: 0/200] [Iteration: 293] [Inception Score: 2.43] [Max Score Ever: 2.60]
2019-01-20 20:25:29,816 :[Epoch: 0/200] [Iteration: 294] [Inception Score: 2.35] [Max Score Ever: 2.60]
2019-01-20 20:25:58,930 :[Epoch: 0/200] [Iteration: 295] [Inception Score: 2.30] [Max Score Ever: 2.60]
2019-01-20 20:26:31,504 :[Epoch: 0/200] [Iteration: 296] [Inception Score: 2.26] [Max Score Ever: 2.60]
2019-01-20 20:27:04,659 :[Epoch: 0/200] [Iteration: 297] [Inception Score: 2.34] [Max Score Ever: 2.60]
2019-01-20 20:27:36,474 :[Epoch: 0/200] [Iteration: 298] [Inception Score: 2.34] [Max Score Ever: 2.60]
2019-01-20 20:28:10,108 :[Epoch: 0/200] [Iteration: 299] [Inception Score: 2.41] [Max Score Ever: 2.60]
2019-01-20 20:28:10,407 :[Epoch: 0/200] [Batch: 300/782] [D loss: -0.032277] [G loss: -0.282788] [ElapsedTime: 5642.04 [sec]]
2019-01-20 20:28:42,576 :[Epoch: 0/200] [Iteration: 300] [Inception Score: 2.36] [Max Score Ever: 2.60]
2019-01-20 20:29:13,492 :[Epoch: 0/200] [Iteration: 301] [Inception Score: 2.37] [Max Score Ever: 2.60]
2019-01-20 20:29:44,071 :[Epoch: 0/200] [Iteration: 302] [Inception Score: 2.31] [Max Score Ever: 2.60]
2019-01-20 20:30:09,529 :[Epoch: 0/200] [Iteration: 303] [Inception Score: 2.35] [Max Score Ever: 2.60]
2019-01-20 20:30:27,846 :[Epoch: 0/200] [Iteration: 304] [Inception Score: 2.45] [Max Score Ever: 2.60]
2019-01-20 20:30:59,430 :[Epoch: 0/200] [Iteration: 305] [Inception Score: 2.41] [Max Score Ever: 2.60]
2019-01-20 20:31:37,868 :[Epoch: 0/200] [Iteration: 306] [Inception Score: 2.41] [Max Score Ever: 2.60]
2019-01-20 20:32:18,983 :[Epoch: 0/200] [Iteration: 307] [Inception Score: 2.40] [Max Score Ever: 2.60]
2019-01-20 20:32:50,552 :[Epoch: 0/200] [Iteration: 308] [Inception Score: 2.43] [Max Score Ever: 2.60]
2019-01-20 20:33:15,668 :[Epoch: 0/200] [Iteration: 309] [Inception Score: 2.31] [Max Score Ever: 2.60]
2019-01-20 20:33:47,367 :[Epoch: 0/200] [Iteration: 310] [Inception Score: 2.34] [Max Score Ever: 2.60]
2019-01-20 20:34:19,727 :[Epoch: 0/200] [Iteration: 311] [Inception Score: 2.31] [Max Score Ever: 2.60]
2019-01-20 20:34:51,643 :[Epoch: 0/200] [Iteration: 312] [Inception Score: 2.29] [Max Score Ever: 2.60]
2019-01-20 20:35:22,088 :[Epoch: 0/200] [Iteration: 313] [Inception Score: 2.31] [Max Score Ever: 2.60]
2019-01-20 20:35:49,534 :[Epoch: 0/200] [Iteration: 314] [Inception Score: 2.38] [Max Score Ever: 2.60]
2019-01-20 20:36:20,811 :[Epoch: 0/200] [Iteration: 315] [Inception Score: 2.32] [Max Score Ever: 2.60]
2019-01-20 20:36:53,413 :[Epoch: 0/200] [Iteration: 316] [Inception Score: 2.34] [Max Score Ever: 2.60]
2019-01-20 20:37:25,539 :[Epoch: 0/200] [Iteration: 317] [Inception Score: 2.27] [Max Score Ever: 2.60]
2019-01-20 20:37:51,511 :[Epoch: 0/200] [Iteration: 318] [Inception Score: 2.24] [Max Score Ever: 2.60]
2019-01-20 20:38:23,524 :[Epoch: 0/200] [Iteration: 319] [Inception Score: 2.27] [Max Score Ever: 2.60]
2019-01-20 20:38:57,362 :[Epoch: 0/200] [Iteration: 320] [Inception Score: 2.27] [Max Score Ever: 2.60]
2019-01-20 20:39:30,448 :[Epoch: 0/200] [Iteration: 321] [Inception Score: 2.26] [Max Score Ever: 2.60]
2019-01-20 20:40:02,415 :[Epoch: 0/200] [Iteration: 322] [Inception Score: 2.33] [Max Score Ever: 2.60]
2019-01-20 20:40:35,724 :[Epoch: 0/200] [Iteration: 323] [Inception Score: 2.32] [Max Score Ever: 2.60]
2019-01-20 20:41:07,604 :[Epoch: 0/200] [Iteration: 324] [Inception Score: 2.25] [Max Score Ever: 2.60]
2019-01-20 20:41:32,863 :[Epoch: 0/200] [Iteration: 325] [Inception Score: 2.30] [Max Score Ever: 2.60]
2019-01-20 20:42:05,651 :[Epoch: 0/200] [Iteration: 326] [Inception Score: 2.37] [Max Score Ever: 2.60]
2019-01-20 20:42:30,168 :[Epoch: 0/200] [Iteration: 327] [Inception Score: 2.40] [Max Score Ever: 2.60]
2019-01-20 20:43:09,674 :[Epoch: 0/200] [Iteration: 328] [Inception Score: 2.32] [Max Score Ever: 2.60]
2019-01-20 20:43:41,943 :[Epoch: 0/200] [Iteration: 329] [Inception Score: 2.40] [Max Score Ever: 2.60]
2019-01-20 20:44:13,693 :[Epoch: 0/200] [Iteration: 330] [Inception Score: 2.35] [Max Score Ever: 2.60]
2019-01-20 20:44:45,671 :[Epoch: 0/200] [Iteration: 331] [Inception Score: 2.39] [Max Score Ever: 2.60]
