2019-01-13 10:56:43,900 :{'n_epochs': 200, 'batch_size': 64, 'lr': 0.0002, 'b1': 0.5, 'b2': 0.999, 'n_cpu': 8, 'latent_dim': 128, 'img_size': 32, 'n_critic': 1, 'clip_value': 0.01, 'sample_interval': 100, 'modelsave_interval': 1, 'log_interval': 100, 'dataset': 'imagenet', 'num_filters': 128, 'saveDir': None, 'resume': 0, 'logIS': True, 'loadDir': False}
2019-01-13 10:56:43,900 :NoiseGenerator2Dv6(
  (pre_layer): Linear(in_features=128, out_features=16384, bias=True)
  (model): Sequential(
    (0): NoiseBasicBlock2D(
      (layers): Sequential(
        (0): NoiseLayer2D(
          (layers): Sequential(
            (0): ReLU()
            (1): BatchNorm2d(1024, eps=1e-05, momentum=0.1, affine=True, track_running_stats=True)
            (2): Conv2d(1024, 1024, kernel_size=(1, 1), stride=(1, 1))
          )
        )
        (1): NoiseLayer2D(
          (layers): Sequential(
            (0): ReLU()
            (1): BatchNorm2d(1024, eps=1e-05, momentum=0.1, affine=True, track_running_stats=True)
            (2): Conv2d(1024, 1024, kernel_size=(1, 1), stride=(1, 1))
          )
        )
      )
      (relu): ReLU()
    )
    (1): NoiseLayer2D(
      (layers): Sequential(
        (0): ReLU()
        (1): BatchNorm2d(1024, eps=1e-05, momentum=0.1, affine=True, track_running_stats=True)
        (2): Conv2d(1024, 512, kernel_size=(1, 1), stride=(1, 1))
      )
    )
    (2): Upsample(scale_factor=2, mode=bilinear)
    (3): NoiseBasicBlock2D(
      (layers): Sequential(
        (0): NoiseLayer2D(
          (layers): Sequential(
            (0): ReLU()
            (1): BatchNorm2d(512, eps=1e-05, momentum=0.1, affine=True, track_running_stats=True)
            (2): Conv2d(512, 512, kernel_size=(1, 1), stride=(1, 1))
          )
        )
        (1): NoiseLayer2D(
          (layers): Sequential(
            (0): ReLU()
            (1): BatchNorm2d(512, eps=1e-05, momentum=0.1, affine=True, track_running_stats=True)
            (2): Conv2d(512, 512, kernel_size=(1, 1), stride=(1, 1))
          )
        )
      )
      (relu): ReLU()
    )
    (4): NoiseLayer2D(
      (layers): Sequential(
        (0): ReLU()
        (1): BatchNorm2d(512, eps=1e-05, momentum=0.1, affine=True, track_running_stats=True)
        (2): Conv2d(512, 256, kernel_size=(1, 1), stride=(1, 1))
      )
    )
    (5): Upsample(scale_factor=2, mode=bilinear)
    (6): NoiseBasicBlock2D(
      (layers): Sequential(
        (0): NoiseLayer2D(
          (layers): Sequential(
            (0): ReLU()
            (1): BatchNorm2d(256, eps=1e-05, momentum=0.1, affine=True, track_running_stats=True)
            (2): Conv2d(256, 256, kernel_size=(1, 1), stride=(1, 1))
          )
        )
        (1): NoiseLayer2D(
          (layers): Sequential(
            (0): ReLU()
            (1): BatchNorm2d(256, eps=1e-05, momentum=0.1, affine=True, track_running_stats=True)
            (2): Conv2d(256, 256, kernel_size=(1, 1), stride=(1, 1))
          )
        )
      )
      (relu): ReLU()
    )
    (7): NoiseLayer2D(
      (layers): Sequential(
        (0): ReLU()
        (1): BatchNorm2d(256, eps=1e-05, momentum=0.1, affine=True, track_running_stats=True)
        (2): Conv2d(256, 128, kernel_size=(1, 1), stride=(1, 1))
      )
    )
    (8): Upsample(scale_factor=2, mode=bilinear)
    (9): NoiseBasicBlock2D(
      (layers): Sequential(
        (0): NoiseLayer2D(
          (layers): Sequential(
            (0): ReLU()
            (1): BatchNorm2d(128, eps=1e-05, momentum=0.1, affine=True, track_running_stats=True)
            (2): Conv2d(128, 128, kernel_size=(1, 1), stride=(1, 1))
          )
        )
        (1): NoiseLayer2D(
          (layers): Sequential(
            (0): ReLU()
            (1): BatchNorm2d(128, eps=1e-05, momentum=0.1, affine=True, track_running_stats=True)
            (2): Conv2d(128, 128, kernel_size=(1, 1), stride=(1, 1))
          )
        )
      )
      (relu): ReLU()
    )
    (10): NoiseLayer2D(
      (layers): Sequential(
        (0): ReLU()
        (1): BatchNorm2d(128, eps=1e-05, momentum=0.1, affine=True, track_running_stats=True)
        (2): Conv2d(128, 3, kernel_size=(1, 1), stride=(1, 1))
      )
    )
    (11): Tanh()
  )
)
2019-01-13 10:56:43,902 :WGANDiscriminator32_(
  (main): Sequential(
    (0): Conv2d(3, 128, kernel_size=(4, 4), stride=(2, 2), padding=(1, 1), bias=False)
    (1): LeakyReLU(negative_slope=0.2, inplace)
    (2): Conv2d(128, 256, kernel_size=(4, 4), stride=(2, 2), padding=(1, 1), bias=False)
    (3): BatchNorm2d(256, eps=1e-05, momentum=0.1, affine=True, track_running_stats=True)
    (4): LeakyReLU(negative_slope=0.2, inplace)
    (5): Conv2d(256, 512, kernel_size=(4, 4), stride=(2, 2), padding=(1, 1), bias=False)
    (6): BatchNorm2d(512, eps=1e-05, momentum=0.1, affine=True, track_running_stats=True)
    (7): LeakyReLU(negative_slope=0.2, inplace)
    (8): Conv2d(512, 1024, kernel_size=(4, 4), stride=(1, 1), bias=False)
    (9): BatchNorm2d(1024, eps=1e-05, momentum=0.1, affine=True, track_running_stats=True)
    (10): LeakyReLU(negative_slope=0.2, inplace)
  )
  (avgpool): AvgPool2d(kernel_size=2, stride=1, padding=0)
  (linear): Linear(in_features=1024, out_features=1, bias=True)
)
2019-01-13 10:57:04,965 :[Epoch: 0/200] [Inception Score: 1.29] [Max Score Ever: 1.29]
2019-01-13 10:57:08,501 :[Epoch: 0/200] [Batch: 0/20019] [D loss: 3.923437] [G loss: -0.011482] [ElapsedTime: 24.57 [sec]]
2019-01-13 11:01:55,316 :[Epoch: 0/200] [Batch: 100/20019] [D loss: 0.026276] [G loss: 0.130317] [ElapsedTime: 311.38 [sec]]
2019-01-13 11:06:53,129 :[Epoch: 0/200] [Batch: 200/20019] [D loss: 0.158125] [G loss: 0.191474] [ElapsedTime: 609.19 [sec]]
2019-01-13 11:11:27,037 :[Epoch: 0/200] [Batch: 300/20019] [D loss: 0.201750] [G loss: 0.131756] [ElapsedTime: 883.10 [sec]]
2019-01-13 11:15:59,179 :[Epoch: 0/200] [Batch: 400/20019] [D loss: 0.253711] [G loss: 0.174878] [ElapsedTime: 1155.24 [sec]]
2019-01-13 11:20:30,101 :[Epoch: 0/200] [Batch: 500/20019] [D loss: -0.016928] [G loss: 0.267671] [ElapsedTime: 1426.16 [sec]]
2019-01-13 11:24:57,452 :[Epoch: 0/200] [Batch: 600/20019] [D loss: -0.091781] [G loss: 0.383662] [ElapsedTime: 1693.51 [sec]]
2019-01-13 11:29:24,568 :[Epoch: 0/200] [Batch: 700/20019] [D loss: -0.029667] [G loss: 0.317168] [ElapsedTime: 1960.63 [sec]]
2019-01-13 11:33:48,551 :[Epoch: 0/200] [Batch: 800/20019] [D loss: 0.092994] [G loss: 0.501307] [ElapsedTime: 2224.61 [sec]]
2019-01-13 11:38:15,016 :[Epoch: 0/200] [Batch: 900/20019] [D loss: 0.585078] [G loss: 0.567849] [ElapsedTime: 2491.08 [sec]]
2019-01-13 11:42:41,166 :[Epoch: 0/200] [Batch: 1000/20019] [D loss: 0.034481] [G loss: 0.687278] [ElapsedTime: 2757.23 [sec]]
2019-01-13 11:47:09,850 :[Epoch: 0/200] [Batch: 1100/20019] [D loss: -0.018642] [G loss: 0.751512] [ElapsedTime: 3025.91 [sec]]
2019-01-13 11:51:42,161 :[Epoch: 0/200] [Batch: 1200/20019] [D loss: 0.186047] [G loss: 0.721172] [ElapsedTime: 3298.22 [sec]]
2019-01-13 11:56:03,977 :[Epoch: 0/200] [Batch: 1300/20019] [D loss: -0.062095] [G loss: 0.619218] [ElapsedTime: 3560.04 [sec]]
2019-01-13 12:00:28,435 :[Epoch: 0/200] [Batch: 1400/20019] [D loss: 0.199190] [G loss: 0.512444] [ElapsedTime: 3824.48 [sec]]
2019-01-13 12:06:46,446 :[Epoch: 0/200] [Batch: 1500/20019] [D loss: 0.016786] [G loss: 0.547525] [ElapsedTime: 4202.50 [sec]]
2019-01-13 12:12:20,121 :[Epoch: 0/200] [Batch: 1600/20019] [D loss: 0.132086] [G loss: 0.610694] [ElapsedTime: 4536.18 [sec]]
2019-01-13 12:17:55,816 :[Epoch: 0/200] [Batch: 1700/20019] [D loss: 0.101909] [G loss: 0.677398] [ElapsedTime: 4871.88 [sec]]
2019-01-13 12:23:33,249 :[Epoch: 0/200] [Batch: 1800/20019] [D loss: 0.026097] [G loss: 0.681462] [ElapsedTime: 5209.31 [sec]]
2019-01-13 12:29:01,520 :[Epoch: 0/200] [Batch: 1900/20019] [D loss: -0.069795] [G loss: 0.630551] [ElapsedTime: 5537.52 [sec]]
2019-01-13 12:35:09,440 :[Epoch: 0/200] [Batch: 2000/20019] [D loss: -0.151411] [G loss: 0.830182] [ElapsedTime: 5905.46 [sec]]
2019-01-13 12:40:45,559 :[Epoch: 0/200] [Batch: 2100/20019] [D loss: -0.078030] [G loss: 0.808432] [ElapsedTime: 6241.62 [sec]]
2019-01-13 12:46:19,434 :[Epoch: 0/200] [Batch: 2200/20019] [D loss: 0.173653] [G loss: 0.881427] [ElapsedTime: 6575.50 [sec]]
2019-01-13 12:51:54,222 :[Epoch: 0/200] [Batch: 2300/20019] [D loss: 0.201412] [G loss: 1.053500] [ElapsedTime: 6910.28 [sec]]
2019-01-13 12:57:25,157 :[Epoch: 0/200] [Batch: 2400/20019] [D loss: -0.075581] [G loss: 0.893877] [ElapsedTime: 7241.22 [sec]]
2019-01-13 13:04:40,289 :[Epoch: 0/200] [Batch: 2500/20019] [D loss: -0.136473] [G loss: 1.130697] [ElapsedTime: 7676.35 [sec]]
2019-01-13 13:10:01,446 :[Epoch: 0/200] [Batch: 2600/20019] [D loss: -0.150656] [G loss: 1.146389] [ElapsedTime: 7997.51 [sec]]
2019-01-13 13:15:45,003 :[Epoch: 0/200] [Batch: 2700/20019] [D loss: -0.381273] [G loss: 1.291747] [ElapsedTime: 8341.06 [sec]]
2019-01-13 13:21:15,981 :[Epoch: 0/200] [Batch: 2800/20019] [D loss: -0.245629] [G loss: 1.254623] [ElapsedTime: 8672.01 [sec]]
2019-01-13 13:26:46,369 :[Epoch: 0/200] [Batch: 2900/20019] [D loss: -0.069605] [G loss: 1.108792] [ElapsedTime: 9002.43 [sec]]
2019-01-13 13:32:17,661 :[Epoch: 0/200] [Batch: 3000/20019] [D loss: -0.141523] [G loss: 1.407338] [ElapsedTime: 9333.72 [sec]]
2019-01-13 13:37:40,078 :[Epoch: 0/200] [Batch: 3100/20019] [D loss: -0.094908] [G loss: 1.388940] [ElapsedTime: 9656.14 [sec]]
2019-01-13 13:42:59,751 :[Epoch: 0/200] [Batch: 3200/20019] [D loss: -0.086470] [G loss: 1.397092] [ElapsedTime: 9975.74 [sec]]
2019-01-13 13:48:21,319 :[Epoch: 0/200] [Batch: 3300/20019] [D loss: -0.036865] [G loss: 1.744852] [ElapsedTime: 10297.38 [sec]]
2019-01-13 13:53:45,532 :[Epoch: 0/200] [Batch: 3400/20019] [D loss: -0.338849] [G loss: 1.904727] [ElapsedTime: 10621.59 [sec]]
2019-01-13 13:59:10,811 :[Epoch: 0/200] [Batch: 3500/20019] [D loss: -0.187824] [G loss: 1.776099] [ElapsedTime: 10946.87 [sec]]
2019-01-13 14:05:42,790 :[Epoch: 0/200] [Batch: 3600/20019] [D loss: -0.158636] [G loss: 1.946025] [ElapsedTime: 11338.85 [sec]]
2019-01-13 14:10:45,340 :[Epoch: 0/200] [Batch: 3700/20019] [D loss: -0.430496] [G loss: 2.390486] [ElapsedTime: 11641.40 [sec]]
2019-01-13 14:16:22,326 :[Epoch: 0/200] [Batch: 3800/20019] [D loss: -0.024180] [G loss: 1.901469] [ElapsedTime: 11978.29 [sec]]
2019-01-13 14:22:26,268 :[Epoch: 0/200] [Batch: 3900/20019] [D loss: -0.298758] [G loss: 2.283408] [ElapsedTime: 12342.33 [sec]]
2019-01-13 14:27:47,603 :[Epoch: 0/200] [Batch: 4000/20019] [D loss: -0.257213] [G loss: 2.609786] [ElapsedTime: 12663.66 [sec]]
2019-01-13 14:33:12,548 :[Epoch: 0/200] [Batch: 4100/20019] [D loss: -0.432288] [G loss: 2.460072] [ElapsedTime: 12988.61 [sec]]
2019-01-13 14:38:38,805 :[Epoch: 0/200] [Batch: 4200/20019] [D loss: -0.585861] [G loss: 2.239317] [ElapsedTime: 13314.87 [sec]]
2019-01-13 14:44:07,906 :[Epoch: 0/200] [Batch: 4300/20019] [D loss: -0.687654] [G loss: 2.817539] [ElapsedTime: 13643.97 [sec]]
2019-01-13 14:49:34,356 :[Epoch: 0/200] [Batch: 4400/20019] [D loss: -0.337831] [G loss: 2.522618] [ElapsedTime: 13970.42 [sec]]
2019-01-13 14:54:56,086 :[Epoch: 0/200] [Batch: 4500/20019] [D loss: -0.696701] [G loss: 2.785735] [ElapsedTime: 14292.15 [sec]]
2019-01-13 15:00:21,474 :[Epoch: 0/200] [Batch: 4600/20019] [D loss: -0.006896] [G loss: 2.643179] [ElapsedTime: 14617.53 [sec]]
2019-01-13 15:06:56,134 :[Epoch: 0/200] [Batch: 4700/20019] [D loss: -0.574657] [G loss: 2.539350] [ElapsedTime: 15012.19 [sec]]
2019-01-13 15:12:18,545 :[Epoch: 0/200] [Batch: 4800/20019] [D loss: -0.507650] [G loss: 3.039033] [ElapsedTime: 15334.60 [sec]]
2019-01-13 15:17:52,195 :[Epoch: 0/200] [Batch: 4900/20019] [D loss: -0.692032] [G loss: 2.839179] [ElapsedTime: 15668.26 [sec]]
2019-01-13 15:23:21,841 :[Epoch: 0/200] [Batch: 5000/20019] [D loss: -0.569332] [G loss: 3.311652] [ElapsedTime: 15997.90 [sec]]
2019-01-13 15:28:32,991 :[Epoch: 0/200] [Batch: 5100/20019] [D loss: -0.430775] [G loss: 3.454579] [ElapsedTime: 16309.05 [sec]]
2019-01-13 15:33:28,111 :[Epoch: 0/200] [Batch: 5200/20019] [D loss: -0.461503] [G loss: 3.565820] [ElapsedTime: 16604.17 [sec]]
2019-01-13 15:38:18,243 :[Epoch: 0/200] [Batch: 5300/20019] [D loss: -0.701743] [G loss: 3.287359] [ElapsedTime: 16894.30 [sec]]
2019-01-13 15:43:29,333 :[Epoch: 0/200] [Batch: 5400/20019] [D loss: -0.477564] [G loss: 3.441088] [ElapsedTime: 17205.39 [sec]]
2019-01-13 15:48:40,980 :[Epoch: 0/200] [Batch: 5500/20019] [D loss: -0.596412] [G loss: 3.299592] [ElapsedTime: 17517.04 [sec]]
2019-01-13 15:53:53,484 :[Epoch: 0/200] [Batch: 5600/20019] [D loss: -0.310670] [G loss: 3.359781] [ElapsedTime: 17829.55 [sec]]
2019-01-13 15:59:07,359 :[Epoch: 0/200] [Batch: 5700/20019] [D loss: -0.462950] [G loss: 3.342005] [ElapsedTime: 18143.42 [sec]]
2019-01-13 16:05:44,839 :[Epoch: 0/200] [Batch: 5800/20019] [D loss: -1.162138] [G loss: 3.400223] [ElapsedTime: 18540.90 [sec]]
2019-01-13 16:11:30,811 :[Epoch: 0/200] [Batch: 5900/20019] [D loss: -0.263925] [G loss: 3.402869] [ElapsedTime: 18886.87 [sec]]
2019-01-13 16:17:03,939 :[Epoch: 0/200] [Batch: 6000/20019] [D loss: -0.514668] [G loss: 3.838898] [ElapsedTime: 19220.00 [sec]]
2019-01-13 16:22:23,793 :[Epoch: 0/200] [Batch: 6100/20019] [D loss: -0.566409] [G loss: 3.898280] [ElapsedTime: 19539.85 [sec]]
2019-01-13 16:27:48,274 :[Epoch: 0/200] [Batch: 6200/20019] [D loss: -0.676736] [G loss: 4.117054] [ElapsedTime: 19864.29 [sec]]
2019-01-13 16:33:23,042 :[Epoch: 0/200] [Batch: 6300/20019] [D loss: -0.877428] [G loss: 4.029677] [ElapsedTime: 20199.10 [sec]]
2019-01-13 16:38:54,909 :[Epoch: 0/200] [Batch: 6400/20019] [D loss: -1.203932] [G loss: 3.999655] [ElapsedTime: 20530.97 [sec]]
2019-01-13 16:44:30,321 :[Epoch: 0/200] [Batch: 6500/20019] [D loss: -0.793570] [G loss: 3.948954] [ElapsedTime: 20866.38 [sec]]
2019-01-13 16:50:03,534 :[Epoch: 0/200] [Batch: 6600/20019] [D loss: -0.668468] [G loss: 3.936305] [ElapsedTime: 21199.59 [sec]]
2019-01-13 16:55:32,378 :[Epoch: 0/200] [Batch: 6700/20019] [D loss: -0.975445] [G loss: 4.068276] [ElapsedTime: 21528.43 [sec]]
2019-01-13 17:00:56,474 :[Epoch: 0/200] [Batch: 6800/20019] [D loss: 0.197635] [G loss: 4.110222] [ElapsedTime: 21852.50 [sec]]
2019-01-13 17:07:15,620 :[Epoch: 0/200] [Batch: 6900/20019] [D loss: -0.455475] [G loss: 4.655205] [ElapsedTime: 22231.68 [sec]]
2019-01-13 17:12:34,684 :[Epoch: 0/200] [Batch: 7000/20019] [D loss: -0.703362] [G loss: 4.188694] [ElapsedTime: 22550.75 [sec]]
2019-01-13 17:18:03,528 :[Epoch: 0/200] [Batch: 7100/20019] [D loss: -0.917461] [G loss: 4.039604] [ElapsedTime: 22879.59 [sec]]
2019-01-13 17:23:31,707 :[Epoch: 0/200] [Batch: 7200/20019] [D loss: -0.679798] [G loss: 4.912891] [ElapsedTime: 23207.77 [sec]]
2019-01-13 17:29:00,548 :[Epoch: 0/200] [Batch: 7300/20019] [D loss: -0.275941] [G loss: 5.131893] [ElapsedTime: 23536.56 [sec]]
2019-01-13 17:34:46,966 :[Epoch: 0/200] [Batch: 7400/20019] [D loss: -1.003715] [G loss: 4.765254] [ElapsedTime: 23883.03 [sec]]
2019-01-13 17:40:13,283 :[Epoch: 0/200] [Batch: 7500/20019] [D loss: -0.604531] [G loss: 5.326699] [ElapsedTime: 24209.34 [sec]]
2019-01-13 17:45:38,898 :[Epoch: 0/200] [Batch: 7600/20019] [D loss: -0.738169] [G loss: 5.176694] [ElapsedTime: 24534.96 [sec]]
2019-01-13 17:50:56,252 :[Epoch: 0/200] [Batch: 7700/20019] [D loss: -0.483507] [G loss: 4.988288] [ElapsedTime: 24852.32 [sec]]
2019-01-13 17:56:35,302 :[Epoch: 0/200] [Batch: 7800/20019] [D loss: -0.508251] [G loss: 5.623349] [ElapsedTime: 25191.34 [sec]]
2019-01-13 18:02:43,540 :[Epoch: 0/200] [Batch: 7900/20019] [D loss: -1.135313] [G loss: 5.806808] [ElapsedTime: 25559.60 [sec]]
2019-01-13 18:08:19,967 :[Epoch: 0/200] [Batch: 8000/20019] [D loss: -0.419477] [G loss: 5.668643] [ElapsedTime: 25896.03 [sec]]
2019-01-13 18:13:53,859 :[Epoch: 0/200] [Batch: 8100/20019] [D loss: -0.615212] [G loss: 5.580662] [ElapsedTime: 26229.92 [sec]]
2019-01-13 18:19:33,148 :[Epoch: 0/200] [Batch: 8200/20019] [D loss: -1.115303] [G loss: 5.793303] [ElapsedTime: 26569.21 [sec]]
2019-01-13 18:25:03,795 :[Epoch: 0/200] [Batch: 8300/20019] [D loss: -0.675095] [G loss: 6.080341] [ElapsedTime: 26899.80 [sec]]
2019-01-13 18:30:30,237 :[Epoch: 0/200] [Batch: 8400/20019] [D loss: -1.013179] [G loss: 5.571087] [ElapsedTime: 27226.30 [sec]]
2019-01-13 18:35:47,011 :[Epoch: 0/200] [Batch: 8500/20019] [D loss: -1.287559] [G loss: 6.016115] [ElapsedTime: 27543.07 [sec]]
2019-01-13 18:40:54,517 :[Epoch: 0/200] [Batch: 8600/20019] [D loss: -0.098726] [G loss: 5.498864] [ElapsedTime: 27850.58 [sec]]
2019-01-13 18:46:03,211 :[Epoch: 0/200] [Batch: 8700/20019] [D loss: -0.123644] [G loss: 5.955159] [ElapsedTime: 28159.27 [sec]]
2019-01-13 18:51:11,231 :[Epoch: 0/200] [Batch: 8800/20019] [D loss: -0.688143] [G loss: 5.325909] [ElapsedTime: 28467.29 [sec]]
2019-01-13 18:56:21,039 :[Epoch: 0/200] [Batch: 8900/20019] [D loss: -0.183383] [G loss: 5.484625] [ElapsedTime: 28777.10 [sec]]
2019-01-13 19:01:41,173 :[Epoch: 0/200] [Batch: 9000/20019] [D loss: -0.665537] [G loss: 5.877137] [ElapsedTime: 29097.18 [sec]]
2019-01-13 19:07:12,369 :[Epoch: 0/200] [Batch: 9100/20019] [D loss: -0.802085] [G loss: 5.416759] [ElapsedTime: 29428.43 [sec]]
2019-01-13 19:12:33,689 :[Epoch: 0/200] [Batch: 9200/20019] [D loss: -0.254687] [G loss: 5.568324] [ElapsedTime: 29749.75 [sec]]
2019-01-13 19:17:35,454 :[Epoch: 0/200] [Batch: 9300/20019] [D loss: -1.086919] [G loss: 6.319625] [ElapsedTime: 30051.52 [sec]]
2019-01-13 19:22:41,308 :[Epoch: 0/200] [Batch: 9400/20019] [D loss: -0.478196] [G loss: 6.073698] [ElapsedTime: 30357.37 [sec]]
2019-01-13 19:27:47,001 :[Epoch: 0/200] [Batch: 9500/20019] [D loss: -0.745042] [G loss: 6.185431] [ElapsedTime: 30663.06 [sec]]
2019-01-13 19:32:49,686 :[Epoch: 0/200] [Batch: 9600/20019] [D loss: -1.275415] [G loss: 6.089173] [ElapsedTime: 30965.71 [sec]]
2019-01-13 19:37:42,735 :[Epoch: 0/200] [Batch: 9700/20019] [D loss: -0.721758] [G loss: 6.061177] [ElapsedTime: 31258.80 [sec]]
2019-01-13 19:42:41,982 :[Epoch: 0/200] [Batch: 9800/20019] [D loss: -1.184750] [G loss: 5.664289] [ElapsedTime: 31558.04 [sec]]
2019-01-13 19:47:34,118 :[Epoch: 0/200] [Batch: 9900/20019] [D loss: -1.067230] [G loss: 6.144728] [ElapsedTime: 31850.14 [sec]]
2019-01-13 19:52:22,191 :[Epoch: 0/200] [Batch: 10000/20019] [D loss: -0.589446] [G loss: 6.152179] [ElapsedTime: 32138.22 [sec]]
2019-01-13 19:57:07,482 :[Epoch: 0/200] [Batch: 10100/20019] [D loss: -0.610615] [G loss: 6.112816] [ElapsedTime: 32423.54 [sec]]
2019-01-13 20:02:17,025 :[Epoch: 0/200] [Batch: 10200/20019] [D loss: -0.699801] [G loss: 6.018288] [ElapsedTime: 32733.09 [sec]]
2019-01-13 20:07:19,274 :[Epoch: 0/200] [Batch: 10300/20019] [D loss: -0.963942] [G loss: 5.999948] [ElapsedTime: 33035.31 [sec]]
2019-01-13 20:12:20,037 :[Epoch: 0/200] [Batch: 10400/20019] [D loss: -0.263873] [G loss: 5.941674] [ElapsedTime: 33336.10 [sec]]
2019-01-13 20:17:13,589 :[Epoch: 0/200] [Batch: 10500/20019] [D loss: -1.048030] [G loss: 5.837837] [ElapsedTime: 33629.65 [sec]]
2019-01-13 20:22:10,793 :[Epoch: 0/200] [Batch: 10600/20019] [D loss: -0.213095] [G loss: 5.743564] [ElapsedTime: 33926.85 [sec]]
2019-01-13 20:27:04,977 :[Epoch: 0/200] [Batch: 10700/20019] [D loss: -0.801755] [G loss: 5.731837] [ElapsedTime: 34221.04 [sec]]
2019-01-13 20:31:52,931 :[Epoch: 0/200] [Batch: 10800/20019] [D loss: 0.184474] [G loss: 5.379141] [ElapsedTime: 34508.99 [sec]]
2019-01-13 20:36:43,222 :[Epoch: 0/200] [Batch: 10900/20019] [D loss: -0.941624] [G loss: 4.953475] [ElapsedTime: 34799.28 [sec]]
2019-01-13 20:41:38,061 :[Epoch: 0/200] [Batch: 11000/20019] [D loss: -0.862463] [G loss: 5.812445] [ElapsedTime: 35094.12 [sec]]
2019-01-13 20:46:29,112 :[Epoch: 0/200] [Batch: 11100/20019] [D loss: -0.677113] [G loss: 5.833069] [ElapsedTime: 35385.17 [sec]]
2019-01-13 20:51:21,631 :[Epoch: 0/200] [Batch: 11200/20019] [D loss: -0.318849] [G loss: 5.661063] [ElapsedTime: 35677.69 [sec]]
2019-01-13 20:56:16,651 :[Epoch: 0/200] [Batch: 11300/20019] [D loss: -0.139852] [G loss: 6.098877] [ElapsedTime: 35972.71 [sec]]
2019-01-13 21:01:26,044 :[Epoch: 0/200] [Batch: 11400/20019] [D loss: -1.011178] [G loss: 5.375669] [ElapsedTime: 36282.10 [sec]]
2019-01-13 21:06:48,742 :[Epoch: 0/200] [Batch: 11500/20019] [D loss: -0.494908] [G loss: 6.392014] [ElapsedTime: 36604.80 [sec]]
2019-01-13 21:11:51,720 :[Epoch: 0/200] [Batch: 11600/20019] [D loss: -0.520128] [G loss: 5.388829] [ElapsedTime: 36907.78 [sec]]
2019-01-13 21:16:48,774 :[Epoch: 0/200] [Batch: 11700/20019] [D loss: -1.081133] [G loss: 5.411700] [ElapsedTime: 37204.84 [sec]]
2019-01-13 21:21:47,250 :[Epoch: 0/200] [Batch: 11800/20019] [D loss: -0.716897] [G loss: 6.158370] [ElapsedTime: 37503.31 [sec]]
2019-01-13 21:26:44,108 :[Epoch: 0/200] [Batch: 11900/20019] [D loss: -0.524863] [G loss: 5.379027] [ElapsedTime: 37800.17 [sec]]
2019-01-13 21:31:48,990 :[Epoch: 0/200] [Batch: 12000/20019] [D loss: -0.380002] [G loss: 5.384939] [ElapsedTime: 38105.05 [sec]]
2019-01-13 21:36:45,885 :[Epoch: 0/200] [Batch: 12100/20019] [D loss: -0.532676] [G loss: 5.578215] [ElapsedTime: 38401.95 [sec]]
2019-01-13 21:41:42,315 :[Epoch: 0/200] [Batch: 12200/20019] [D loss: -0.986996] [G loss: 5.663155] [ElapsedTime: 38698.38 [sec]]
2019-01-13 21:46:32,946 :[Epoch: 0/200] [Batch: 12300/20019] [D loss: -0.331393] [G loss: 5.728202] [ElapsedTime: 38989.01 [sec]]
2019-01-13 21:51:22,447 :[Epoch: 0/200] [Batch: 12400/20019] [D loss: -0.453976] [G loss: 5.768390] [ElapsedTime: 39278.49 [sec]]
2019-01-13 21:56:08,890 :[Epoch: 0/200] [Batch: 12500/20019] [D loss: -0.846957] [G loss: 5.698810] [ElapsedTime: 39564.95 [sec]]
2019-01-13 22:00:52,144 :[Epoch: 0/200] [Batch: 12600/20019] [D loss: -0.363490] [G loss: 5.447676] [ElapsedTime: 39848.20 [sec]]
2019-01-13 22:06:30,124 :[Epoch: 0/200] [Batch: 12700/20019] [D loss: -0.576858] [G loss: 5.063065] [ElapsedTime: 40186.18 [sec]]
2019-01-13 22:11:29,882 :[Epoch: 0/200] [Batch: 12800/20019] [D loss: -0.679941] [G loss: 4.720997] [ElapsedTime: 40485.93 [sec]]
2019-01-13 22:16:32,153 :[Epoch: 0/200] [Batch: 12900/20019] [D loss: -0.606144] [G loss: 5.972207] [ElapsedTime: 40788.21 [sec]]
2019-01-13 22:21:30,096 :[Epoch: 0/200] [Batch: 13000/20019] [D loss: -0.862797] [G loss: 5.128079] [ElapsedTime: 41086.16 [sec]]
2019-01-13 22:26:19,346 :[Epoch: 0/200] [Batch: 13100/20019] [D loss: -0.969530] [G loss: 5.106569] [ElapsedTime: 41375.41 [sec]]
2019-01-13 22:31:11,096 :[Epoch: 0/200] [Batch: 13200/20019] [D loss: -1.047925] [G loss: 5.714910] [ElapsedTime: 41667.16 [sec]]
2019-01-13 22:35:58,772 :[Epoch: 0/200] [Batch: 13300/20019] [D loss: -0.443660] [G loss: 5.430017] [ElapsedTime: 41954.83 [sec]]
2019-01-13 22:40:50,557 :[Epoch: 0/200] [Batch: 13400/20019] [D loss: -0.875188] [G loss: 5.315347] [ElapsedTime: 42246.62 [sec]]
2019-01-13 22:45:44,249 :[Epoch: 0/200] [Batch: 13500/20019] [D loss: -0.732140] [G loss: 5.498017] [ElapsedTime: 42540.31 [sec]]
2019-01-13 22:50:39,518 :[Epoch: 0/200] [Batch: 13600/20019] [D loss: -0.599976] [G loss: 5.344298] [ElapsedTime: 42835.58 [sec]]
2019-01-13 22:55:35,099 :[Epoch: 0/200] [Batch: 13700/20019] [D loss: -0.693037] [G loss: 5.423531] [ElapsedTime: 43131.15 [sec]]
2019-01-13 23:00:32,391 :[Epoch: 0/200] [Batch: 13800/20019] [D loss: -0.566068] [G loss: 5.176715] [ElapsedTime: 43428.45 [sec]]
2019-01-13 23:06:08,386 :[Epoch: 0/200] [Batch: 13900/20019] [D loss: -0.843872] [G loss: 6.346354] [ElapsedTime: 43764.45 [sec]]
2019-01-13 23:10:31,020 :[Epoch: 0/200] [Batch: 14000/20019] [D loss: -1.006028] [G loss: 5.220032] [ElapsedTime: 44027.08 [sec]]
2019-01-13 23:15:12,232 :[Epoch: 0/200] [Batch: 14100/20019] [D loss: -0.717250] [G loss: 4.851580] [ElapsedTime: 44308.29 [sec]]
2019-01-13 23:19:50,241 :[Epoch: 0/200] [Batch: 14200/20019] [D loss: -0.896506] [G loss: 4.972912] [ElapsedTime: 44586.30 [sec]]
2019-01-13 23:24:47,940 :[Epoch: 0/200] [Batch: 14300/20019] [D loss: -0.684612] [G loss: 4.936896] [ElapsedTime: 44884.00 [sec]]
2019-01-13 23:29:32,898 :[Epoch: 0/200] [Batch: 14400/20019] [D loss: -0.557840] [G loss: 5.093869] [ElapsedTime: 45168.96 [sec]]
2019-01-13 23:34:07,789 :[Epoch: 0/200] [Batch: 14500/20019] [D loss: -0.874165] [G loss: 6.216058] [ElapsedTime: 45443.85 [sec]]
2019-01-13 23:38:42,542 :[Epoch: 0/200] [Batch: 14600/20019] [D loss: -0.962384] [G loss: 5.511377] [ElapsedTime: 45718.60 [sec]]
2019-01-13 23:43:20,022 :[Epoch: 0/200] [Batch: 14700/20019] [D loss: -0.967167] [G loss: 5.036150] [ElapsedTime: 45996.08 [sec]]
2019-01-13 23:48:10,596 :[Epoch: 0/200] [Batch: 14800/20019] [D loss: -0.979480] [G loss: 5.998686] [ElapsedTime: 46286.66 [sec]]
2019-01-13 23:52:42,431 :[Epoch: 0/200] [Batch: 14900/20019] [D loss: -0.747005] [G loss: 5.808039] [ElapsedTime: 46558.48 [sec]]
2019-01-13 23:57:12,923 :[Epoch: 0/200] [Batch: 15000/20019] [D loss: -0.795147] [G loss: 5.311509] [ElapsedTime: 46828.98 [sec]]
2019-01-14 00:02:13,848 :[Epoch: 0/200] [Batch: 15100/20019] [D loss: -0.589457] [G loss: 5.135715] [ElapsedTime: 47129.91 [sec]]
2019-01-14 00:07:11,459 :[Epoch: 0/200] [Batch: 15200/20019] [D loss: -1.273370] [G loss: 5.799410] [ElapsedTime: 47427.52 [sec]]
2019-01-14 00:12:20,857 :[Epoch: 0/200] [Batch: 15300/20019] [D loss: -0.994364] [G loss: 5.555236] [ElapsedTime: 47736.92 [sec]]
2019-01-14 00:17:34,949 :[Epoch: 0/200] [Batch: 15400/20019] [D loss: -0.808904] [G loss: 5.875441] [ElapsedTime: 48051.01 [sec]]
2019-01-14 00:22:28,438 :[Epoch: 0/200] [Batch: 15500/20019] [D loss: -0.219747] [G loss: 6.139852] [ElapsedTime: 48344.50 [sec]]
2019-01-14 00:27:16,652 :[Epoch: 0/200] [Batch: 15600/20019] [D loss: -0.754334] [G loss: 6.191542] [ElapsedTime: 48632.69 [sec]]
2019-01-14 00:32:05,080 :[Epoch: 0/200] [Batch: 15700/20019] [D loss: -0.794505] [G loss: 6.505376] [ElapsedTime: 48921.14 [sec]]
2019-01-14 00:37:01,949 :[Epoch: 0/200] [Batch: 15800/20019] [D loss: -0.253358] [G loss: 6.646992] [ElapsedTime: 49218.01 [sec]]
2019-01-14 00:41:48,299 :[Epoch: 0/200] [Batch: 15900/20019] [D loss: -0.519695] [G loss: 6.439095] [ElapsedTime: 49504.36 [sec]]
2019-01-14 00:46:32,448 :[Epoch: 0/200] [Batch: 16000/20019] [D loss: -0.428977] [G loss: 5.589651] [ElapsedTime: 49788.51 [sec]]
2019-01-14 00:51:03,971 :[Epoch: 0/200] [Batch: 16100/20019] [D loss: -0.618972] [G loss: 6.233466] [ElapsedTime: 50060.03 [sec]]
2019-01-14 00:55:36,889 :[Epoch: 0/200] [Batch: 16200/20019] [D loss: -0.844193] [G loss: 5.786139] [ElapsedTime: 50332.95 [sec]]
2019-01-14 01:00:16,246 :[Epoch: 0/200] [Batch: 16300/20019] [D loss: -0.958622] [G loss: 5.910528] [ElapsedTime: 50612.31 [sec]]
2019-01-14 01:05:30,408 :[Epoch: 0/200] [Batch: 16400/20019] [D loss: -0.730889] [G loss: 6.296520] [ElapsedTime: 50926.47 [sec]]
2019-01-14 01:10:19,688 :[Epoch: 0/200] [Batch: 16500/20019] [D loss: -0.792383] [G loss: 6.487031] [ElapsedTime: 51215.75 [sec]]
2019-01-14 01:15:27,417 :[Epoch: 0/200] [Batch: 16600/20019] [D loss: -0.622180] [G loss: 6.379211] [ElapsedTime: 51523.48 [sec]]
2019-01-14 01:20:28,855 :[Epoch: 0/200] [Batch: 16700/20019] [D loss: -0.761630] [G loss: 5.989141] [ElapsedTime: 51824.92 [sec]]
2019-01-14 01:25:33,017 :[Epoch: 0/200] [Batch: 16800/20019] [D loss: -0.750394] [G loss: 6.421373] [ElapsedTime: 52129.08 [sec]]
2019-01-14 01:30:37,419 :[Epoch: 0/200] [Batch: 16900/20019] [D loss: -0.345711] [G loss: 6.267064] [ElapsedTime: 52433.48 [sec]]
2019-01-14 01:35:41,819 :[Epoch: 0/200] [Batch: 17000/20019] [D loss: -0.647657] [G loss: 6.237442] [ElapsedTime: 52737.87 [sec]]
2019-01-14 01:40:44,389 :[Epoch: 0/200] [Batch: 17100/20019] [D loss: -0.627766] [G loss: 6.852446] [ElapsedTime: 53040.45 [sec]]
2019-01-14 01:45:47,482 :[Epoch: 0/200] [Batch: 17200/20019] [D loss: -0.507339] [G loss: 6.084344] [ElapsedTime: 53343.54 [sec]]
2019-01-14 01:50:48,593 :[Epoch: 0/200] [Batch: 17300/20019] [D loss: -0.620038] [G loss: 6.087955] [ElapsedTime: 53644.65 [sec]]
2019-01-14 01:55:50,882 :[Epoch: 0/200] [Batch: 17400/20019] [D loss: -0.838633] [G loss: 5.775735] [ElapsedTime: 53946.94 [sec]]
2019-01-14 02:00:53,287 :[Epoch: 0/200] [Batch: 17500/20019] [D loss: -0.711417] [G loss: 5.884324] [ElapsedTime: 54249.35 [sec]]
2019-01-14 02:06:21,181 :[Epoch: 0/200] [Batch: 17600/20019] [D loss: -0.661409] [G loss: 6.825648] [ElapsedTime: 54577.24 [sec]]
2019-01-14 02:11:46,073 :[Epoch: 0/200] [Batch: 17700/20019] [D loss: -0.902760] [G loss: 7.563530] [ElapsedTime: 54902.13 [sec]]
2019-01-14 02:16:45,545 :[Epoch: 0/200] [Batch: 17800/20019] [D loss: -0.842110] [G loss: 6.948333] [ElapsedTime: 55201.61 [sec]]
2019-01-14 02:21:46,719 :[Epoch: 0/200] [Batch: 17900/20019] [D loss: -0.738619] [G loss: 6.637604] [ElapsedTime: 55502.77 [sec]]
2019-01-14 02:26:59,100 :[Epoch: 0/200] [Batch: 18000/20019] [D loss: -0.381621] [G loss: 6.055502] [ElapsedTime: 55815.16 [sec]]
2019-01-14 02:32:01,095 :[Epoch: 0/200] [Batch: 18100/20019] [D loss: -0.447324] [G loss: 5.965366] [ElapsedTime: 56117.16 [sec]]
2019-01-14 02:37:12,499 :[Epoch: 0/200] [Batch: 18200/20019] [D loss: -1.022897] [G loss: 6.760778] [ElapsedTime: 56428.56 [sec]]
2019-01-14 02:42:12,795 :[Epoch: 0/200] [Batch: 18300/20019] [D loss: -0.496954] [G loss: 6.381755] [ElapsedTime: 56728.86 [sec]]
2019-01-14 02:47:13,945 :[Epoch: 0/200] [Batch: 18400/20019] [D loss: -0.815772] [G loss: 6.642735] [ElapsedTime: 57029.99 [sec]]
2019-01-14 02:52:13,334 :[Epoch: 0/200] [Batch: 18500/20019] [D loss: -0.573703] [G loss: 6.676240] [ElapsedTime: 57329.39 [sec]]
2019-01-14 02:57:09,997 :[Epoch: 0/200] [Batch: 18600/20019] [D loss: -0.828348] [G loss: 7.168414] [ElapsedTime: 57626.06 [sec]]
2019-01-14 03:02:29,279 :[Epoch: 0/200] [Batch: 18700/20019] [D loss: -0.593473] [G loss: 6.254968] [ElapsedTime: 57945.34 [sec]]
2019-01-14 03:07:36,052 :[Epoch: 0/200] [Batch: 18800/20019] [D loss: -0.815209] [G loss: 6.417884] [ElapsedTime: 58252.10 [sec]]
2019-01-14 03:12:43,032 :[Epoch: 0/200] [Batch: 18900/20019] [D loss: -0.734076] [G loss: 7.075154] [ElapsedTime: 58559.09 [sec]]
2019-01-14 03:17:49,249 :[Epoch: 0/200] [Batch: 19000/20019] [D loss: -0.530348] [G loss: 7.004750] [ElapsedTime: 58865.31 [sec]]
2019-01-14 03:22:56,332 :[Epoch: 0/200] [Batch: 19100/20019] [D loss: -0.305894] [G loss: 6.810989] [ElapsedTime: 59172.39 [sec]]
2019-01-14 03:28:04,671 :[Epoch: 0/200] [Batch: 19200/20019] [D loss: -0.593123] [G loss: 7.335083] [ElapsedTime: 59480.73 [sec]]
2019-01-14 03:33:15,321 :[Epoch: 0/200] [Batch: 19300/20019] [D loss: -0.748729] [G loss: 7.131338] [ElapsedTime: 59791.38 [sec]]
2019-01-14 03:38:22,239 :[Epoch: 0/200] [Batch: 19400/20019] [D loss: -0.750037] [G loss: 6.699347] [ElapsedTime: 60098.30 [sec]]
2019-01-14 03:43:30,757 :[Epoch: 0/200] [Batch: 19500/20019] [D loss: -0.595943] [G loss: 6.473544] [ElapsedTime: 60406.82 [sec]]
2019-01-14 03:48:36,753 :[Epoch: 0/200] [Batch: 19600/20019] [D loss: -0.666324] [G loss: 6.354439] [ElapsedTime: 60712.81 [sec]]
2019-01-14 03:53:39,969 :[Epoch: 0/200] [Batch: 19700/20019] [D loss: -0.633649] [G loss: 6.783140] [ElapsedTime: 61016.03 [sec]]
2019-01-14 03:58:46,560 :[Epoch: 0/200] [Batch: 19800/20019] [D loss: -0.606549] [G loss: 6.797138] [ElapsedTime: 61322.62 [sec]]
2019-01-14 04:04:29,697 :[Epoch: 0/200] [Batch: 19900/20019] [D loss: -0.738710] [G loss: 6.659352] [ElapsedTime: 61665.76 [sec]]
2019-01-14 04:09:47,625 :[Epoch: 0/200] [Batch: 20000/20019] [D loss: -0.540326] [G loss: 7.081814] [ElapsedTime: 61983.68 [sec]]
2019-01-14 04:11:07,167 :[Epoch: 1/200] [Inception Score: 4.79] [Max Score Ever: 4.79]
2019-01-14 04:15:23,606 :[Epoch: 1/200] [Batch: 81/20019] [D loss: -0.496708] [G loss: 7.470819] [ElapsedTime: 62319.67 [sec]]
2019-01-14 04:20:29,851 :[Epoch: 1/200] [Batch: 181/20019] [D loss: -0.435917] [G loss: 7.270860] [ElapsedTime: 62625.91 [sec]]
2019-01-14 04:25:33,804 :[Epoch: 1/200] [Batch: 281/20019] [D loss: -0.389263] [G loss: 7.058772] [ElapsedTime: 62929.86 [sec]]
2019-01-14 04:30:37,092 :[Epoch: 1/200] [Batch: 381/20019] [D loss: -0.498256] [G loss: 7.622122] [ElapsedTime: 63233.15 [sec]]
2019-01-14 04:35:43,754 :[Epoch: 1/200] [Batch: 481/20019] [D loss: -0.599163] [G loss: 7.363581] [ElapsedTime: 63539.82 [sec]]
2019-01-14 04:40:46,836 :[Epoch: 1/200] [Batch: 581/20019] [D loss: -0.618733] [G loss: 6.968854] [ElapsedTime: 63842.90 [sec]]
2019-01-14 04:45:49,227 :[Epoch: 1/200] [Batch: 681/20019] [D loss: -0.718685] [G loss: 7.214967] [ElapsedTime: 64145.27 [sec]]
2019-01-14 04:50:49,726 :[Epoch: 1/200] [Batch: 781/20019] [D loss: -0.561822] [G loss: 7.324431] [ElapsedTime: 64445.79 [sec]]
2019-01-14 04:55:50,874 :[Epoch: 1/200] [Batch: 881/20019] [D loss: -0.580016] [G loss: 6.867282] [ElapsedTime: 64746.93 [sec]]
2019-01-14 05:00:52,134 :[Epoch: 1/200] [Batch: 981/20019] [D loss: -0.660468] [G loss: 7.202151] [ElapsedTime: 65048.19 [sec]]
2019-01-14 05:06:32,076 :[Epoch: 1/200] [Batch: 1081/20019] [D loss: -0.587811] [G loss: 7.640412] [ElapsedTime: 65388.13 [sec]]
2019-01-14 05:11:44,935 :[Epoch: 1/200] [Batch: 1181/20019] [D loss: -0.339296] [G loss: 7.748471] [ElapsedTime: 65701.00 [sec]]
2019-01-14 05:16:56,044 :[Epoch: 1/200] [Batch: 1281/20019] [D loss: -0.302467] [G loss: 7.047459] [ElapsedTime: 66012.10 [sec]]
2019-01-14 05:22:06,007 :[Epoch: 1/200] [Batch: 1381/20019] [D loss: -1.063586] [G loss: 8.151104] [ElapsedTime: 66322.07 [sec]]
2019-01-14 05:27:15,797 :[Epoch: 1/200] [Batch: 1481/20019] [D loss: -0.575731] [G loss: 8.387502] [ElapsedTime: 66631.86 [sec]]
2019-01-14 05:32:22,272 :[Epoch: 1/200] [Batch: 1581/20019] [D loss: -0.547605] [G loss: 7.741764] [ElapsedTime: 66938.33 [sec]]
2019-01-14 05:37:33,379 :[Epoch: 1/200] [Batch: 1681/20019] [D loss: -1.057276] [G loss: 7.426322] [ElapsedTime: 67249.44 [sec]]
2019-01-14 05:42:37,909 :[Epoch: 1/200] [Batch: 1781/20019] [D loss: -0.987287] [G loss: 7.169114] [ElapsedTime: 67553.97 [sec]]
2019-01-14 05:47:41,056 :[Epoch: 1/200] [Batch: 1881/20019] [D loss: -0.717362] [G loss: 7.268158] [ElapsedTime: 67857.12 [sec]]
2019-01-14 05:52:46,596 :[Epoch: 1/200] [Batch: 1981/20019] [D loss: -0.957973] [G loss: 8.548781] [ElapsedTime: 68162.65 [sec]]
2019-01-14 05:57:51,832 :[Epoch: 1/200] [Batch: 2081/20019] [D loss: -0.758789] [G loss: 7.857170] [ElapsedTime: 68467.89 [sec]]
2019-01-14 06:03:30,238 :[Epoch: 1/200] [Batch: 2181/20019] [D loss: -0.998280] [G loss: 7.973159] [ElapsedTime: 68806.30 [sec]]
2019-01-14 06:08:41,585 :[Epoch: 1/200] [Batch: 2281/20019] [D loss: -0.758329] [G loss: 7.807883] [ElapsedTime: 69117.65 [sec]]
2019-01-14 06:13:56,098 :[Epoch: 1/200] [Batch: 2381/20019] [D loss: -0.112871] [G loss: 8.165026] [ElapsedTime: 69432.16 [sec]]
2019-01-14 06:19:08,699 :[Epoch: 1/200] [Batch: 2481/20019] [D loss: -0.734213] [G loss: 7.671257] [ElapsedTime: 69744.76 [sec]]
2019-01-14 06:24:28,187 :[Epoch: 1/200] [Batch: 2581/20019] [D loss: -0.769496] [G loss: 8.068849] [ElapsedTime: 70064.25 [sec]]
2019-01-14 06:29:36,155 :[Epoch: 1/200] [Batch: 2681/20019] [D loss: -0.900994] [G loss: 8.038377] [ElapsedTime: 70372.22 [sec]]
2019-01-14 06:34:43,693 :[Epoch: 1/200] [Batch: 2781/20019] [D loss: -0.906856] [G loss: 8.472821] [ElapsedTime: 70679.74 [sec]]
2019-01-14 06:39:48,190 :[Epoch: 1/200] [Batch: 2881/20019] [D loss: -0.676399] [G loss: 8.056424] [ElapsedTime: 70984.25 [sec]]
2019-01-14 06:44:53,398 :[Epoch: 1/200] [Batch: 2981/20019] [D loss: -0.993762] [G loss: 8.530352] [ElapsedTime: 71289.46 [sec]]
2019-01-14 06:49:58,154 :[Epoch: 1/200] [Batch: 3081/20019] [D loss: -0.690016] [G loss: 8.398129] [ElapsedTime: 71594.21 [sec]]
2019-01-14 06:55:00,841 :[Epoch: 1/200] [Batch: 3181/20019] [D loss: -0.550062] [G loss: 8.154449] [ElapsedTime: 71896.90 [sec]]
2019-01-14 07:00:05,198 :[Epoch: 1/200] [Batch: 3281/20019] [D loss: -0.775781] [G loss: 8.293662] [ElapsedTime: 72201.26 [sec]]
2019-01-14 07:05:48,359 :[Epoch: 1/200] [Batch: 3381/20019] [D loss: -0.918457] [G loss: 9.053673] [ElapsedTime: 72544.41 [sec]]
2019-01-14 07:11:09,103 :[Epoch: 1/200] [Batch: 3481/20019] [D loss: -0.572846] [G loss: 8.544247] [ElapsedTime: 72865.15 [sec]]
2019-01-14 07:16:23,397 :[Epoch: 1/200] [Batch: 3581/20019] [D loss: -1.221166] [G loss: 8.176390] [ElapsedTime: 73179.46 [sec]]
2019-01-14 07:21:38,667 :[Epoch: 1/200] [Batch: 3681/20019] [D loss: -0.803318] [G loss: 8.676257] [ElapsedTime: 73494.72 [sec]]
2019-01-14 07:26:47,581 :[Epoch: 1/200] [Batch: 3781/20019] [D loss: -0.580334] [G loss: 7.910207] [ElapsedTime: 73803.64 [sec]]
2019-01-14 07:31:57,913 :[Epoch: 1/200] [Batch: 3881/20019] [D loss: -0.459030] [G loss: 7.921864] [ElapsedTime: 74113.97 [sec]]
2019-01-14 07:37:04,233 :[Epoch: 1/200] [Batch: 3981/20019] [D loss: -0.490288] [G loss: 7.844810] [ElapsedTime: 74420.29 [sec]]
2019-01-14 07:42:09,927 :[Epoch: 1/200] [Batch: 4081/20019] [D loss: -0.321805] [G loss: 8.432348] [ElapsedTime: 74725.99 [sec]]
2019-01-14 07:47:09,576 :[Epoch: 1/200] [Batch: 4181/20019] [D loss: -0.933014] [G loss: 8.610197] [ElapsedTime: 75025.64 [sec]]
2019-01-14 07:52:16,490 :[Epoch: 1/200] [Batch: 4281/20019] [D loss: -0.901536] [G loss: 8.506804] [ElapsedTime: 75332.55 [sec]]
2019-01-14 07:57:22,838 :[Epoch: 1/200] [Batch: 4381/20019] [D loss: -0.739904] [G loss: 8.691483] [ElapsedTime: 75638.90 [sec]]
2019-01-14 08:02:58,316 :[Epoch: 1/200] [Batch: 4481/20019] [D loss: -0.450751] [G loss: 8.309170] [ElapsedTime: 75974.38 [sec]]
2019-01-14 08:08:22,650 :[Epoch: 1/200] [Batch: 4581/20019] [D loss: -0.773137] [G loss: 8.242966] [ElapsedTime: 76298.71 [sec]]
2019-01-14 08:13:36,931 :[Epoch: 1/200] [Batch: 4681/20019] [D loss: -0.765494] [G loss: 8.230043] [ElapsedTime: 76612.99 [sec]]
2019-01-14 08:18:47,030 :[Epoch: 1/200] [Batch: 4781/20019] [D loss: -0.412390] [G loss: 8.337143] [ElapsedTime: 76923.09 [sec]]
2019-01-14 08:23:55,448 :[Epoch: 1/200] [Batch: 4881/20019] [D loss: -0.479937] [G loss: 8.334887] [ElapsedTime: 77231.51 [sec]]
2019-01-14 08:28:59,280 :[Epoch: 1/200] [Batch: 4981/20019] [D loss: -0.487896] [G loss: 9.012959] [ElapsedTime: 77535.33 [sec]]
2019-01-14 08:34:07,540 :[Epoch: 1/200] [Batch: 5081/20019] [D loss: -1.043435] [G loss: 8.807334] [ElapsedTime: 77843.60 [sec]]
2019-01-14 08:39:16,634 :[Epoch: 1/200] [Batch: 5181/20019] [D loss: -1.173146] [G loss: 9.216713] [ElapsedTime: 78152.69 [sec]]
2019-01-14 08:44:24,983 :[Epoch: 1/200] [Batch: 5281/20019] [D loss: -0.407558] [G loss: 9.091862] [ElapsedTime: 78461.04 [sec]]
2019-01-14 08:49:35,122 :[Epoch: 1/200] [Batch: 5381/20019] [D loss: -0.668010] [G loss: 8.935238] [ElapsedTime: 78771.18 [sec]]
2019-01-14 08:54:36,283 :[Epoch: 1/200] [Batch: 5481/20019] [D loss: -0.673044] [G loss: 9.287163] [ElapsedTime: 79072.34 [sec]]
2019-01-14 08:59:44,125 :[Epoch: 1/200] [Batch: 5581/20019] [D loss: -0.354362] [G loss: 9.040338] [ElapsedTime: 79380.19 [sec]]
2019-01-14 09:05:22,491 :[Epoch: 1/200] [Batch: 5681/20019] [D loss: -0.432620] [G loss: 9.048734] [ElapsedTime: 79718.55 [sec]]
2019-01-14 09:10:27,874 :[Epoch: 1/200] [Batch: 5781/20019] [D loss: -0.536279] [G loss: 8.948524] [ElapsedTime: 80023.94 [sec]]
2019-01-14 09:15:34,426 :[Epoch: 1/200] [Batch: 5881/20019] [D loss: -0.582703] [G loss: 8.977786] [ElapsedTime: 80330.47 [sec]]
2019-01-14 09:20:46,783 :[Epoch: 1/200] [Batch: 5981/20019] [D loss: -1.001524] [G loss: 9.299103] [ElapsedTime: 80642.84 [sec]]
2019-01-14 09:25:55,994 :[Epoch: 1/200] [Batch: 6081/20019] [D loss: -0.389349] [G loss: 9.220369] [ElapsedTime: 80952.06 [sec]]
2019-01-14 09:31:05,162 :[Epoch: 1/200] [Batch: 6181/20019] [D loss: -1.103368] [G loss: 8.746419] [ElapsedTime: 81261.22 [sec]]
2019-01-14 09:36:15,070 :[Epoch: 1/200] [Batch: 6281/20019] [D loss: -0.781042] [G loss: 9.159135] [ElapsedTime: 81571.13 [sec]]
2019-01-14 09:41:22,272 :[Epoch: 1/200] [Batch: 6381/20019] [D loss: -0.843728] [G loss: 9.232819] [ElapsedTime: 81878.33 [sec]]
2019-01-14 09:46:26,618 :[Epoch: 1/200] [Batch: 6481/20019] [D loss: -0.573107] [G loss: 9.624869] [ElapsedTime: 82182.67 [sec]]
2019-01-14 09:51:36,774 :[Epoch: 1/200] [Batch: 6581/20019] [D loss: -0.860903] [G loss: 9.188134] [ElapsedTime: 82492.84 [sec]]
2019-01-14 09:56:56,831 :[Epoch: 1/200] [Batch: 6681/20019] [D loss: -0.369626] [G loss: 8.243124] [ElapsedTime: 82812.89 [sec]]
2019-01-14 10:02:30,727 :[Epoch: 1/200] [Batch: 6781/20019] [D loss: -0.495028] [G loss: 9.773540] [ElapsedTime: 83146.76 [sec]]
2019-01-14 10:07:40,031 :[Epoch: 1/200] [Batch: 6881/20019] [D loss: -0.725587] [G loss: 8.988675] [ElapsedTime: 83456.09 [sec]]
2019-01-14 10:12:52,324 :[Epoch: 1/200] [Batch: 6981/20019] [D loss: -0.557355] [G loss: 8.917617] [ElapsedTime: 83768.39 [sec]]
2019-01-14 10:18:07,151 :[Epoch: 1/200] [Batch: 7081/20019] [D loss: -0.865068] [G loss: 9.429275] [ElapsedTime: 84083.20 [sec]]
2019-01-14 10:23:19,748 :[Epoch: 1/200] [Batch: 7181/20019] [D loss: -0.794499] [G loss: 8.809684] [ElapsedTime: 84395.81 [sec]]
2019-01-14 10:28:31,517 :[Epoch: 1/200] [Batch: 7281/20019] [D loss: -0.492679] [G loss: 9.375210] [ElapsedTime: 84707.56 [sec]]
2019-01-14 10:33:39,092 :[Epoch: 1/200] [Batch: 7381/20019] [D loss: -0.572414] [G loss: 9.712484] [ElapsedTime: 85015.15 [sec]]
2019-01-14 10:38:46,243 :[Epoch: 1/200] [Batch: 7481/20019] [D loss: -1.043471] [G loss: 9.462787] [ElapsedTime: 85322.30 [sec]]
2019-01-14 10:43:52,338 :[Epoch: 1/200] [Batch: 7581/20019] [D loss: -1.046148] [G loss: 10.142735] [ElapsedTime: 85628.39 [sec]]
2019-01-14 10:48:55,734 :[Epoch: 1/200] [Batch: 7681/20019] [D loss: -0.281741] [G loss: 9.698532] [ElapsedTime: 85931.79 [sec]]
2019-01-14 10:54:04,521 :[Epoch: 1/200] [Batch: 7781/20019] [D loss: -0.541291] [G loss: 9.807719] [ElapsedTime: 86240.58 [sec]]
2019-01-14 10:59:10,973 :[Epoch: 1/200] [Batch: 7881/20019] [D loss: -0.993172] [G loss: 9.201671] [ElapsedTime: 86547.03 [sec]]
2019-01-14 11:04:52,324 :[Epoch: 1/200] [Batch: 7981/20019] [D loss: -0.543845] [G loss: 9.540032] [ElapsedTime: 86888.39 [sec]]
2019-01-14 11:10:07,212 :[Epoch: 1/200] [Batch: 8081/20019] [D loss: -0.722360] [G loss: 9.912436] [ElapsedTime: 87203.27 [sec]]
2019-01-14 11:15:20,488 :[Epoch: 1/200] [Batch: 8181/20019] [D loss: -0.330501] [G loss: 9.377144] [ElapsedTime: 87516.55 [sec]]
2019-01-14 11:20:35,431 :[Epoch: 1/200] [Batch: 8281/20019] [D loss: -0.145990] [G loss: 9.934644] [ElapsedTime: 87831.49 [sec]]
2019-01-14 11:25:48,946 :[Epoch: 1/200] [Batch: 8381/20019] [D loss: -1.078230] [G loss: 9.831408] [ElapsedTime: 88145.01 [sec]]
2019-01-14 11:30:55,052 :[Epoch: 1/200] [Batch: 8481/20019] [D loss: -0.725241] [G loss: 10.327202] [ElapsedTime: 88451.10 [sec]]
2019-01-14 11:36:04,037 :[Epoch: 1/200] [Batch: 8581/20019] [D loss: -0.477255] [G loss: 10.089832] [ElapsedTime: 88760.10 [sec]]
2019-01-14 11:41:25,858 :[Epoch: 1/200] [Batch: 8681/20019] [D loss: -0.387314] [G loss: 10.335917] [ElapsedTime: 89081.92 [sec]]
2019-01-14 11:46:35,141 :[Epoch: 1/200] [Batch: 8781/20019] [D loss: -0.571249] [G loss: 10.277240] [ElapsedTime: 89391.20 [sec]]
2019-01-14 11:51:39,954 :[Epoch: 1/200] [Batch: 8881/20019] [D loss: -0.804133] [G loss: 10.794498] [ElapsedTime: 89696.00 [sec]]
2019-01-14 11:56:47,505 :[Epoch: 1/200] [Batch: 8981/20019] [D loss: -0.691401] [G loss: 10.443192] [ElapsedTime: 90003.57 [sec]]
2019-01-14 12:02:16,766 :[Epoch: 1/200] [Batch: 9081/20019] [D loss: -0.687166] [G loss: 10.107883] [ElapsedTime: 90332.79 [sec]]
2019-01-14 12:07:36,124 :[Epoch: 1/200] [Batch: 9181/20019] [D loss: -0.575210] [G loss: 9.670401] [ElapsedTime: 90652.19 [sec]]
2019-01-14 12:12:52,161 :[Epoch: 1/200] [Batch: 9281/20019] [D loss: -0.978523] [G loss: 10.891281] [ElapsedTime: 90968.21 [sec]]
2019-01-14 12:18:10,332 :[Epoch: 1/200] [Batch: 9381/20019] [D loss: -0.970780] [G loss: 9.707309] [ElapsedTime: 91286.39 [sec]]
2019-01-14 12:23:26,543 :[Epoch: 1/200] [Batch: 9481/20019] [D loss: -0.390638] [G loss: 10.049251] [ElapsedTime: 91602.61 [sec]]
2019-01-14 12:28:39,009 :[Epoch: 1/200] [Batch: 9581/20019] [D loss: -0.739790] [G loss: 9.925981] [ElapsedTime: 91915.07 [sec]]
2019-01-14 12:33:48,316 :[Epoch: 1/200] [Batch: 9681/20019] [D loss: -0.179615] [G loss: 10.289303] [ElapsedTime: 92224.28 [sec]]
2019-01-14 12:39:01,566 :[Epoch: 1/200] [Batch: 9781/20019] [D loss: 0.016535] [G loss: 10.076717] [ElapsedTime: 92537.63 [sec]]
2019-01-14 12:43:55,509 :[Epoch: 1/200] [Batch: 9881/20019] [D loss: -1.289916] [G loss: 10.585646] [ElapsedTime: 92831.57 [sec]]
2019-01-14 12:49:03,513 :[Epoch: 1/200] [Batch: 9981/20019] [D loss: -0.292507] [G loss: 9.711724] [ElapsedTime: 93139.57 [sec]]
2019-01-14 12:54:15,610 :[Epoch: 1/200] [Batch: 10081/20019] [D loss: -0.724141] [G loss: 10.474667] [ElapsedTime: 93451.66 [sec]]
2019-01-14 12:59:24,618 :[Epoch: 1/200] [Batch: 10181/20019] [D loss: -0.664586] [G loss: 10.895247] [ElapsedTime: 93760.68 [sec]]
2019-01-14 13:05:11,402 :[Epoch: 1/200] [Batch: 10281/20019] [D loss: -0.386299] [G loss: 10.598506] [ElapsedTime: 94107.46 [sec]]
2019-01-14 13:10:24,503 :[Epoch: 1/200] [Batch: 10381/20019] [D loss: -0.238215] [G loss: 10.161854] [ElapsedTime: 94420.56 [sec]]
2019-01-14 13:15:42,609 :[Epoch: 1/200] [Batch: 10481/20019] [D loss: -0.681514] [G loss: 10.822567] [ElapsedTime: 94738.66 [sec]]
2019-01-14 13:20:56,145 :[Epoch: 1/200] [Batch: 10581/20019] [D loss: -0.956636] [G loss: 11.029490] [ElapsedTime: 95052.21 [sec]]
2019-01-14 13:26:11,336 :[Epoch: 1/200] [Batch: 10681/20019] [D loss: -1.182711] [G loss: 10.325583] [ElapsedTime: 95367.40 [sec]]
2019-01-14 13:31:31,096 :[Epoch: 1/200] [Batch: 10781/20019] [D loss: -0.530078] [G loss: 10.493160] [ElapsedTime: 95687.16 [sec]]
2019-01-14 13:36:49,432 :[Epoch: 1/200] [Batch: 10881/20019] [D loss: -0.391146] [G loss: 10.749679] [ElapsedTime: 96005.48 [sec]]
2019-01-14 13:42:01,646 :[Epoch: 1/200] [Batch: 10981/20019] [D loss: -1.090431] [G loss: 11.025058] [ElapsedTime: 96317.71 [sec]]
2019-01-14 13:47:10,644 :[Epoch: 1/200] [Batch: 11081/20019] [D loss: -0.660681] [G loss: 10.757795] [ElapsedTime: 96626.71 [sec]]
2019-01-14 13:52:20,321 :[Epoch: 1/200] [Batch: 11181/20019] [D loss: -0.312366] [G loss: 10.663179] [ElapsedTime: 96936.38 [sec]]
2019-01-14 13:57:29,330 :[Epoch: 1/200] [Batch: 11281/20019] [D loss: -0.715032] [G loss: 10.534237] [ElapsedTime: 97245.39 [sec]]
2019-01-14 14:03:11,845 :[Epoch: 1/200] [Batch: 11381/20019] [D loss: -0.452634] [G loss: 10.540790] [ElapsedTime: 97587.91 [sec]]
2019-01-14 14:08:24,653 :[Epoch: 1/200] [Batch: 11481/20019] [D loss: -1.115712] [G loss: 11.106476] [ElapsedTime: 97900.71 [sec]]
2019-01-14 14:13:45,672 :[Epoch: 1/200] [Batch: 11581/20019] [D loss: -0.765234] [G loss: 10.589978] [ElapsedTime: 98221.73 [sec]]
2019-01-14 14:18:59,737 :[Epoch: 1/200] [Batch: 11681/20019] [D loss: -0.965923] [G loss: 10.177423] [ElapsedTime: 98535.78 [sec]]
2019-01-14 14:24:09,160 :[Epoch: 1/200] [Batch: 11781/20019] [D loss: -0.969649] [G loss: 11.270918] [ElapsedTime: 98845.22 [sec]]
2019-01-14 14:29:21,561 :[Epoch: 1/200] [Batch: 11881/20019] [D loss: -0.666969] [G loss: 10.982280] [ElapsedTime: 99157.62 [sec]]
2019-01-14 14:34:29,329 :[Epoch: 1/200] [Batch: 11981/20019] [D loss: -1.151784] [G loss: 10.866365] [ElapsedTime: 99465.39 [sec]]
2019-01-14 14:39:41,049 :[Epoch: 1/200] [Batch: 12081/20019] [D loss: -0.899132] [G loss: 11.453510] [ElapsedTime: 99777.11 [sec]]
2019-01-14 14:44:49,450 :[Epoch: 1/200] [Batch: 12181/20019] [D loss: -0.406546] [G loss: 10.569987] [ElapsedTime: 100085.51 [sec]]
2019-01-14 14:50:01,024 :[Epoch: 1/200] [Batch: 12281/20019] [D loss: -0.991618] [G loss: 11.029131] [ElapsedTime: 100397.09 [sec]]
2019-01-14 14:55:14,076 :[Epoch: 1/200] [Batch: 12381/20019] [D loss: -0.487030] [G loss: 10.903606] [ElapsedTime: 100710.13 [sec]]
2019-01-14 15:00:25,326 :[Epoch: 1/200] [Batch: 12481/20019] [D loss: -0.653560] [G loss: 10.944709] [ElapsedTime: 101021.39 [sec]]
2019-01-14 15:06:08,227 :[Epoch: 1/200] [Batch: 12581/20019] [D loss: -0.722384] [G loss: 10.705296] [ElapsedTime: 101364.24 [sec]]
2019-01-14 15:11:20,916 :[Epoch: 1/200] [Batch: 12681/20019] [D loss: -0.823048] [G loss: 10.912983] [ElapsedTime: 101676.98 [sec]]
2019-01-14 15:16:46,120 :[Epoch: 1/200] [Batch: 12781/20019] [D loss: -0.535897] [G loss: 11.014940] [ElapsedTime: 102002.15 [sec]]
2019-01-14 15:22:03,989 :[Epoch: 1/200] [Batch: 12881/20019] [D loss: -1.099913] [G loss: 10.509007] [ElapsedTime: 102320.05 [sec]]
2019-01-14 15:27:22,499 :[Epoch: 1/200] [Batch: 12981/20019] [D loss: -0.699628] [G loss: 11.085075] [ElapsedTime: 102638.51 [sec]]
2019-01-14 15:32:33,513 :[Epoch: 1/200] [Batch: 13081/20019] [D loss: -0.540578] [G loss: 11.011813] [ElapsedTime: 102949.57 [sec]]
2019-01-14 15:37:45,557 :[Epoch: 1/200] [Batch: 13181/20019] [D loss: -1.543695] [G loss: 10.679056] [ElapsedTime: 103261.54 [sec]]
2019-01-14 15:42:57,595 :[Epoch: 1/200] [Batch: 13281/20019] [D loss: -0.484485] [G loss: 10.766227] [ElapsedTime: 103573.66 [sec]]
2019-01-14 15:48:05,590 :[Epoch: 1/200] [Batch: 13381/20019] [D loss: -1.029957] [G loss: 11.365003] [ElapsedTime: 103881.65 [sec]]
2019-01-14 15:53:17,342 :[Epoch: 1/200] [Batch: 13481/20019] [D loss: -0.886745] [G loss: 10.807400] [ElapsedTime: 104193.40 [sec]]
2019-01-14 15:58:23,743 :[Epoch: 1/200] [Batch: 13581/20019] [D loss: -0.704942] [G loss: 11.413140] [ElapsedTime: 104499.80 [sec]]
2019-01-14 16:03:54,841 :[Epoch: 1/200] [Batch: 13681/20019] [D loss: -0.807698] [G loss: 11.458119] [ElapsedTime: 104830.90 [sec]]
2019-01-14 16:08:52,575 :[Epoch: 1/200] [Batch: 13781/20019] [D loss: -1.378025] [G loss: 10.932254] [ElapsedTime: 105128.58 [sec]]
2019-01-14 16:14:06,393 :[Epoch: 1/200] [Batch: 13881/20019] [D loss: -0.185827] [G loss: 10.878897] [ElapsedTime: 105442.45 [sec]]
2019-01-14 16:19:23,500 :[Epoch: 1/200] [Batch: 13981/20019] [D loss: -0.352641] [G loss: 10.864594] [ElapsedTime: 105759.53 [sec]]
2019-01-14 16:24:34,821 :[Epoch: 1/200] [Batch: 14081/20019] [D loss: -1.029310] [G loss: 11.087494] [ElapsedTime: 106070.88 [sec]]
2019-01-14 16:29:44,831 :[Epoch: 1/200] [Batch: 14181/20019] [D loss: -0.744797] [G loss: 11.906708] [ElapsedTime: 106380.89 [sec]]
2019-01-14 16:34:53,407 :[Epoch: 1/200] [Batch: 14281/20019] [D loss: -0.719403] [G loss: 11.440840] [ElapsedTime: 106689.46 [sec]]
2019-01-14 16:40:02,247 :[Epoch: 1/200] [Batch: 14381/20019] [D loss: -0.701908] [G loss: 10.990093] [ElapsedTime: 106998.31 [sec]]
2019-01-14 16:45:06,257 :[Epoch: 1/200] [Batch: 14481/20019] [D loss: -0.571388] [G loss: 10.538956] [ElapsedTime: 107302.32 [sec]]
2019-01-14 16:50:12,918 :[Epoch: 1/200] [Batch: 14581/20019] [D loss: -0.375303] [G loss: 11.080288] [ElapsedTime: 107608.98 [sec]]
2019-01-14 16:55:14,194 :[Epoch: 1/200] [Batch: 14681/20019] [D loss: -0.483714] [G loss: 10.804124] [ElapsedTime: 107910.26 [sec]]
2019-01-14 16:59:47,004 :[Epoch: 1/200] [Batch: 14781/20019] [D loss: -0.419093] [G loss: 11.557465] [ElapsedTime: 108183.07 [sec]]
2019-01-14 17:04:53,319 :[Epoch: 1/200] [Batch: 14881/20019] [D loss: -0.673552] [G loss: 11.282454] [ElapsedTime: 108489.31 [sec]]
2019-01-14 17:10:08,461 :[Epoch: 1/200] [Batch: 14981/20019] [D loss: -0.804409] [G loss: 11.066365] [ElapsedTime: 108804.52 [sec]]
2019-01-14 17:15:28,674 :[Epoch: 1/200] [Batch: 15081/20019] [D loss: -0.431002] [G loss: 11.288281] [ElapsedTime: 109124.74 [sec]]
2019-01-14 17:20:37,591 :[Epoch: 1/200] [Batch: 15181/20019] [D loss: -0.797108] [G loss: 11.835222] [ElapsedTime: 109433.65 [sec]]
2019-01-14 17:25:47,292 :[Epoch: 1/200] [Batch: 15281/20019] [D loss: -0.844518] [G loss: 11.574881] [ElapsedTime: 109743.33 [sec]]
2019-01-14 17:30:52,561 :[Epoch: 1/200] [Batch: 15381/20019] [D loss: -0.540078] [G loss: 12.334032] [ElapsedTime: 110048.62 [sec]]
2019-01-14 17:35:54,577 :[Epoch: 1/200] [Batch: 15481/20019] [D loss: -0.473458] [G loss: 11.625443] [ElapsedTime: 110350.64 [sec]]
2019-01-14 17:40:57,411 :[Epoch: 1/200] [Batch: 15581/20019] [D loss: -0.861875] [G loss: 11.374768] [ElapsedTime: 110653.47 [sec]]
2019-01-14 17:46:01,486 :[Epoch: 1/200] [Batch: 15681/20019] [D loss: -0.929826] [G loss: 11.702979] [ElapsedTime: 110957.54 [sec]]
2019-01-14 17:51:06,125 :[Epoch: 1/200] [Batch: 15781/20019] [D loss: -0.548418] [G loss: 11.435251] [ElapsedTime: 111262.19 [sec]]
2019-01-14 17:56:09,955 :[Epoch: 1/200] [Batch: 15881/20019] [D loss: -1.249762] [G loss: 11.859479] [ElapsedTime: 111566.02 [sec]]
2019-01-14 18:01:29,805 :[Epoch: 1/200] [Batch: 15981/20019] [D loss: -1.005476] [G loss: 12.660600] [ElapsedTime: 111885.87 [sec]]
2019-01-14 18:07:05,765 :[Epoch: 1/200] [Batch: 16081/20019] [D loss: -0.289316] [G loss: 11.319613] [ElapsedTime: 112221.83 [sec]]
2019-01-14 18:12:21,218 :[Epoch: 1/200] [Batch: 16181/20019] [D loss: -0.711090] [G loss: 12.035578] [ElapsedTime: 112537.28 [sec]]
2019-01-14 18:17:31,187 :[Epoch: 1/200] [Batch: 16281/20019] [D loss: -1.050347] [G loss: 11.659145] [ElapsedTime: 112847.25 [sec]]
2019-01-14 18:22:43,459 :[Epoch: 1/200] [Batch: 16381/20019] [D loss: -0.403540] [G loss: 12.689848] [ElapsedTime: 113159.52 [sec]]
2019-01-14 18:27:55,502 :[Epoch: 1/200] [Batch: 16481/20019] [D loss: -0.595889] [G loss: 11.573547] [ElapsedTime: 113471.56 [sec]]
2019-01-14 18:33:01,018 :[Epoch: 1/200] [Batch: 16581/20019] [D loss: -0.817589] [G loss: 11.674394] [ElapsedTime: 113777.08 [sec]]
2019-01-14 18:38:09,423 :[Epoch: 1/200] [Batch: 16681/20019] [D loss: -0.181024] [G loss: 11.093711] [ElapsedTime: 114085.48 [sec]]
2019-01-14 18:43:16,635 :[Epoch: 1/200] [Batch: 16781/20019] [D loss: -0.159360] [G loss: 11.085919] [ElapsedTime: 114392.70 [sec]]
2019-01-14 18:48:25,800 :[Epoch: 1/200] [Batch: 16881/20019] [D loss: -0.567943] [G loss: 11.705420] [ElapsedTime: 114701.86 [sec]]
2019-01-14 18:53:36,250 :[Epoch: 1/200] [Batch: 16981/20019] [D loss: -0.673774] [G loss: 11.649742] [ElapsedTime: 115012.30 [sec]]
2019-01-14 18:58:47,305 :[Epoch: 1/200] [Batch: 17081/20019] [D loss: -0.702799] [G loss: 11.912695] [ElapsedTime: 115323.37 [sec]]
2019-01-14 19:04:29,533 :[Epoch: 1/200] [Batch: 17181/20019] [D loss: -1.331717] [G loss: 11.647319] [ElapsedTime: 115665.59 [sec]]
2019-01-14 19:09:42,461 :[Epoch: 1/200] [Batch: 17281/20019] [D loss: -0.558354] [G loss: 11.792297] [ElapsedTime: 115978.52 [sec]]
2019-01-14 19:14:55,686 :[Epoch: 1/200] [Batch: 17381/20019] [D loss: -0.436852] [G loss: 11.672288] [ElapsedTime: 116291.74 [sec]]
2019-01-14 19:20:06,766 :[Epoch: 1/200] [Batch: 17481/20019] [D loss: -1.542838] [G loss: 11.138051] [ElapsedTime: 116602.83 [sec]]
2019-01-14 19:25:17,363 :[Epoch: 1/200] [Batch: 17581/20019] [D loss: -0.608565] [G loss: 11.129794] [ElapsedTime: 116913.42 [sec]]
2019-01-14 19:30:25,499 :[Epoch: 1/200] [Batch: 17681/20019] [D loss: -1.068755] [G loss: 12.161059] [ElapsedTime: 117221.55 [sec]]
2019-01-14 19:35:35,371 :[Epoch: 1/200] [Batch: 17781/20019] [D loss: -0.460124] [G loss: 11.365811] [ElapsedTime: 117531.43 [sec]]
2019-01-14 19:40:41,261 :[Epoch: 1/200] [Batch: 17881/20019] [D loss: -0.439435] [G loss: 11.752459] [ElapsedTime: 117837.32 [sec]]
2019-01-14 19:45:47,875 :[Epoch: 1/200] [Batch: 17981/20019] [D loss: -0.857050] [G loss: 11.852594] [ElapsedTime: 118143.93 [sec]]
2019-01-14 19:50:52,291 :[Epoch: 1/200] [Batch: 18081/20019] [D loss: -0.424145] [G loss: 12.223225] [ElapsedTime: 118448.35 [sec]]
2019-01-14 19:55:57,195 :[Epoch: 1/200] [Batch: 18181/20019] [D loss: -0.645961] [G loss: 13.159904] [ElapsedTime: 118753.25 [sec]]
2019-01-14 20:00:58,972 :[Epoch: 1/200] [Batch: 18281/20019] [D loss: -0.658281] [G loss: 11.978913] [ElapsedTime: 119055.03 [sec]]
2019-01-14 20:06:38,753 :[Epoch: 1/200] [Batch: 18381/20019] [D loss: -0.467926] [G loss: 12.150267] [ElapsedTime: 119394.81 [sec]]
2019-01-14 20:11:50,100 :[Epoch: 1/200] [Batch: 18481/20019] [D loss: -0.541657] [G loss: 12.157496] [ElapsedTime: 119706.16 [sec]]
2019-01-14 20:17:04,778 :[Epoch: 1/200] [Batch: 18581/20019] [D loss: -0.510639] [G loss: 11.880101] [ElapsedTime: 120020.84 [sec]]
2019-01-14 20:22:17,653 :[Epoch: 1/200] [Batch: 18681/20019] [D loss: -0.565026] [G loss: 11.855551] [ElapsedTime: 120333.72 [sec]]
2019-01-14 20:27:31,495 :[Epoch: 1/200] [Batch: 18781/20019] [D loss: -0.261572] [G loss: 12.631741] [ElapsedTime: 120647.53 [sec]]
2019-01-14 20:32:40,740 :[Epoch: 1/200] [Batch: 18881/20019] [D loss: -0.132856] [G loss: 11.983940] [ElapsedTime: 120956.80 [sec]]
2019-01-14 20:37:44,826 :[Epoch: 1/200] [Batch: 18981/20019] [D loss: -0.747253] [G loss: 12.088201] [ElapsedTime: 121260.89 [sec]]
2019-01-14 20:42:48,866 :[Epoch: 1/200] [Batch: 19081/20019] [D loss: -0.543362] [G loss: 12.145095] [ElapsedTime: 121564.92 [sec]]
2019-01-14 20:47:58,835 :[Epoch: 1/200] [Batch: 19181/20019] [D loss: -0.120394] [G loss: 12.933692] [ElapsedTime: 121874.90 [sec]]
2019-01-14 20:53:10,646 :[Epoch: 1/200] [Batch: 19281/20019] [D loss: -0.560367] [G loss: 12.141787] [ElapsedTime: 122186.71 [sec]]
2019-01-14 20:58:15,206 :[Epoch: 1/200] [Batch: 19381/20019] [D loss: -1.165560] [G loss: 12.290448] [ElapsedTime: 122491.24 [sec]]
2019-01-14 21:03:51,534 :[Epoch: 1/200] [Batch: 19481/20019] [D loss: -0.505193] [G loss: 12.218646] [ElapsedTime: 122827.60 [sec]]
2019-01-14 21:09:01,422 :[Epoch: 1/200] [Batch: 19581/20019] [D loss: -0.913765] [G loss: 12.133268] [ElapsedTime: 123137.48 [sec]]
2019-01-14 21:14:15,400 :[Epoch: 1/200] [Batch: 19681/20019] [D loss: -0.513470] [G loss: 12.460348] [ElapsedTime: 123451.46 [sec]]
2019-01-14 21:19:31,650 :[Epoch: 1/200] [Batch: 19781/20019] [D loss: -0.583910] [G loss: 11.843934] [ElapsedTime: 123767.71 [sec]]
2019-01-14 21:24:39,806 :[Epoch: 1/200] [Batch: 19881/20019] [D loss: -0.437997] [G loss: 12.218520] [ElapsedTime: 124075.87 [sec]]
2019-01-14 21:29:49,394 :[Epoch: 1/200] [Batch: 19981/20019] [D loss: -0.858663] [G loss: 12.437397] [ElapsedTime: 124385.46 [sec]]
2019-01-14 21:31:59,943 :[Epoch: 2/200] [Inception Score: 5.92] [Max Score Ever: 5.92]
2019-01-14 21:35:07,066 :[Epoch: 2/200] [Batch: 62/20019] [D loss: -0.534296] [G loss: 12.590368] [ElapsedTime: 124703.13 [sec]]
2019-01-14 21:40:04,790 :[Epoch: 2/200] [Batch: 162/20019] [D loss: -0.903105] [G loss: 12.096233] [ElapsedTime: 125000.85 [sec]]
2019-01-14 21:45:09,475 :[Epoch: 2/200] [Batch: 262/20019] [D loss: -1.009201] [G loss: 12.734155] [ElapsedTime: 125305.54 [sec]]
2019-01-14 21:50:11,207 :[Epoch: 2/200] [Batch: 362/20019] [D loss: -0.885477] [G loss: 13.245203] [ElapsedTime: 125607.27 [sec]]
2019-01-14 21:55:10,424 :[Epoch: 2/200] [Batch: 462/20019] [D loss: -0.634043] [G loss: 11.476830] [ElapsedTime: 125906.48 [sec]]
2019-01-14 22:00:08,242 :[Epoch: 2/200] [Batch: 562/20019] [D loss: -0.341229] [G loss: 12.631521] [ElapsedTime: 126204.30 [sec]]
2019-01-14 22:05:42,923 :[Epoch: 2/200] [Batch: 662/20019] [D loss: -0.639513] [G loss: 12.771150] [ElapsedTime: 126538.98 [sec]]
2019-01-14 22:11:01,670 :[Epoch: 2/200] [Batch: 762/20019] [D loss: -0.763411] [G loss: 11.645888] [ElapsedTime: 126857.70 [sec]]
2019-01-14 22:16:06,340 :[Epoch: 2/200] [Batch: 862/20019] [D loss: -0.735559] [G loss: 12.852009] [ElapsedTime: 127162.40 [sec]]
2019-01-14 22:21:17,175 :[Epoch: 2/200] [Batch: 962/20019] [D loss: -0.838677] [G loss: 13.739378] [ElapsedTime: 127473.24 [sec]]
2019-01-14 22:26:19,212 :[Epoch: 2/200] [Batch: 1062/20019] [D loss: -0.368479] [G loss: 12.579319] [ElapsedTime: 127775.26 [sec]]
2019-01-14 22:31:17,532 :[Epoch: 2/200] [Batch: 1162/20019] [D loss: -0.505797] [G loss: 13.103651] [ElapsedTime: 128073.59 [sec]]
2019-01-14 22:36:22,585 :[Epoch: 2/200] [Batch: 1262/20019] [D loss: -1.089777] [G loss: 14.039826] [ElapsedTime: 128378.65 [sec]]
2019-01-14 22:41:31,462 :[Epoch: 2/200] [Batch: 1362/20019] [D loss: -0.547026] [G loss: 13.039488] [ElapsedTime: 128687.51 [sec]]
2019-01-14 22:46:36,165 :[Epoch: 2/200] [Batch: 1462/20019] [D loss: -0.626394] [G loss: 13.945449] [ElapsedTime: 128992.22 [sec]]
2019-01-14 22:51:39,311 :[Epoch: 2/200] [Batch: 1562/20019] [D loss: -0.645948] [G loss: 12.952548] [ElapsedTime: 129295.37 [sec]]
2019-01-14 22:56:40,810 :[Epoch: 2/200] [Batch: 1662/20019] [D loss: -0.271655] [G loss: 12.213870] [ElapsedTime: 129596.86 [sec]]
2019-01-14 23:02:02,444 :[Epoch: 2/200] [Batch: 1762/20019] [D loss: -1.017286] [G loss: 14.034821] [ElapsedTime: 129918.50 [sec]]
2019-01-14 23:07:11,079 :[Epoch: 2/200] [Batch: 1862/20019] [D loss: -0.887184] [G loss: 12.430134] [ElapsedTime: 130227.14 [sec]]
2019-01-14 23:12:19,907 :[Epoch: 2/200] [Batch: 1962/20019] [D loss: -0.680586] [G loss: 13.495654] [ElapsedTime: 130535.95 [sec]]
2019-01-14 23:17:36,742 :[Epoch: 2/200] [Batch: 2062/20019] [D loss: -0.351604] [G loss: 13.156429] [ElapsedTime: 130852.80 [sec]]
2019-01-14 23:22:44,164 :[Epoch: 2/200] [Batch: 2162/20019] [D loss: -1.000428] [G loss: 12.339160] [ElapsedTime: 131160.22 [sec]]
2019-01-14 23:27:48,738 :[Epoch: 2/200] [Batch: 2262/20019] [D loss: -0.702686] [G loss: 13.048642] [ElapsedTime: 131464.79 [sec]]
2019-01-14 23:32:57,968 :[Epoch: 2/200] [Batch: 2362/20019] [D loss: -0.756064] [G loss: 13.832143] [ElapsedTime: 131774.03 [sec]]
2019-01-14 23:37:59,632 :[Epoch: 2/200] [Batch: 2462/20019] [D loss: -0.304586] [G loss: 12.955793] [ElapsedTime: 132075.69 [sec]]
2019-01-14 23:42:59,319 :[Epoch: 2/200] [Batch: 2562/20019] [D loss: -0.542184] [G loss: 12.763051] [ElapsedTime: 132375.38 [sec]]
2019-01-14 23:47:56,549 :[Epoch: 2/200] [Batch: 2662/20019] [D loss: -0.756895] [G loss: 13.706944] [ElapsedTime: 132672.61 [sec]]
2019-01-14 23:52:54,036 :[Epoch: 2/200] [Batch: 2762/20019] [D loss: -0.337733] [G loss: 12.949927] [ElapsedTime: 132970.10 [sec]]
2019-01-14 23:57:51,139 :[Epoch: 2/200] [Batch: 2862/20019] [D loss: -0.241061] [G loss: 12.298433] [ElapsedTime: 133267.20 [sec]]
2019-01-15 00:03:15,893 :[Epoch: 2/200] [Batch: 2962/20019] [D loss: -0.474328] [G loss: 12.042283] [ElapsedTime: 133591.95 [sec]]
2019-01-15 00:08:19,665 :[Epoch: 2/200] [Batch: 3062/20019] [D loss: -0.721154] [G loss: 12.523704] [ElapsedTime: 133895.73 [sec]]
2019-01-15 00:13:33,382 :[Epoch: 2/200] [Batch: 3162/20019] [D loss: -1.267730] [G loss: 12.362995] [ElapsedTime: 134209.44 [sec]]
2019-01-15 00:18:41,772 :[Epoch: 2/200] [Batch: 3262/20019] [D loss: -0.572769] [G loss: 12.808908] [ElapsedTime: 134517.84 [sec]]
2019-01-15 00:24:00,868 :[Epoch: 2/200] [Batch: 3362/20019] [D loss: -0.955007] [G loss: 12.691793] [ElapsedTime: 134836.91 [sec]]
2019-01-15 00:29:13,001 :[Epoch: 2/200] [Batch: 3462/20019] [D loss: -0.833521] [G loss: 12.635217] [ElapsedTime: 135149.06 [sec]]
2019-01-15 00:34:24,896 :[Epoch: 2/200] [Batch: 3562/20019] [D loss: -0.889265] [G loss: 13.215011] [ElapsedTime: 135460.96 [sec]]
2019-01-15 00:39:20,890 :[Epoch: 2/200] [Batch: 3662/20019] [D loss: -0.713343] [G loss: 13.485715] [ElapsedTime: 135756.95 [sec]]
2019-01-15 00:44:24,282 :[Epoch: 2/200] [Batch: 3762/20019] [D loss: -0.212107] [G loss: 12.657426] [ElapsedTime: 136060.34 [sec]]
2019-01-15 00:49:26,601 :[Epoch: 2/200] [Batch: 3862/20019] [D loss: -1.211806] [G loss: 13.988087] [ElapsedTime: 136362.66 [sec]]
2019-01-15 00:54:32,375 :[Epoch: 2/200] [Batch: 3962/20019] [D loss: -0.760022] [G loss: 12.635969] [ElapsedTime: 136668.44 [sec]]
2019-01-15 00:59:32,681 :[Epoch: 2/200] [Batch: 4062/20019] [D loss: -0.728277] [G loss: 12.609842] [ElapsedTime: 136968.74 [sec]]
2019-01-15 01:05:05,870 :[Epoch: 2/200] [Batch: 4162/20019] [D loss: -0.824487] [G loss: 13.555351] [ElapsedTime: 137301.93 [sec]]
2019-01-15 01:10:23,206 :[Epoch: 2/200] [Batch: 4262/20019] [D loss: -1.013116] [G loss: 13.502797] [ElapsedTime: 137619.27 [sec]]
2019-01-15 01:15:42,427 :[Epoch: 2/200] [Batch: 4362/20019] [D loss: -0.350861] [G loss: 12.829303] [ElapsedTime: 137938.48 [sec]]
2019-01-15 01:20:45,845 :[Epoch: 2/200] [Batch: 4462/20019] [D loss: -0.566314] [G loss: 13.124409] [ElapsedTime: 138241.91 [sec]]
2019-01-15 01:25:50,232 :[Epoch: 2/200] [Batch: 4562/20019] [D loss: -1.067174] [G loss: 13.067023] [ElapsedTime: 138546.29 [sec]]
2019-01-15 01:30:53,665 :[Epoch: 2/200] [Batch: 4662/20019] [D loss: -0.609073] [G loss: 13.272952] [ElapsedTime: 138849.73 [sec]]
2019-01-15 01:35:53,865 :[Epoch: 2/200] [Batch: 4762/20019] [D loss: 0.566657] [G loss: 13.879922] [ElapsedTime: 139149.90 [sec]]
2019-01-15 01:40:53,774 :[Epoch: 2/200] [Batch: 4862/20019] [D loss: -0.735394] [G loss: 13.746651] [ElapsedTime: 139449.84 [sec]]
2019-01-15 01:45:54,273 :[Epoch: 2/200] [Batch: 4962/20019] [D loss: -0.437452] [G loss: 13.043315] [ElapsedTime: 139750.33 [sec]]
2019-01-15 01:50:55,138 :[Epoch: 2/200] [Batch: 5062/20019] [D loss: 0.192316] [G loss: 13.806471] [ElapsedTime: 140051.20 [sec]]
2019-01-15 01:56:01,026 :[Epoch: 2/200] [Batch: 5162/20019] [D loss: -0.538119] [G loss: 12.362424] [ElapsedTime: 140356.99 [sec]]
2019-01-15 02:01:03,853 :[Epoch: 2/200] [Batch: 5262/20019] [D loss: -0.836834] [G loss: 12.900020] [ElapsedTime: 140659.91 [sec]]
2019-01-15 02:06:33,595 :[Epoch: 2/200] [Batch: 5362/20019] [D loss: -0.701125] [G loss: 12.730127] [ElapsedTime: 140989.65 [sec]]
2019-01-15 02:11:57,399 :[Epoch: 2/200] [Batch: 5462/20019] [D loss: -1.119248] [G loss: 13.080853] [ElapsedTime: 141313.46 [sec]]
2019-01-15 02:17:05,377 :[Epoch: 2/200] [Batch: 5562/20019] [D loss: -0.759099] [G loss: 12.832015] [ElapsedTime: 141621.37 [sec]]
2019-01-15 02:22:10,004 :[Epoch: 2/200] [Batch: 5662/20019] [D loss: -0.501947] [G loss: 12.753657] [ElapsedTime: 141926.06 [sec]]
2019-01-15 02:27:17,779 :[Epoch: 2/200] [Batch: 5762/20019] [D loss: -0.642388] [G loss: 13.231014] [ElapsedTime: 142233.84 [sec]]
2019-01-15 02:32:25,157 :[Epoch: 2/200] [Batch: 5862/20019] [D loss: -0.992128] [G loss: 13.860575] [ElapsedTime: 142541.22 [sec]]
2019-01-15 02:37:28,282 :[Epoch: 2/200] [Batch: 5962/20019] [D loss: -0.379320] [G loss: 13.438400] [ElapsedTime: 142844.34 [sec]]
2019-01-15 02:42:32,086 :[Epoch: 2/200] [Batch: 6062/20019] [D loss: -0.395589] [G loss: 13.813102] [ElapsedTime: 143148.15 [sec]]
2019-01-15 02:47:39,233 :[Epoch: 2/200] [Batch: 6162/20019] [D loss: -0.879886] [G loss: 12.928866] [ElapsedTime: 143455.29 [sec]]
2019-01-15 02:52:48,111 :[Epoch: 2/200] [Batch: 6262/20019] [D loss: -0.611321] [G loss: 13.022540] [ElapsedTime: 143764.17 [sec]]
2019-01-15 14:40:12,297 :resume: loaded models
2019-01-15 14:40:12,317 :generator_model_0001
2019-01-15 14:40:12,318 :discriminator_model_0001
2019-01-15 14:40:33,731 :[Epoch: 2/200] [Inception Score: 5.74] [Max Score Ever: 5.74]
2019-01-15 14:40:37,005 :[Epoch: 2/200] [Batch: 6262/20019] [D loss: -0.784765] [G loss: 12.649920] [ElapsedTime: 25.17 [sec]]
2019-01-15 14:44:54,992 :[Epoch: 2/200] [Batch: 6362/20019] [D loss: -0.411132] [G loss: 12.268864] [ElapsedTime: 283.15 [sec]]
2019-01-15 14:49:12,266 :[Epoch: 2/200] [Batch: 6462/20019] [D loss: -0.642228] [G loss: 12.631283] [ElapsedTime: 540.42 [sec]]
2019-01-15 14:53:26,238 :[Epoch: 2/200] [Batch: 6562/20019] [D loss: -0.748623] [G loss: 11.734478] [ElapsedTime: 794.39 [sec]]
2019-01-15 14:57:37,562 :[Epoch: 2/200] [Batch: 6662/20019] [D loss: -1.051751] [G loss: 12.834869] [ElapsedTime: 1045.72 [sec]]
2019-01-15 15:02:10,246 :[Epoch: 2/200] [Batch: 6762/20019] [D loss: -0.674887] [G loss: 12.370523] [ElapsedTime: 1318.38 [sec]]
2019-01-15 15:06:34,971 :[Epoch: 2/200] [Batch: 6862/20019] [D loss: -0.142039] [G loss: 12.335377] [ElapsedTime: 1583.13 [sec]]
2019-01-15 15:10:52,932 :[Epoch: 2/200] [Batch: 6962/20019] [D loss: -0.674259] [G loss: 13.172152] [ElapsedTime: 1841.09 [sec]]
2019-01-15 15:15:09,571 :[Epoch: 2/200] [Batch: 7062/20019] [D loss: -0.424881] [G loss: 12.156245] [ElapsedTime: 2097.73 [sec]]
2019-01-15 15:19:23,250 :[Epoch: 2/200] [Batch: 7162/20019] [D loss: -0.426958] [G loss: 13.474245] [ElapsedTime: 2351.41 [sec]]
2019-01-15 15:23:37,562 :[Epoch: 2/200] [Batch: 7262/20019] [D loss: -1.272366] [G loss: 13.642783] [ElapsedTime: 2605.72 [sec]]
2019-01-15 15:27:48,476 :[Epoch: 2/200] [Batch: 7362/20019] [D loss: -0.783292] [G loss: 13.647338] [ElapsedTime: 2856.63 [sec]]
2019-01-15 15:32:00,059 :[Epoch: 2/200] [Batch: 7462/20019] [D loss: -0.381118] [G loss: 12.450734] [ElapsedTime: 3108.22 [sec]]
2019-01-15 15:36:14,431 :[Epoch: 2/200] [Batch: 7562/20019] [D loss: -0.679230] [G loss: 13.514704] [ElapsedTime: 3362.59 [sec]]
2019-01-15 15:40:29,775 :[Epoch: 2/200] [Batch: 7662/20019] [D loss: -0.739990] [G loss: 13.073271] [ElapsedTime: 3617.93 [sec]]
2019-01-15 15:44:40,631 :[Epoch: 2/200] [Batch: 7762/20019] [D loss: -0.516558] [G loss: 12.718056] [ElapsedTime: 3868.79 [sec]]
2019-01-15 15:50:18,927 :[Epoch: 2/200] [Batch: 7862/20019] [D loss: -0.266836] [G loss: 12.733968] [ElapsedTime: 4207.08 [sec]]
2019-01-15 15:56:21,499 :[Epoch: 2/200] [Batch: 7962/20019] [D loss: -0.643962] [G loss: 13.069989] [ElapsedTime: 4569.62 [sec]]
2019-01-15 16:02:12,184 :[Epoch: 2/200] [Batch: 8062/20019] [D loss: -0.673875] [G loss: 12.555916] [ElapsedTime: 4920.34 [sec]]
2019-01-15 16:07:35,489 :[Epoch: 2/200] [Batch: 8162/20019] [D loss: -0.738414] [G loss: 12.814853] [ElapsedTime: 5243.64 [sec]]
2019-01-15 16:12:59,702 :[Epoch: 2/200] [Batch: 8262/20019] [D loss: -0.634225] [G loss: 13.648355] [ElapsedTime: 5567.86 [sec]]
2019-01-15 16:18:26,838 :[Epoch: 2/200] [Batch: 8362/20019] [D loss: -0.710675] [G loss: 12.685665] [ElapsedTime: 5894.99 [sec]]
2019-01-15 16:24:03,579 :[Epoch: 2/200] [Batch: 8462/20019] [D loss: -0.793077] [G loss: 13.904470] [ElapsedTime: 6231.74 [sec]]
2019-01-15 16:29:28,777 :[Epoch: 2/200] [Batch: 8562/20019] [D loss: -0.460665] [G loss: 12.848658] [ElapsedTime: 6556.93 [sec]]
2019-01-15 16:34:49,224 :[Epoch: 2/200] [Batch: 8662/20019] [D loss: -0.694048] [G loss: 12.583062] [ElapsedTime: 6877.38 [sec]]
2019-01-15 16:40:11,091 :[Epoch: 2/200] [Batch: 8762/20019] [D loss: -0.749458] [G loss: 12.839431] [ElapsedTime: 7199.25 [sec]]
2019-01-15 16:45:17,794 :[Epoch: 2/200] [Batch: 8862/20019] [D loss: -0.431103] [G loss: 13.313881] [ElapsedTime: 7505.95 [sec]]
2019-01-15 16:50:37,214 :[Epoch: 2/200] [Batch: 8962/20019] [D loss: -0.395875] [G loss: 13.208630] [ElapsedTime: 7825.37 [sec]]
2019-01-15 16:55:38,159 :[Epoch: 2/200] [Batch: 9062/20019] [D loss: -0.455331] [G loss: 13.373136] [ElapsedTime: 8126.32 [sec]]
2019-01-15 17:01:12,041 :[Epoch: 2/200] [Batch: 9162/20019] [D loss: -0.994161] [G loss: 13.187074] [ElapsedTime: 8460.20 [sec]]
2019-01-15 17:07:50,059 :[Epoch: 2/200] [Batch: 9262/20019] [D loss: -0.569714] [G loss: 12.858188] [ElapsedTime: 8858.21 [sec]]
2019-01-15 17:14:00,757 :[Epoch: 2/200] [Batch: 9362/20019] [D loss: -0.833805] [G loss: 12.616849] [ElapsedTime: 9228.90 [sec]]
2019-01-15 17:19:27,668 :[Epoch: 2/200] [Batch: 9462/20019] [D loss: -0.942828] [G loss: 13.778750] [ElapsedTime: 9555.82 [sec]]
2019-01-15 17:25:14,921 :[Epoch: 2/200] [Batch: 9562/20019] [D loss: -0.814645] [G loss: 12.541461] [ElapsedTime: 9903.08 [sec]]
2019-01-15 17:31:00,321 :[Epoch: 2/200] [Batch: 9662/20019] [D loss: -0.568426] [G loss: 13.307377] [ElapsedTime: 10248.48 [sec]]
2019-01-15 17:36:42,605 :[Epoch: 2/200] [Batch: 9762/20019] [D loss: -0.783872] [G loss: 13.352352] [ElapsedTime: 10590.71 [sec]]
2019-01-15 17:42:18,963 :[Epoch: 2/200] [Batch: 9862/20019] [D loss: -1.046190] [G loss: 13.291051] [ElapsedTime: 10927.12 [sec]]
2019-01-15 17:47:45,372 :[Epoch: 2/200] [Batch: 9962/20019] [D loss: -0.890431] [G loss: 12.670195] [ElapsedTime: 11253.53 [sec]]
2019-01-15 17:52:42,546 :[Epoch: 2/200] [Batch: 10062/20019] [D loss: -0.786137] [G loss: 12.405436] [ElapsedTime: 11550.70 [sec]]
2019-01-15 17:57:44,433 :[Epoch: 2/200] [Batch: 10162/20019] [D loss: -1.036177] [G loss: 12.594733] [ElapsedTime: 11852.59 [sec]]
2019-01-15 18:03:14,927 :[Epoch: 2/200] [Batch: 10262/20019] [D loss: -1.036005] [G loss: 12.808402] [ElapsedTime: 12183.08 [sec]]
2019-01-15 18:08:24,992 :[Epoch: 2/200] [Batch: 10362/20019] [D loss: -0.345474] [G loss: 12.771166] [ElapsedTime: 12493.12 [sec]]
2019-01-15 18:13:30,117 :[Epoch: 2/200] [Batch: 10462/20019] [D loss: -0.842235] [G loss: 12.912273] [ElapsedTime: 12798.27 [sec]]
2019-01-15 18:18:33,223 :[Epoch: 2/200] [Batch: 10562/20019] [D loss: -0.304678] [G loss: 13.653522] [ElapsedTime: 13101.38 [sec]]
2019-01-15 18:24:12,799 :[Epoch: 2/200] [Batch: 10662/20019] [D loss: -0.910926] [G loss: 12.851620] [ElapsedTime: 13440.96 [sec]]
2019-01-15 18:29:50,551 :[Epoch: 2/200] [Batch: 10762/20019] [D loss: -0.840609] [G loss: 13.527801] [ElapsedTime: 13778.71 [sec]]
2019-01-15 18:35:24,081 :[Epoch: 2/200] [Batch: 10862/20019] [D loss: -0.861165] [G loss: 13.653953] [ElapsedTime: 14112.24 [sec]]
2019-01-15 18:40:59,197 :[Epoch: 2/200] [Batch: 10962/20019] [D loss: -0.658893] [G loss: 13.345889] [ElapsedTime: 14447.35 [sec]]
2019-01-15 18:46:33,446 :[Epoch: 2/200] [Batch: 11062/20019] [D loss: -0.948622] [G loss: 13.407928] [ElapsedTime: 14781.55 [sec]]
2019-01-15 18:52:05,221 :[Epoch: 2/200] [Batch: 11162/20019] [D loss: 0.311015] [G loss: 12.864779] [ElapsedTime: 15113.38 [sec]]
2019-01-15 18:57:08,420 :[Epoch: 2/200] [Batch: 11262/20019] [D loss: -0.225429] [G loss: 12.187454] [ElapsedTime: 15416.56 [sec]]
2019-01-15 19:03:42,867 :[Epoch: 2/200] [Batch: 11362/20019] [D loss: -0.664258] [G loss: 13.111439] [ElapsedTime: 15811.02 [sec]]
2019-01-15 19:11:24,946 :[Epoch: 2/200] [Batch: 11462/20019] [D loss: -0.592872] [G loss: 12.499100] [ElapsedTime: 16273.10 [sec]]
2019-01-15 19:18:13,430 :[Epoch: 2/200] [Batch: 11562/20019] [D loss: -0.746155] [G loss: 14.292232] [ElapsedTime: 16681.59 [sec]]
2019-01-15 19:24:17,059 :[Epoch: 2/200] [Batch: 11662/20019] [D loss: -0.725474] [G loss: 13.385315] [ElapsedTime: 17045.22 [sec]]
2019-01-15 19:29:58,740 :[Epoch: 2/200] [Batch: 11762/20019] [D loss: -0.351851] [G loss: 13.463477] [ElapsedTime: 17386.87 [sec]]
2019-01-15 19:35:21,641 :[Epoch: 2/200] [Batch: 11862/20019] [D loss: -0.988613] [G loss: 12.889308] [ElapsedTime: 17709.80 [sec]]
2019-01-15 19:40:47,491 :[Epoch: 2/200] [Batch: 11962/20019] [D loss: -0.085554] [G loss: 13.491578] [ElapsedTime: 18035.65 [sec]]
2019-01-15 19:46:20,204 :[Epoch: 2/200] [Batch: 12062/20019] [D loss: -0.386022] [G loss: 13.062173] [ElapsedTime: 18368.36 [sec]]
2019-01-15 19:51:52,182 :[Epoch: 2/200] [Batch: 12162/20019] [D loss: -0.311051] [G loss: 14.041822] [ElapsedTime: 18700.34 [sec]]
2019-01-15 19:57:27,546 :[Epoch: 2/200] [Batch: 12262/20019] [D loss: -0.615782] [G loss: 13.349058] [ElapsedTime: 19035.70 [sec]]
2019-01-15 20:03:42,545 :[Epoch: 2/200] [Batch: 12362/20019] [D loss: -0.493786] [G loss: 14.004010] [ElapsedTime: 19410.66 [sec]]
2019-01-15 20:08:44,541 :[Epoch: 2/200] [Batch: 12462/20019] [D loss: -0.410432] [G loss: 13.453162] [ElapsedTime: 19712.70 [sec]]
2019-01-15 20:13:38,671 :[Epoch: 2/200] [Batch: 12562/20019] [D loss: -0.231164] [G loss: 13.206069] [ElapsedTime: 20006.83 [sec]]
2019-01-15 20:18:34,602 :[Epoch: 2/200] [Batch: 12662/20019] [D loss: -0.626450] [G loss: 14.024998] [ElapsedTime: 20302.76 [sec]]
2019-01-15 20:23:31,224 :[Epoch: 2/200] [Batch: 12762/20019] [D loss: -0.882275] [G loss: 13.464062] [ElapsedTime: 20599.38 [sec]]
2019-01-15 20:28:33,466 :[Epoch: 2/200] [Batch: 12862/20019] [D loss: -0.195184] [G loss: 12.642581] [ElapsedTime: 20901.62 [sec]]
2019-01-15 20:33:37,142 :[Epoch: 2/200] [Batch: 12962/20019] [D loss: -0.344975] [G loss: 12.724264] [ElapsedTime: 21205.27 [sec]]
2019-01-15 20:38:38,933 :[Epoch: 2/200] [Batch: 13062/20019] [D loss: -0.940054] [G loss: 11.926126] [ElapsedTime: 21507.07 [sec]]
2019-01-15 20:43:46,998 :[Epoch: 2/200] [Batch: 13162/20019] [D loss: -0.653450] [G loss: 12.613399] [ElapsedTime: 21815.15 [sec]]
2019-01-15 20:48:53,945 :[Epoch: 2/200] [Batch: 13262/20019] [D loss: -0.610882] [G loss: 13.805179] [ElapsedTime: 22122.10 [sec]]
2019-01-15 20:53:56,808 :[Epoch: 2/200] [Batch: 13362/20019] [D loss: -1.051309] [G loss: 12.727055] [ElapsedTime: 22424.96 [sec]]
2019-01-15 20:58:57,143 :[Epoch: 2/200] [Batch: 13462/20019] [D loss: -0.815935] [G loss: 13.067183] [ElapsedTime: 22725.30 [sec]]
2019-01-15 21:04:32,772 :[Epoch: 2/200] [Batch: 13562/20019] [D loss: -0.651464] [G loss: 12.988366] [ElapsedTime: 23060.87 [sec]]
2019-01-15 21:09:39,825 :[Epoch: 2/200] [Batch: 13662/20019] [D loss: -0.223581] [G loss: 12.427973] [ElapsedTime: 23367.96 [sec]]
2019-01-15 21:15:01,488 :[Epoch: 2/200] [Batch: 13762/20019] [D loss: -0.710995] [G loss: 13.046958] [ElapsedTime: 23689.64 [sec]]
2019-01-15 21:20:15,667 :[Epoch: 2/200] [Batch: 13862/20019] [D loss: -0.721040] [G loss: 13.823660] [ElapsedTime: 24003.82 [sec]]
2019-01-15 21:25:24,069 :[Epoch: 2/200] [Batch: 13962/20019] [D loss: -0.504390] [G loss: 12.590094] [ElapsedTime: 24312.23 [sec]]
2019-01-15 21:30:25,310 :[Epoch: 2/200] [Batch: 14062/20019] [D loss: -0.830011] [G loss: 12.865677] [ElapsedTime: 24613.47 [sec]]
2019-01-15 21:35:22,007 :[Epoch: 2/200] [Batch: 14162/20019] [D loss: -1.203328] [G loss: 14.231037] [ElapsedTime: 24910.08 [sec]]
2019-01-15 21:40:19,566 :[Epoch: 2/200] [Batch: 14262/20019] [D loss: -1.278085] [G loss: 13.206759] [ElapsedTime: 25207.71 [sec]]
2019-01-15 21:45:26,962 :[Epoch: 2/200] [Batch: 14362/20019] [D loss: -0.710384] [G loss: 12.796921] [ElapsedTime: 25515.12 [sec]]
2019-01-15 21:50:27,206 :[Epoch: 2/200] [Batch: 14462/20019] [D loss: -0.864871] [G loss: 12.817438] [ElapsedTime: 25815.36 [sec]]
2019-01-15 21:55:29,358 :[Epoch: 2/200] [Batch: 14562/20019] [D loss: -0.788412] [G loss: 13.005733] [ElapsedTime: 26117.51 [sec]]
2019-01-15 22:00:37,930 :[Epoch: 2/200] [Batch: 14662/20019] [D loss: -1.074187] [G loss: 14.160881] [ElapsedTime: 26426.09 [sec]]
2019-01-15 22:06:14,185 :[Epoch: 2/200] [Batch: 14762/20019] [D loss: -0.800371] [G loss: 13.763168] [ElapsedTime: 26762.30 [sec]]
2019-01-15 22:11:24,174 :[Epoch: 2/200] [Batch: 14862/20019] [D loss: -0.596489] [G loss: 13.319727] [ElapsedTime: 27072.33 [sec]]
2019-01-15 22:16:38,147 :[Epoch: 2/200] [Batch: 14962/20019] [D loss: -1.319170] [G loss: 12.725476] [ElapsedTime: 27386.30 [sec]]
2019-01-15 22:21:48,470 :[Epoch: 2/200] [Batch: 15062/20019] [D loss: -1.358799] [G loss: 13.141675] [ElapsedTime: 27696.63 [sec]]
2019-01-15 22:26:57,375 :[Epoch: 2/200] [Batch: 15162/20019] [D loss: -0.846335] [G loss: 12.990701] [ElapsedTime: 28005.53 [sec]]
2019-01-15 22:32:07,759 :[Epoch: 2/200] [Batch: 15262/20019] [D loss: -0.359605] [G loss: 13.912125] [ElapsedTime: 28315.92 [sec]]
2019-01-15 22:37:20,970 :[Epoch: 2/200] [Batch: 15362/20019] [D loss: -1.201781] [G loss: 14.262965] [ElapsedTime: 28629.07 [sec]]
2019-01-15 22:42:30,821 :[Epoch: 2/200] [Batch: 15462/20019] [D loss: -0.893681] [G loss: 14.053016] [ElapsedTime: 28938.98 [sec]]
2019-01-15 22:47:41,843 :[Epoch: 2/200] [Batch: 15562/20019] [D loss: -1.047046] [G loss: 14.541089] [ElapsedTime: 29249.98 [sec]]
2019-01-15 22:52:53,172 :[Epoch: 2/200] [Batch: 15662/20019] [D loss: -0.615267] [G loss: 14.791570] [ElapsedTime: 29561.33 [sec]]
2019-01-15 22:58:37,757 :[Epoch: 2/200] [Batch: 15762/20019] [D loss: -0.419964] [G loss: 13.947541] [ElapsedTime: 29905.91 [sec]]
2019-01-15 23:05:25,051 :[Epoch: 2/200] [Batch: 15862/20019] [D loss: -0.233563] [G loss: 13.543213] [ElapsedTime: 30313.21 [sec]]
2019-01-15 23:11:43,268 :[Epoch: 2/200] [Batch: 15962/20019] [D loss: -0.934726] [G loss: 12.462242] [ElapsedTime: 30691.42 [sec]]
2019-01-15 23:17:54,586 :[Epoch: 2/200] [Batch: 16062/20019] [D loss: -0.669831] [G loss: 12.735497] [ElapsedTime: 31062.73 [sec]]
2019-01-15 23:23:21,201 :[Epoch: 2/200] [Batch: 16162/20019] [D loss: -2.530995] [G loss: 13.099903] [ElapsedTime: 31389.36 [sec]]
2019-01-15 23:28:28,938 :[Epoch: 2/200] [Batch: 16262/20019] [D loss: -0.608292] [G loss: 13.464267] [ElapsedTime: 31697.09 [sec]]
2019-01-15 23:33:43,555 :[Epoch: 2/200] [Batch: 16362/20019] [D loss: 0.070035] [G loss: 12.443356] [ElapsedTime: 32011.71 [sec]]
2019-01-15 23:39:34,502 :[Epoch: 2/200] [Batch: 16462/20019] [D loss: -0.066817] [G loss: 12.495506] [ElapsedTime: 32362.66 [sec]]
2019-01-15 23:45:12,276 :[Epoch: 2/200] [Batch: 16562/20019] [D loss: -0.957074] [G loss: 12.860514] [ElapsedTime: 32700.43 [sec]]
2019-01-15 23:50:47,930 :[Epoch: 2/200] [Batch: 16662/20019] [D loss: -1.589812] [G loss: 12.506060] [ElapsedTime: 33036.09 [sec]]
2019-01-15 23:56:22,217 :[Epoch: 2/200] [Batch: 16762/20019] [D loss: -0.573194] [G loss: 14.268571] [ElapsedTime: 33370.37 [sec]]
2019-01-16 00:01:56,945 :[Epoch: 2/200] [Batch: 16862/20019] [D loss: -1.156327] [G loss: 12.685084] [ElapsedTime: 33705.10 [sec]]
2019-01-16 00:07:00,528 :[Epoch: 2/200] [Batch: 16962/20019] [D loss: -0.769624] [G loss: 13.768497] [ElapsedTime: 34008.65 [sec]]
2019-01-16 00:13:03,115 :[Epoch: 2/200] [Batch: 17062/20019] [D loss: -1.308783] [G loss: 13.124773] [ElapsedTime: 34371.27 [sec]]
2019-01-16 00:18:52,109 :[Epoch: 2/200] [Batch: 17162/20019] [D loss: -0.808014] [G loss: 13.999999] [ElapsedTime: 34720.27 [sec]]
2019-01-16 00:24:37,931 :[Epoch: 2/200] [Batch: 17262/20019] [D loss: -1.172868] [G loss: 12.248629] [ElapsedTime: 35066.09 [sec]]
2019-01-16 00:30:31,861 :[Epoch: 2/200] [Batch: 17362/20019] [D loss: -0.946929] [G loss: 13.649088] [ElapsedTime: 35420.02 [sec]]
2019-01-16 00:35:54,941 :[Epoch: 2/200] [Batch: 17462/20019] [D loss: 0.046255] [G loss: 13.628274] [ElapsedTime: 35743.10 [sec]]
2019-01-16 00:40:54,118 :[Epoch: 2/200] [Batch: 17562/20019] [D loss: -0.705051] [G loss: 13.039018] [ElapsedTime: 36042.27 [sec]]
2019-01-16 00:45:53,084 :[Epoch: 2/200] [Batch: 17662/20019] [D loss: -1.199436] [G loss: 12.957776] [ElapsedTime: 36341.24 [sec]]
2019-01-16 00:50:57,123 :[Epoch: 2/200] [Batch: 17762/20019] [D loss: -0.757223] [G loss: 13.768444] [ElapsedTime: 36645.28 [sec]]
2019-01-16 00:55:55,672 :[Epoch: 2/200] [Batch: 17862/20019] [D loss: -0.430272] [G loss: 13.185779] [ElapsedTime: 36943.83 [sec]]
2019-01-16 01:00:57,822 :[Epoch: 2/200] [Batch: 17962/20019] [D loss: -0.639364] [G loss: 13.458272] [ElapsedTime: 37245.98 [sec]]
2019-01-16 01:06:34,093 :[Epoch: 2/200] [Batch: 18062/20019] [D loss: -0.107113] [G loss: 12.746594] [ElapsedTime: 37582.25 [sec]]
2019-01-16 01:11:42,938 :[Epoch: 2/200] [Batch: 18162/20019] [D loss: -0.215027] [G loss: 13.185138] [ElapsedTime: 37891.09 [sec]]
2019-01-16 01:16:46,063 :[Epoch: 2/200] [Batch: 18262/20019] [D loss: -0.445067] [G loss: 14.312594] [ElapsedTime: 38194.22 [sec]]
2019-01-16 01:21:49,601 :[Epoch: 2/200] [Batch: 18362/20019] [D loss: -0.626142] [G loss: 14.023564] [ElapsedTime: 38497.76 [sec]]
2019-01-16 01:26:44,710 :[Epoch: 2/200] [Batch: 18462/20019] [D loss: -0.735566] [G loss: 13.495500] [ElapsedTime: 38792.87 [sec]]
